0 verbose cli /opt/homebrew/Cellar/node/22.2.0/bin/node /opt/homebrew/bin/npm
1 info using npm@10.7.0
2 info using node@v22.2.0
3 silly config:load:file:/opt/homebrew/lib/node_modules/npm/npmrc
4 silly config:load:file:/Users/salurdesign/Documents/UX/CompliHub360/plattform/complihub360-alpha/.npmrc
5 silly config:load:file:/Users/salurdesign/.npmrc
6 silly config:load:file:/opt/homebrew/etc/npmrc
7 verbose title npm install
8 verbose argv "install" "--cache" "./.npm-cache"
9 verbose logfile logs-max:10 dir:/Users/salurdesign/Documents/UX/CompliHub360/plattform/complihub360-alpha/.npm-cache/_logs/2026-02-20T10_49_06_026Z-
10 verbose logfile /Users/salurdesign/Documents/UX/CompliHub360/plattform/complihub360-alpha/.npm-cache/_logs/2026-02-20T10_49_06_026Z-debug-0.log
11 silly logfile done cleaning log files
12 verbose shrinkwrap failed to load /Users/salurdesign/Documents/UX/CompliHub360/plattform/complihub360-alpha EPERM: operation not permitted, open '/Users/salurdesign/Documents/UX/CompliHub360/plattform/complihub360-alpha/node_modules/.package-lock.json'
13 verbose shrinkwrap failed to load /Users/salurdesign/Documents/UX/CompliHub360/plattform/complihub360-alpha EPERM: operation not permitted, open '/Users/salurdesign/Documents/UX/CompliHub360/plattform/complihub360-alpha/node_modules/.package-lock.json'
14 silly idealTree buildDeps
15 silly fetch manifest eslint@^8.56.0
16 http fetch GET 200 https://registry.npmjs.org/eslint 7ms (cache hit)
17 silly fetch manifest prettier@^3.2.4
18 http fetch GET 200 https://registry.npmjs.org/prettier 4ms (cache hit)
19 silly fetch manifest typescript@^5.3.3
20 http fetch GET 200 https://registry.npmjs.org/typescript 14ms (cache hit)
21 silly placeDep ROOT @complihub/agent-core@0.1.0 OK for: complihub360-alpha@0.1.0 want: file:/Users/salurdesign/Documents/UX/CompliHub360/plattform/complihub360-alpha/packages/agent-core
22 silly placeDep ROOT @complihub360/types@0.1.0 OK for: complihub360-alpha@0.1.0 want: file:/Users/salurdesign/Documents/UX/CompliHub360/plattform/complihub360-alpha/packages/types
23 silly placeDep ROOT @complihub360/ui@0.1.0 OK for: complihub360-alpha@0.1.0 want: file:/Users/salurdesign/Documents/UX/CompliHub360/plattform/complihub360-alpha/ui/design-system
24 silly placeDep ROOT eslint@8.57.1 OK for: complihub360-alpha@0.1.0 want: ^8.56.0
25 silly placeDep ROOT prettier@3.8.1 OK for: complihub360-alpha@0.1.0 want: ^3.2.4
26 silly placeDep ROOT typescript@5.9.3 OK for: complihub360-alpha@0.1.0 want: ^5.3.3
27 silly fetch manifest ajv@^6.12.4
28 silly fetch manifest levn@^0.4.1
29 silly fetch manifest chalk@^4.0.0
30 silly fetch manifest debug@^4.3.2
31 silly fetch manifest espree@^9.6.1
32 silly fetch manifest ignore@^5.2.0
33 silly fetch manifest esquery@^1.4.2
34 silly fetch manifest esutils@^2.0.2
35 silly fetch manifest find-up@^5.0.0
36 silly fetch manifest globals@^13.19.0
37 http fetch GET 200 https://registry.npmjs.org/levn 9ms (cache hit)
38 silly fetch manifest is-glob@^4.0.0
39 http fetch GET 200 https://registry.npmjs.org/ajv 10ms (cache hit)
40 silly fetch manifest js-yaml@^4.1.0
41 http fetch GET 200 https://registry.npmjs.org/chalk 14ms (cache hit)
42 silly fetch manifest doctrine@^3.0.0
43 http fetch GET 200 https://registry.npmjs.org/espree 16ms (cache hit)
44 silly fetch manifest graphemer@^1.4.0
45 http fetch GET 200 https://registry.npmjs.org/ignore 18ms (cache hit)
46 silly fetch manifest minimatch@^3.1.2
47 http fetch GET 200 https://registry.npmjs.org/debug 20ms (cache hit)
48 silly fetch manifest @eslint/js@8.57.1
49 http fetch GET 200 https://registry.npmjs.org/esquery 20ms (cache hit)
50 silly fetch manifest optionator@^0.9.3
51 http fetch GET 200 https://registry.npmjs.org/find-up 21ms (cache hit)
52 silly fetch manifest strip-ansi@^6.0.1
53 http fetch GET 200 https://registry.npmjs.org/globals 22ms (cache hit)
54 silly fetch manifest text-table@^0.2.0
55 http fetch GET 200 https://registry.npmjs.org/esutils 23ms (cache hit)
56 silly fetch manifest cross-spawn@^7.0.2
57 http fetch GET 200 https://registry.npmjs.org/is-glob 17ms (cache hit)
58 silly fetch manifest glob-parent@^6.0.2
59 http fetch GET 200 https://registry.npmjs.org/graphemer 10ms (cache hit)
60 silly fetch manifest imurmurhash@^0.1.4
61 http fetch GET 200 https://registry.npmjs.org/js-yaml 14ms (cache hit)
62 silly fetch manifest eslint-scope@^7.2.2
63 http fetch GET 200 https://registry.npmjs.org/doctrine 14ms (cache hit)
64 silly fetch manifest lodash.merge@^4.6.2
65 http fetch GET 200 https://registry.npmjs.org/minimatch 10ms (cache hit)
66 silly fetch manifest is-path-inside@^3.0.3
67 http fetch GET 200 https://registry.npmjs.org/@eslint%2fjs 10ms (cache hit)
68 silly fetch manifest fast-deep-equal@^3.1.3
69 http fetch GET 200 https://registry.npmjs.org/optionator 10ms (cache hit)
70 silly fetch manifest natural-compare@^1.4.0
71 http fetch GET 200 https://registry.npmjs.org/strip-ansi 12ms (cache hit)
72 silly fetch manifest @eslint/eslintrc@^2.1.4
73 http fetch GET 200 https://registry.npmjs.org/text-table 10ms (cache hit)
74 silly fetch manifest @nodelib/fs.walk@^1.2.8
75 http fetch GET 200 https://registry.npmjs.org/cross-spawn 9ms (cache hit)
76 silly fetch manifest file-entry-cache@^6.0.1
77 http fetch GET 200 https://registry.npmjs.org/imurmurhash 9ms (cache hit)
78 silly fetch manifest eslint-visitor-keys@^3.4.3
79 http fetch GET 200 https://registry.npmjs.org/glob-parent 10ms (cache hit)
80 silly fetch manifest escape-string-regexp@^4.0.0
81 http fetch GET 200 https://registry.npmjs.org/eslint-scope 9ms (cache hit)
82 silly fetch manifest @ungap/structured-clone@^1.2.0
83 http fetch GET 200 https://registry.npmjs.org/lodash.merge 9ms (cache hit)
84 silly fetch manifest @eslint-community/regexpp@^4.6.1
85 http fetch GET 200 https://registry.npmjs.org/fast-deep-equal 7ms (cache hit)
86 silly fetch manifest @humanwhocodes/config-array@^0.13.0
87 http fetch GET 200 https://registry.npmjs.org/is-path-inside 8ms (cache hit)
88 silly fetch manifest @eslint-community/eslint-utils@^4.2.0
89 http fetch GET 200 https://registry.npmjs.org/natural-compare 8ms (cache hit)
90 silly fetch manifest @humanwhocodes/module-importer@^1.0.1
91 http fetch GET 200 https://registry.npmjs.org/@eslint%2feslintrc 6ms (cache hit)
92 silly fetch manifest json-stable-stringify-without-jsonify@^1.0.1
93 http fetch GET 200 https://registry.npmjs.org/@nodelib%2ffs.walk 7ms (cache hit)
94 http fetch GET 200 https://registry.npmjs.org/file-entry-cache 7ms (cache hit)
95 http fetch GET 200 https://registry.npmjs.org/eslint-visitor-keys 6ms (cache hit)
96 http fetch GET 200 https://registry.npmjs.org/@ungap%2fstructured-clone 6ms (cache hit)
97 http fetch GET 200 https://registry.npmjs.org/escape-string-regexp 7ms (cache hit)
98 http fetch GET 200 https://registry.npmjs.org/@eslint-community%2fregexpp 6ms (cache hit)
99 http fetch GET 200 https://registry.npmjs.org/@humanwhocodes%2fconfig-array 6ms (cache hit)
100 http fetch GET 200 https://registry.npmjs.org/@eslint-community%2feslint-utils 6ms (cache hit)
101 http fetch GET 200 https://registry.npmjs.org/json-stable-stringify-without-jsonify 7ms (cache hit)
102 http fetch GET 200 https://registry.npmjs.org/@humanwhocodes%2fmodule-importer 9ms (cache hit)
103 silly fetch manifest eslint@^6.0.0 || ^7.0.0 || >=8.0.0
104 silly fetch manifest jiti@*
105 http fetch GET 200 https://registry.npmjs.org/jiti 2ms (cache hit)
106 silly placeDep ROOT @eslint-community/eslint-utils@4.9.1 OK for: eslint@8.57.1 want: ^4.2.0
107 silly placeDep ROOT @eslint-community/regexpp@4.12.2 OK for: eslint@8.57.1 want: ^4.6.1
108 silly placeDep ROOT @eslint/eslintrc@2.1.4 OK for: eslint@8.57.1 want: ^2.1.4
109 silly placeDep ROOT @eslint/js@8.57.1 OK for: eslint@8.57.1 want: 8.57.1
110 silly placeDep ROOT @humanwhocodes/config-array@0.13.0 OK for: eslint@8.57.1 want: ^0.13.0
111 silly placeDep ROOT @humanwhocodes/module-importer@1.0.1 OK for: eslint@8.57.1 want: ^1.0.1
112 silly placeDep ROOT @nodelib/fs.walk@1.2.8 OK for: eslint@8.57.1 want: ^1.2.8
113 silly placeDep ROOT @ungap/structured-clone@1.3.0 OK for: eslint@8.57.1 want: ^1.2.0
114 silly placeDep ROOT ajv@6.12.6 OK for: eslint@8.57.1 want: ^6.12.4
115 silly placeDep ROOT chalk@4.1.2 OK for: eslint@8.57.1 want: ^4.0.0
116 silly placeDep ROOT cross-spawn@7.0.6 OK for: eslint@8.57.1 want: ^7.0.2
117 silly placeDep ROOT debug@4.4.3 OK for: eslint@8.57.1 want: ^4.3.2
118 silly placeDep ROOT doctrine@3.0.0 OK for: eslint@8.57.1 want: ^3.0.0
119 silly placeDep ROOT escape-string-regexp@4.0.0 OK for: eslint@8.57.1 want: ^4.0.0
120 silly placeDep ROOT eslint-scope@7.2.2 OK for: eslint@8.57.1 want: ^7.2.2
121 silly placeDep ROOT eslint-visitor-keys@3.4.3 OK for: eslint@8.57.1 want: ^3.4.3
122 silly placeDep ROOT espree@9.6.1 OK for: eslint@8.57.1 want: ^9.6.1
123 silly placeDep ROOT esquery@1.7.0 OK for: eslint@8.57.1 want: ^1.4.2
124 silly placeDep ROOT esutils@2.0.3 OK for: eslint@8.57.1 want: ^2.0.2
125 silly placeDep ROOT fast-deep-equal@3.1.3 OK for: eslint@8.57.1 want: ^3.1.3
126 silly placeDep ROOT file-entry-cache@6.0.1 OK for: eslint@8.57.1 want: ^6.0.1
127 silly placeDep ROOT find-up@5.0.0 OK for: eslint@8.57.1 want: ^5.0.0
128 silly placeDep ROOT glob-parent@6.0.2 OK for: eslint@8.57.1 want: ^6.0.2
129 silly placeDep ROOT globals@13.24.0 OK for: eslint@8.57.1 want: ^13.19.0
130 silly placeDep ROOT graphemer@1.4.0 OK for: eslint@8.57.1 want: ^1.4.0
131 silly placeDep ROOT ignore@5.3.2 OK for: eslint@8.57.1 want: ^5.2.0
132 silly placeDep ROOT imurmurhash@0.1.4 OK for: eslint@8.57.1 want: ^0.1.4
133 silly placeDep ROOT is-glob@4.0.3 OK for: eslint@8.57.1 want: ^4.0.0
134 silly placeDep ROOT is-path-inside@3.0.3 OK for: eslint@8.57.1 want: ^3.0.3
135 silly placeDep ROOT js-yaml@4.1.1 OK for: eslint@8.57.1 want: ^4.1.0
136 silly placeDep ROOT json-stable-stringify-without-jsonify@1.0.1 OK for: eslint@8.57.1 want: ^1.0.1
137 silly placeDep ROOT levn@0.4.1 OK for: eslint@8.57.1 want: ^0.4.1
138 silly placeDep ROOT lodash.merge@4.6.2 OK for: eslint@8.57.1 want: ^4.6.2
139 silly placeDep ROOT minimatch@3.1.2 OK for: eslint@8.57.1 want: ^3.1.2
140 silly placeDep ROOT natural-compare@1.4.0 OK for: eslint@8.57.1 want: ^1.4.0
141 silly placeDep ROOT optionator@0.9.4 OK for: eslint@8.57.1 want: ^0.9.3
142 silly placeDep ROOT strip-ansi@6.0.1 OK for: eslint@8.57.1 want: ^6.0.1
143 silly placeDep ROOT text-table@0.2.0 OK for: eslint@8.57.1 want: ^0.2.0
144 silly fetch manifest espree@^9.6.0
145 silly fetch manifest import-fresh@^3.2.1
146 silly fetch manifest strip-json-comments@^3.1.1
147 silly fetch manifest debug@^4.3.1
148 silly fetch manifest minimatch@^3.0.5
149 silly fetch manifest @humanwhocodes/object-schema@^2.0.3
150 silly fetch manifest fastq@^1.6.0
151 silly fetch manifest @nodelib/fs.scandir@2.1.5
152 silly fetch manifest uri-js@^4.2.2
153 silly fetch manifest fast-deep-equal@^3.1.1
154 silly fetch manifest json-schema-traverse@^0.4.1
155 silly fetch manifest fast-json-stable-stringify@^2.0.0
156 silly fetch manifest ansi-styles@^4.1.0
157 silly fetch manifest supports-color@^7.1.0
158 http fetch GET 200 https://registry.npmjs.org/import-fresh 5ms (cache hit)
159 silly fetch manifest which@^2.0.1
160 http fetch GET 200 https://registry.npmjs.org/strip-json-comments 5ms (cache hit)
161 silly fetch manifest path-key@^3.1.0
162 http fetch GET 200 https://registry.npmjs.org/@humanwhocodes%2fobject-schema 6ms (cache hit)
163 silly fetch manifest shebang-command@^2.0.0
164 http fetch GET 200 https://registry.npmjs.org/@nodelib%2ffs.scandir 6ms (cache hit)
165 silly fetch manifest ms@^2.1.3
166 http fetch GET 200 https://registry.npmjs.org/fastq 7ms (cache hit)
167 silly fetch manifest esrecurse@^4.3.0
168 http fetch GET 200 https://registry.npmjs.org/json-schema-traverse 6ms (cache hit)
169 silly fetch manifest estraverse@^5.2.0
170 http fetch GET 200 https://registry.npmjs.org/ansi-styles 7ms (cache hit)
171 silly fetch manifest acorn@^8.9.0
172 http fetch GET 200 https://registry.npmjs.org/uri-js 8ms (cache hit)
173 silly fetch manifest acorn-jsx@^5.3.2
174 http fetch GET 200 https://registry.npmjs.org/fast-json-stable-stringify 8ms (cache hit)
175 silly fetch manifest estraverse@^5.1.0
176 http fetch GET 200 https://registry.npmjs.org/supports-color 8ms (cache hit)
177 silly fetch manifest flat-cache@^3.0.4
178 http fetch GET 200 https://registry.npmjs.org/shebang-command 5ms (cache hit)
179 silly fetch manifest locate-path@^6.0.0
180 http fetch GET 200 https://registry.npmjs.org/path-key 5ms (cache hit)
181 silly fetch manifest path-exists@^4.0.0
182 http fetch GET 200 https://registry.npmjs.org/which 7ms (cache hit)
183 silly fetch manifest is-glob@^4.0.3
184 silly fetch manifest type-fest@^0.20.2
185 http fetch GET 200 https://registry.npmjs.org/ms 6ms (cache hit)
186 silly fetch manifest is-extglob@^2.1.1
187 http fetch GET 200 https://registry.npmjs.org/acorn-jsx 4ms (cache hit)
188 silly fetch manifest argparse@^2.0.1
189 http fetch GET 200 https://registry.npmjs.org/esrecurse 7ms (cache hit)
190 silly fetch manifest prelude-ls@^1.2.1
191 http fetch GET 200 https://registry.npmjs.org/acorn 7ms (cache hit)
192 silly fetch manifest type-check@~0.4.0
193 http fetch GET 200 https://registry.npmjs.org/estraverse 9ms (cache hit)
194 silly fetch manifest brace-expansion@^1.1.7
195 http fetch GET 200 https://registry.npmjs.org/estraverse 8ms (cache hit)
196 http fetch GET 200 https://registry.npmjs.org/flat-cache 8ms (cache hit)
197 silly fetch manifest deep-is@^0.1.3
198 http fetch GET 200 https://registry.npmjs.org/locate-path 9ms (cache hit)
199 silly fetch manifest word-wrap@^1.2.5
200 http fetch GET 200 https://registry.npmjs.org/is-extglob 8ms (cache hit)
201 silly fetch manifest type-check@^0.4.0
202 http fetch GET 200 https://registry.npmjs.org/path-exists 9ms (cache hit)
203 silly fetch manifest fast-levenshtein@^2.0.6
204 http fetch GET 200 https://registry.npmjs.org/prelude-ls 7ms (cache hit)
205 silly fetch manifest ansi-regex@^5.0.1
206 http fetch GET 200 https://registry.npmjs.org/type-fest 10ms (cache hit)
207 http fetch GET 200 https://registry.npmjs.org/argparse 11ms (cache hit)
208 http fetch GET 200 https://registry.npmjs.org/type-check 9ms (cache hit)
209 http fetch GET 200 https://registry.npmjs.org/brace-expansion 8ms (cache hit)
210 http fetch GET 200 https://registry.npmjs.org/deep-is 9ms (cache hit)
211 http fetch GET 200 https://registry.npmjs.org/type-check 6ms (cache hit)
212 http fetch GET 200 https://registry.npmjs.org/word-wrap 7ms (cache hit)
213 http fetch GET 200 https://registry.npmjs.org/fast-levenshtein 7ms (cache hit)
214 http fetch GET 200 https://registry.npmjs.org/ansi-regex 7ms (cache hit)
215 silly placeDep ROOT import-fresh@3.3.1 OK for: @eslint/eslintrc@2.1.4 want: ^3.2.1
216 silly placeDep ROOT strip-json-comments@3.1.1 OK for: @eslint/eslintrc@2.1.4 want: ^3.1.1
217 silly fetch manifest parent-module@^1.0.0
218 silly fetch manifest resolve-from@^4.0.0
219 http fetch GET 200 https://registry.npmjs.org/resolve-from 1ms (cache hit)
220 http fetch GET 200 https://registry.npmjs.org/parent-module 1ms (cache hit)
221 silly placeDep ROOT @humanwhocodes/object-schema@2.0.3 OK for: @humanwhocodes/config-array@0.13.0 want: ^2.0.3
222 silly placeDep ROOT @nodelib/fs.scandir@2.1.5 OK for: @nodelib/fs.walk@1.2.8 want: 2.1.5
223 silly placeDep ROOT fastq@1.20.1 OK for: @nodelib/fs.walk@1.2.8 want: ^1.6.0
224 silly fetch manifest run-parallel@^1.1.9
225 silly fetch manifest @nodelib/fs.stat@2.0.5
226 silly fetch manifest reusify@^1.0.4
227 http fetch GET 200 https://registry.npmjs.org/@nodelib%2ffs.stat 1ms (cache hit)
228 http fetch GET 200 https://registry.npmjs.org/run-parallel 1ms (cache hit)
229 http fetch GET 200 https://registry.npmjs.org/reusify 1ms (cache hit)
230 silly placeDep ROOT @nodelib/fs.stat@2.0.5 OK for: @nodelib/fs.scandir@2.1.5 want: 2.0.5
231 silly placeDep ROOT run-parallel@1.2.0 OK for: @nodelib/fs.scandir@2.1.5 want: ^1.1.9
232 silly fetch manifest queue-microtask@^1.2.2
233 http fetch GET 200 https://registry.npmjs.org/queue-microtask 1ms (cache hit)
234 silly placeDep ROOT fast-json-stable-stringify@2.1.0 OK for: ajv@6.12.6 want: ^2.0.0
235 silly placeDep ROOT json-schema-traverse@0.4.1 OK for: ajv@6.12.6 want: ^0.4.1
236 silly placeDep ROOT uri-js@4.4.1 OK for: ajv@6.12.6 want: ^4.2.2
237 silly fetch manifest punycode@^2.1.0
238 http fetch GET 200 https://registry.npmjs.org/punycode 1ms (cache hit)
239 silly placeDep ROOT ansi-styles@4.3.0 OK for: chalk@4.1.2 want: ^4.1.0
240 silly placeDep ROOT supports-color@7.2.0 OK for: chalk@4.1.2 want: ^7.1.0
241 silly fetch manifest color-convert@^2.0.1
242 silly fetch manifest has-flag@^4.0.0
243 http fetch GET 200 https://registry.npmjs.org/has-flag 1ms (cache hit)
244 http fetch GET 200 https://registry.npmjs.org/color-convert 1ms (cache hit)
245 silly placeDep ROOT color-convert@2.0.1 OK for: ansi-styles@4.3.0 want: ^2.0.1
246 silly fetch manifest color-name@~1.1.4
247 http fetch GET 200 https://registry.npmjs.org/color-name 1ms (cache hit)
248 silly placeDep ROOT color-name@1.1.4 OK for: color-convert@2.0.1 want: ~1.1.4
249 silly placeDep ROOT path-key@3.1.1 OK for: cross-spawn@7.0.6 want: ^3.1.0
250 silly placeDep ROOT shebang-command@2.0.0 OK for: cross-spawn@7.0.6 want: ^2.0.0
251 silly placeDep ROOT which@2.0.2 OK for: cross-spawn@7.0.6 want: ^2.0.1
252 silly fetch manifest shebang-regex@^3.0.0
253 silly fetch manifest isexe@^2.0.0
254 http fetch GET 200 https://registry.npmjs.org/shebang-regex 2ms (cache hit)
255 http fetch GET 200 https://registry.npmjs.org/isexe 2ms (cache hit)
256 silly placeDep ROOT ms@2.1.3 OK for: debug@4.4.3 want: ^2.1.3
257 silly placeDep ROOT esrecurse@4.3.0 OK for: eslint-scope@7.2.2 want: ^4.3.0
258 silly placeDep ROOT estraverse@5.3.0 OK for: eslint-scope@7.2.2 want: ^5.2.0
259 silly placeDep ROOT acorn@8.16.0 OK for: espree@9.6.1 want: ^8.9.0
260 silly placeDep ROOT acorn-jsx@5.3.2 OK for: espree@9.6.1 want: ^5.3.2
261 silly placeDep ROOT reusify@1.1.0 OK for: fastq@1.20.1 want: ^1.0.4
262 silly placeDep ROOT flat-cache@3.2.0 OK for: file-entry-cache@6.0.1 want: ^3.0.4
263 silly fetch manifest keyv@^4.5.3
264 silly fetch manifest rimraf@^3.0.2
265 silly fetch manifest flatted@^3.2.9
266 http fetch GET 200 https://registry.npmjs.org/keyv 2ms (cache hit)
267 http fetch GET 200 https://registry.npmjs.org/rimraf 3ms (cache hit)
268 http fetch GET 200 https://registry.npmjs.org/flatted 4ms (cache hit)
269 silly placeDep ROOT locate-path@6.0.0 OK for: find-up@5.0.0 want: ^6.0.0
270 silly placeDep ROOT path-exists@4.0.0 OK for: find-up@5.0.0 want: ^4.0.0
271 silly fetch manifest p-locate@^5.0.0
272 http fetch GET 200 https://registry.npmjs.org/p-locate 1ms (cache hit)
273 silly placeDep ROOT flatted@3.3.3 OK for: flat-cache@3.2.0 want: ^3.2.9
274 silly placeDep ROOT keyv@4.5.4 OK for: flat-cache@3.2.0 want: ^4.5.3
275 silly placeDep ROOT rimraf@3.0.2 OK for: flat-cache@3.2.0 want: ^3.0.2
276 silly fetch manifest json-buffer@3.0.1
277 silly fetch manifest glob@^7.1.3
278 http fetch GET 200 https://registry.npmjs.org/json-buffer 1ms (cache hit)
279 http fetch GET 200 https://registry.npmjs.org/glob 2ms (cache hit)
280 silly placeDep ROOT type-fest@0.20.2 OK for: globals@13.24.0 want: ^0.20.2
281 silly placeDep ROOT parent-module@1.0.1 OK for: import-fresh@3.3.1 want: ^1.0.0
282 silly placeDep ROOT resolve-from@4.0.0 OK for: import-fresh@3.3.1 want: ^4.0.0
283 silly fetch manifest callsites@^3.0.0
284 http fetch GET 200 https://registry.npmjs.org/callsites 1ms (cache hit)
285 silly placeDep ROOT is-extglob@2.1.1 OK for: is-glob@4.0.3 want: ^2.1.1
286 silly placeDep ROOT argparse@2.0.1 OK for: js-yaml@4.1.1 want: ^2.0.1
287 silly placeDep ROOT json-buffer@3.0.1 OK for: keyv@4.5.4 want: 3.0.1
288 silly placeDep ROOT prelude-ls@1.2.1 OK for: levn@0.4.1 want: ^1.2.1
289 silly placeDep ROOT type-check@0.4.0 OK for: levn@0.4.1 want: ~0.4.0
290 silly placeDep ROOT p-locate@5.0.0 OK for: locate-path@6.0.0 want: ^5.0.0
291 silly fetch manifest p-limit@^3.0.2
292 http fetch GET 200 https://registry.npmjs.org/p-limit 1ms (cache hit)
293 silly placeDep ROOT brace-expansion@1.1.12 OK for: minimatch@3.1.2 want: ^1.1.7
294 silly fetch manifest concat-map@0.0.1
295 silly fetch manifest balanced-match@^1.0.0
296 http fetch GET 200 https://registry.npmjs.org/concat-map 1ms (cache hit)
297 http fetch GET 200 https://registry.npmjs.org/balanced-match 1ms (cache hit)
298 silly placeDep ROOT balanced-match@1.0.2 OK for: brace-expansion@1.1.12 want: ^1.0.0
299 silly placeDep ROOT concat-map@0.0.1 OK for: brace-expansion@1.1.12 want: 0.0.1
300 silly placeDep ROOT deep-is@0.1.4 OK for: optionator@0.9.4 want: ^0.1.3
301 silly placeDep ROOT fast-levenshtein@2.0.6 OK for: optionator@0.9.4 want: ^2.0.6
302 silly placeDep ROOT word-wrap@1.2.5 OK for: optionator@0.9.4 want: ^1.2.5
303 silly placeDep ROOT p-limit@3.1.0 OK for: p-locate@5.0.0 want: ^3.0.2
304 silly fetch manifest yocto-queue@^0.1.0
305 http fetch GET 200 https://registry.npmjs.org/yocto-queue 1ms (cache hit)
306 silly placeDep ROOT yocto-queue@0.1.0 OK for: p-limit@3.1.0 want: ^0.1.0
307 silly placeDep ROOT callsites@3.1.0 OK for: parent-module@1.0.1 want: ^3.0.0
308 silly placeDep ROOT glob@7.2.3 OK for: rimraf@3.0.2 want: ^7.1.3
309 silly fetch manifest once@^1.3.0
310 silly fetch manifest inflight@^1.0.4
311 silly fetch manifest inherits@2
312 silly fetch manifest fs.realpath@^1.0.0
313 silly fetch manifest path-is-absolute@^1.0.0
314 http fetch GET 200 https://registry.npmjs.org/once 1ms (cache hit)
315 http fetch GET 200 https://registry.npmjs.org/inflight 1ms (cache hit)
316 http fetch GET 200 https://registry.npmjs.org/fs.realpath 2ms (cache hit)
317 http fetch GET 200 https://registry.npmjs.org/inherits 2ms (cache hit)
318 http fetch GET 200 https://registry.npmjs.org/path-is-absolute 2ms (cache hit)
319 silly placeDep ROOT fs.realpath@1.0.0 OK for: glob@7.2.3 want: ^1.0.0
320 silly placeDep ROOT inflight@1.0.6 OK for: glob@7.2.3 want: ^1.0.4
321 silly placeDep ROOT inherits@2.0.4 OK for: glob@7.2.3 want: 2
322 silly placeDep ROOT once@1.4.0 OK for: glob@7.2.3 want: ^1.3.0
323 silly placeDep ROOT path-is-absolute@1.0.1 OK for: glob@7.2.3 want: ^1.0.0
324 silly fetch manifest wrappy@1
325 http fetch GET 200 https://registry.npmjs.org/wrappy 1ms (cache hit)
326 silly placeDep ROOT wrappy@1.0.2 OK for: inflight@1.0.6 want: 1
327 silly placeDep ROOT queue-microtask@1.2.3 OK for: run-parallel@1.2.0 want: ^1.2.2
328 silly placeDep ROOT shebang-regex@3.0.0 OK for: shebang-command@2.0.0 want: ^3.0.0
329 silly placeDep ROOT ansi-regex@5.0.1 OK for: strip-ansi@6.0.1 want: ^5.0.1
330 silly placeDep ROOT has-flag@4.0.0 OK for: supports-color@7.2.0 want: ^4.0.0
331 silly placeDep ROOT punycode@2.3.1 OK for: uri-js@4.4.1 want: ^2.1.0
332 silly placeDep ROOT isexe@2.0.0 OK for: which@2.0.2 want: ^2.0.0
333 silly fetch manifest clsx@^2.1.0
334 http fetch GET 200 https://registry.npmjs.org/clsx 2ms (cache hit)
335 silly fetch manifest framer-motion@^11.0.3
336 http fetch GET 200 https://registry.npmjs.org/framer-motion 9ms (cache hit)
337 silly fetch manifest @emotion/is-prop-valid@*
338 http fetch GET 200 https://registry.npmjs.org/@emotion%2fis-prop-valid 4ms (cache hit)
339 silly fetch manifest react@^18.3.1
340 http fetch GET 200 https://registry.npmjs.org/react 7ms (cache hit)
341 silly fetch manifest react-dom@^18.3.1
342 http fetch GET 200 https://registry.npmjs.org/react-dom 8ms (cache hit)
343 silly fetch manifest tailwind-merge@^2.2.1
344 http fetch GET 200 https://registry.npmjs.org/tailwind-merge 7ms (cache hit)
345 silly fetch manifest @testing-library/jest-dom@^6.9.1
346 http fetch GET 200 https://registry.npmjs.org/@testing-library%2fjest-dom 2ms (cache hit)
347 silly fetch manifest @testing-library/react@^16.3.2
348 http fetch GET 200 https://registry.npmjs.org/@testing-library%2freact 2ms (cache hit)
349 silly fetch manifest @testing-library/dom@^10.0.0
350 http fetch GET 200 https://registry.npmjs.org/@testing-library%2fdom 2ms (cache hit)
351 silly fetch manifest @types/react@^18.3.28
352 http fetch GET 200 https://registry.npmjs.org/@types%2freact 3ms (cache hit)
353 silly fetch manifest @types/react-dom@^18.3.7
354 http fetch GET 200 https://registry.npmjs.org/@types%2freact-dom 4ms (cache hit)
355 silly fetch manifest @vitejs/plugin-react@^4.7.0
356 http fetch GET 200 https://registry.npmjs.org/@vitejs%2fplugin-react 2ms (cache hit)
357 silly fetch manifest vite@^5.1.0
358 http fetch GET 200 https://registry.npmjs.org/vite 31ms (cache hit)
359 silly fetch manifest @types/node@^18.0.0 || >=20.0.0
360 http fetch GET 200 https://registry.npmjs.org/@types%2fnode 10ms (cache hit)
361 silly fetch manifest less@*
362 http fetch GET 200 https://registry.npmjs.org/less 2ms (cache hit)
363 silly fetch manifest lightningcss@^1.21.0
364 http fetch GET 200 https://registry.npmjs.org/lightningcss 2ms (cache hit)
365 silly fetch manifest sass@*
366 http fetch GET 200 https://registry.npmjs.org/sass 2ms (cache hit)
367 silly fetch manifest sass-embedded@*
368 http fetch GET 200 https://registry.npmjs.org/sass-embedded 2ms (cache hit)
369 silly fetch manifest stylus@*
370 http fetch GET 200 https://registry.npmjs.org/stylus 2ms (cache hit)
371 silly fetch manifest sugarss@*
372 http fetch GET 200 https://registry.npmjs.org/sugarss 1ms (cache hit)
373 silly fetch manifest postcss@^8.4.35
374 http fetch GET 200 https://registry.npmjs.org/postcss 2ms (cache hit)
375 silly fetch manifest terser@^5.4.0
376 http fetch GET 200 https://registry.npmjs.org/terser 4ms (cache hit)
377 silly fetch manifest autoprefixer@^10.4.17
378 http fetch GET 200 https://registry.npmjs.org/autoprefixer 3ms (cache hit)
379 silly fetch manifest happy-dom@^20.6.2
380 http fetch GET 200 https://registry.npmjs.org/happy-dom 4ms (cache hit)
381 silly fetch manifest tailwindcss@^3.4.1
382 http fetch GET 200 https://registry.npmjs.org/tailwindcss 12ms (cache hit)
383 silly fetch manifest vitest@^4.0.18
384 http fetch GET 200 https://registry.npmjs.org/vitest 4ms (cache hit)
385 silly fetch manifest @edge-runtime/vm@*
386 http fetch GET 200 https://registry.npmjs.org/@edge-runtime%2fvm 2ms (cache hit)
387 silly fetch manifest @opentelemetry/api@^1.9.0
388 http fetch GET 200 https://registry.npmjs.org/@opentelemetry%2fapi 1ms (cache hit)
389 silly fetch manifest @types/node@^20.0.0 || ^22.0.0 || >=24.0.0
390 silly fetch manifest @vitest/browser-playwright@4.0.18
391 http fetch GET 200 https://registry.npmjs.org/@vitest%2fbrowser-playwright 1ms (cache hit)
392 silly fetch manifest playwright@*
393 http fetch GET 200 https://registry.npmjs.org/playwright 12ms (cache hit)
394 silly fetch manifest @vitest/browser-preview@4.0.18
395 http fetch GET 200 https://registry.npmjs.org/@vitest%2fbrowser-preview 3ms (cache hit)
396 silly fetch manifest @vitest/browser-webdriverio@4.0.18
397 http fetch GET 200 https://registry.npmjs.org/@vitest%2fbrowser-webdriverio 3ms (cache hit)
398 silly fetch manifest webdriverio@*
399 http fetch GET 200 https://registry.npmjs.org/webdriverio 4ms (cache hit)
400 silly fetch manifest puppeteer-core@>=22.x || <=24.x
401 http fetch GET 200 https://registry.npmjs.org/puppeteer-core 3ms (cache hit)
402 silly fetch manifest @vitest/ui@4.0.18
403 http fetch GET 200 https://registry.npmjs.org/@vitest%2fui 2ms (cache hit)
404 silly fetch manifest jsdom@*
405 http fetch GET 200 https://registry.npmjs.org/jsdom 2ms (cache hit)
406 silly fetch manifest canvas@^3.0.0
407 http fetch GET 200 https://registry.npmjs.org/canvas 4ms (cache hit)
408 silly placeDep ROOT @testing-library/jest-dom@6.9.1 OK for: @complihub360/ui@0.1.0 want: ^6.9.1
409 silly placeDep ROOT @testing-library/react@16.3.2 OK for: @complihub360/ui@0.1.0 want: ^16.3.2
410 silly placeDep ROOT @testing-library/dom@10.4.1 OK for: @testing-library/react@16.3.2 want: ^10.0.0
411 silly placeDep ROOT react@18.3.1 OK for: @testing-library/react@16.3.2 want: ^18.0.0 || ^19.0.0
412 silly placeDep ROOT react-dom@18.3.1 OK for: @testing-library/react@16.3.2 want: ^18.0.0 || ^19.0.0
413 silly placeDep ROOT @types/react@18.3.28 OK for: @complihub360/ui@0.1.0 want: ^18.3.28
414 silly placeDep ROOT @types/react-dom@18.3.7 OK for: @complihub360/ui@0.1.0 want: ^18.3.7
415 silly placeDep ROOT @vitejs/plugin-react@4.7.0 OK for: @complihub360/ui@0.1.0 want: ^4.7.0
416 silly placeDep ROOT vite@5.4.21 OK for: @vitejs/plugin-react@4.7.0 want: ^4.2.0 || ^5.0.0 || ^6.0.0 || ^7.0.0
417 silly placeDep ROOT autoprefixer@10.4.24 OK for: @complihub360/ui@0.1.0 want: ^10.4.17
418 silly placeDep ROOT postcss@8.5.6 OK for: autoprefixer@10.4.24 want: ^8.1.0
419 silly placeDep ROOT clsx@2.1.1 OK for: @complihub360/ui@0.1.0 want: ^2.1.0
420 silly placeDep ROOT framer-motion@11.18.2 OK for: @complihub360/ui@0.1.0 want: ^11.0.3
421 silly placeDep ROOT happy-dom@20.6.3 OK for: @complihub360/ui@0.1.0 want: ^20.6.2
422 silly placeDep ROOT tailwind-merge@2.6.1 OK for: @complihub360/ui@0.1.0 want: ^2.2.1
423 silly placeDep ROOT tailwindcss@3.4.19 OK for: @complihub360/ui@0.1.0 want: ^3.4.1
424 silly placeDep ROOT vitest@4.0.18 OK for: @complihub360/ui@0.1.0 want: ^4.0.18
425 silly fetch manifest redent@^3.0.0
426 silly fetch manifest aria-query@^5.0.0
427 silly fetch manifest css.escape@^1.5.1
428 silly fetch manifest picocolors@^1.1.1
429 silly fetch manifest @adobe/css-tools@^4.4.0
430 silly fetch manifest dom-accessibility-api@^0.6.3
431 silly fetch manifest @babel/runtime@^7.12.5
432 silly fetch manifest scheduler@^0.23.2
433 silly fetch manifest loose-envify@^1.1.0
434 http fetch GET 200 https://registry.npmjs.org/redent 6ms (cache hit)
435 silly fetch manifest lz-string@^1.5.0
436 http fetch GET 200 https://registry.npmjs.org/css.escape 6ms (cache hit)
437 silly fetch manifest aria-query@5.3.0
438 http fetch GET 200 https://registry.npmjs.org/aria-query 6ms (cache hit)
439 silly fetch manifest picocolors@1.1.1
440 http fetch GET 200 https://registry.npmjs.org/picocolors 5ms (cache hit)
441 silly fetch manifest pretty-format@^27.0.2
442 http fetch GET 200 https://registry.npmjs.org/@adobe%2fcss-tools 4ms (cache hit)
443 http fetch GET 200 https://registry.npmjs.org/dom-accessibility-api 5ms (cache hit)
444 silly fetch manifest @babel/code-frame@^7.10.4
445 http fetch GET 200 https://registry.npmjs.org/scheduler 9ms (cache hit)
446 silly fetch manifest @types/aria-query@^5.0.1
447 http fetch GET 200 https://registry.npmjs.org/loose-envify 26ms (cache hit)
448 silly fetch manifest dom-accessibility-api@^0.5.9
449 silly fetch manifest csstype@^3.2.2
450 silly fetch manifest @types/prop-types@*
451 http fetch GET 200 https://registry.npmjs.org/@babel%2fruntime 28ms (cache hit)
452 silly fetch manifest @babel/core@^7.28.0
453 silly fetch manifest react-refresh@^0.17.0
454 http fetch GET 200 https://registry.npmjs.org/aria-query 38ms (cache hit)
455 silly fetch manifest @types/babel__core@^7.20.5
456 http fetch GET 200 https://registry.npmjs.org/picocolors 37ms (cache hit)
457 silly fetch manifest @rolldown/pluginutils@1.0.0-beta.27
458 http fetch GET 200 https://registry.npmjs.org/lz-string 39ms (cache hit)
459 silly fetch manifest @babel/plugin-transform-react-jsx-self@^7.27.1
460 http fetch GET 200 https://registry.npmjs.org/@babel%2fcode-frame 36ms (cache hit)
461 silly fetch manifest @babel/plugin-transform-react-jsx-source@^7.27.1
462 http fetch GET 200 https://registry.npmjs.org/@types%2fprop-types 17ms (cache hit)
463 silly fetch manifest rollup@^4.20.0
464 http fetch GET 200 https://registry.npmjs.org/pretty-format 40ms (cache hit)
465 silly fetch manifest esbuild@^0.21.3
466 http fetch GET 200 https://registry.npmjs.org/@types%2faria-query 21ms (cache hit)
467 silly fetch manifest postcss@^8.4.43
468 silly fetch manifest fsevents@~2.3.3
469 http fetch GET 200 https://registry.npmjs.org/csstype 20ms (cache hit)
470 silly fetch manifest browserslist@^4.28.1
471 http fetch GET 200 https://registry.npmjs.org/@babel%2fcore 10ms (cache hit)
472 silly fetch manifest caniuse-lite@^1.0.30001766
473 http fetch GET 200 https://registry.npmjs.org/react-refresh 19ms (cache hit)
474 silly fetch manifest fraction.js@^5.3.4
475 http fetch GET 200 https://registry.npmjs.org/@types%2fbabel__core 34ms (cache hit)
476 silly fetch manifest postcss-value-parser@^4.2.0
477 http fetch GET 200 https://registry.npmjs.org/@rolldown%2fpluginutils 35ms (cache hit)
478 silly fetch manifest nanoid@^3.3.11
479 http fetch GET 200 https://registry.npmjs.org/@babel%2fplugin-transform-react-jsx-self 35ms (cache hit)
480 silly fetch manifest source-map-js@^1.2.1
481 http fetch GET 200 https://registry.npmjs.org/@babel%2fplugin-transform-react-jsx-source 35ms (cache hit)
482 silly fetch manifest tslib@^2.4.0
483 http fetch GET 200 https://registry.npmjs.org/fsevents 36ms (cache hit)
484 silly fetch manifest motion-dom@^11.18.1
485 http fetch GET 200 https://registry.npmjs.org/rollup 43ms (cache hit)
486 silly fetch manifest motion-utils@^11.18.1
487 http fetch GET 200 https://registry.npmjs.org/esbuild 62ms (cache hit)
488 silly fetch manifest @types/node@>=20.0.0
489 silly fetch manifest @types/whatwg-mimetype@^3.0.2
490 http fetch GET 200 https://registry.npmjs.org/browserslist 67ms (cache hit)
491 silly fetch manifest @types/ws@^8.18.1
492 http fetch GET 200 https://registry.npmjs.org/caniuse-lite 68ms (cache hit)
493 silly fetch manifest entities@^7.0.1
494 http fetch GET 200 https://registry.npmjs.org/fraction.js 52ms (cache hit)
495 silly fetch manifest whatwg-mimetype@^3.0.0
496 http fetch GET 200 https://registry.npmjs.org/postcss-value-parser 51ms (cache hit)
497 silly fetch manifest ws@^8.18.3
498 http fetch GET 200 https://registry.npmjs.org/source-map-js 49ms (cache hit)
499 silly fetch manifest arg@^5.0.2
500 http fetch GET 200 https://registry.npmjs.org/tslib 49ms (cache hit)
501 silly fetch manifest dlv@^1.1.3
502 http fetch GET 200 https://registry.npmjs.org/nanoid 52ms (cache hit)
503 silly fetch manifest jiti@^1.21.7
504 silly fetch manifest resolve@^1.22.8
505 http fetch GET 200 https://registry.npmjs.org/motion-dom 47ms (cache hit)
506 silly fetch manifest sucrase@^3.35.0
507 http fetch GET 200 https://registry.npmjs.org/motion-utils 25ms (cache hit)
508 silly fetch manifest chokidar@^3.6.0
509 http fetch GET 200 https://registry.npmjs.org/@types%2fwhatwg-mimetype 21ms (cache hit)
510 silly fetch manifest fast-glob@^3.3.2
511 http fetch GET 200 https://registry.npmjs.org/@types%2fws 17ms (cache hit)
512 silly fetch manifest lilconfig@^3.1.3
513 http fetch GET 200 https://registry.npmjs.org/entities 11ms (cache hit)
514 silly fetch manifest didyoumean@^1.2.2
515 http fetch GET 200 https://registry.npmjs.org/whatwg-mimetype 8ms (cache hit)
516 silly fetch manifest micromatch@^4.0.8
517 http fetch GET 200 https://registry.npmjs.org/ws 9ms (cache hit)
518 silly fetch manifest postcss-js@^4.0.1
519 http fetch GET 200 https://registry.npmjs.org/dlv 10ms (cache hit)
520 silly fetch manifest object-hash@^3.0.0
521 http fetch GET 200 https://registry.npmjs.org/arg 10ms (cache hit)
522 silly fetch manifest normalize-path@^3.0.0
523 http fetch GET 200 https://registry.npmjs.org/resolve 9ms (cache hit)
524 silly fetch manifest postcss-import@^15.1.0
525 http fetch GET 200 https://registry.npmjs.org/sucrase 11ms (cache hit)
526 silly fetch manifest postcss-nested@^6.2.0
527 http fetch GET 200 https://registry.npmjs.org/fast-glob 12ms (cache hit)
528 silly fetch manifest @alloc/quick-lru@^5.2.0
529 http fetch GET 200 https://registry.npmjs.org/chokidar 14ms (cache hit)
530 silly fetch manifest postcss-load-config@^4.0.2 || ^5.0 || ^6.0
531 http fetch GET 200 https://registry.npmjs.org/didyoumean 14ms (cache hit)
532 silly fetch manifest postcss-selector-parser@^6.1.2
533 http fetch GET 200 https://registry.npmjs.org/lilconfig 15ms (cache hit)
534 silly fetch manifest obug@^2.1.1
535 http fetch GET 200 https://registry.npmjs.org/object-hash 11ms (cache hit)
536 silly fetch manifest vite@^6.0.0 || ^7.0.0
537 silly fetch manifest pathe@^2.0.3
538 http fetch GET 200 https://registry.npmjs.org/normalize-path 11ms (cache hit)
539 silly fetch manifest std-env@^3.10.0
540 http fetch GET 200 https://registry.npmjs.org/postcss-js 12ms (cache hit)
541 silly fetch manifest tinyexec@^1.0.2
542 http fetch GET 200 https://registry.npmjs.org/micromatch 15ms (cache hit)
543 silly fetch manifest picomatch@^4.0.3
544 http fetch GET 200 https://registry.npmjs.org/postcss-import 12ms (cache hit)
545 silly fetch manifest tinybench@^2.9.0
546 http fetch GET 200 https://registry.npmjs.org/postcss-nested 9ms (cache hit)
547 silly fetch manifest tinyglobby@^0.2.15
548 http fetch GET 200 https://registry.npmjs.org/@alloc%2fquick-lru 9ms (cache hit)
549 silly fetch manifest @vitest/spy@4.0.18
550 http fetch GET 200 https://registry.npmjs.org/postcss-load-config 7ms (cache hit)
551 silly fetch manifest expect-type@^1.2.2
552 http fetch GET 200 https://registry.npmjs.org/postcss-selector-parser 8ms (cache hit)
553 silly fetch manifest tinyrainbow@^3.0.3
554 http fetch GET 200 https://registry.npmjs.org/obug 8ms (cache hit)
555 silly fetch manifest magic-string@^0.30.21
556 http fetch GET 200 https://registry.npmjs.org/pathe 9ms (cache hit)
557 silly fetch manifest @vitest/utils@4.0.18
558 http fetch GET 200 https://registry.npmjs.org/tinyexec 9ms (cache hit)
559 silly fetch manifest @vitest/expect@4.0.18
560 http fetch GET 200 https://registry.npmjs.org/std-env 10ms (cache hit)
561 silly fetch manifest @vitest/mocker@4.0.18
562 http fetch GET 200 https://registry.npmjs.org/picomatch 9ms (cache hit)
563 silly fetch manifest @vitest/runner@4.0.18
564 http fetch GET 200 https://registry.npmjs.org/tinybench 9ms (cache hit)
565 silly fetch manifest es-module-lexer@^1.7.0
566 http fetch GET 200 https://registry.npmjs.org/tinyglobby 8ms (cache hit)
567 silly fetch manifest @vitest/snapshot@4.0.18
568 http fetch GET 200 https://registry.npmjs.org/@vitest%2fspy 9ms (cache hit)
569 silly fetch manifest why-is-node-running@^2.3.0
570 http fetch GET 200 https://registry.npmjs.org/expect-type 10ms (cache hit)
571 silly fetch manifest @vitest/pretty-format@4.0.18
572 http fetch GET 200 https://registry.npmjs.org/tinyrainbow 11ms (cache hit)
573 http fetch GET 200 https://registry.npmjs.org/magic-string 10ms (cache hit)
574 http fetch GET 200 https://registry.npmjs.org/@vitest%2fexpect 10ms (cache hit)
575 http fetch GET 200 https://registry.npmjs.org/@vitest%2futils 11ms (cache hit)
576 http fetch GET 200 https://registry.npmjs.org/@vitest%2fmocker 12ms (cache hit)
577 http fetch GET 200 https://registry.npmjs.org/@vitest%2frunner 13ms (cache hit)
578 http fetch GET 200 https://registry.npmjs.org/es-module-lexer 14ms (cache hit)
579 http fetch GET 200 https://registry.npmjs.org/@vitest%2fsnapshot 14ms (cache hit)
580 http fetch GET 200 https://registry.npmjs.org/@vitest%2fpretty-format 13ms (cache hit)
581 http fetch GET 200 https://registry.npmjs.org/why-is-node-running 15ms (cache hit)
582 silly placeDep ROOT @babel/code-frame@7.29.0 OK for: @testing-library/dom@10.4.1 want: ^7.10.4
583 silly placeDep ROOT @babel/runtime@7.28.6 OK for: @testing-library/dom@10.4.1 want: ^7.12.5
584 silly placeDep ROOT @types/aria-query@5.0.4 OK for: @testing-library/dom@10.4.1 want: ^5.0.1
585 silly placeDep ROOT aria-query@5.3.0 OK for: @testing-library/dom@10.4.1 want: 5.3.0
586 silly placeDep ROOT dom-accessibility-api@0.5.16 OK for: @testing-library/dom@10.4.1 want: ^0.5.9
587 silly placeDep ROOT lz-string@1.5.0 OK for: @testing-library/dom@10.4.1 want: ^1.5.0
588 silly placeDep ROOT picocolors@1.1.1 OK for: @testing-library/dom@10.4.1 want: 1.1.1
589 silly placeDep ROOT pretty-format@27.5.1 OK for: @testing-library/dom@10.4.1 want: ^27.0.2
590 silly fetch manifest js-tokens@^4.0.0
591 silly fetch manifest @babel/helper-validator-identifier@^7.28.5
592 silly fetch manifest dequal@^2.0.3
593 silly fetch manifest react-is@^17.0.1
594 silly fetch manifest ansi-styles@^5.0.0
595 http fetch GET 200 https://registry.npmjs.org/dequal 3ms (cache hit)
596 http fetch GET 200 https://registry.npmjs.org/@babel%2fhelper-validator-identifier 4ms (cache hit)
597 http fetch GET 200 https://registry.npmjs.org/js-tokens 5ms (cache hit)
598 http fetch GET 200 https://registry.npmjs.org/react-is 9ms (cache hit)
599 silly placeDep ROOT @babel/helper-validator-identifier@7.28.5 OK for: @babel/code-frame@7.29.0 want: ^7.28.5
600 silly placeDep ROOT js-tokens@4.0.0 OK for: @babel/code-frame@7.29.0 want: ^4.0.0
601 silly placeDep ROOT @adobe/css-tools@4.4.4 OK for: @testing-library/jest-dom@6.9.1 want: ^4.4.0
602 silly placeDep ROOT css.escape@1.5.1 OK for: @testing-library/jest-dom@6.9.1 want: ^1.5.1
603 silly placeDep node_modules/@testing-library/jest-dom dom-accessibility-api@0.6.3 OK for: @testing-library/jest-dom@6.9.1 want: ^0.6.3
604 silly placeDep ROOT redent@3.0.0 OK for: @testing-library/jest-dom@6.9.1 want: ^3.0.0
605 silly fetch manifest indent-string@^4.0.0
606 silly fetch manifest strip-indent@^3.0.0
607 http fetch GET 200 https://registry.npmjs.org/strip-indent 4ms (cache hit)
608 http fetch GET 200 https://registry.npmjs.org/indent-string 4ms (cache hit)
609 silly placeDep ROOT @types/prop-types@15.7.15 OK for: @types/react@18.3.28 want: *
610 silly placeDep ROOT csstype@3.2.3 OK for: @types/react@18.3.28 want: ^3.2.2
611 silly placeDep ROOT @babel/core@7.29.0 OK for: @vitejs/plugin-react@4.7.0 want: ^7.28.0
612 silly placeDep ROOT @babel/plugin-transform-react-jsx-self@7.27.1 OK for: @vitejs/plugin-react@4.7.0 want: ^7.27.1
613 silly placeDep ROOT @babel/plugin-transform-react-jsx-source@7.27.1 OK for: @vitejs/plugin-react@4.7.0 want: ^7.27.1
614 silly placeDep ROOT @rolldown/pluginutils@1.0.0-beta.27 OK for: @vitejs/plugin-react@4.7.0 want: 1.0.0-beta.27
615 silly placeDep ROOT @types/babel__core@7.20.5 OK for: @vitejs/plugin-react@4.7.0 want: ^7.20.5
616 silly placeDep ROOT react-refresh@0.17.0 OK for: @vitejs/plugin-react@4.7.0 want: ^0.17.0
617 silly fetch manifest json5@^2.2.3
618 silly fetch manifest semver@^6.3.1
619 silly fetch manifest gensync@^1.0.0-beta.2
620 silly fetch manifest @babel/types@^7.29.0
621 silly fetch manifest @babel/parser@^7.29.0
622 silly fetch manifest @babel/helpers@^7.28.6
623 silly fetch manifest @babel/template@^7.28.6
624 silly fetch manifest @babel/traverse@^7.29.0
625 silly fetch manifest @babel/generator@^7.29.0
626 silly fetch manifest convert-source-map@^2.0.0
627 http fetch GET 200 https://registry.npmjs.org/semver 3ms (cache hit)
628 silly fetch manifest @jridgewell/remapping@^2.3.5
629 http fetch GET 200 https://registry.npmjs.org/json5 6ms (cache hit)
630 silly fetch manifest @babel/helper-module-transforms@^7.28.6
631 http fetch GET 200 https://registry.npmjs.org/gensync 5ms (cache hit)
632 silly fetch manifest @babel/helper-compilation-targets@^7.28.6
633 http fetch GET 200 https://registry.npmjs.org/@babel%2fparser 6ms (cache hit)
634 silly fetch manifest @babel/helper-plugin-utils@^7.27.1
635 http fetch GET 200 https://registry.npmjs.org/@babel%2fhelpers 9ms (cache hit)
636 http fetch GET 200 https://registry.npmjs.org/@babel%2ftypes 10ms (cache hit)
637 silly fetch manifest @babel/types@^7.20.7
638 silly fetch manifest @babel/parser@^7.20.7
639 silly fetch manifest @types/babel__template@*
640 http fetch GET 200 https://registry.npmjs.org/@babel%2ftemplate 12ms (cache hit)
641 silly fetch manifest @types/babel__traverse@*
642 http fetch GET 200 https://registry.npmjs.org/@babel%2ftraverse 13ms (cache hit)
643 silly fetch manifest @types/babel__generator@*
644 http fetch GET 200 https://registry.npmjs.org/@babel%2fgenerator 15ms (cache hit)
645 http fetch GET 200 https://registry.npmjs.org/convert-source-map 17ms (cache hit)
646 http fetch GET 200 https://registry.npmjs.org/@babel%2fhelper-plugin-utils 9ms (cache hit)
647 http fetch GET 200 https://registry.npmjs.org/@babel%2fhelper-compilation-targets 13ms (cache hit)
648 http fetch GET 200 https://registry.npmjs.org/@jridgewell%2fremapping 15ms (cache hit)
649 http fetch GET 200 https://registry.npmjs.org/@types%2fbabel__template 8ms (cache hit)
650 http fetch GET 200 https://registry.npmjs.org/@babel%2fhelper-module-transforms 15ms (cache hit)
651 http fetch GET 200 https://registry.npmjs.org/@types%2fbabel__generator 9ms (cache hit)
652 http fetch GET 200 https://registry.npmjs.org/@types%2fbabel__traverse 11ms (cache hit)
653 silly fetch manifest @babel/core@^7.0.0
654 silly placeDep ROOT @babel/generator@7.29.1 OK for: @babel/core@7.29.0 want: ^7.29.0
655 silly placeDep ROOT @babel/helper-compilation-targets@7.28.6 OK for: @babel/core@7.29.0 want: ^7.28.6
656 silly placeDep ROOT @babel/helper-module-transforms@7.28.6 OK for: @babel/core@7.29.0 want: ^7.28.6
657 silly placeDep ROOT @babel/helpers@7.28.6 OK for: @babel/core@7.29.0 want: ^7.28.6
658 silly placeDep ROOT @babel/parser@7.29.0 OK for: @babel/core@7.29.0 want: ^7.29.0
659 silly placeDep ROOT @babel/template@7.28.6 OK for: @babel/core@7.29.0 want: ^7.28.6
660 silly placeDep ROOT @babel/traverse@7.29.0 OK for: @babel/core@7.29.0 want: ^7.29.0
661 silly placeDep ROOT @babel/types@7.29.0 OK for: @babel/core@7.29.0 want: ^7.29.0
662 silly placeDep ROOT @jridgewell/remapping@2.3.5 OK for: @babel/core@7.29.0 want: ^2.3.5
663 silly placeDep ROOT convert-source-map@2.0.0 OK for: @babel/core@7.29.0 want: ^2.0.0
664 silly placeDep ROOT gensync@1.0.0-beta.2 OK for: @babel/core@7.29.0 want: ^1.0.0-beta.2
665 silly placeDep ROOT json5@2.2.3 OK for: @babel/core@7.29.0 want: ^2.2.3
666 silly placeDep ROOT semver@6.3.1 OK for: @babel/core@7.29.0 want: ^6.3.1
667 silly fetch manifest jsesc@^3.0.2
668 silly fetch manifest @jridgewell/gen-mapping@^0.3.12
669 silly fetch manifest @jridgewell/trace-mapping@^0.3.28
670 silly fetch manifest lru-cache@^5.1.1
671 silly fetch manifest browserslist@^4.24.0
672 silly fetch manifest @babel/compat-data@^7.28.6
673 silly fetch manifest @babel/helper-validator-option@^7.27.1
674 silly fetch manifest @babel/traverse@^7.28.6
675 silly fetch manifest @babel/helper-module-imports@^7.28.6
676 silly fetch manifest @babel/types@^7.28.6
677 silly fetch manifest @babel/helper-globals@^7.28.0
678 silly fetch manifest @babel/helper-string-parser@^7.27.1
679 silly fetch manifest @jridgewell/gen-mapping@^0.3.5
680 http fetch GET 200 https://registry.npmjs.org/jsesc 3ms (cache hit)
681 silly fetch manifest @jridgewell/trace-mapping@^0.3.24
682 http fetch GET 200 https://registry.npmjs.org/lru-cache 4ms (cache hit)
683 http fetch GET 200 https://registry.npmjs.org/@babel%2fcompat-data 6ms (cache hit)
684 http fetch GET 200 https://registry.npmjs.org/@jridgewell%2fgen-mapping 7ms (cache hit)
685 http fetch GET 200 https://registry.npmjs.org/@babel%2fhelper-validator-option 9ms (cache hit)
686 http fetch GET 200 https://registry.npmjs.org/@jridgewell%2ftrace-mapping 10ms (cache hit)
687 http fetch GET 200 https://registry.npmjs.org/@jridgewell%2fgen-mapping 9ms (cache hit)
688 http fetch GET 200 https://registry.npmjs.org/@babel%2fhelper-module-imports 11ms (cache hit)
689 http fetch GET 200 https://registry.npmjs.org/@babel%2fhelper-globals 11ms (cache hit)
690 http fetch GET 200 https://registry.npmjs.org/@babel%2fhelper-string-parser 11ms (cache hit)
691 http fetch GET 200 https://registry.npmjs.org/@jridgewell%2ftrace-mapping 9ms (cache hit)
692 silly placeDep ROOT @jridgewell/gen-mapping@0.3.13 OK for: @babel/generator@7.29.1 want: ^0.3.12
693 silly placeDep ROOT @jridgewell/trace-mapping@0.3.31 OK for: @babel/generator@7.29.1 want: ^0.3.28
694 silly placeDep ROOT jsesc@3.1.0 OK for: @babel/generator@7.29.1 want: ^3.0.2
695 silly fetch manifest @jridgewell/sourcemap-codec@^1.5.0
696 silly fetch manifest @jridgewell/resolve-uri@^3.1.0
697 silly fetch manifest @jridgewell/sourcemap-codec@^1.4.14
698 http fetch GET 200 https://registry.npmjs.org/@jridgewell%2fresolve-uri 2ms (cache hit)
699 http fetch GET 200 https://registry.npmjs.org/@jridgewell%2fsourcemap-codec 2ms (cache hit)
700 http fetch GET 200 https://registry.npmjs.org/@jridgewell%2fsourcemap-codec 2ms (cache hit)
701 silly placeDep ROOT @babel/compat-data@7.29.0 OK for: @babel/helper-compilation-targets@7.28.6 want: ^7.28.6
702 silly placeDep ROOT @babel/helper-validator-option@7.27.1 OK for: @babel/helper-compilation-targets@7.28.6 want: ^7.27.1
703 silly placeDep ROOT browserslist@4.28.1 OK for: @babel/helper-compilation-targets@7.28.6 want: ^4.24.0
704 silly placeDep ROOT lru-cache@5.1.1 OK for: @babel/helper-compilation-targets@7.28.6 want: ^5.1.1
705 silly fetch manifest baseline-browser-mapping@^2.9.0
706 silly fetch manifest caniuse-lite@^1.0.30001759
707 silly fetch manifest electron-to-chromium@^1.5.263
708 silly fetch manifest node-releases@^2.0.27
709 silly fetch manifest update-browserslist-db@^1.2.0
710 silly fetch manifest yallist@^3.0.2
711 http fetch GET 200 https://registry.npmjs.org/update-browserslist-db 3ms (cache hit)
712 http fetch GET 200 https://registry.npmjs.org/node-releases 3ms (cache hit)
713 http fetch GET 200 https://registry.npmjs.org/electron-to-chromium 7ms (cache hit)
714 http fetch GET 200 https://registry.npmjs.org/baseline-browser-mapping 24ms (cache hit)
715 http fetch GET 200 https://registry.npmjs.org/yallist 30ms (cache hit)
716 silly placeDep ROOT @babel/helper-module-imports@7.28.6 OK for: @babel/helper-module-transforms@7.28.6 want: ^7.28.6
717 silly placeDep ROOT @babel/helper-plugin-utils@7.28.6 OK for: @babel/plugin-transform-react-jsx-self@7.27.1 want: ^7.27.1
718 silly placeDep ROOT @babel/helper-globals@7.28.0 OK for: @babel/traverse@7.29.0 want: ^7.28.0
719 silly placeDep ROOT @babel/helper-string-parser@7.27.1 OK for: @babel/types@7.29.0 want: ^7.27.1
720 silly placeDep ROOT @jridgewell/sourcemap-codec@1.5.5 OK for: @jridgewell/gen-mapping@0.3.13 want: ^1.5.0
721 silly placeDep ROOT @jridgewell/resolve-uri@3.1.2 OK for: @jridgewell/trace-mapping@0.3.31 want: ^3.1.0
722 silly placeDep ROOT @types/babel__generator@7.27.0 OK for: @types/babel__core@7.20.5 want: *
723 silly placeDep ROOT @types/babel__template@7.4.4 OK for: @types/babel__core@7.20.5 want: *
724 silly placeDep ROOT @types/babel__traverse@7.28.0 OK for: @types/babel__core@7.20.5 want: *
725 silly placeDep ROOT dequal@2.0.3 OK for: aria-query@5.3.0 want: ^2.0.3
726 silly placeDep ROOT caniuse-lite@1.0.30001770 OK for: autoprefixer@10.4.24 want: ^1.0.30001766
727 silly placeDep ROOT fraction.js@5.3.4 OK for: autoprefixer@10.4.24 want: ^5.3.4
728 silly placeDep ROOT postcss-value-parser@4.2.0 OK for: autoprefixer@10.4.24 want: ^4.2.0
729 silly fetch manifest browserslist@>= 4.21.0
730 silly placeDep ROOT baseline-browser-mapping@2.10.0 OK for: browserslist@4.28.1 want: ^2.9.0
731 silly placeDep ROOT electron-to-chromium@1.5.302 OK for: browserslist@4.28.1 want: ^1.5.263
732 silly placeDep ROOT node-releases@2.0.27 OK for: browserslist@4.28.1 want: ^2.0.27
733 silly placeDep ROOT update-browserslist-db@1.2.3 OK for: browserslist@4.28.1 want: ^1.2.0
734 silly fetch manifest escalade@^3.2.0
735 http fetch GET 200 https://registry.npmjs.org/escalade 5ms (cache hit)
736 silly placeDep ROOT motion-dom@11.18.1 OK for: framer-motion@11.18.2 want: ^11.18.1
737 silly placeDep ROOT motion-utils@11.18.1 OK for: framer-motion@11.18.2 want: ^11.18.1
738 silly placeDep ROOT tslib@2.8.1 OK for: framer-motion@11.18.2 want: ^2.4.0
739 silly fetch manifest bufferutil@^4.0.1
740 http fetch GET 200 https://registry.npmjs.org/bufferutil 2ms (cache hit)
741 silly fetch manifest utf-8-validate@>=5.0.2
742 http fetch GET 200 https://registry.npmjs.org/utf-8-validate 4ms (cache hit)
743 silly placeDep ROOT @types/node@25.3.0 OK for: happy-dom@20.6.3 want: >=20.0.0
744 silly placeDep ROOT @types/whatwg-mimetype@3.0.2 OK for: happy-dom@20.6.3 want: ^3.0.2
745 silly placeDep ROOT @types/ws@8.18.1 OK for: happy-dom@20.6.3 want: ^8.18.1
746 silly placeDep ROOT entities@7.0.1 OK for: happy-dom@20.6.3 want: ^7.0.1
747 silly placeDep ROOT whatwg-mimetype@3.0.0 OK for: happy-dom@20.6.3 want: ^3.0.0
748 silly placeDep ROOT ws@8.19.0 OK for: happy-dom@20.6.3 want: ^8.18.3
749 silly fetch manifest undici-types@~7.18.0
750 http fetch GET 200 https://registry.npmjs.org/undici-types 2ms (cache hit)
751 silly placeDep ROOT undici-types@7.18.2 OK for: @types/node@25.3.0 want: ~7.18.0
752 silly placeDep ROOT yallist@3.1.1 OK for: lru-cache@5.1.1 want: ^3.0.2
753 silly placeDep ROOT nanoid@3.3.11 OK for: postcss@8.5.6 want: ^3.3.11
754 silly placeDep ROOT source-map-js@1.2.1 OK for: postcss@8.5.6 want: ^1.2.1
755 silly placeDep node_modules/pretty-format ansi-styles@5.2.0 OK for: pretty-format@27.5.1 want: ^5.0.0
756 silly placeDep ROOT react-is@17.0.2 OK for: pretty-format@27.5.1 want: ^17.0.1
757 silly placeDep ROOT loose-envify@1.4.0 OK for: react@18.3.1 want: ^1.1.0
758 silly placeDep ROOT scheduler@0.23.2 OK for: react-dom@18.3.1 want: ^0.23.2
759 silly placeDep ROOT indent-string@4.0.0 OK for: redent@3.0.0 want: ^4.0.0
760 silly placeDep ROOT strip-indent@3.0.0 OK for: redent@3.0.0 want: ^3.0.0
761 silly fetch manifest min-indent@^1.0.0
762 http fetch GET 200 https://registry.npmjs.org/min-indent 2ms (cache hit)
763 silly placeDep ROOT min-indent@1.0.1 OK for: strip-indent@3.0.0 want: ^1.0.0
764 silly fetch manifest postcss@^8.4.47
765 silly fetch manifest tsx@^4.8.1
766 http fetch GET 200 https://registry.npmjs.org/tsx 1ms (cache hit)
767 silly fetch manifest yaml@^2.4.2
768 http fetch GET 200 https://registry.npmjs.org/yaml 1ms (cache hit)
769 silly placeDep ROOT @alloc/quick-lru@5.2.0 OK for: tailwindcss@3.4.19 want: ^5.2.0
770 silly placeDep ROOT arg@5.0.2 OK for: tailwindcss@3.4.19 want: ^5.0.2
771 silly placeDep ROOT chokidar@3.6.0 OK for: tailwindcss@3.4.19 want: ^3.6.0
772 silly placeDep ROOT didyoumean@1.2.2 OK for: tailwindcss@3.4.19 want: ^1.2.2
773 silly placeDep ROOT dlv@1.1.3 OK for: tailwindcss@3.4.19 want: ^1.1.3
774 silly placeDep ROOT fast-glob@3.3.3 OK for: tailwindcss@3.4.19 want: ^3.3.2
775 silly placeDep ROOT jiti@1.21.7 OK for: tailwindcss@3.4.19 want: ^1.21.7
776 silly placeDep ROOT lilconfig@3.1.3 OK for: tailwindcss@3.4.19 want: ^3.1.3
777 silly placeDep ROOT micromatch@4.0.8 OK for: tailwindcss@3.4.19 want: ^4.0.8
778 silly placeDep ROOT normalize-path@3.0.0 OK for: tailwindcss@3.4.19 want: ^3.0.0
779 silly placeDep ROOT object-hash@3.0.0 OK for: tailwindcss@3.4.19 want: ^3.0.0
780 silly placeDep ROOT postcss-import@15.1.0 OK for: tailwindcss@3.4.19 want: ^15.1.0
781 silly placeDep ROOT postcss-js@4.1.0 OK for: tailwindcss@3.4.19 want: ^4.0.1
782 silly placeDep ROOT postcss-load-config@6.0.1 OK for: tailwindcss@3.4.19 want: ^4.0.2 || ^5.0 || ^6.0
783 silly placeDep ROOT postcss-nested@6.2.0 OK for: tailwindcss@3.4.19 want: ^6.2.0
784 silly placeDep ROOT postcss-selector-parser@6.1.2 OK for: tailwindcss@3.4.19 want: ^6.1.2
785 silly placeDep ROOT resolve@1.22.11 OK for: tailwindcss@3.4.19 want: ^1.22.8
786 silly placeDep ROOT sucrase@3.35.1 OK for: tailwindcss@3.4.19 want: ^3.35.0
787 silly fetch manifest braces@~3.0.2
788 silly fetch manifest anymatch@~3.1.2
789 silly fetch manifest readdirp@~3.6.0
790 silly fetch manifest glob-parent@~5.1.2
791 silly fetch manifest is-binary-path@~2.1.0
792 silly fetch manifest normalize-path@~3.0.0
793 silly fetch manifest fsevents@~2.3.2
794 silly fetch manifest glob-parent@^5.1.2
795 silly fetch manifest merge2@^1.3.0
796 silly fetch manifest braces@^3.0.3
797 silly fetch manifest picomatch@^2.3.1
798 silly fetch manifest resolve@^1.1.7
799 silly fetch manifest read-cache@^1.0.0
800 silly fetch manifest camelcase-css@^2.0.1
801 silly fetch manifest postcss-selector-parser@^6.1.1
802 silly fetch manifest cssesc@^3.0.0
803 silly fetch manifest util-deprecate@^1.0.2
804 http fetch GET 200 https://registry.npmjs.org/anymatch 5ms (cache hit)
805 silly fetch manifest path-parse@^1.0.7
806 http fetch GET 200 https://registry.npmjs.org/readdirp 5ms (cache hit)
807 silly fetch manifest is-core-module@^2.16.1
808 http fetch GET 200 https://registry.npmjs.org/braces 6ms (cache hit)
809 silly fetch manifest supports-preserve-symlinks-flag@^1.0.0
810 http fetch GET 200 https://registry.npmjs.org/merge2 6ms (cache hit)
811 silly fetch manifest commander@^4.0.0
812 http fetch GET 200 https://registry.npmjs.org/read-cache 6ms (cache hit)
813 silly fetch manifest lines-and-columns@^1.1.6
814 http fetch GET 200 https://registry.npmjs.org/is-binary-path 8ms (cache hit)
815 silly fetch manifest mz@^2.7.0
816 http fetch GET 200 https://registry.npmjs.org/braces 7ms (cache hit)
817 silly fetch manifest pirates@^4.0.1
818 http fetch GET 200 https://registry.npmjs.org/camelcase-css 7ms (cache hit)
819 silly fetch manifest tinyglobby@^0.2.11
820 silly fetch manifest ts-interface-checker@^0.1.9
821 http fetch GET 200 https://registry.npmjs.org/cssesc 8ms (cache hit)
822 http fetch GET 200 https://registry.npmjs.org/util-deprecate 7ms (cache hit)
823 http fetch GET 200 https://registry.npmjs.org/path-parse 5ms (cache hit)
824 http fetch GET 200 https://registry.npmjs.org/is-core-module 5ms (cache hit)
825 http fetch GET 200 https://registry.npmjs.org/lines-and-columns 4ms (cache hit)
826 http fetch GET 200 https://registry.npmjs.org/supports-preserve-symlinks-flag 5ms (cache hit)
827 http fetch GET 200 https://registry.npmjs.org/commander 5ms (cache hit)
828 http fetch GET 200 https://registry.npmjs.org/pirates 6ms (cache hit)
829 http fetch GET 200 https://registry.npmjs.org/ts-interface-checker 5ms (cache hit)
830 http fetch GET 200 https://registry.npmjs.org/mz 7ms (cache hit)
831 silly placeDep ROOT anymatch@3.1.3 OK for: chokidar@3.6.0 want: ~3.1.2
832 silly placeDep ROOT braces@3.0.3 OK for: chokidar@3.6.0 want: ~3.0.2
833 silly placeDep ROOT fsevents@2.3.3 OK for: chokidar@3.6.0 want: ~2.3.2
834 silly placeDep node_modules/chokidar glob-parent@5.1.2 OK for: chokidar@3.6.0 want: ~5.1.2
835 silly placeDep ROOT is-binary-path@2.1.0 OK for: chokidar@3.6.0 want: ~2.1.0
836 silly placeDep ROOT readdirp@3.6.0 OK for: chokidar@3.6.0 want: ~3.6.0
837 silly fetch manifest picomatch@^2.0.4
838 silly fetch manifest fill-range@^7.1.1
839 silly fetch manifest binary-extensions@^2.0.0
840 silly fetch manifest picomatch@^2.2.1
841 http fetch GET 200 https://registry.npmjs.org/binary-extensions 1ms (cache hit)
842 http fetch GET 200 https://registry.npmjs.org/fill-range 2ms (cache hit)
843 silly placeDep ROOT picomatch@2.3.1 OK for: anymatch@3.1.3 want: ^2.0.4
844 silly placeDep ROOT fill-range@7.1.1 OK for: braces@3.0.3 want: ^7.1.1
845 silly fetch manifest to-regex-range@^5.0.1
846 http fetch GET 200 https://registry.npmjs.org/to-regex-range 1ms (cache hit)
847 silly placeDep node_modules/fast-glob glob-parent@5.1.2 OK for: fast-glob@3.3.3 want: ^5.1.2
848 silly placeDep ROOT merge2@1.4.1 OK for: fast-glob@3.3.3 want: ^1.3.0
849 silly placeDep ROOT to-regex-range@5.0.1 OK for: fill-range@7.1.1 want: ^5.0.1
850 silly fetch manifest is-number@^7.0.0
851 http fetch GET 200 https://registry.npmjs.org/is-number 3ms (cache hit)
852 silly placeDep ROOT binary-extensions@2.3.0 OK for: is-binary-path@2.1.0 want: ^2.0.0
853 silly placeDep ROOT read-cache@1.0.0 OK for: postcss-import@15.1.0 want: ^1.0.0
854 silly fetch manifest pify@^2.3.0
855 http fetch GET 200 https://registry.npmjs.org/pify 2ms (cache hit)
856 silly placeDep ROOT camelcase-css@2.0.1 OK for: postcss-js@4.1.0 want: ^2.0.1
857 silly placeDep ROOT cssesc@3.0.0 OK for: postcss-selector-parser@6.1.2 want: ^3.0.0
858 silly placeDep ROOT util-deprecate@1.0.2 OK for: postcss-selector-parser@6.1.2 want: ^1.0.2
859 silly placeDep ROOT pify@2.3.0 OK for: read-cache@1.0.0 want: ^2.3.0
860 silly placeDep ROOT is-core-module@2.16.1 OK for: resolve@1.22.11 want: ^2.16.1
861 silly placeDep ROOT path-parse@1.0.7 OK for: resolve@1.22.11 want: ^1.0.7
862 silly placeDep ROOT supports-preserve-symlinks-flag@1.0.0 OK for: resolve@1.22.11 want: ^1.0.0
863 silly fetch manifest hasown@^2.0.2
864 http fetch GET 200 https://registry.npmjs.org/hasown 1ms (cache hit)
865 silly placeDep ROOT hasown@2.0.2 OK for: is-core-module@2.16.1 want: ^2.0.2
866 silly fetch manifest function-bind@^1.1.2
867 http fetch GET 200 https://registry.npmjs.org/function-bind 1ms (cache hit)
868 silly placeDep ROOT function-bind@1.1.2 OK for: hasown@2.0.2 want: ^1.1.2
869 silly placeDep ROOT commander@4.1.1 OK for: sucrase@3.35.1 want: ^4.0.0
870 silly placeDep ROOT lines-and-columns@1.2.4 OK for: sucrase@3.35.1 want: ^1.1.6
871 silly placeDep ROOT mz@2.7.0 OK for: sucrase@3.35.1 want: ^2.7.0
872 silly placeDep ROOT pirates@4.0.7 OK for: sucrase@3.35.1 want: ^4.0.1
873 silly placeDep ROOT tinyglobby@0.2.15 OK for: sucrase@3.35.1 want: ^0.2.11
874 silly placeDep ROOT ts-interface-checker@0.1.13 OK for: sucrase@3.35.1 want: ^0.1.9
875 silly fetch manifest any-promise@^1.0.0
876 silly fetch manifest object-assign@^4.0.1
877 silly fetch manifest thenify-all@^1.0.0
878 silly fetch manifest fdir@^6.5.0
879 http fetch GET 200 https://registry.npmjs.org/object-assign 2ms (cache hit)
880 http fetch GET 200 https://registry.npmjs.org/any-promise 2ms (cache hit)
881 http fetch GET 200 https://registry.npmjs.org/thenify-all 2ms (cache hit)
882 http fetch GET 200 https://registry.npmjs.org/fdir 2ms (cache hit)
883 silly placeDep ROOT any-promise@1.3.0 OK for: mz@2.7.0 want: ^1.0.0
884 silly placeDep ROOT object-assign@4.1.1 OK for: mz@2.7.0 want: ^4.0.1
885 silly placeDep ROOT thenify-all@1.6.0 OK for: mz@2.7.0 want: ^1.0.0
886 silly fetch manifest thenify@>= 3.1.0 < 4
887 http fetch GET 200 https://registry.npmjs.org/thenify 1ms (cache hit)
888 silly placeDep ROOT thenify@3.3.1 OK for: thenify-all@1.6.0 want: >= 3.1.0 < 4
889 silly placeDep node_modules/tinyglobby fdir@6.5.0 OK for: tinyglobby@0.2.15 want: ^6.5.0
890 silly placeDep node_modules/tinyglobby picomatch@4.0.3 OK for: fdir@6.5.0 want: ^3 || ^4
891 silly placeDep ROOT is-number@7.0.0 OK for: to-regex-range@5.0.1 want: ^7.0.0
892 silly placeDep ROOT escalade@3.2.0 OK for: update-browserslist-db@1.2.3 want: ^3.2.0
893 silly placeDep ROOT esbuild@0.21.5 OK for: vite@5.4.21 want: ^0.21.3
894 silly placeDep ROOT rollup@4.57.1 OK for: vite@5.4.21 want: ^4.20.0
895 silly fetch manifest @esbuild/aix-ppc64@0.21.5
896 silly fetch manifest @esbuild/linux-arm@0.21.5
897 silly fetch manifest @esbuild/linux-x64@0.21.5
898 silly fetch manifest @esbuild/sunos-x64@0.21.5
899 silly fetch manifest @esbuild/win32-x64@0.21.5
900 silly fetch manifest @esbuild/darwin-x64@0.21.5
901 silly fetch manifest @esbuild/linux-ia32@0.21.5
902 silly fetch manifest @esbuild/netbsd-x64@0.21.5
903 silly fetch manifest @esbuild/win32-ia32@0.21.5
904 silly fetch manifest @esbuild/android-arm@0.21.5
905 http fetch GET 200 https://registry.npmjs.org/@esbuild%2faix-ppc64 5ms (cache hit)
906 silly fetch manifest @esbuild/android-x64@0.21.5
907 http fetch GET 200 https://registry.npmjs.org/@esbuild%2fwin32-x64 5ms (cache hit)
908 silly fetch manifest @esbuild/freebsd-x64@0.21.5
909 http fetch GET 200 https://registry.npmjs.org/@esbuild%2flinux-arm 6ms (cache hit)
910 silly fetch manifest @esbuild/linux-arm64@0.21.5
911 http fetch GET 200 https://registry.npmjs.org/@esbuild%2flinux-x64 7ms (cache hit)
912 silly fetch manifest @esbuild/linux-ppc64@0.21.5
913 http fetch GET 200 https://registry.npmjs.org/@esbuild%2fnetbsd-x64 7ms (cache hit)
914 silly fetch manifest @esbuild/linux-s390x@0.21.5
915 http fetch GET 200 https://registry.npmjs.org/@esbuild%2fdarwin-x64 8ms (cache hit)
916 silly fetch manifest @esbuild/openbsd-x64@0.21.5
917 http fetch GET 200 https://registry.npmjs.org/@esbuild%2fsunos-x64 9ms (cache hit)
918 silly fetch manifest @esbuild/win32-arm64@0.21.5
919 http fetch GET 200 https://registry.npmjs.org/@esbuild%2flinux-ia32 9ms (cache hit)
920 silly fetch manifest @esbuild/darwin-arm64@0.21.5
921 http fetch GET 200 https://registry.npmjs.org/@esbuild%2fwin32-ia32 10ms (cache hit)
922 silly fetch manifest @esbuild/android-arm64@0.21.5
923 http fetch GET 200 https://registry.npmjs.org/@esbuild%2fandroid-arm 10ms (cache hit)
924 silly fetch manifest @esbuild/freebsd-arm64@0.21.5
925 http fetch GET 200 https://registry.npmjs.org/@esbuild%2fandroid-x64 11ms (cache hit)
926 silly fetch manifest @esbuild/linux-loong64@0.21.5
927 http fetch GET 200 https://registry.npmjs.org/@esbuild%2ffreebsd-x64 10ms (cache hit)
928 silly fetch manifest @esbuild/linux-riscv64@0.21.5
929 http fetch GET 200 https://registry.npmjs.org/@esbuild%2flinux-ppc64 10ms (cache hit)
930 silly fetch manifest @esbuild/linux-mips64el@0.21.5
931 http fetch GET 200 https://registry.npmjs.org/@esbuild%2flinux-s390x 12ms (cache hit)
932 silly fetch manifest @types/estree@1.0.8
933 http fetch GET 200 https://registry.npmjs.org/@esbuild%2fopenbsd-x64 13ms (cache hit)
934 silly fetch manifest @rollup/rollup-darwin-arm64@4.57.1
935 http fetch GET 200 https://registry.npmjs.org/@esbuild%2fdarwin-arm64 12ms (cache hit)
936 silly fetch manifest @rollup/rollup-android-arm64@4.57.1
937 http fetch GET 200 https://registry.npmjs.org/@esbuild%2fwin32-arm64 28ms (cache hit)
938 silly fetch manifest @rollup/rollup-win32-arm64-msvc@4.57.1
939 http fetch GET 200 https://registry.npmjs.org/@esbuild%2fandroid-arm64 30ms (cache hit)
940 silly fetch manifest @rollup/rollup-freebsd-arm64@4.57.1
941 http fetch GET 200 https://registry.npmjs.org/@esbuild%2flinux-arm64 35ms (cache hit)
942 silly fetch manifest @rollup/rollup-linux-arm64-gnu@4.57.1
943 http fetch GET 200 https://registry.npmjs.org/@esbuild%2ffreebsd-arm64 32ms (cache hit)
944 silly fetch manifest @rollup/rollup-linux-arm64-musl@4.57.1
945 http fetch GET 200 https://registry.npmjs.org/@esbuild%2flinux-loong64 42ms (cache hit)
946 silly fetch manifest @rollup/rollup-android-arm-eabi@4.57.1
947 http fetch GET 200 https://registry.npmjs.org/@rollup%2frollup-android-arm64 23ms (cache hit)
948 silly fetch manifest @rollup/rollup-linux-arm-gnueabihf@4.57.1
949 http fetch GET 200 https://registry.npmjs.org/@rollup%2frollup-darwin-arm64 39ms (cache hit)
950 silly fetch manifest @rollup/rollup-linux-arm-musleabihf@4.57.1
951 http fetch GET 200 https://registry.npmjs.org/@rollup%2frollup-win32-arm64-msvc 24ms (cache hit)
952 silly fetch manifest @rollup/rollup-win32-ia32-msvc@4.57.1
953 http fetch GET 200 https://registry.npmjs.org/@esbuild%2flinux-mips64el 43ms (cache hit)
954 silly fetch manifest @rollup/rollup-linux-loong64-gnu@4.57.1
955 http fetch GET 200 https://registry.npmjs.org/@esbuild%2flinux-riscv64 47ms (cache hit)
956 silly fetch manifest @rollup/rollup-linux-loong64-musl@4.57.1
957 http fetch GET 200 https://registry.npmjs.org/@types%2festree 44ms (cache hit)
958 silly fetch manifest @rollup/rollup-linux-riscv64-gnu@4.57.1
959 http fetch GET 200 https://registry.npmjs.org/@rollup%2frollup-freebsd-arm64 30ms (cache hit)
960 silly fetch manifest @rollup/rollup-linux-riscv64-musl@4.57.1
961 http fetch GET 200 https://registry.npmjs.org/@rollup%2frollup-linux-arm64-musl 30ms (cache hit)
962 silly fetch manifest @rollup/rollup-linux-ppc64-gnu@4.57.1
963 http fetch GET 200 https://registry.npmjs.org/@rollup%2frollup-linux-arm64-gnu 33ms (cache hit)
964 silly fetch manifest @rollup/rollup-linux-ppc64-musl@4.57.1
965 http fetch GET 200 https://registry.npmjs.org/@rollup%2frollup-android-arm-eabi 20ms (cache hit)
966 silly fetch manifest @rollup/rollup-linux-s390x-gnu@4.57.1
967 http fetch GET 200 https://registry.npmjs.org/@rollup%2frollup-linux-loong64-musl 15ms (cache hit)
968 silly fetch manifest @rollup/rollup-darwin-x64@4.57.1
969 http fetch GET 200 https://registry.npmjs.org/@rollup%2frollup-linux-arm-musleabihf 19ms (cache hit)
970 silly fetch manifest @rollup/rollup-win32-x64-gnu@4.57.1
971 http fetch GET 200 https://registry.npmjs.org/@rollup%2frollup-linux-loong64-gnu 17ms (cache hit)
972 silly fetch manifest @rollup/rollup-win32-x64-msvc@4.57.1
973 http fetch GET 200 https://registry.npmjs.org/@rollup%2frollup-win32-ia32-msvc 18ms (cache hit)
974 silly fetch manifest @rollup/rollup-freebsd-x64@4.57.1
975 http fetch GET 200 https://registry.npmjs.org/@rollup%2frollup-linux-riscv64-musl 10ms (cache hit)
976 silly fetch manifest @rollup/rollup-linux-x64-gnu@4.57.1
977 http fetch GET 200 https://registry.npmjs.org/@rollup%2frollup-linux-arm-gnueabihf 23ms (cache hit)
978 silly fetch manifest @rollup/rollup-linux-x64-musl@4.57.1
979 http fetch GET 200 https://registry.npmjs.org/@rollup%2frollup-linux-riscv64-gnu 19ms (cache hit)
980 silly fetch manifest @rollup/rollup-openbsd-x64@4.57.1
981 http fetch GET 200 https://registry.npmjs.org/@rollup%2frollup-linux-ppc64-musl 11ms (cache hit)
982 silly fetch manifest @rollup/rollup-openharmony-arm64@4.57.1
983 http fetch GET 200 https://registry.npmjs.org/@rollup%2frollup-linux-ppc64-gnu 14ms (cache hit)
984 http fetch GET 200 https://registry.npmjs.org/@rollup%2frollup-win32-x64-gnu 10ms (cache hit)
985 http fetch GET 200 https://registry.npmjs.org/@rollup%2frollup-win32-x64-msvc 10ms (cache hit)
986 http fetch GET 200 https://registry.npmjs.org/@rollup%2frollup-linux-s390x-gnu 12ms (cache hit)
987 http fetch GET 200 https://registry.npmjs.org/@rollup%2frollup-openbsd-x64 8ms (cache hit)
988 http fetch GET 200 https://registry.npmjs.org/@rollup%2frollup-darwin-x64 13ms (cache hit)
989 http fetch GET 200 https://registry.npmjs.org/@rollup%2frollup-linux-x64-musl 10ms (cache hit)
990 http fetch GET 200 https://registry.npmjs.org/@rollup%2frollup-freebsd-x64 13ms (cache hit)
991 http fetch GET 200 https://registry.npmjs.org/@rollup%2frollup-linux-x64-gnu 13ms (cache hit)
992 http fetch GET 200 https://registry.npmjs.org/@rollup%2frollup-openharmony-arm64 9ms (cache hit)
993 silly placeDep ROOT @esbuild/aix-ppc64@0.21.5 OK for: esbuild@0.21.5 want: 0.21.5
994 silly placeDep ROOT @esbuild/android-arm@0.21.5 OK for: esbuild@0.21.5 want: 0.21.5
995 silly placeDep ROOT @esbuild/android-arm64@0.21.5 OK for: esbuild@0.21.5 want: 0.21.5
996 silly placeDep ROOT @esbuild/android-x64@0.21.5 OK for: esbuild@0.21.5 want: 0.21.5
997 silly placeDep ROOT @esbuild/darwin-arm64@0.21.5 OK for: esbuild@0.21.5 want: 0.21.5
998 silly placeDep ROOT @esbuild/darwin-x64@0.21.5 OK for: esbuild@0.21.5 want: 0.21.5
999 silly placeDep ROOT @esbuild/freebsd-arm64@0.21.5 OK for: esbuild@0.21.5 want: 0.21.5
1000 silly placeDep ROOT @esbuild/freebsd-x64@0.21.5 OK for: esbuild@0.21.5 want: 0.21.5
1001 silly placeDep ROOT @esbuild/linux-arm@0.21.5 OK for: esbuild@0.21.5 want: 0.21.5
1002 silly placeDep ROOT @esbuild/linux-arm64@0.21.5 OK for: esbuild@0.21.5 want: 0.21.5
1003 silly placeDep ROOT @esbuild/linux-ia32@0.21.5 OK for: esbuild@0.21.5 want: 0.21.5
1004 silly placeDep ROOT @esbuild/linux-loong64@0.21.5 OK for: esbuild@0.21.5 want: 0.21.5
1005 silly placeDep ROOT @esbuild/linux-mips64el@0.21.5 OK for: esbuild@0.21.5 want: 0.21.5
1006 silly placeDep ROOT @esbuild/linux-ppc64@0.21.5 OK for: esbuild@0.21.5 want: 0.21.5
1007 silly placeDep ROOT @esbuild/linux-riscv64@0.21.5 OK for: esbuild@0.21.5 want: 0.21.5
1008 silly placeDep ROOT @esbuild/linux-s390x@0.21.5 OK for: esbuild@0.21.5 want: 0.21.5
1009 silly placeDep ROOT @esbuild/linux-x64@0.21.5 OK for: esbuild@0.21.5 want: 0.21.5
1010 silly placeDep ROOT @esbuild/netbsd-x64@0.21.5 OK for: esbuild@0.21.5 want: 0.21.5
1011 silly placeDep ROOT @esbuild/openbsd-x64@0.21.5 OK for: esbuild@0.21.5 want: 0.21.5
1012 silly placeDep ROOT @esbuild/sunos-x64@0.21.5 OK for: esbuild@0.21.5 want: 0.21.5
1013 silly placeDep ROOT @esbuild/win32-arm64@0.21.5 OK for: esbuild@0.21.5 want: 0.21.5
1014 silly placeDep ROOT @esbuild/win32-ia32@0.21.5 OK for: esbuild@0.21.5 want: 0.21.5
1015 silly placeDep ROOT @esbuild/win32-x64@0.21.5 OK for: esbuild@0.21.5 want: 0.21.5
1016 silly placeDep ROOT @rollup/rollup-android-arm-eabi@4.57.1 OK for: rollup@4.57.1 want: 4.57.1
1017 silly placeDep ROOT @rollup/rollup-android-arm64@4.57.1 OK for: rollup@4.57.1 want: 4.57.1
1018 silly placeDep ROOT @rollup/rollup-darwin-arm64@4.57.1 OK for: rollup@4.57.1 want: 4.57.1
1019 silly placeDep ROOT @rollup/rollup-darwin-x64@4.57.1 OK for: rollup@4.57.1 want: 4.57.1
1020 silly placeDep ROOT @rollup/rollup-freebsd-arm64@4.57.1 OK for: rollup@4.57.1 want: 4.57.1
1021 silly placeDep ROOT @rollup/rollup-freebsd-x64@4.57.1 OK for: rollup@4.57.1 want: 4.57.1
1022 silly placeDep ROOT @rollup/rollup-linux-arm-gnueabihf@4.57.1 OK for: rollup@4.57.1 want: 4.57.1
1023 silly placeDep ROOT @rollup/rollup-linux-arm-musleabihf@4.57.1 OK for: rollup@4.57.1 want: 4.57.1
1024 silly placeDep ROOT @rollup/rollup-linux-arm64-gnu@4.57.1 OK for: rollup@4.57.1 want: 4.57.1
1025 silly placeDep ROOT @rollup/rollup-linux-arm64-musl@4.57.1 OK for: rollup@4.57.1 want: 4.57.1
1026 silly placeDep ROOT @rollup/rollup-linux-loong64-gnu@4.57.1 OK for: rollup@4.57.1 want: 4.57.1
1027 silly placeDep ROOT @rollup/rollup-linux-loong64-musl@4.57.1 OK for: rollup@4.57.1 want: 4.57.1
1028 silly placeDep ROOT @rollup/rollup-linux-ppc64-gnu@4.57.1 OK for: rollup@4.57.1 want: 4.57.1
1029 silly placeDep ROOT @rollup/rollup-linux-ppc64-musl@4.57.1 OK for: rollup@4.57.1 want: 4.57.1
1030 silly placeDep ROOT @rollup/rollup-linux-riscv64-gnu@4.57.1 OK for: rollup@4.57.1 want: 4.57.1
1031 silly placeDep ROOT @rollup/rollup-linux-riscv64-musl@4.57.1 OK for: rollup@4.57.1 want: 4.57.1
1032 silly placeDep ROOT @rollup/rollup-linux-s390x-gnu@4.57.1 OK for: rollup@4.57.1 want: 4.57.1
1033 silly placeDep ROOT @rollup/rollup-linux-x64-gnu@4.57.1 OK for: rollup@4.57.1 want: 4.57.1
1034 silly placeDep ROOT @rollup/rollup-linux-x64-musl@4.57.1 OK for: rollup@4.57.1 want: 4.57.1
1035 silly placeDep ROOT @rollup/rollup-openbsd-x64@4.57.1 OK for: rollup@4.57.1 want: 4.57.1
1036 silly placeDep ROOT @rollup/rollup-openharmony-arm64@4.57.1 OK for: rollup@4.57.1 want: 4.57.1
1037 silly placeDep ROOT @rollup/rollup-win32-arm64-msvc@4.57.1 OK for: rollup@4.57.1 want: 4.57.1
1038 silly placeDep ROOT @rollup/rollup-win32-ia32-msvc@4.57.1 OK for: rollup@4.57.1 want: 4.57.1
1039 silly placeDep ROOT @rollup/rollup-win32-x64-gnu@4.57.1 OK for: rollup@4.57.1 want: 4.57.1
1040 silly placeDep ROOT @rollup/rollup-win32-x64-msvc@4.57.1 OK for: rollup@4.57.1 want: 4.57.1
1041 silly placeDep ROOT @types/estree@1.0.8 OK for: rollup@4.57.1 want: 1.0.8
1042 silly fetch manifest jiti@>=1.21.0
1043 silly fetch manifest less@^4.0.0
1044 silly fetch manifest sass@^1.70.0
1045 silly fetch manifest sass-embedded@^1.70.0
1046 silly fetch manifest stylus@>=0.54.8
1047 silly fetch manifest sugarss@^5.0.0
1048 silly fetch manifest postcss@^8.3.3
1049 silly fetch manifest terser@^5.16.0
1050 silly fetch manifest msw@^2.4.9
1051 http fetch GET 200 https://registry.npmjs.org/msw 7ms (cache hit)
1052 silly fetch manifest typescript@>= 4.8.x
1053 silly placeDep ROOT @vitest/expect@4.0.18 OK for: vitest@4.0.18 want: 4.0.18
1054 silly placeDep node_modules/vitest @vitest/mocker@4.0.18 OK for: vitest@4.0.18 want: 4.0.18
1055 silly placeDep node_modules/vitest vite@7.3.1 OK for: @vitest/mocker@4.0.18 want: ^6.0.0 || ^7.0.0-0
1056 silly placeDep ROOT @vitest/pretty-format@4.0.18 OK for: vitest@4.0.18 want: 4.0.18
1057 silly placeDep ROOT @vitest/runner@4.0.18 OK for: vitest@4.0.18 want: 4.0.18
1058 silly placeDep ROOT @vitest/snapshot@4.0.18 OK for: vitest@4.0.18 want: 4.0.18
1059 silly placeDep ROOT @vitest/spy@4.0.18 OK for: vitest@4.0.18 want: 4.0.18
1060 silly placeDep ROOT @vitest/utils@4.0.18 OK for: vitest@4.0.18 want: 4.0.18
1061 silly placeDep ROOT es-module-lexer@1.7.0 OK for: vitest@4.0.18 want: ^1.7.0
1062 silly placeDep ROOT expect-type@1.3.0 OK for: vitest@4.0.18 want: ^1.2.2
1063 silly placeDep ROOT magic-string@0.30.21 OK for: vitest@4.0.18 want: ^0.30.21
1064 silly placeDep ROOT obug@2.1.1 OK for: vitest@4.0.18 want: ^2.1.1
1065 silly placeDep ROOT pathe@2.0.3 OK for: vitest@4.0.18 want: ^2.0.3
1066 silly placeDep node_modules/vitest picomatch@4.0.3 OK for: vitest@4.0.18 want: ^4.0.3
1067 silly placeDep ROOT std-env@3.10.0 OK for: vitest@4.0.18 want: ^3.10.0
1068 silly placeDep ROOT tinybench@2.9.0 OK for: vitest@4.0.18 want: ^2.9.0
1069 silly placeDep ROOT tinyexec@1.0.2 OK for: vitest@4.0.18 want: ^1.0.2
1070 silly placeDep ROOT tinyrainbow@3.0.3 OK for: vitest@4.0.18 want: ^3.0.3
1071 silly placeDep ROOT why-is-node-running@2.3.0 OK for: vitest@4.0.18 want: ^2.3.0
1072 silly fetch manifest chai@^6.2.1
1073 silly fetch manifest @types/chai@^5.2.2
1074 silly fetch manifest @standard-schema/spec@^1.0.0
1075 silly fetch manifest estree-walker@^3.0.3
1076 silly fetch manifest esbuild@^0.27.0
1077 silly fetch manifest siginfo@^2.0.0
1078 silly fetch manifest stackback@0.0.2
1079 http fetch GET 200 https://registry.npmjs.org/@standard-schema%2fspec 3ms (cache hit)
1080 http fetch GET 200 https://registry.npmjs.org/chai 3ms (cache hit)
1081 http fetch GET 200 https://registry.npmjs.org/estree-walker 4ms (cache hit)
1082 http fetch GET 200 https://registry.npmjs.org/@types%2fchai 5ms (cache hit)
1083 http fetch GET 200 https://registry.npmjs.org/siginfo 6ms (cache hit)
1084 http fetch GET 200 https://registry.npmjs.org/stackback 6ms (cache hit)
1085 silly placeDep ROOT @standard-schema/spec@1.1.0 OK for: @vitest/expect@4.0.18 want: ^1.0.0
1086 silly placeDep ROOT @types/chai@5.2.3 OK for: @vitest/expect@4.0.18 want: ^5.2.2
1087 silly placeDep ROOT chai@6.2.2 OK for: @vitest/expect@4.0.18 want: ^6.2.1
1088 silly fetch manifest @types/deep-eql@*
1089 silly fetch manifest assertion-error@^2.0.1
1090 http fetch GET 200 https://registry.npmjs.org/@types%2fdeep-eql 1ms (cache hit)
1091 http fetch GET 200 https://registry.npmjs.org/assertion-error 1ms (cache hit)
1092 silly placeDep ROOT @types/deep-eql@4.0.2 OK for: @types/chai@5.2.3 want: *
1093 silly placeDep ROOT assertion-error@2.0.1 OK for: @types/chai@5.2.3 want: ^2.0.1
1094 silly placeDep ROOT siginfo@2.0.0 OK for: why-is-node-running@2.3.0 want: ^2.0.0
1095 silly placeDep ROOT stackback@0.0.2 OK for: why-is-node-running@2.3.0 want: 0.0.2
1096 silly placeDep ROOT estree-walker@3.0.3 OK for: @vitest/mocker@4.0.18 want: ^3.0.3
1097 silly placeDep node_modules/vitest esbuild@0.27.3 OK for: vite@7.3.1 want: ^0.27.0
1098 silly placeDep node_modules/vitest fdir@6.5.0 OK for: vite@7.3.1 want: ^6.5.0
1099 silly fetch manifest @esbuild/aix-ppc64@0.27.3
1100 silly fetch manifest @esbuild/android-arm@0.27.3
1101 silly fetch manifest @esbuild/android-arm64@0.27.3
1102 silly fetch manifest @esbuild/android-x64@0.27.3
1103 silly fetch manifest @esbuild/darwin-arm64@0.27.3
1104 silly fetch manifest @esbuild/darwin-x64@0.27.3
1105 silly fetch manifest @esbuild/freebsd-arm64@0.27.3
1106 silly fetch manifest @esbuild/freebsd-x64@0.27.3
1107 silly fetch manifest @esbuild/linux-arm@0.27.3
1108 silly fetch manifest @esbuild/linux-arm64@0.27.3
1109 silly fetch manifest @esbuild/linux-ia32@0.27.3
1110 silly fetch manifest @esbuild/linux-loong64@0.27.3
1111 silly fetch manifest @esbuild/linux-mips64el@0.27.3
1112 silly fetch manifest @esbuild/linux-ppc64@0.27.3
1113 silly fetch manifest @esbuild/linux-riscv64@0.27.3
1114 silly fetch manifest @esbuild/linux-s390x@0.27.3
1115 silly fetch manifest @esbuild/linux-x64@0.27.3
1116 silly fetch manifest @esbuild/netbsd-arm64@0.27.3
1117 silly fetch manifest @esbuild/netbsd-x64@0.27.3
1118 silly fetch manifest @esbuild/openbsd-arm64@0.27.3
1119 silly fetch manifest @esbuild/openbsd-x64@0.27.3
1120 silly fetch manifest @esbuild/openharmony-arm64@0.27.3
1121 silly fetch manifest @esbuild/sunos-x64@0.27.3
1122 silly fetch manifest @esbuild/win32-arm64@0.27.3
1123 silly fetch manifest @esbuild/win32-ia32@0.27.3
1124 silly fetch manifest @esbuild/win32-x64@0.27.3
1125 http fetch GET 200 https://registry.npmjs.org/@esbuild%2fopenbsd-arm64 2ms (cache hit)
1126 http fetch GET 200 https://registry.npmjs.org/@esbuild%2fopenharmony-arm64 1ms (cache hit)
1127 http fetch GET 200 https://registry.npmjs.org/@esbuild%2fnetbsd-arm64 2ms (cache hit)
1128 silly placeDep node_modules/vitest @esbuild/aix-ppc64@0.27.3 OK for: esbuild@0.27.3 want: 0.27.3
1129 silly placeDep node_modules/vitest @esbuild/android-arm@0.27.3 OK for: esbuild@0.27.3 want: 0.27.3
1130 silly placeDep node_modules/vitest @esbuild/android-arm64@0.27.3 OK for: esbuild@0.27.3 want: 0.27.3
1131 silly placeDep node_modules/vitest @esbuild/android-x64@0.27.3 OK for: esbuild@0.27.3 want: 0.27.3
1132 silly placeDep node_modules/vitest @esbuild/darwin-arm64@0.27.3 OK for: esbuild@0.27.3 want: 0.27.3
1133 silly placeDep node_modules/vitest @esbuild/darwin-x64@0.27.3 OK for: esbuild@0.27.3 want: 0.27.3
1134 silly placeDep node_modules/vitest @esbuild/freebsd-arm64@0.27.3 OK for: esbuild@0.27.3 want: 0.27.3
1135 silly placeDep node_modules/vitest @esbuild/freebsd-x64@0.27.3 OK for: esbuild@0.27.3 want: 0.27.3
1136 silly placeDep node_modules/vitest @esbuild/linux-arm@0.27.3 OK for: esbuild@0.27.3 want: 0.27.3
1137 silly placeDep node_modules/vitest @esbuild/linux-arm64@0.27.3 OK for: esbuild@0.27.3 want: 0.27.3
1138 silly placeDep node_modules/vitest @esbuild/linux-ia32@0.27.3 OK for: esbuild@0.27.3 want: 0.27.3
1139 silly placeDep node_modules/vitest @esbuild/linux-loong64@0.27.3 OK for: esbuild@0.27.3 want: 0.27.3
1140 silly placeDep node_modules/vitest @esbuild/linux-mips64el@0.27.3 OK for: esbuild@0.27.3 want: 0.27.3
1141 silly placeDep node_modules/vitest @esbuild/linux-ppc64@0.27.3 OK for: esbuild@0.27.3 want: 0.27.3
1142 silly placeDep node_modules/vitest @esbuild/linux-riscv64@0.27.3 OK for: esbuild@0.27.3 want: 0.27.3
1143 silly placeDep node_modules/vitest @esbuild/linux-s390x@0.27.3 OK for: esbuild@0.27.3 want: 0.27.3
1144 silly placeDep node_modules/vitest @esbuild/linux-x64@0.27.3 OK for: esbuild@0.27.3 want: 0.27.3
1145 silly placeDep ROOT @esbuild/netbsd-arm64@0.27.3 OK for: esbuild@0.27.3 want: 0.27.3
1146 silly placeDep node_modules/vitest @esbuild/netbsd-x64@0.27.3 OK for: esbuild@0.27.3 want: 0.27.3
1147 silly placeDep ROOT @esbuild/openbsd-arm64@0.27.3 OK for: esbuild@0.27.3 want: 0.27.3
1148 silly placeDep node_modules/vitest @esbuild/openbsd-x64@0.27.3 OK for: esbuild@0.27.3 want: 0.27.3
1149 silly placeDep ROOT @esbuild/openharmony-arm64@0.27.3 OK for: esbuild@0.27.3 want: 0.27.3
1150 silly placeDep node_modules/vitest @esbuild/sunos-x64@0.27.3 OK for: esbuild@0.27.3 want: 0.27.3
1151 silly placeDep node_modules/vitest @esbuild/win32-arm64@0.27.3 OK for: esbuild@0.27.3 want: 0.27.3
1152 silly placeDep node_modules/vitest @esbuild/win32-ia32@0.27.3 OK for: esbuild@0.27.3 want: 0.27.3
1153 silly placeDep node_modules/vitest @esbuild/win32-x64@0.27.3 OK for: esbuild@0.27.3 want: 0.27.3
1154 warn EBADENGINE Unsupported engine {
1154 warn EBADENGINE   package: 'vite@7.3.1',
1154 warn EBADENGINE   required: { node: '^20.19.0 || >=22.12.0' },
1154 warn EBADENGINE   current: { node: 'v22.2.0', npm: '10.7.0' }
1154 warn EBADENGINE }
1155 silly reify moves {}
1156 verbose stack Error: EPERM: operation not permitted, mkdir '/Users/salurdesign/Documents/UX/CompliHub360/plattform/complihub360-alpha/node_modules/eslint'
1156 verbose stack     at async mkdir (node:internal/fs/promises:863:10)
1156 verbose stack     at async /opt/homebrew/lib/node_modules/npm/node_modules/@npmcli/arborist/lib/arborist/reify.js:624:20
1156 verbose stack     at async Promise.allSettled (index 0)
1156 verbose stack     at async [reifyPackages] (/opt/homebrew/lib/node_modules/npm/node_modules/@npmcli/arborist/lib/arborist/reify.js:325:11)
1156 verbose stack     at async Arborist.reify (/opt/homebrew/lib/node_modules/npm/node_modules/@npmcli/arborist/lib/arborist/reify.js:142:5)
1156 verbose stack     at async Install.exec (/opt/homebrew/lib/node_modules/npm/lib/commands/install.js:150:5)
1156 verbose stack     at async module.exports (/opt/homebrew/lib/node_modules/npm/lib/cli/entry.js:74:5)
1157 verbose cwd /Users/salurdesign/Documents/UX/CompliHub360/plattform/complihub360-alpha
1158 verbose Darwin 25.0.0
1159 verbose node v22.2.0
1160 verbose npm  v10.7.0
1161 error code EPERM
1162 error syscall mkdir
1163 error path /Users/salurdesign/Documents/UX/CompliHub360/plattform/complihub360-alpha/node_modules/eslint
1164 error errno -1
1165 error Error: EPERM: operation not permitted, mkdir '/Users/salurdesign/Documents/UX/CompliHub360/plattform/complihub360-alpha/node_modules/eslint'
1165 error     at async mkdir (node:internal/fs/promises:863:10)
1165 error     at async /opt/homebrew/lib/node_modules/npm/node_modules/@npmcli/arborist/lib/arborist/reify.js:624:20
1165 error     at async Promise.allSettled (index 0)
1165 error     at async [reifyPackages] (/opt/homebrew/lib/node_modules/npm/node_modules/@npmcli/arborist/lib/arborist/reify.js:325:11)
1165 error     at async Arborist.reify (/opt/homebrew/lib/node_modules/npm/node_modules/@npmcli/arborist/lib/arborist/reify.js:142:5)
1165 error     at async Install.exec (/opt/homebrew/lib/node_modules/npm/lib/commands/install.js:150:5)
1165 error     at async module.exports (/opt/homebrew/lib/node_modules/npm/lib/cli/entry.js:74:5) {
1165 error   errno: -1,
1165 error   code: 'EPERM',
1165 error   syscall: 'mkdir',
1165 error   path: '/Users/salurdesign/Documents/UX/CompliHub360/plattform/complihub360-alpha/node_modules/eslint'
1165 error }
1166 error
1166 error The operation was rejected by your operating system.
1166 error It is likely you do not have the permissions to access this file as the current user
1166 error
1166 error If you believe this might be a permissions issue, please double-check the
1166 error permissions of the file and its containing directories, or try running
1166 error the command again as root/Administrator.
1167 verbose exit -1
1168 verbose code -1
1169 silly unfinished npm timer reify 1771584546205
1170 silly unfinished npm timer reify:createSparse 1771584547622
1171 error A complete log of this run can be found in: /Users/salurdesign/Documents/UX/CompliHub360/plattform/complihub360-alpha/.npm-cache/_logs/2026-02-20T10_49_06_026Z-debug-0.log
