0 verbose cli /opt/homebrew/Cellar/node/22.2.0/bin/node /opt/homebrew/bin/npm
1 info using npm@10.7.0
2 info using node@v22.2.0
3 silly config:load:file:/opt/homebrew/lib/node_modules/npm/npmrc
4 silly config:load:file:/Users/salurdesign/Documents/UX/CompliHub360/plattform/complihub360-alpha/.npmrc
5 silly config:load:file:/Users/salurdesign/.npmrc
6 silly config:load:file:/opt/homebrew/etc/npmrc
7 verbose title npm install
8 verbose argv "install" "--cache" "./.npm-cache"
9 verbose logfile logs-max:10 dir:/Users/salurdesign/Documents/UX/CompliHub360/plattform/complihub360-alpha/.npm-cache/_logs/2026-02-20T10_54_37_550Z-
10 verbose logfile /Users/salurdesign/Documents/UX/CompliHub360/plattform/complihub360-alpha/.npm-cache/_logs/2026-02-20T10_54_37_550Z-debug-0.log
11 silly logfile done cleaning log files
12 verbose shrinkwrap failed to load /Users/salurdesign/Documents/UX/CompliHub360/plattform/complihub360-alpha EPERM: operation not permitted, open '/Users/salurdesign/Documents/UX/CompliHub360/plattform/complihub360-alpha/node_modules/.package-lock.json'
13 silly idealTree buildDeps
14 silly placeDep ROOT @complihub/agent-registry@0.1.0 OK for: complihub360-alpha@0.1.0 want: file:/Users/salurdesign/Documents/UX/CompliHub360/plattform/complihub360-alpha/packages/agent-registry
15 warn EBADENGINE Unsupported engine {
15 warn EBADENGINE   package: 'vite@7.3.1',
15 warn EBADENGINE   required: { node: '^20.19.0 || >=22.12.0' },
15 warn EBADENGINE   current: { node: 'v22.2.0', npm: '10.7.0' }
15 warn EBADENGINE }
16 silly reify moves {}
17 verbose stack Error: EPERM: operation not permitted, mkdir '/Users/salurdesign/Documents/UX/CompliHub360/plattform/complihub360-alpha/node_modules/@adobe/css-tools'
17 verbose stack     at async mkdir (node:internal/fs/promises:863:10)
17 verbose stack     at async /opt/homebrew/lib/node_modules/npm/node_modules/@npmcli/arborist/lib/arborist/reify.js:624:20
17 verbose stack     at async Promise.allSettled (index 0)
17 verbose stack     at async [reifyPackages] (/opt/homebrew/lib/node_modules/npm/node_modules/@npmcli/arborist/lib/arborist/reify.js:325:11)
17 verbose stack     at async Arborist.reify (/opt/homebrew/lib/node_modules/npm/node_modules/@npmcli/arborist/lib/arborist/reify.js:142:5)
17 verbose stack     at async Install.exec (/opt/homebrew/lib/node_modules/npm/lib/commands/install.js:150:5)
17 verbose stack     at async module.exports (/opt/homebrew/lib/node_modules/npm/lib/cli/entry.js:74:5)
18 verbose cwd /Users/salurdesign/Documents/UX/CompliHub360/plattform/complihub360-alpha
19 verbose Darwin 25.0.0
20 verbose node v22.2.0
21 verbose npm  v10.7.0
22 error code EPERM
23 error syscall mkdir
24 error path /Users/salurdesign/Documents/UX/CompliHub360/plattform/complihub360-alpha/node_modules/@adobe/css-tools
25 error errno -1
26 error Error: EPERM: operation not permitted, mkdir '/Users/salurdesign/Documents/UX/CompliHub360/plattform/complihub360-alpha/node_modules/@adobe/css-tools'
26 error     at async mkdir (node:internal/fs/promises:863:10)
26 error     at async /opt/homebrew/lib/node_modules/npm/node_modules/@npmcli/arborist/lib/arborist/reify.js:624:20
26 error     at async Promise.allSettled (index 0)
26 error     at async [reifyPackages] (/opt/homebrew/lib/node_modules/npm/node_modules/@npmcli/arborist/lib/arborist/reify.js:325:11)
26 error     at async Arborist.reify (/opt/homebrew/lib/node_modules/npm/node_modules/@npmcli/arborist/lib/arborist/reify.js:142:5)
26 error     at async Install.exec (/opt/homebrew/lib/node_modules/npm/lib/commands/install.js:150:5)
26 error     at async module.exports (/opt/homebrew/lib/node_modules/npm/lib/cli/entry.js:74:5) {
26 error   errno: -1,
26 error   code: 'EPERM',
26 error   syscall: 'mkdir',
26 error   path: '/Users/salurdesign/Documents/UX/CompliHub360/plattform/complihub360-alpha/node_modules/@adobe/css-tools'
26 error }
27 error
27 error The operation was rejected by your operating system.
27 error It is likely you do not have the permissions to access this file as the current user
27 error
27 error If you believe this might be a permissions issue, please double-check the
27 error permissions of the file and its containing directories, or try running
27 error the command again as root/Administrator.
28 verbose exit -1
29 verbose code -1
30 silly unfinished npm timer reify 1771584877659
31 silly unfinished npm timer reify:createSparse 1771584877708
32 error A complete log of this run can be found in: /Users/salurdesign/Documents/UX/CompliHub360/plattform/complihub360-alpha/.npm-cache/_logs/2026-02-20T10_54_37_550Z-debug-0.log
