0 verbose cli /Users/salurdesign/.nvm/versions/node/v22.12.0/bin/node /Users/salurdesign/.nvm/versions/node/v22.12.0/bin/npm
1 info using npm@10.9.0
2 info using node@v22.12.0
3 silly config load:file:/Users/salurdesign/.nvm/versions/node/v22.12.0/lib/node_modules/npm/npmrc
4 silly config load:file:/Users/salurdesign/Documents/UX/CompliHub360/plattform/complihub360-alpha/.npmrc
5 silly config load:file:/Users/salurdesign/.npmrc
6 silly config load:file:/Users/salurdesign/.nvm/versions/node/v22.12.0/etc/npmrc
7 verbose title npm run typecheck
8 verbose argv "run" "typecheck" "--workspaces" "--if-present"
9 verbose logfile logs-max:10 dir:/Users/salurdesign/Documents/UX/CompliHub360/plattform/complihub360-alpha/.npm-cache/_logs/2026-03-04T23_04_53_964Z-
10 verbose logfile /Users/salurdesign/Documents/UX/CompliHub360/plattform/complihub360-alpha/.npm-cache/_logs/2026-03-04T23_04_53_964Z-debug-0.log
11 silly logfile start cleaning logs, removing 1 files
12 silly logfile done cleaning log files
13 verbose stack Error: command failed
13 verbose stack     at promiseSpawn (/Users/salurdesign/.nvm/versions/node/v22.12.0/lib/node_modules/npm/node_modules/@npmcli/promise-spawn/lib/index.js:22:22)
13 verbose stack     at spawnWithShell (/Users/salurdesign/.nvm/versions/node/v22.12.0/lib/node_modules/npm/node_modules/@npmcli/promise-spawn/lib/index.js:124:10)
13 verbose stack     at promiseSpawn (/Users/salurdesign/.nvm/versions/node/v22.12.0/lib/node_modules/npm/node_modules/@npmcli/promise-spawn/lib/index.js:12:12)
13 verbose stack     at runScriptPkg (/Users/salurdesign/.nvm/versions/node/v22.12.0/lib/node_modules/npm/node_modules/@npmcli/run-script/lib/run-script-pkg.js:77:13)
13 verbose stack     at runScript (/Users/salurdesign/.nvm/versions/node/v22.12.0/lib/node_modules/npm/node_modules/@npmcli/run-script/lib/run-script.js:9:12)
13 verbose stack     at #run (/Users/salurdesign/.nvm/versions/node/v22.12.0/lib/node_modules/npm/lib/commands/run-script.js:131:13)
13 verbose stack     at RunScript.execWorkspaces (/Users/salurdesign/.nvm/versions/node/v22.12.0/lib/node_modules/npm/lib/commands/run-script.js:63:24)
13 verbose stack     at async Npm.exec (/Users/salurdesign/.nvm/versions/node/v22.12.0/lib/node_modules/npm/lib/npm.js:207:9)
13 verbose stack     at async module.exports (/Users/salurdesign/.nvm/versions/node/v22.12.0/lib/node_modules/npm/lib/cli/entry.js:74:5)
14 verbose pkgid @complihub/agent-core@0.1.0
15 error Lifecycle script `typecheck` failed with error:
16 error code 127
17 error path /Users/salurdesign/Documents/UX/CompliHub360/plattform/complihub360-alpha/packages/agent-core
18 error workspace @complihub/agent-core@0.1.0
19 error location /Users/salurdesign/Documents/UX/CompliHub360/plattform/complihub360-alpha/packages/agent-core
20 error command failed
21 error command sh -c tsc --noEmit
22 verbose stack Error: command failed
22 verbose stack     at promiseSpawn (/Users/salurdesign/.nvm/versions/node/v22.12.0/lib/node_modules/npm/node_modules/@npmcli/promise-spawn/lib/index.js:22:22)
22 verbose stack     at spawnWithShell (/Users/salurdesign/.nvm/versions/node/v22.12.0/lib/node_modules/npm/node_modules/@npmcli/promise-spawn/lib/index.js:124:10)
22 verbose stack     at promiseSpawn (/Users/salurdesign/.nvm/versions/node/v22.12.0/lib/node_modules/npm/node_modules/@npmcli/promise-spawn/lib/index.js:12:12)
22 verbose stack     at runScriptPkg (/Users/salurdesign/.nvm/versions/node/v22.12.0/lib/node_modules/npm/node_modules/@npmcli/run-script/lib/run-script-pkg.js:77:13)
22 verbose stack     at runScript (/Users/salurdesign/.nvm/versions/node/v22.12.0/lib/node_modules/npm/node_modules/@npmcli/run-script/lib/run-script.js:9:12)
22 verbose stack     at #run (/Users/salurdesign/.nvm/versions/node/v22.12.0/lib/node_modules/npm/lib/commands/run-script.js:131:13)
22 verbose stack     at RunScript.execWorkspaces (/Users/salurdesign/.nvm/versions/node/v22.12.0/lib/node_modules/npm/lib/commands/run-script.js:63:24)
22 verbose stack     at async Npm.exec (/Users/salurdesign/.nvm/versions/node/v22.12.0/lib/node_modules/npm/lib/npm.js:207:9)
22 verbose stack     at async module.exports (/Users/salurdesign/.nvm/versions/node/v22.12.0/lib/node_modules/npm/lib/cli/entry.js:74:5)
23 verbose pkgid @complihub/agent-registry@0.1.0
24 error Lifecycle script `typecheck` failed with error:
25 error code 127
26 error path /Users/salurdesign/Documents/UX/CompliHub360/plattform/complihub360-alpha/packages/agent-registry
27 error workspace @complihub/agent-registry@0.1.0
28 error location /Users/salurdesign/Documents/UX/CompliHub360/plattform/complihub360-alpha/packages/agent-registry
29 error command failed
30 error command sh -c tsc --noEmit
31 verbose stack Error: command failed
31 verbose stack     at promiseSpawn (/Users/salurdesign/.nvm/versions/node/v22.12.0/lib/node_modules/npm/node_modules/@npmcli/promise-spawn/lib/index.js:22:22)
31 verbose stack     at spawnWithShell (/Users/salurdesign/.nvm/versions/node/v22.12.0/lib/node_modules/npm/node_modules/@npmcli/promise-spawn/lib/index.js:124:10)
31 verbose stack     at promiseSpawn (/Users/salurdesign/.nvm/versions/node/v22.12.0/lib/node_modules/npm/node_modules/@npmcli/promise-spawn/lib/index.js:12:12)
31 verbose stack     at runScriptPkg (/Users/salurdesign/.nvm/versions/node/v22.12.0/lib/node_modules/npm/node_modules/@npmcli/run-script/lib/run-script-pkg.js:77:13)
31 verbose stack     at runScript (/Users/salurdesign/.nvm/versions/node/v22.12.0/lib/node_modules/npm/node_modules/@npmcli/run-script/lib/run-script.js:9:12)
31 verbose stack     at #run (/Users/salurdesign/.nvm/versions/node/v22.12.0/lib/node_modules/npm/lib/commands/run-script.js:131:13)
31 verbose stack     at RunScript.execWorkspaces (/Users/salurdesign/.nvm/versions/node/v22.12.0/lib/node_modules/npm/lib/commands/run-script.js:63:24)
31 verbose stack     at async Npm.exec (/Users/salurdesign/.nvm/versions/node/v22.12.0/lib/node_modules/npm/lib/npm.js:207:9)
31 verbose stack     at async module.exports (/Users/salurdesign/.nvm/versions/node/v22.12.0/lib/node_modules/npm/lib/cli/entry.js:74:5)
32 verbose pkgid @complihub/compliance-engine@0.1.0
33 error Lifecycle script `typecheck` failed with error:
34 error code 127
35 error path /Users/salurdesign/Documents/UX/CompliHub360/plattform/complihub360-alpha/packages/compliance-engine
36 error workspace @complihub/compliance-engine@0.1.0
37 error location /Users/salurdesign/Documents/UX/CompliHub360/plattform/complihub360-alpha/packages/compliance-engine
38 error command failed
39 error command sh -c tsc --noEmit
40 verbose stack Error: command failed
40 verbose stack     at promiseSpawn (/Users/salurdesign/.nvm/versions/node/v22.12.0/lib/node_modules/npm/node_modules/@npmcli/promise-spawn/lib/index.js:22:22)
40 verbose stack     at spawnWithShell (/Users/salurdesign/.nvm/versions/node/v22.12.0/lib/node_modules/npm/node_modules/@npmcli/promise-spawn/lib/index.js:124:10)
40 verbose stack     at promiseSpawn (/Users/salurdesign/.nvm/versions/node/v22.12.0/lib/node_modules/npm/node_modules/@npmcli/promise-spawn/lib/index.js:12:12)
40 verbose stack     at runScriptPkg (/Users/salurdesign/.nvm/versions/node/v22.12.0/lib/node_modules/npm/node_modules/@npmcli/run-script/lib/run-script-pkg.js:77:13)
40 verbose stack     at runScript (/Users/salurdesign/.nvm/versions/node/v22.12.0/lib/node_modules/npm/node_modules/@npmcli/run-script/lib/run-script.js:9:12)
40 verbose stack     at #run (/Users/salurdesign/.nvm/versions/node/v22.12.0/lib/node_modules/npm/lib/commands/run-script.js:131:13)
40 verbose stack     at RunScript.execWorkspaces (/Users/salurdesign/.nvm/versions/node/v22.12.0/lib/node_modules/npm/lib/commands/run-script.js:63:24)
40 verbose stack     at async Npm.exec (/Users/salurdesign/.nvm/versions/node/v22.12.0/lib/node_modules/npm/lib/npm.js:207:9)
40 verbose stack     at async module.exports (/Users/salurdesign/.nvm/versions/node/v22.12.0/lib/node_modules/npm/lib/cli/entry.js:74:5)
41 verbose pkgid @complihub/dev-board@0.1.0
42 error Lifecycle script `typecheck` failed with error:
43 error code 127
44 error path /Users/salurdesign/Documents/UX/CompliHub360/plattform/complihub360-alpha/packages/dev-board
45 error workspace @complihub/dev-board@0.1.0
46 error location /Users/salurdesign/Documents/UX/CompliHub360/plattform/complihub360-alpha/packages/dev-board
47 error command failed
48 error command sh -c ../../node_modules/.bin/tsc --noEmit
49 verbose stack Error: command failed
49 verbose stack     at promiseSpawn (/Users/salurdesign/.nvm/versions/node/v22.12.0/lib/node_modules/npm/node_modules/@npmcli/promise-spawn/lib/index.js:22:22)
49 verbose stack     at spawnWithShell (/Users/salurdesign/.nvm/versions/node/v22.12.0/lib/node_modules/npm/node_modules/@npmcli/promise-spawn/lib/index.js:124:10)
49 verbose stack     at promiseSpawn (/Users/salurdesign/.nvm/versions/node/v22.12.0/lib/node_modules/npm/node_modules/@npmcli/promise-spawn/lib/index.js:12:12)
49 verbose stack     at runScriptPkg (/Users/salurdesign/.nvm/versions/node/v22.12.0/lib/node_modules/npm/node_modules/@npmcli/run-script/lib/run-script-pkg.js:77:13)
49 verbose stack     at runScript (/Users/salurdesign/.nvm/versions/node/v22.12.0/lib/node_modules/npm/node_modules/@npmcli/run-script/lib/run-script.js:9:12)
49 verbose stack     at #run (/Users/salurdesign/.nvm/versions/node/v22.12.0/lib/node_modules/npm/lib/commands/run-script.js:131:13)
49 verbose stack     at RunScript.execWorkspaces (/Users/salurdesign/.nvm/versions/node/v22.12.0/lib/node_modules/npm/lib/commands/run-script.js:63:24)
49 verbose stack     at async Npm.exec (/Users/salurdesign/.nvm/versions/node/v22.12.0/lib/node_modules/npm/lib/npm.js:207:9)
49 verbose stack     at async module.exports (/Users/salurdesign/.nvm/versions/node/v22.12.0/lib/node_modules/npm/lib/cli/entry.js:74:5)
50 verbose pkgid @complihub/policy-engine@0.1.0
51 error Lifecycle script `typecheck` failed with error:
52 error code 127
53 error path /Users/salurdesign/Documents/UX/CompliHub360/plattform/complihub360-alpha/packages/policy-engine
54 error workspace @complihub/policy-engine@0.1.0
55 error location /Users/salurdesign/Documents/UX/CompliHub360/plattform/complihub360-alpha/packages/policy-engine
56 error command failed
57 error command sh -c tsc --noEmit
58 verbose stack Error: command failed
58 verbose stack     at promiseSpawn (/Users/salurdesign/.nvm/versions/node/v22.12.0/lib/node_modules/npm/node_modules/@npmcli/promise-spawn/lib/index.js:22:22)
58 verbose stack     at spawnWithShell (/Users/salurdesign/.nvm/versions/node/v22.12.0/lib/node_modules/npm/node_modules/@npmcli/promise-spawn/lib/index.js:124:10)
58 verbose stack     at promiseSpawn (/Users/salurdesign/.nvm/versions/node/v22.12.0/lib/node_modules/npm/node_modules/@npmcli/promise-spawn/lib/index.js:12:12)
58 verbose stack     at runScriptPkg (/Users/salurdesign/.nvm/versions/node/v22.12.0/lib/node_modules/npm/node_modules/@npmcli/run-script/lib/run-script-pkg.js:77:13)
58 verbose stack     at runScript (/Users/salurdesign/.nvm/versions/node/v22.12.0/lib/node_modules/npm/node_modules/@npmcli/run-script/lib/run-script.js:9:12)
58 verbose stack     at #run (/Users/salurdesign/.nvm/versions/node/v22.12.0/lib/node_modules/npm/lib/commands/run-script.js:131:13)
58 verbose stack     at RunScript.execWorkspaces (/Users/salurdesign/.nvm/versions/node/v22.12.0/lib/node_modules/npm/lib/commands/run-script.js:63:24)
58 verbose stack     at async Npm.exec (/Users/salurdesign/.nvm/versions/node/v22.12.0/lib/node_modules/npm/lib/npm.js:207:9)
58 verbose stack     at async module.exports (/Users/salurdesign/.nvm/versions/node/v22.12.0/lib/node_modules/npm/lib/cli/entry.js:74:5)
59 verbose pkgid @complihub/task-orchestrator@0.1.0
60 error Lifecycle script `typecheck` failed with error:
61 error code 127
62 error path /Users/salurdesign/Documents/UX/CompliHub360/plattform/complihub360-alpha/packages/task-orchestrator
63 error workspace @complihub/task-orchestrator@0.1.0
64 error location /Users/salurdesign/Documents/UX/CompliHub360/plattform/complihub360-alpha/packages/task-orchestrator
65 error command failed
66 error command sh -c tsc --noEmit
67 verbose stack Error: command failed
67 verbose stack     at promiseSpawn (/Users/salurdesign/.nvm/versions/node/v22.12.0/lib/node_modules/npm/node_modules/@npmcli/promise-spawn/lib/index.js:22:22)
67 verbose stack     at spawnWithShell (/Users/salurdesign/.nvm/versions/node/v22.12.0/lib/node_modules/npm/node_modules/@npmcli/promise-spawn/lib/index.js:124:10)
67 verbose stack     at promiseSpawn (/Users/salurdesign/.nvm/versions/node/v22.12.0/lib/node_modules/npm/node_modules/@npmcli/promise-spawn/lib/index.js:12:12)
67 verbose stack     at runScriptPkg (/Users/salurdesign/.nvm/versions/node/v22.12.0/lib/node_modules/npm/node_modules/@npmcli/run-script/lib/run-script-pkg.js:77:13)
67 verbose stack     at runScript (/Users/salurdesign/.nvm/versions/node/v22.12.0/lib/node_modules/npm/node_modules/@npmcli/run-script/lib/run-script.js:9:12)
67 verbose stack     at #run (/Users/salurdesign/.nvm/versions/node/v22.12.0/lib/node_modules/npm/lib/commands/run-script.js:131:13)
67 verbose stack     at RunScript.execWorkspaces (/Users/salurdesign/.nvm/versions/node/v22.12.0/lib/node_modules/npm/lib/commands/run-script.js:63:24)
67 verbose stack     at async Npm.exec (/Users/salurdesign/.nvm/versions/node/v22.12.0/lib/node_modules/npm/lib/npm.js:207:9)
67 verbose stack     at async module.exports (/Users/salurdesign/.nvm/versions/node/v22.12.0/lib/node_modules/npm/lib/cli/entry.js:74:5)
68 verbose pkgid @complihub360/types@0.1.0
69 error Lifecycle script `typecheck` failed with error:
70 error code 127
71 error path /Users/salurdesign/Documents/UX/CompliHub360/plattform/complihub360-alpha/packages/types
72 error workspace @complihub360/types@0.1.0
73 error location /Users/salurdesign/Documents/UX/CompliHub360/plattform/complihub360-alpha/packages/types
74 error command failed
75 error command sh -c tsc --noEmit
76 verbose stack Error: command failed
76 verbose stack     at promiseSpawn (/Users/salurdesign/.nvm/versions/node/v22.12.0/lib/node_modules/npm/node_modules/@npmcli/promise-spawn/lib/index.js:22:22)
76 verbose stack     at spawnWithShell (/Users/salurdesign/.nvm/versions/node/v22.12.0/lib/node_modules/npm/node_modules/@npmcli/promise-spawn/lib/index.js:124:10)
76 verbose stack     at promiseSpawn (/Users/salurdesign/.nvm/versions/node/v22.12.0/lib/node_modules/npm/node_modules/@npmcli/promise-spawn/lib/index.js:12:12)
76 verbose stack     at runScriptPkg (/Users/salurdesign/.nvm/versions/node/v22.12.0/lib/node_modules/npm/node_modules/@npmcli/run-script/lib/run-script-pkg.js:77:13)
76 verbose stack     at runScript (/Users/salurdesign/.nvm/versions/node/v22.12.0/lib/node_modules/npm/node_modules/@npmcli/run-script/lib/run-script.js:9:12)
76 verbose stack     at #run (/Users/salurdesign/.nvm/versions/node/v22.12.0/lib/node_modules/npm/lib/commands/run-script.js:131:13)
76 verbose stack     at RunScript.execWorkspaces (/Users/salurdesign/.nvm/versions/node/v22.12.0/lib/node_modules/npm/lib/commands/run-script.js:63:24)
76 verbose stack     at async Npm.exec (/Users/salurdesign/.nvm/versions/node/v22.12.0/lib/node_modules/npm/lib/npm.js:207:9)
76 verbose stack     at async module.exports (/Users/salurdesign/.nvm/versions/node/v22.12.0/lib/node_modules/npm/lib/cli/entry.js:74:5)
77 verbose pkgid @complihub/compliance-api@0.1.0
78 error Lifecycle script `typecheck` failed with error:
79 error code 127
80 error path /Users/salurdesign/Documents/UX/CompliHub360/plattform/complihub360-alpha/services/compliance-api
81 error workspace @complihub/compliance-api@0.1.0
82 error location /Users/salurdesign/Documents/UX/CompliHub360/plattform/complihub360-alpha/services/compliance-api
83 error command failed
84 error command sh -c tsc --noEmit
85 verbose cwd /Users/salurdesign/Documents/UX/CompliHub360/plattform/complihub360-alpha
86 verbose os Darwin 25.0.0
87 verbose node v22.12.0
88 verbose npm  v10.9.0
89 verbose exit 127
90 verbose code 127
