0 verbose cli /opt/homebrew/Cellar/node/22.2.0/bin/node /opt/homebrew/bin/npm
1 info using npm@10.7.0
2 info using node@v22.2.0
3 silly config:load:file:/opt/homebrew/lib/node_modules/npm/npmrc
4 silly config:load:file:/Users/salurdesign/Documents/UX/CompliHub360/plattform/complihub360-alpha/.npmrc
5 silly config:load:file:/Users/salurdesign/.npmrc
6 silly config:load:file:/opt/homebrew/etc/npmrc
7 verbose title npm install
8 verbose argv "install" "--cache" "./.npm-cache"
9 verbose logfile logs-max:10 dir:/Users/salurdesign/Documents/UX/CompliHub360/plattform/complihub360-alpha/.npm-cache/_logs/2026-02-20T11_37_25_546Z-
10 verbose logfile /Users/salurdesign/Documents/UX/CompliHub360/plattform/complihub360-alpha/.npm-cache/_logs/2026-02-20T11_37_25_546Z-debug-0.log
11 silly logfile done cleaning log files
12 verbose shrinkwrap failed to load /Users/salurdesign/Documents/UX/CompliHub360/plattform/complihub360-alpha EPERM: operation not permitted, open '/Users/salurdesign/Documents/UX/CompliHub360/plattform/complihub360-alpha/node_modules/.package-lock.json'
13 silly idealTree buildDeps
14 warn EBADENGINE Unsupported engine {
14 warn EBADENGINE   package: 'vite@7.3.1',
14 warn EBADENGINE   required: { node: '^20.19.0 || >=22.12.0' },
14 warn EBADENGINE   current: { node: 'v22.2.0', npm: '10.7.0' }
14 warn EBADENGINE }
15 silly reify moves {}
16 verbose stack Error: EPERM: operation not permitted, mkdir '/Users/salurdesign/Documents/UX/CompliHub360/plattform/complihub360-alpha/node_modules/@adobe/css-tools'
16 verbose stack     at async mkdir (node:internal/fs/promises:863:10)
16 verbose stack     at async /opt/homebrew/lib/node_modules/npm/node_modules/@npmcli/arborist/lib/arborist/reify.js:624:20
16 verbose stack     at async Promise.allSettled (index 0)
16 verbose stack     at async [reifyPackages] (/opt/homebrew/lib/node_modules/npm/node_modules/@npmcli/arborist/lib/arborist/reify.js:325:11)
16 verbose stack     at async Arborist.reify (/opt/homebrew/lib/node_modules/npm/node_modules/@npmcli/arborist/lib/arborist/reify.js:142:5)
16 verbose stack     at async Install.exec (/opt/homebrew/lib/node_modules/npm/lib/commands/install.js:150:5)
16 verbose stack     at async module.exports (/opt/homebrew/lib/node_modules/npm/lib/cli/entry.js:74:5)
17 verbose cwd /Users/salurdesign/Documents/UX/CompliHub360/plattform/complihub360-alpha
18 verbose Darwin 25.0.0
19 verbose node v22.2.0
20 verbose npm  v10.7.0
21 error code EPERM
22 error syscall mkdir
23 error path /Users/salurdesign/Documents/UX/CompliHub360/plattform/complihub360-alpha/node_modules/@adobe/css-tools
24 error errno -1
25 error Error: EPERM: operation not permitted, mkdir '/Users/salurdesign/Documents/UX/CompliHub360/plattform/complihub360-alpha/node_modules/@adobe/css-tools'
25 error     at async mkdir (node:internal/fs/promises:863:10)
25 error     at async /opt/homebrew/lib/node_modules/npm/node_modules/@npmcli/arborist/lib/arborist/reify.js:624:20
25 error     at async Promise.allSettled (index 0)
25 error     at async [reifyPackages] (/opt/homebrew/lib/node_modules/npm/node_modules/@npmcli/arborist/lib/arborist/reify.js:325:11)
25 error     at async Arborist.reify (/opt/homebrew/lib/node_modules/npm/node_modules/@npmcli/arborist/lib/arborist/reify.js:142:5)
25 error     at async Install.exec (/opt/homebrew/lib/node_modules/npm/lib/commands/install.js:150:5)
25 error     at async module.exports (/opt/homebrew/lib/node_modules/npm/lib/cli/entry.js:74:5) {
25 error   errno: -1,
25 error   code: 'EPERM',
25 error   syscall: 'mkdir',
25 error   path: '/Users/salurdesign/Documents/UX/CompliHub360/plattform/complihub360-alpha/node_modules/@adobe/css-tools'
25 error }
26 error
26 error The operation was rejected by your operating system.
26 error It is likely you do not have the permissions to access this file as the current user
26 error
26 error If you believe this might be a permissions issue, please double-check the
26 error permissions of the file and its containing directories, or try running
26 error the command again as root/Administrator.
27 verbose exit -1
28 verbose code -1
29 silly unfinished npm timer reify 1771587445696
30 silly unfinished npm timer reify:createSparse 1771587445743
31 error A complete log of this run can be found in: /Users/salurdesign/Documents/UX/CompliHub360/plattform/complihub360-alpha/.npm-cache/_logs/2026-02-20T11_37_25_546Z-debug-0.log
