0 verbose cli /opt/homebrew/Cellar/node/22.2.0/bin/node /opt/homebrew/bin/npm
1 info using npm@10.7.0
2 info using node@v22.2.0
3 silly config:load:file:/opt/homebrew/lib/node_modules/npm/npmrc
4 silly config:load:file:/Users/salurdesign/Documents/UX/CompliHub360/plattform/complihub360-alpha/.npmrc
5 silly config:load:file:/Users/salurdesign/.npmrc
6 silly config:load:file:/opt/homebrew/etc/npmrc
7 verbose title npm install
8 verbose argv "install" "--cache" "./.npm-cache" "--loglevel" "verbose"
9 verbose logfile logs-max:10 dir:/Users/salurdesign/Documents/UX/CompliHub360/plattform/complihub360-alpha/.npm-cache/_logs/2026-02-20T10_48_21_424Z-
10 verbose logfile /Users/salurdesign/Documents/UX/CompliHub360/plattform/complihub360-alpha/.npm-cache/_logs/2026-02-20T10_48_21_424Z-debug-0.log
11 silly logfile done cleaning log files
12 silly idealTree buildDeps
13 silly fetch manifest eslint@^8.56.0
14 http fetch GET 200 https://registry.npmjs.org/eslint 7ms (cache hit)
15 silly fetch manifest prettier@^3.2.4
16 http fetch GET 200 https://registry.npmjs.org/prettier 3ms (cache hit)
17 silly fetch manifest typescript@^5.3.3
18 http fetch GET 200 https://registry.npmjs.org/typescript 14ms (cache hit)
19 silly placeDep ROOT @complihub/agent-core@0.1.0 OK for: complihub360-alpha@0.1.0 want: file:/Users/salurdesign/Documents/UX/CompliHub360/plattform/complihub360-alpha/packages/agent-core
20 silly placeDep ROOT @complihub360/types@0.1.0 OK for: complihub360-alpha@0.1.0 want: file:/Users/salurdesign/Documents/UX/CompliHub360/plattform/complihub360-alpha/packages/types
21 silly placeDep ROOT @complihub360/ui@0.1.0 OK for: complihub360-alpha@0.1.0 want: file:/Users/salurdesign/Documents/UX/CompliHub360/plattform/complihub360-alpha/ui/design-system
22 silly placeDep ROOT eslint@8.57.1 OK for: complihub360-alpha@0.1.0 want: ^8.56.0
23 silly placeDep ROOT prettier@3.8.1 OK for: complihub360-alpha@0.1.0 want: ^3.2.4
24 silly placeDep ROOT typescript@5.9.3 OK for: complihub360-alpha@0.1.0 want: ^5.3.3
25 silly fetch manifest ajv@^6.12.4
26 silly fetch manifest levn@^0.4.1
27 silly fetch manifest chalk@^4.0.0
28 silly fetch manifest debug@^4.3.2
29 silly fetch manifest espree@^9.6.1
30 silly fetch manifest ignore@^5.2.0
31 silly fetch manifest esquery@^1.4.2
32 silly fetch manifest esutils@^2.0.2
33 silly fetch manifest find-up@^5.0.0
34 silly fetch manifest globals@^13.19.0
35 http fetch GET 200 https://registry.npmjs.org/chalk 11ms (cache hit)
36 silly fetch manifest is-glob@^4.0.0
37 http fetch GET 200 https://registry.npmjs.org/espree 13ms (cache hit)
38 silly fetch manifest js-yaml@^4.1.0
39 http fetch GET 200 https://registry.npmjs.org/ajv 16ms (cache hit)
40 silly fetch manifest doctrine@^3.0.0
41 http fetch GET 200 https://registry.npmjs.org/esutils 18ms (cache hit)
42 silly fetch manifest graphemer@^1.4.0
43 http fetch GET 200 https://registry.npmjs.org/debug 20ms (cache hit)
44 silly fetch manifest minimatch@^3.1.2
45 http fetch GET 200 https://registry.npmjs.org/ignore 22ms (cache hit)
46 silly fetch manifest @eslint/js@8.57.1
47 http fetch GET 200 https://registry.npmjs.org/levn 23ms (cache hit)
48 silly fetch manifest optionator@^0.9.3
49 http fetch GET 200 https://registry.npmjs.org/find-up 23ms (cache hit)
50 silly fetch manifest strip-ansi@^6.0.1
51 http fetch GET 200 https://registry.npmjs.org/globals 24ms (cache hit)
52 silly fetch manifest text-table@^0.2.0
53 http fetch GET 200 https://registry.npmjs.org/esquery 26ms (cache hit)
54 silly fetch manifest cross-spawn@^7.0.2
55 http fetch GET 200 https://registry.npmjs.org/js-yaml 16ms (cache hit)
56 silly fetch manifest glob-parent@^6.0.2
57 http fetch GET 200 https://registry.npmjs.org/is-glob 19ms (cache hit)
58 silly fetch manifest imurmurhash@^0.1.4
59 http fetch GET 200 https://registry.npmjs.org/graphemer 12ms (cache hit)
60 silly fetch manifest eslint-scope@^7.2.2
61 http fetch GET 200 https://registry.npmjs.org/doctrine 13ms (cache hit)
62 silly fetch manifest lodash.merge@^4.6.2
63 http fetch GET 200 https://registry.npmjs.org/minimatch 12ms (cache hit)
64 silly fetch manifest is-path-inside@^3.0.3
65 http fetch GET 200 https://registry.npmjs.org/@eslint%2fjs 13ms (cache hit)
66 silly fetch manifest fast-deep-equal@^3.1.3
67 http fetch GET 200 https://registry.npmjs.org/strip-ansi 13ms (cache hit)
68 silly fetch manifest natural-compare@^1.4.0
69 http fetch GET 200 https://registry.npmjs.org/text-table 11ms (cache hit)
70 silly fetch manifest @eslint/eslintrc@^2.1.4
71 http fetch GET 200 https://registry.npmjs.org/optionator 14ms (cache hit)
72 silly fetch manifest @nodelib/fs.walk@^1.2.8
73 http fetch GET 200 https://registry.npmjs.org/cross-spawn 11ms (cache hit)
74 silly fetch manifest file-entry-cache@^6.0.1
75 http fetch GET 200 https://registry.npmjs.org/fast-deep-equal 5ms (cache hit)
76 silly fetch manifest eslint-visitor-keys@^3.4.3
77 http fetch GET 200 https://registry.npmjs.org/is-path-inside 9ms (cache hit)
78 silly fetch manifest escape-string-regexp@^4.0.0
79 http fetch GET 200 https://registry.npmjs.org/glob-parent 13ms (cache hit)
80 silly fetch manifest @ungap/structured-clone@^1.2.0
81 http fetch GET 200 https://registry.npmjs.org/lodash.merge 11ms (cache hit)
82 silly fetch manifest @eslint-community/regexpp@^4.6.1
83 http fetch GET 200 https://registry.npmjs.org/natural-compare 8ms (cache hit)
84 silly fetch manifest @humanwhocodes/config-array@^0.13.0
85 http fetch GET 200 https://registry.npmjs.org/imurmurhash 14ms (cache hit)
86 silly fetch manifest @eslint-community/eslint-utils@^4.2.0
87 http fetch GET 200 https://registry.npmjs.org/@nodelib%2ffs.walk 8ms (cache hit)
88 silly fetch manifest @humanwhocodes/module-importer@^1.0.1
89 http fetch GET 200 https://registry.npmjs.org/file-entry-cache 8ms (cache hit)
90 silly fetch manifest json-stable-stringify-without-jsonify@^1.0.1
91 http fetch GET 200 https://registry.npmjs.org/@eslint%2feslintrc 10ms (cache hit)
92 http fetch GET 200 https://registry.npmjs.org/eslint-scope 17ms (cache hit)
93 http fetch GET 200 https://registry.npmjs.org/escape-string-regexp 8ms (cache hit)
94 http fetch GET 200 https://registry.npmjs.org/eslint-visitor-keys 9ms (cache hit)
95 http fetch GET 200 https://registry.npmjs.org/@humanwhocodes%2fconfig-array 8ms (cache hit)
96 http fetch GET 200 https://registry.npmjs.org/@eslint-community%2fregexpp 9ms (cache hit)
97 http fetch GET 200 https://registry.npmjs.org/@humanwhocodes%2fmodule-importer 9ms (cache hit)
98 http fetch GET 200 https://registry.npmjs.org/json-stable-stringify-without-jsonify 8ms (cache hit)
99 http fetch GET 200 https://registry.npmjs.org/@ungap%2fstructured-clone 12ms (cache hit)
100 http fetch GET 200 https://registry.npmjs.org/@eslint-community%2feslint-utils 10ms (cache hit)
101 silly fetch manifest eslint@^6.0.0 || ^7.0.0 || >=8.0.0
102 silly fetch manifest jiti@*
103 http fetch GET 200 https://registry.npmjs.org/jiti 2ms (cache hit)
104 silly placeDep ROOT @eslint-community/eslint-utils@4.9.1 OK for: eslint@8.57.1 want: ^4.2.0
105 silly placeDep ROOT @eslint-community/regexpp@4.12.2 OK for: eslint@8.57.1 want: ^4.6.1
106 silly placeDep ROOT @eslint/eslintrc@2.1.4 OK for: eslint@8.57.1 want: ^2.1.4
107 silly placeDep ROOT @eslint/js@8.57.1 OK for: eslint@8.57.1 want: 8.57.1
108 silly placeDep ROOT @humanwhocodes/config-array@0.13.0 OK for: eslint@8.57.1 want: ^0.13.0
109 silly placeDep ROOT @humanwhocodes/module-importer@1.0.1 OK for: eslint@8.57.1 want: ^1.0.1
110 silly placeDep ROOT @nodelib/fs.walk@1.2.8 OK for: eslint@8.57.1 want: ^1.2.8
111 silly placeDep ROOT @ungap/structured-clone@1.3.0 OK for: eslint@8.57.1 want: ^1.2.0
112 silly placeDep ROOT ajv@6.12.6 OK for: eslint@8.57.1 want: ^6.12.4
113 silly placeDep ROOT chalk@4.1.2 OK for: eslint@8.57.1 want: ^4.0.0
114 silly placeDep ROOT cross-spawn@7.0.6 OK for: eslint@8.57.1 want: ^7.0.2
115 silly placeDep ROOT debug@4.4.3 OK for: eslint@8.57.1 want: ^4.3.2
116 silly placeDep ROOT doctrine@3.0.0 OK for: eslint@8.57.1 want: ^3.0.0
117 silly placeDep ROOT escape-string-regexp@4.0.0 OK for: eslint@8.57.1 want: ^4.0.0
118 silly placeDep ROOT eslint-scope@7.2.2 OK for: eslint@8.57.1 want: ^7.2.2
119 silly placeDep ROOT eslint-visitor-keys@3.4.3 OK for: eslint@8.57.1 want: ^3.4.3
120 silly placeDep ROOT espree@9.6.1 OK for: eslint@8.57.1 want: ^9.6.1
121 silly placeDep ROOT esquery@1.7.0 OK for: eslint@8.57.1 want: ^1.4.2
122 silly placeDep ROOT esutils@2.0.3 OK for: eslint@8.57.1 want: ^2.0.2
123 silly placeDep ROOT fast-deep-equal@3.1.3 OK for: eslint@8.57.1 want: ^3.1.3
124 silly placeDep ROOT file-entry-cache@6.0.1 OK for: eslint@8.57.1 want: ^6.0.1
125 silly placeDep ROOT find-up@5.0.0 OK for: eslint@8.57.1 want: ^5.0.0
126 silly placeDep ROOT glob-parent@6.0.2 OK for: eslint@8.57.1 want: ^6.0.2
127 silly placeDep ROOT globals@13.24.0 OK for: eslint@8.57.1 want: ^13.19.0
128 silly placeDep ROOT graphemer@1.4.0 OK for: eslint@8.57.1 want: ^1.4.0
129 silly placeDep ROOT ignore@5.3.2 OK for: eslint@8.57.1 want: ^5.2.0
130 silly placeDep ROOT imurmurhash@0.1.4 OK for: eslint@8.57.1 want: ^0.1.4
131 silly placeDep ROOT is-glob@4.0.3 OK for: eslint@8.57.1 want: ^4.0.0
132 silly placeDep ROOT is-path-inside@3.0.3 OK for: eslint@8.57.1 want: ^3.0.3
133 silly placeDep ROOT js-yaml@4.1.1 OK for: eslint@8.57.1 want: ^4.1.0
134 silly placeDep ROOT json-stable-stringify-without-jsonify@1.0.1 OK for: eslint@8.57.1 want: ^1.0.1
135 silly placeDep ROOT levn@0.4.1 OK for: eslint@8.57.1 want: ^0.4.1
136 silly placeDep ROOT lodash.merge@4.6.2 OK for: eslint@8.57.1 want: ^4.6.2
137 silly placeDep ROOT minimatch@3.1.2 OK for: eslint@8.57.1 want: ^3.1.2
138 silly placeDep ROOT natural-compare@1.4.0 OK for: eslint@8.57.1 want: ^1.4.0
139 silly placeDep ROOT optionator@0.9.4 OK for: eslint@8.57.1 want: ^0.9.3
140 silly placeDep ROOT strip-ansi@6.0.1 OK for: eslint@8.57.1 want: ^6.0.1
141 silly placeDep ROOT text-table@0.2.0 OK for: eslint@8.57.1 want: ^0.2.0
142 silly fetch manifest espree@^9.6.0
143 silly fetch manifest import-fresh@^3.2.1
144 silly fetch manifest strip-json-comments@^3.1.1
145 silly fetch manifest debug@^4.3.1
146 silly fetch manifest minimatch@^3.0.5
147 silly fetch manifest @humanwhocodes/object-schema@^2.0.3
148 silly fetch manifest fastq@^1.6.0
149 silly fetch manifest @nodelib/fs.scandir@2.1.5
150 silly fetch manifest uri-js@^4.2.2
151 silly fetch manifest fast-deep-equal@^3.1.1
152 silly fetch manifest json-schema-traverse@^0.4.1
153 silly fetch manifest fast-json-stable-stringify@^2.0.0
154 silly fetch manifest ansi-styles@^4.1.0
155 silly fetch manifest supports-color@^7.1.0
156 http fetch GET 200 https://registry.npmjs.org/@nodelib%2ffs.scandir 4ms (cache hit)
157 silly fetch manifest which@^2.0.1
158 http fetch GET 200 https://registry.npmjs.org/import-fresh 6ms (cache hit)
159 silly fetch manifest path-key@^3.1.0
160 http fetch GET 200 https://registry.npmjs.org/fastq 6ms (cache hit)
161 silly fetch manifest shebang-command@^2.0.0
162 http fetch GET 200 https://registry.npmjs.org/json-schema-traverse 6ms (cache hit)
163 silly fetch manifest ms@^2.1.3
164 http fetch GET 200 https://registry.npmjs.org/@humanwhocodes%2fobject-schema 6ms (cache hit)
165 silly fetch manifest esrecurse@^4.3.0
166 http fetch GET 200 https://registry.npmjs.org/strip-json-comments 8ms (cache hit)
167 silly fetch manifest estraverse@^5.2.0
168 http fetch GET 200 https://registry.npmjs.org/ansi-styles 7ms (cache hit)
169 silly fetch manifest acorn@^8.9.0
170 http fetch GET 200 https://registry.npmjs.org/uri-js 8ms (cache hit)
171 silly fetch manifest acorn-jsx@^5.3.2
172 http fetch GET 200 https://registry.npmjs.org/supports-color 8ms (cache hit)
173 silly fetch manifest estraverse@^5.1.0
174 http fetch GET 200 https://registry.npmjs.org/fast-json-stable-stringify 9ms (cache hit)
175 silly fetch manifest flat-cache@^3.0.4
176 http fetch GET 200 https://registry.npmjs.org/shebang-command 6ms (cache hit)
177 silly fetch manifest locate-path@^6.0.0
178 http fetch GET 200 https://registry.npmjs.org/path-key 7ms (cache hit)
179 silly fetch manifest path-exists@^4.0.0
180 http fetch GET 200 https://registry.npmjs.org/which 8ms (cache hit)
181 silly fetch manifest is-glob@^4.0.3
182 silly fetch manifest type-fest@^0.20.2
183 http fetch GET 200 https://registry.npmjs.org/esrecurse 6ms (cache hit)
184 silly fetch manifest is-extglob@^2.1.1
185 http fetch GET 200 https://registry.npmjs.org/estraverse 7ms (cache hit)
186 silly fetch manifest argparse@^2.0.1
187 http fetch GET 200 https://registry.npmjs.org/acorn 6ms (cache hit)
188 silly fetch manifest prelude-ls@^1.2.1
189 http fetch GET 200 https://registry.npmjs.org/ms 10ms (cache hit)
190 silly fetch manifest type-check@~0.4.0
191 http fetch GET 200 https://registry.npmjs.org/estraverse 9ms (cache hit)
192 silly fetch manifest brace-expansion@^1.1.7
193 http fetch GET 200 https://registry.npmjs.org/flat-cache 9ms (cache hit)
194 http fetch GET 200 https://registry.npmjs.org/acorn-jsx 11ms (cache hit)
195 silly fetch manifest deep-is@^0.1.3
196 http fetch GET 200 https://registry.npmjs.org/locate-path 10ms (cache hit)
197 silly fetch manifest word-wrap@^1.2.5
198 http fetch GET 200 https://registry.npmjs.org/path-exists 10ms (cache hit)
199 silly fetch manifest type-check@^0.4.0
200 http fetch GET 200 https://registry.npmjs.org/prelude-ls 7ms (cache hit)
201 silly fetch manifest fast-levenshtein@^2.0.6
202 silly fetch manifest ansi-regex@^5.0.1
203 http fetch GET 200 https://registry.npmjs.org/type-fest 11ms (cache hit)
204 http fetch GET 200 https://registry.npmjs.org/is-extglob 12ms (cache hit)
205 http fetch GET 200 https://registry.npmjs.org/type-check 9ms (cache hit)
206 http fetch GET 200 https://registry.npmjs.org/argparse 13ms (cache hit)
207 http fetch GET 200 https://registry.npmjs.org/brace-expansion 9ms (cache hit)
208 http fetch GET 200 https://registry.npmjs.org/deep-is 8ms (cache hit)
209 http fetch GET 200 https://registry.npmjs.org/type-check 6ms (cache hit)
210 http fetch GET 200 https://registry.npmjs.org/word-wrap 6ms (cache hit)
211 http fetch GET 200 https://registry.npmjs.org/ansi-regex 5ms (cache hit)
212 http fetch GET 200 https://registry.npmjs.org/fast-levenshtein 5ms (cache hit)
213 silly placeDep ROOT import-fresh@3.3.1 OK for: @eslint/eslintrc@2.1.4 want: ^3.2.1
214 silly placeDep ROOT strip-json-comments@3.1.1 OK for: @eslint/eslintrc@2.1.4 want: ^3.1.1
215 silly fetch manifest parent-module@^1.0.0
216 silly fetch manifest resolve-from@^4.0.0
217 http fetch GET 200 https://registry.npmjs.org/resolve-from 1ms (cache hit)
218 http fetch GET 200 https://registry.npmjs.org/parent-module 2ms (cache hit)
219 silly placeDep ROOT @humanwhocodes/object-schema@2.0.3 OK for: @humanwhocodes/config-array@0.13.0 want: ^2.0.3
220 silly placeDep ROOT @nodelib/fs.scandir@2.1.5 OK for: @nodelib/fs.walk@1.2.8 want: 2.1.5
221 silly placeDep ROOT fastq@1.20.1 OK for: @nodelib/fs.walk@1.2.8 want: ^1.6.0
222 silly fetch manifest run-parallel@^1.1.9
223 silly fetch manifest @nodelib/fs.stat@2.0.5
224 silly fetch manifest reusify@^1.0.4
225 http fetch GET 200 https://registry.npmjs.org/reusify 1ms (cache hit)
226 http fetch GET 200 https://registry.npmjs.org/run-parallel 2ms (cache hit)
227 http fetch GET 200 https://registry.npmjs.org/@nodelib%2ffs.stat 2ms (cache hit)
228 silly placeDep ROOT @nodelib/fs.stat@2.0.5 OK for: @nodelib/fs.scandir@2.1.5 want: 2.0.5
229 silly placeDep ROOT run-parallel@1.2.0 OK for: @nodelib/fs.scandir@2.1.5 want: ^1.1.9
230 silly fetch manifest queue-microtask@^1.2.2
231 http fetch GET 200 https://registry.npmjs.org/queue-microtask 1ms (cache hit)
232 silly placeDep ROOT fast-json-stable-stringify@2.1.0 OK for: ajv@6.12.6 want: ^2.0.0
233 silly placeDep ROOT json-schema-traverse@0.4.1 OK for: ajv@6.12.6 want: ^0.4.1
234 silly placeDep ROOT uri-js@4.4.1 OK for: ajv@6.12.6 want: ^4.2.2
235 silly fetch manifest punycode@^2.1.0
236 http fetch GET 200 https://registry.npmjs.org/punycode 1ms (cache hit)
237 silly placeDep ROOT ansi-styles@4.3.0 OK for: chalk@4.1.2 want: ^4.1.0
238 silly placeDep ROOT supports-color@7.2.0 OK for: chalk@4.1.2 want: ^7.1.0
239 silly fetch manifest color-convert@^2.0.1
240 silly fetch manifest has-flag@^4.0.0
241 http fetch GET 200 https://registry.npmjs.org/has-flag 2ms (cache hit)
242 http fetch GET 200 https://registry.npmjs.org/color-convert 3ms (cache hit)
243 silly placeDep ROOT color-convert@2.0.1 OK for: ansi-styles@4.3.0 want: ^2.0.1
244 silly fetch manifest color-name@~1.1.4
245 http fetch GET 200 https://registry.npmjs.org/color-name 1ms (cache hit)
246 silly placeDep ROOT color-name@1.1.4 OK for: color-convert@2.0.1 want: ~1.1.4
247 silly placeDep ROOT path-key@3.1.1 OK for: cross-spawn@7.0.6 want: ^3.1.0
248 silly placeDep ROOT shebang-command@2.0.0 OK for: cross-spawn@7.0.6 want: ^2.0.0
249 silly placeDep ROOT which@2.0.2 OK for: cross-spawn@7.0.6 want: ^2.0.1
250 silly fetch manifest shebang-regex@^3.0.0
251 silly fetch manifest isexe@^2.0.0
252 http fetch GET 200 https://registry.npmjs.org/shebang-regex 2ms (cache hit)
253 http fetch GET 200 https://registry.npmjs.org/isexe 1ms (cache hit)
254 silly placeDep ROOT ms@2.1.3 OK for: debug@4.4.3 want: ^2.1.3
255 silly placeDep ROOT esrecurse@4.3.0 OK for: eslint-scope@7.2.2 want: ^4.3.0
256 silly placeDep ROOT estraverse@5.3.0 OK for: eslint-scope@7.2.2 want: ^5.2.0
257 silly placeDep ROOT acorn@8.16.0 OK for: espree@9.6.1 want: ^8.9.0
258 silly placeDep ROOT acorn-jsx@5.3.2 OK for: espree@9.6.1 want: ^5.3.2
259 silly placeDep ROOT reusify@1.1.0 OK for: fastq@1.20.1 want: ^1.0.4
260 silly placeDep ROOT flat-cache@3.2.0 OK for: file-entry-cache@6.0.1 want: ^3.0.4
261 silly fetch manifest keyv@^4.5.3
262 silly fetch manifest rimraf@^3.0.2
263 silly fetch manifest flatted@^3.2.9
264 http fetch GET 200 https://registry.npmjs.org/keyv 1ms (cache hit)
265 http fetch GET 200 https://registry.npmjs.org/flatted 3ms (cache hit)
266 http fetch GET 200 https://registry.npmjs.org/rimraf 3ms (cache hit)
267 silly placeDep ROOT locate-path@6.0.0 OK for: find-up@5.0.0 want: ^6.0.0
268 silly placeDep ROOT path-exists@4.0.0 OK for: find-up@5.0.0 want: ^4.0.0
269 silly fetch manifest p-locate@^5.0.0
270 http fetch GET 200 https://registry.npmjs.org/p-locate 1ms (cache hit)
271 silly placeDep ROOT flatted@3.3.3 OK for: flat-cache@3.2.0 want: ^3.2.9
272 silly placeDep ROOT keyv@4.5.4 OK for: flat-cache@3.2.0 want: ^4.5.3
273 silly placeDep ROOT rimraf@3.0.2 OK for: flat-cache@3.2.0 want: ^3.0.2
274 silly fetch manifest json-buffer@3.0.1
275 silly fetch manifest glob@^7.1.3
276 http fetch GET 200 https://registry.npmjs.org/json-buffer 1ms (cache hit)
277 http fetch GET 200 https://registry.npmjs.org/glob 1ms (cache hit)
278 silly placeDep ROOT type-fest@0.20.2 OK for: globals@13.24.0 want: ^0.20.2
279 silly placeDep ROOT parent-module@1.0.1 OK for: import-fresh@3.3.1 want: ^1.0.0
280 silly placeDep ROOT resolve-from@4.0.0 OK for: import-fresh@3.3.1 want: ^4.0.0
281 silly fetch manifest callsites@^3.0.0
282 http fetch GET 200 https://registry.npmjs.org/callsites 2ms (cache hit)
283 silly placeDep ROOT is-extglob@2.1.1 OK for: is-glob@4.0.3 want: ^2.1.1
284 silly placeDep ROOT argparse@2.0.1 OK for: js-yaml@4.1.1 want: ^2.0.1
285 silly placeDep ROOT json-buffer@3.0.1 OK for: keyv@4.5.4 want: 3.0.1
286 silly placeDep ROOT prelude-ls@1.2.1 OK for: levn@0.4.1 want: ^1.2.1
287 silly placeDep ROOT type-check@0.4.0 OK for: levn@0.4.1 want: ~0.4.0
288 silly placeDep ROOT p-locate@5.0.0 OK for: locate-path@6.0.0 want: ^5.0.0
289 silly fetch manifest p-limit@^3.0.2
290 http fetch GET 200 https://registry.npmjs.org/p-limit 2ms (cache hit)
291 silly placeDep ROOT brace-expansion@1.1.12 OK for: minimatch@3.1.2 want: ^1.1.7
292 silly fetch manifest concat-map@0.0.1
293 silly fetch manifest balanced-match@^1.0.0
294 http fetch GET 200 https://registry.npmjs.org/concat-map 1ms (cache hit)
295 http fetch GET 200 https://registry.npmjs.org/balanced-match 2ms (cache hit)
296 silly placeDep ROOT balanced-match@1.0.2 OK for: brace-expansion@1.1.12 want: ^1.0.0
297 silly placeDep ROOT concat-map@0.0.1 OK for: brace-expansion@1.1.12 want: 0.0.1
298 silly placeDep ROOT deep-is@0.1.4 OK for: optionator@0.9.4 want: ^0.1.3
299 silly placeDep ROOT fast-levenshtein@2.0.6 OK for: optionator@0.9.4 want: ^2.0.6
300 silly placeDep ROOT word-wrap@1.2.5 OK for: optionator@0.9.4 want: ^1.2.5
301 silly placeDep ROOT p-limit@3.1.0 OK for: p-locate@5.0.0 want: ^3.0.2
302 silly fetch manifest yocto-queue@^0.1.0
303 http fetch GET 200 https://registry.npmjs.org/yocto-queue 1ms (cache hit)
304 silly placeDep ROOT yocto-queue@0.1.0 OK for: p-limit@3.1.0 want: ^0.1.0
305 silly placeDep ROOT callsites@3.1.0 OK for: parent-module@1.0.1 want: ^3.0.0
306 silly placeDep ROOT glob@7.2.3 OK for: rimraf@3.0.2 want: ^7.1.3
307 silly fetch manifest once@^1.3.0
308 silly fetch manifest inflight@^1.0.4
309 silly fetch manifest inherits@2
310 silly fetch manifest fs.realpath@^1.0.0
311 silly fetch manifest path-is-absolute@^1.0.0
312 http fetch GET 200 https://registry.npmjs.org/inflight 2ms (cache hit)
313 http fetch GET 200 https://registry.npmjs.org/once 2ms (cache hit)
314 http fetch GET 200 https://registry.npmjs.org/inherits 2ms (cache hit)
315 http fetch GET 200 https://registry.npmjs.org/path-is-absolute 2ms (cache hit)
316 http fetch GET 200 https://registry.npmjs.org/fs.realpath 2ms (cache hit)
317 silly placeDep ROOT fs.realpath@1.0.0 OK for: glob@7.2.3 want: ^1.0.0
318 silly placeDep ROOT inflight@1.0.6 OK for: glob@7.2.3 want: ^1.0.4
319 silly placeDep ROOT inherits@2.0.4 OK for: glob@7.2.3 want: 2
320 silly placeDep ROOT once@1.4.0 OK for: glob@7.2.3 want: ^1.3.0
321 silly placeDep ROOT path-is-absolute@1.0.1 OK for: glob@7.2.3 want: ^1.0.0
322 silly fetch manifest wrappy@1
323 http fetch GET 200 https://registry.npmjs.org/wrappy 1ms (cache hit)
324 silly placeDep ROOT wrappy@1.0.2 OK for: inflight@1.0.6 want: 1
325 silly placeDep ROOT queue-microtask@1.2.3 OK for: run-parallel@1.2.0 want: ^1.2.2
326 silly placeDep ROOT shebang-regex@3.0.0 OK for: shebang-command@2.0.0 want: ^3.0.0
327 silly placeDep ROOT ansi-regex@5.0.1 OK for: strip-ansi@6.0.1 want: ^5.0.1
328 silly placeDep ROOT has-flag@4.0.0 OK for: supports-color@7.2.0 want: ^4.0.0
329 silly placeDep ROOT punycode@2.3.1 OK for: uri-js@4.4.1 want: ^2.1.0
330 silly placeDep ROOT isexe@2.0.0 OK for: which@2.0.2 want: ^2.0.0
331 silly fetch manifest clsx@^2.1.0
332 http fetch GET 200 https://registry.npmjs.org/clsx 2ms (cache hit)
333 silly fetch manifest framer-motion@^11.0.3
334 http fetch GET 200 https://registry.npmjs.org/framer-motion 14ms (cache hit)
335 silly fetch manifest @emotion/is-prop-valid@*
336 http fetch GET 200 https://registry.npmjs.org/@emotion%2fis-prop-valid 8ms (cache hit)
337 silly fetch manifest react@^18.3.1
338 http fetch GET 200 https://registry.npmjs.org/react 7ms (cache hit)
339 silly fetch manifest react-dom@^18.3.1
340 http fetch GET 200 https://registry.npmjs.org/react-dom 8ms (cache hit)
341 silly fetch manifest tailwind-merge@^2.2.1
342 http fetch GET 200 https://registry.npmjs.org/tailwind-merge 7ms (cache hit)
343 silly fetch manifest @testing-library/jest-dom@^6.9.1
344 http fetch GET 200 https://registry.npmjs.org/@testing-library%2fjest-dom 1ms (cache hit)
345 silly fetch manifest @testing-library/react@^16.3.2
346 http fetch GET 200 https://registry.npmjs.org/@testing-library%2freact 3ms (cache hit)
347 silly fetch manifest @testing-library/dom@^10.0.0
348 http fetch GET 200 https://registry.npmjs.org/@testing-library%2fdom 2ms (cache hit)
349 silly fetch manifest @types/react@^18.3.28
350 http fetch GET 200 https://registry.npmjs.org/@types%2freact 4ms (cache hit)
351 silly fetch manifest @types/react-dom@^18.3.7
352 http fetch GET 200 https://registry.npmjs.org/@types%2freact-dom 4ms (cache hit)
353 silly fetch manifest @vitejs/plugin-react@^4.7.0
354 http fetch GET 200 https://registry.npmjs.org/@vitejs%2fplugin-react 2ms (cache hit)
355 silly fetch manifest vite@^5.1.0
356 http fetch GET 200 https://registry.npmjs.org/vite 36ms (cache hit)
357 silly fetch manifest @types/node@^18.0.0 || >=20.0.0
358 http fetch GET 200 https://registry.npmjs.org/@types%2fnode 10ms (cache hit)
359 silly fetch manifest less@*
360 http fetch GET 200 https://registry.npmjs.org/less 2ms (cache hit)
361 silly fetch manifest lightningcss@^1.21.0
362 http fetch GET 200 https://registry.npmjs.org/lightningcss 1ms (cache hit)
363 silly fetch manifest sass@*
364 http fetch GET 200 https://registry.npmjs.org/sass 2ms (cache hit)
365 silly fetch manifest sass-embedded@*
366 http fetch GET 200 https://registry.npmjs.org/sass-embedded 2ms (cache hit)
367 silly fetch manifest stylus@*
368 http fetch GET 200 https://registry.npmjs.org/stylus 2ms (cache hit)
369 silly fetch manifest sugarss@*
370 http fetch GET 200 https://registry.npmjs.org/sugarss 1ms (cache hit)
371 silly fetch manifest postcss@^8.4.35
372 http fetch GET 200 https://registry.npmjs.org/postcss 2ms (cache hit)
373 silly fetch manifest terser@^5.4.0
374 http fetch GET 200 https://registry.npmjs.org/terser 5ms (cache hit)
375 silly fetch manifest autoprefixer@^10.4.17
376 http fetch GET 200 https://registry.npmjs.org/autoprefixer 2ms (cache hit)
377 silly fetch manifest happy-dom@^20.6.2
378 http fetch GET 200 https://registry.npmjs.org/happy-dom 4ms (cache hit)
379 silly fetch manifest tailwindcss@^3.4.1
380 http fetch GET 200 https://registry.npmjs.org/tailwindcss 13ms (cache hit)
381 silly fetch manifest vitest@^4.0.18
382 http fetch GET 200 https://registry.npmjs.org/vitest 3ms (cache hit)
383 silly fetch manifest @edge-runtime/vm@*
384 http fetch GET 200 https://registry.npmjs.org/@edge-runtime%2fvm 1ms (cache hit)
385 silly fetch manifest @opentelemetry/api@^1.9.0
386 http fetch GET 200 https://registry.npmjs.org/@opentelemetry%2fapi 1ms (cache hit)
387 silly fetch manifest @types/node@^20.0.0 || ^22.0.0 || >=24.0.0
388 silly fetch manifest @vitest/browser-playwright@4.0.18
389 http fetch GET 200 https://registry.npmjs.org/@vitest%2fbrowser-playwright 2ms (cache hit)
390 silly fetch manifest playwright@*
391 http fetch GET 200 https://registry.npmjs.org/playwright 15ms (cache hit)
392 silly fetch manifest @vitest/browser-preview@4.0.18
393 http fetch GET 200 https://registry.npmjs.org/@vitest%2fbrowser-preview 3ms (cache hit)
394 silly fetch manifest @vitest/browser-webdriverio@4.0.18
395 http fetch GET 200 https://registry.npmjs.org/@vitest%2fbrowser-webdriverio 2ms (cache hit)
396 silly fetch manifest webdriverio@*
397 http fetch GET 200 https://registry.npmjs.org/webdriverio 4ms (cache hit)
398 silly fetch manifest puppeteer-core@>=22.x || <=24.x
399 http fetch GET 200 https://registry.npmjs.org/puppeteer-core 3ms (cache hit)
400 silly fetch manifest @vitest/ui@4.0.18
401 http fetch GET 200 https://registry.npmjs.org/@vitest%2fui 3ms (cache hit)
402 silly fetch manifest jsdom@*
403 http fetch GET 200 https://registry.npmjs.org/jsdom 2ms (cache hit)
404 silly fetch manifest canvas@^3.0.0
405 http fetch GET 200 https://registry.npmjs.org/canvas 4ms (cache hit)
406 silly placeDep ROOT @testing-library/jest-dom@6.9.1 OK for: @complihub360/ui@0.1.0 want: ^6.9.1
407 silly placeDep ROOT @testing-library/react@16.3.2 OK for: @complihub360/ui@0.1.0 want: ^16.3.2
408 silly placeDep ROOT @testing-library/dom@10.4.1 OK for: @testing-library/react@16.3.2 want: ^10.0.0
409 silly placeDep ROOT react@18.3.1 OK for: @testing-library/react@16.3.2 want: ^18.0.0 || ^19.0.0
410 silly placeDep ROOT react-dom@18.3.1 OK for: @testing-library/react@16.3.2 want: ^18.0.0 || ^19.0.0
411 silly placeDep ROOT @types/react@18.3.28 OK for: @complihub360/ui@0.1.0 want: ^18.3.28
412 silly placeDep ROOT @types/react-dom@18.3.7 OK for: @complihub360/ui@0.1.0 want: ^18.3.7
413 silly placeDep ROOT @vitejs/plugin-react@4.7.0 OK for: @complihub360/ui@0.1.0 want: ^4.7.0
414 silly placeDep ROOT vite@5.4.21 OK for: @vitejs/plugin-react@4.7.0 want: ^4.2.0 || ^5.0.0 || ^6.0.0 || ^7.0.0
415 silly placeDep ROOT autoprefixer@10.4.24 OK for: @complihub360/ui@0.1.0 want: ^10.4.17
416 silly placeDep ROOT postcss@8.5.6 OK for: autoprefixer@10.4.24 want: ^8.1.0
417 silly placeDep ROOT clsx@2.1.1 OK for: @complihub360/ui@0.1.0 want: ^2.1.0
418 silly placeDep ROOT framer-motion@11.18.2 OK for: @complihub360/ui@0.1.0 want: ^11.0.3
419 silly placeDep ROOT happy-dom@20.6.3 OK for: @complihub360/ui@0.1.0 want: ^20.6.2
420 silly placeDep ROOT tailwind-merge@2.6.1 OK for: @complihub360/ui@0.1.0 want: ^2.2.1
421 silly placeDep ROOT tailwindcss@3.4.19 OK for: @complihub360/ui@0.1.0 want: ^3.4.1
422 silly placeDep ROOT vitest@4.0.18 OK for: @complihub360/ui@0.1.0 want: ^4.0.18
423 silly fetch manifest redent@^3.0.0
424 silly fetch manifest aria-query@^5.0.0
425 silly fetch manifest css.escape@^1.5.1
426 silly fetch manifest picocolors@^1.1.1
427 silly fetch manifest @adobe/css-tools@^4.4.0
428 silly fetch manifest dom-accessibility-api@^0.6.3
429 silly fetch manifest @babel/runtime@^7.12.5
430 silly fetch manifest scheduler@^0.23.2
431 silly fetch manifest loose-envify@^1.1.0
432 http fetch GET 200 https://registry.npmjs.org/redent 6ms (cache hit)
433 silly fetch manifest lz-string@^1.5.0
434 http fetch GET 200 https://registry.npmjs.org/aria-query 6ms (cache hit)
435 silly fetch manifest aria-query@5.3.0
436 silly fetch manifest picocolors@1.1.1
437 http fetch GET 200 https://registry.npmjs.org/@adobe%2fcss-tools 4ms (cache hit)
438 silly fetch manifest pretty-format@^27.0.2
439 http fetch GET 200 https://registry.npmjs.org/picocolors 5ms (cache hit)
440 http fetch GET 200 https://registry.npmjs.org/dom-accessibility-api 5ms (cache hit)
441 silly fetch manifest @babel/code-frame@^7.10.4
442 http fetch GET 200 https://registry.npmjs.org/@babel%2fruntime 8ms (cache hit)
443 silly fetch manifest @types/aria-query@^5.0.1
444 silly fetch manifest dom-accessibility-api@^0.5.9
445 silly fetch manifest csstype@^3.2.2
446 http fetch GET 200 https://registry.npmjs.org/css.escape 20ms (cache hit)
447 silly fetch manifest @types/prop-types@*
448 http fetch GET 200 https://registry.npmjs.org/loose-envify 17ms (cache hit)
449 silly fetch manifest @babel/core@^7.28.0
450 silly fetch manifest react-refresh@^0.17.0
451 http fetch GET 200 https://registry.npmjs.org/scheduler 20ms (cache hit)
452 silly fetch manifest @types/babel__core@^7.20.5
453 http fetch GET 200 https://registry.npmjs.org/picocolors 41ms (cache hit)
454 silly fetch manifest @rolldown/pluginutils@1.0.0-beta.27
455 http fetch GET 200 https://registry.npmjs.org/lz-string 42ms (cache hit)
456 silly fetch manifest @babel/plugin-transform-react-jsx-self@^7.27.1
457 http fetch GET 200 https://registry.npmjs.org/@types%2faria-query 30ms (cache hit)
458 silly fetch manifest @babel/plugin-transform-react-jsx-source@^7.27.1
459 http fetch GET 200 https://registry.npmjs.org/@babel%2fcode-frame 40ms (cache hit)
460 silly fetch manifest rollup@^4.20.0
461 http fetch GET 200 https://registry.npmjs.org/pretty-format 43ms (cache hit)
462 silly fetch manifest esbuild@^0.21.3
463 http fetch GET 200 https://registry.npmjs.org/@types%2fprop-types 33ms (cache hit)
464 silly fetch manifest postcss@^8.4.43
465 silly fetch manifest fsevents@~2.3.3
466 http fetch GET 200 https://registry.npmjs.org/csstype 35ms (cache hit)
467 silly fetch manifest browserslist@^4.28.1
468 http fetch GET 200 https://registry.npmjs.org/@babel%2fcore 36ms (cache hit)
469 silly fetch manifest caniuse-lite@^1.0.30001766
470 http fetch GET 200 https://registry.npmjs.org/@types%2fbabel__core 15ms (cache hit)
471 silly fetch manifest fraction.js@^5.3.4
472 http fetch GET 200 https://registry.npmjs.org/react-refresh 45ms (cache hit)
473 silly fetch manifest postcss-value-parser@^4.2.0
474 http fetch GET 200 https://registry.npmjs.org/@babel%2fplugin-transform-react-jsx-self 35ms (cache hit)
475 silly fetch manifest nanoid@^3.3.11
476 http fetch GET 200 https://registry.npmjs.org/@rolldown%2fpluginutils 38ms (cache hit)
477 silly fetch manifest source-map-js@^1.2.1
478 http fetch GET 200 https://registry.npmjs.org/@babel%2fplugin-transform-react-jsx-source 38ms (cache hit)
479 silly fetch manifest tslib@^2.4.0
480 http fetch GET 200 https://registry.npmjs.org/rollup 46ms (cache hit)
481 silly fetch manifest motion-dom@^11.18.1
482 http fetch GET 200 https://registry.npmjs.org/esbuild 66ms (cache hit)
483 silly fetch manifest motion-utils@^11.18.1
484 http fetch GET 200 https://registry.npmjs.org/fsevents 72ms (cache hit)
485 silly fetch manifest @types/node@>=20.0.0
486 silly fetch manifest @types/whatwg-mimetype@^3.0.2
487 http fetch GET 200 https://registry.npmjs.org/fraction.js 66ms (cache hit)
488 silly fetch manifest @types/ws@^8.18.1
489 http fetch GET 200 https://registry.npmjs.org/browserslist 73ms (cache hit)
490 silly fetch manifest entities@^7.0.1
491 http fetch GET 200 https://registry.npmjs.org/postcss-value-parser 47ms (cache hit)
492 silly fetch manifest whatwg-mimetype@^3.0.0
493 http fetch GET 200 https://registry.npmjs.org/caniuse-lite 73ms (cache hit)
494 silly fetch manifest ws@^8.18.3
495 http fetch GET 200 https://registry.npmjs.org/nanoid 56ms (cache hit)
496 silly fetch manifest arg@^5.0.2
497 http fetch GET 200 https://registry.npmjs.org/source-map-js 56ms (cache hit)
498 silly fetch manifest dlv@^1.1.3
499 http fetch GET 200 https://registry.npmjs.org/tslib 55ms (cache hit)
500 silly fetch manifest jiti@^1.21.7
501 silly fetch manifest resolve@^1.22.8
502 http fetch GET 200 https://registry.npmjs.org/@types%2fwhatwg-mimetype 18ms (cache hit)
503 silly fetch manifest sucrase@^3.35.0
504 http fetch GET 200 https://registry.npmjs.org/motion-utils 22ms (cache hit)
505 silly fetch manifest chokidar@^3.6.0
506 http fetch GET 200 https://registry.npmjs.org/motion-dom 27ms (cache hit)
507 silly fetch manifest fast-glob@^3.3.2
508 http fetch GET 200 https://registry.npmjs.org/@types%2fws 19ms (cache hit)
509 silly fetch manifest lilconfig@^3.1.3
510 http fetch GET 200 https://registry.npmjs.org/entities 18ms (cache hit)
511 silly fetch manifest didyoumean@^1.2.2
512 http fetch GET 200 https://registry.npmjs.org/whatwg-mimetype 18ms (cache hit)
513 silly fetch manifest micromatch@^4.0.8
514 http fetch GET 200 https://registry.npmjs.org/ws 12ms (cache hit)
515 silly fetch manifest postcss-js@^4.0.1
516 http fetch GET 200 https://registry.npmjs.org/arg 10ms (cache hit)
517 silly fetch manifest object-hash@^3.0.0
518 http fetch GET 200 https://registry.npmjs.org/dlv 13ms (cache hit)
519 silly fetch manifest normalize-path@^3.0.0
520 http fetch GET 200 https://registry.npmjs.org/sucrase 13ms (cache hit)
521 silly fetch manifest postcss-import@^15.1.0
522 http fetch GET 200 https://registry.npmjs.org/resolve 15ms (cache hit)
523 silly fetch manifest postcss-nested@^6.2.0
524 http fetch GET 200 https://registry.npmjs.org/chokidar 16ms (cache hit)
525 silly fetch manifest @alloc/quick-lru@^5.2.0
526 http fetch GET 200 https://registry.npmjs.org/fast-glob 16ms (cache hit)
527 silly fetch manifest postcss-load-config@^4.0.2 || ^5.0 || ^6.0
528 http fetch GET 200 https://registry.npmjs.org/didyoumean 15ms (cache hit)
529 silly fetch manifest postcss-selector-parser@^6.1.2
530 http fetch GET 200 https://registry.npmjs.org/postcss-js 14ms (cache hit)
531 silly fetch manifest obug@^2.1.1
532 http fetch GET 200 https://registry.npmjs.org/micromatch 16ms (cache hit)
533 silly fetch manifest vite@^6.0.0 || ^7.0.0
534 silly fetch manifest pathe@^2.0.3
535 http fetch GET 200 https://registry.npmjs.org/lilconfig 18ms (cache hit)
536 silly fetch manifest std-env@^3.10.0
537 http fetch GET 200 https://registry.npmjs.org/object-hash 14ms (cache hit)
538 silly fetch manifest tinyexec@^1.0.2
539 http fetch GET 200 https://registry.npmjs.org/@alloc%2fquick-lru 6ms (cache hit)
540 silly fetch manifest picomatch@^4.0.3
541 http fetch GET 200 https://registry.npmjs.org/normalize-path 11ms (cache hit)
542 silly fetch manifest tinybench@^2.9.0
543 http fetch GET 200 https://registry.npmjs.org/postcss-import 10ms (cache hit)
544 silly fetch manifest tinyglobby@^0.2.15
545 http fetch GET 200 https://registry.npmjs.org/postcss-load-config 7ms (cache hit)
546 silly fetch manifest @vitest/spy@4.0.18
547 http fetch GET 200 https://registry.npmjs.org/postcss-nested 10ms (cache hit)
548 silly fetch manifest expect-type@^1.2.2
549 http fetch GET 200 https://registry.npmjs.org/obug 7ms (cache hit)
550 silly fetch manifest tinyrainbow@^3.0.3
551 http fetch GET 200 https://registry.npmjs.org/postcss-selector-parser 9ms (cache hit)
552 silly fetch manifest magic-string@^0.30.21
553 http fetch GET 200 https://registry.npmjs.org/std-env 7ms (cache hit)
554 silly fetch manifest @vitest/utils@4.0.18
555 http fetch GET 200 https://registry.npmjs.org/pathe 9ms (cache hit)
556 silly fetch manifest @vitest/expect@4.0.18
557 http fetch GET 200 https://registry.npmjs.org/tinyexec 9ms (cache hit)
558 silly fetch manifest @vitest/mocker@4.0.18
559 http fetch GET 200 https://registry.npmjs.org/tinybench 9ms (cache hit)
560 silly fetch manifest @vitest/runner@4.0.18
561 http fetch GET 200 https://registry.npmjs.org/picomatch 11ms (cache hit)
562 silly fetch manifest es-module-lexer@^1.7.0
563 http fetch GET 200 https://registry.npmjs.org/tinyglobby 10ms (cache hit)
564 silly fetch manifest @vitest/snapshot@4.0.18
565 http fetch GET 200 https://registry.npmjs.org/@vitest%2fspy 10ms (cache hit)
566 silly fetch manifest why-is-node-running@^2.3.0
567 http fetch GET 200 https://registry.npmjs.org/tinyrainbow 11ms (cache hit)
568 silly fetch manifest @vitest/pretty-format@4.0.18
569 http fetch GET 200 https://registry.npmjs.org/expect-type 11ms (cache hit)
570 http fetch GET 200 https://registry.npmjs.org/magic-string 11ms (cache hit)
571 http fetch GET 200 https://registry.npmjs.org/@vitest%2futils 12ms (cache hit)
572 http fetch GET 200 https://registry.npmjs.org/@vitest%2fexpect 13ms (cache hit)
573 http fetch GET 200 https://registry.npmjs.org/@vitest%2fmocker 12ms (cache hit)
574 http fetch GET 200 https://registry.npmjs.org/@vitest%2fsnapshot 11ms (cache hit)
575 http fetch GET 200 https://registry.npmjs.org/@vitest%2fpretty-format 10ms (cache hit)
576 http fetch GET 200 https://registry.npmjs.org/es-module-lexer 14ms (cache hit)
577 http fetch GET 200 https://registry.npmjs.org/@vitest%2frunner 15ms (cache hit)
578 http fetch GET 200 https://registry.npmjs.org/why-is-node-running 14ms (cache hit)
579 silly placeDep ROOT @babel/code-frame@7.29.0 OK for: @testing-library/dom@10.4.1 want: ^7.10.4
580 silly placeDep ROOT @babel/runtime@7.28.6 OK for: @testing-library/dom@10.4.1 want: ^7.12.5
581 silly placeDep ROOT @types/aria-query@5.0.4 OK for: @testing-library/dom@10.4.1 want: ^5.0.1
582 silly placeDep ROOT aria-query@5.3.0 OK for: @testing-library/dom@10.4.1 want: 5.3.0
583 silly placeDep ROOT dom-accessibility-api@0.5.16 OK for: @testing-library/dom@10.4.1 want: ^0.5.9
584 silly placeDep ROOT lz-string@1.5.0 OK for: @testing-library/dom@10.4.1 want: ^1.5.0
585 silly placeDep ROOT picocolors@1.1.1 OK for: @testing-library/dom@10.4.1 want: 1.1.1
586 silly placeDep ROOT pretty-format@27.5.1 OK for: @testing-library/dom@10.4.1 want: ^27.0.2
587 silly fetch manifest js-tokens@^4.0.0
588 silly fetch manifest @babel/helper-validator-identifier@^7.28.5
589 silly fetch manifest dequal@^2.0.3
590 silly fetch manifest react-is@^17.0.1
591 silly fetch manifest ansi-styles@^5.0.0
592 http fetch GET 200 https://registry.npmjs.org/js-tokens 6ms (cache hit)
593 http fetch GET 200 https://registry.npmjs.org/dequal 6ms (cache hit)
594 http fetch GET 200 https://registry.npmjs.org/@babel%2fhelper-validator-identifier 7ms (cache hit)
595 http fetch GET 200 https://registry.npmjs.org/react-is 11ms (cache hit)
596 silly placeDep ROOT @babel/helper-validator-identifier@7.28.5 OK for: @babel/code-frame@7.29.0 want: ^7.28.5
597 silly placeDep ROOT js-tokens@4.0.0 OK for: @babel/code-frame@7.29.0 want: ^4.0.0
598 silly placeDep ROOT @adobe/css-tools@4.4.4 OK for: @testing-library/jest-dom@6.9.1 want: ^4.4.0
599 silly placeDep ROOT css.escape@1.5.1 OK for: @testing-library/jest-dom@6.9.1 want: ^1.5.1
600 silly placeDep node_modules/@testing-library/jest-dom dom-accessibility-api@0.6.3 OK for: @testing-library/jest-dom@6.9.1 want: ^0.6.3
601 silly placeDep ROOT redent@3.0.0 OK for: @testing-library/jest-dom@6.9.1 want: ^3.0.0
602 silly fetch manifest indent-string@^4.0.0
603 silly fetch manifest strip-indent@^3.0.0
604 http fetch GET 200 https://registry.npmjs.org/strip-indent 2ms (cache hit)
605 http fetch GET 200 https://registry.npmjs.org/indent-string 3ms (cache hit)
606 silly placeDep ROOT @types/prop-types@15.7.15 OK for: @types/react@18.3.28 want: *
607 silly placeDep ROOT csstype@3.2.3 OK for: @types/react@18.3.28 want: ^3.2.2
608 silly placeDep ROOT @babel/core@7.29.0 OK for: @vitejs/plugin-react@4.7.0 want: ^7.28.0
609 silly placeDep ROOT @babel/plugin-transform-react-jsx-self@7.27.1 OK for: @vitejs/plugin-react@4.7.0 want: ^7.27.1
610 silly placeDep ROOT @babel/plugin-transform-react-jsx-source@7.27.1 OK for: @vitejs/plugin-react@4.7.0 want: ^7.27.1
611 silly placeDep ROOT @rolldown/pluginutils@1.0.0-beta.27 OK for: @vitejs/plugin-react@4.7.0 want: 1.0.0-beta.27
612 silly placeDep ROOT @types/babel__core@7.20.5 OK for: @vitejs/plugin-react@4.7.0 want: ^7.20.5
613 silly placeDep ROOT react-refresh@0.17.0 OK for: @vitejs/plugin-react@4.7.0 want: ^0.17.0
614 silly fetch manifest json5@^2.2.3
615 silly fetch manifest semver@^6.3.1
616 silly fetch manifest gensync@^1.0.0-beta.2
617 silly fetch manifest @babel/types@^7.29.0
618 silly fetch manifest @babel/parser@^7.29.0
619 silly fetch manifest @babel/helpers@^7.28.6
620 silly fetch manifest @babel/template@^7.28.6
621 silly fetch manifest @babel/traverse@^7.29.0
622 silly fetch manifest @babel/generator@^7.29.0
623 silly fetch manifest convert-source-map@^2.0.0
624 http fetch GET 200 https://registry.npmjs.org/json5 5ms (cache hit)
625 silly fetch manifest @jridgewell/remapping@^2.3.5
626 http fetch GET 200 https://registry.npmjs.org/@babel%2ftypes 6ms (cache hit)
627 silly fetch manifest @babel/helper-module-transforms@^7.28.6
628 http fetch GET 200 https://registry.npmjs.org/@babel%2fhelpers 8ms (cache hit)
629 silly fetch manifest @babel/helper-compilation-targets@^7.28.6
630 http fetch GET 200 https://registry.npmjs.org/@babel%2ftraverse 9ms (cache hit)
631 silly fetch manifest @babel/helper-plugin-utils@^7.27.1
632 http fetch GET 200 https://registry.npmjs.org/@babel%2fparser 11ms (cache hit)
633 http fetch GET 200 https://registry.npmjs.org/@babel%2ftemplate 14ms (cache hit)
634 silly fetch manifest @babel/types@^7.20.7
635 silly fetch manifest @babel/parser@^7.20.7
636 silly fetch manifest @types/babel__template@*
637 http fetch GET 200 https://registry.npmjs.org/@babel%2fgenerator 16ms (cache hit)
638 silly fetch manifest @types/babel__traverse@*
639 http fetch GET 200 https://registry.npmjs.org/gensync 17ms (cache hit)
640 silly fetch manifest @types/babel__generator@*
641 http fetch GET 200 https://registry.npmjs.org/convert-source-map 18ms (cache hit)
642 http fetch GET 200 https://registry.npmjs.org/semver 18ms (cache hit)
643 http fetch GET 200 https://registry.npmjs.org/@jridgewell%2fremapping 15ms (cache hit)
644 http fetch GET 200 https://registry.npmjs.org/@babel%2fhelper-module-transforms 15ms (cache hit)
645 http fetch GET 200 https://registry.npmjs.org/@types%2fbabel__traverse 6ms (cache hit)
646 http fetch GET 200 https://registry.npmjs.org/@types%2fbabel__template 8ms (cache hit)
647 http fetch GET 200 https://registry.npmjs.org/@babel%2fhelper-compilation-targets 15ms (cache hit)
648 http fetch GET 200 https://registry.npmjs.org/@babel%2fhelper-plugin-utils 14ms (cache hit)
649 http fetch GET 200 https://registry.npmjs.org/@types%2fbabel__generator 9ms (cache hit)
650 silly fetch manifest @babel/core@^7.0.0
651 silly placeDep ROOT @babel/generator@7.29.1 OK for: @babel/core@7.29.0 want: ^7.29.0
652 silly placeDep ROOT @babel/helper-compilation-targets@7.28.6 OK for: @babel/core@7.29.0 want: ^7.28.6
653 silly placeDep ROOT @babel/helper-module-transforms@7.28.6 OK for: @babel/core@7.29.0 want: ^7.28.6
654 silly placeDep ROOT @babel/helpers@7.28.6 OK for: @babel/core@7.29.0 want: ^7.28.6
655 silly placeDep ROOT @babel/parser@7.29.0 OK for: @babel/core@7.29.0 want: ^7.29.0
656 silly placeDep ROOT @babel/template@7.28.6 OK for: @babel/core@7.29.0 want: ^7.28.6
657 silly placeDep ROOT @babel/traverse@7.29.0 OK for: @babel/core@7.29.0 want: ^7.29.0
658 silly placeDep ROOT @babel/types@7.29.0 OK for: @babel/core@7.29.0 want: ^7.29.0
659 silly placeDep ROOT @jridgewell/remapping@2.3.5 OK for: @babel/core@7.29.0 want: ^2.3.5
660 silly placeDep ROOT convert-source-map@2.0.0 OK for: @babel/core@7.29.0 want: ^2.0.0
661 silly placeDep ROOT gensync@1.0.0-beta.2 OK for: @babel/core@7.29.0 want: ^1.0.0-beta.2
662 silly placeDep ROOT json5@2.2.3 OK for: @babel/core@7.29.0 want: ^2.2.3
663 silly placeDep ROOT semver@6.3.1 OK for: @babel/core@7.29.0 want: ^6.3.1
664 silly fetch manifest jsesc@^3.0.2
665 silly fetch manifest @jridgewell/gen-mapping@^0.3.12
666 silly fetch manifest @jridgewell/trace-mapping@^0.3.28
667 silly fetch manifest lru-cache@^5.1.1
668 silly fetch manifest browserslist@^4.24.0
669 silly fetch manifest @babel/compat-data@^7.28.6
670 silly fetch manifest @babel/helper-validator-option@^7.27.1
671 silly fetch manifest @babel/traverse@^7.28.6
672 silly fetch manifest @babel/helper-module-imports@^7.28.6
673 silly fetch manifest @babel/types@^7.28.6
674 silly fetch manifest @babel/helper-globals@^7.28.0
675 silly fetch manifest @babel/helper-string-parser@^7.27.1
676 silly fetch manifest @jridgewell/gen-mapping@^0.3.5
677 http fetch GET 200 https://registry.npmjs.org/jsesc 6ms (cache hit)
678 silly fetch manifest @jridgewell/trace-mapping@^0.3.24
679 http fetch GET 200 https://registry.npmjs.org/@jridgewell%2fgen-mapping 6ms (cache hit)
680 http fetch GET 200 https://registry.npmjs.org/@jridgewell%2ftrace-mapping 7ms (cache hit)
681 http fetch GET 200 https://registry.npmjs.org/@babel%2fhelper-validator-option 6ms (cache hit)
682 http fetch GET 200 https://registry.npmjs.org/lru-cache 7ms (cache hit)
683 http fetch GET 200 https://registry.npmjs.org/@babel%2fcompat-data 9ms (cache hit)
684 http fetch GET 200 https://registry.npmjs.org/@jridgewell%2fgen-mapping 10ms (cache hit)
685 http fetch GET 200 https://registry.npmjs.org/@babel%2fhelper-module-imports 10ms (cache hit)
686 http fetch GET 200 https://registry.npmjs.org/@babel%2fhelper-globals 11ms (cache hit)
687 http fetch GET 200 https://registry.npmjs.org/@babel%2fhelper-string-parser 11ms (cache hit)
688 http fetch GET 200 https://registry.npmjs.org/@jridgewell%2ftrace-mapping 7ms (cache hit)
689 silly placeDep ROOT @jridgewell/gen-mapping@0.3.13 OK for: @babel/generator@7.29.1 want: ^0.3.12
690 silly placeDep ROOT @jridgewell/trace-mapping@0.3.31 OK for: @babel/generator@7.29.1 want: ^0.3.28
691 silly placeDep ROOT jsesc@3.1.0 OK for: @babel/generator@7.29.1 want: ^3.0.2
692 silly fetch manifest @jridgewell/sourcemap-codec@^1.5.0
693 silly fetch manifest @jridgewell/resolve-uri@^3.1.0
694 silly fetch manifest @jridgewell/sourcemap-codec@^1.4.14
695 http fetch GET 200 https://registry.npmjs.org/@jridgewell%2fsourcemap-codec 4ms (cache hit)
696 http fetch GET 200 https://registry.npmjs.org/@jridgewell%2fresolve-uri 5ms (cache hit)
697 http fetch GET 200 https://registry.npmjs.org/@jridgewell%2fsourcemap-codec 5ms (cache hit)
698 silly placeDep ROOT @babel/compat-data@7.29.0 OK for: @babel/helper-compilation-targets@7.28.6 want: ^7.28.6
699 silly placeDep ROOT @babel/helper-validator-option@7.27.1 OK for: @babel/helper-compilation-targets@7.28.6 want: ^7.27.1
700 silly placeDep ROOT browserslist@4.28.1 OK for: @babel/helper-compilation-targets@7.28.6 want: ^4.24.0
701 silly placeDep ROOT lru-cache@5.1.1 OK for: @babel/helper-compilation-targets@7.28.6 want: ^5.1.1
702 silly fetch manifest baseline-browser-mapping@^2.9.0
703 silly fetch manifest caniuse-lite@^1.0.30001759
704 silly fetch manifest electron-to-chromium@^1.5.263
705 silly fetch manifest node-releases@^2.0.27
706 silly fetch manifest update-browserslist-db@^1.2.0
707 silly fetch manifest yallist@^3.0.2
708 http fetch GET 200 https://registry.npmjs.org/update-browserslist-db 2ms (cache hit)
709 http fetch GET 200 https://registry.npmjs.org/yallist 2ms (cache hit)
710 http fetch GET 200 https://registry.npmjs.org/node-releases 3ms (cache hit)
711 http fetch GET 200 https://registry.npmjs.org/baseline-browser-mapping 4ms (cache hit)
712 http fetch GET 200 https://registry.npmjs.org/electron-to-chromium 8ms (cache hit)
713 silly placeDep ROOT @babel/helper-module-imports@7.28.6 OK for: @babel/helper-module-transforms@7.28.6 want: ^7.28.6
714 silly placeDep ROOT @babel/helper-plugin-utils@7.28.6 OK for: @babel/plugin-transform-react-jsx-self@7.27.1 want: ^7.27.1
715 silly placeDep ROOT @babel/helper-globals@7.28.0 OK for: @babel/traverse@7.29.0 want: ^7.28.0
716 silly placeDep ROOT @babel/helper-string-parser@7.27.1 OK for: @babel/types@7.29.0 want: ^7.27.1
717 silly placeDep ROOT @jridgewell/sourcemap-codec@1.5.5 OK for: @jridgewell/gen-mapping@0.3.13 want: ^1.5.0
718 silly placeDep ROOT @jridgewell/resolve-uri@3.1.2 OK for: @jridgewell/trace-mapping@0.3.31 want: ^3.1.0
719 silly placeDep ROOT @types/babel__generator@7.27.0 OK for: @types/babel__core@7.20.5 want: *
720 silly placeDep ROOT @types/babel__template@7.4.4 OK for: @types/babel__core@7.20.5 want: *
721 silly placeDep ROOT @types/babel__traverse@7.28.0 OK for: @types/babel__core@7.20.5 want: *
722 silly placeDep ROOT dequal@2.0.3 OK for: aria-query@5.3.0 want: ^2.0.3
723 silly placeDep ROOT caniuse-lite@1.0.30001770 OK for: autoprefixer@10.4.24 want: ^1.0.30001766
724 silly placeDep ROOT fraction.js@5.3.4 OK for: autoprefixer@10.4.24 want: ^5.3.4
725 silly placeDep ROOT postcss-value-parser@4.2.0 OK for: autoprefixer@10.4.24 want: ^4.2.0
726 silly fetch manifest browserslist@>= 4.21.0
727 silly placeDep ROOT baseline-browser-mapping@2.10.0 OK for: browserslist@4.28.1 want: ^2.9.0
728 silly placeDep ROOT electron-to-chromium@1.5.302 OK for: browserslist@4.28.1 want: ^1.5.263
729 silly placeDep ROOT node-releases@2.0.27 OK for: browserslist@4.28.1 want: ^2.0.27
730 silly placeDep ROOT update-browserslist-db@1.2.3 OK for: browserslist@4.28.1 want: ^1.2.0
731 silly fetch manifest escalade@^3.2.0
732 http fetch GET 200 https://registry.npmjs.org/escalade 1ms (cache hit)
733 silly placeDep ROOT motion-dom@11.18.1 OK for: framer-motion@11.18.2 want: ^11.18.1
734 silly placeDep ROOT motion-utils@11.18.1 OK for: framer-motion@11.18.2 want: ^11.18.1
735 silly placeDep ROOT tslib@2.8.1 OK for: framer-motion@11.18.2 want: ^2.4.0
736 silly fetch manifest bufferutil@^4.0.1
737 http fetch GET 200 https://registry.npmjs.org/bufferutil 1ms (cache hit)
738 silly fetch manifest utf-8-validate@>=5.0.2
739 http fetch GET 200 https://registry.npmjs.org/utf-8-validate 1ms (cache hit)
740 silly placeDep ROOT @types/node@25.3.0 OK for: happy-dom@20.6.3 want: >=20.0.0
741 silly placeDep ROOT @types/whatwg-mimetype@3.0.2 OK for: happy-dom@20.6.3 want: ^3.0.2
742 silly placeDep ROOT @types/ws@8.18.1 OK for: happy-dom@20.6.3 want: ^8.18.1
743 silly placeDep ROOT entities@7.0.1 OK for: happy-dom@20.6.3 want: ^7.0.1
744 silly placeDep ROOT whatwg-mimetype@3.0.0 OK for: happy-dom@20.6.3 want: ^3.0.0
745 silly placeDep ROOT ws@8.19.0 OK for: happy-dom@20.6.3 want: ^8.18.3
746 silly fetch manifest undici-types@~7.18.0
747 http fetch GET 200 https://registry.npmjs.org/undici-types 3ms (cache hit)
748 silly placeDep ROOT undici-types@7.18.2 OK for: @types/node@25.3.0 want: ~7.18.0
749 silly placeDep ROOT yallist@3.1.1 OK for: lru-cache@5.1.1 want: ^3.0.2
750 silly placeDep ROOT nanoid@3.3.11 OK for: postcss@8.5.6 want: ^3.3.11
751 silly placeDep ROOT source-map-js@1.2.1 OK for: postcss@8.5.6 want: ^1.2.1
752 silly placeDep node_modules/pretty-format ansi-styles@5.2.0 OK for: pretty-format@27.5.1 want: ^5.0.0
753 silly placeDep ROOT react-is@17.0.2 OK for: pretty-format@27.5.1 want: ^17.0.1
754 silly placeDep ROOT loose-envify@1.4.0 OK for: react@18.3.1 want: ^1.1.0
755 silly placeDep ROOT scheduler@0.23.2 OK for: react-dom@18.3.1 want: ^0.23.2
756 silly placeDep ROOT indent-string@4.0.0 OK for: redent@3.0.0 want: ^4.0.0
757 silly placeDep ROOT strip-indent@3.0.0 OK for: redent@3.0.0 want: ^3.0.0
758 silly fetch manifest min-indent@^1.0.0
759 http fetch GET 200 https://registry.npmjs.org/min-indent 1ms (cache hit)
760 silly placeDep ROOT min-indent@1.0.1 OK for: strip-indent@3.0.0 want: ^1.0.0
761 silly fetch manifest postcss@^8.4.47
762 silly fetch manifest tsx@^4.8.1
763 http fetch GET 200 https://registry.npmjs.org/tsx 1ms (cache hit)
764 silly fetch manifest yaml@^2.4.2
765 http fetch GET 200 https://registry.npmjs.org/yaml 1ms (cache hit)
766 silly placeDep ROOT @alloc/quick-lru@5.2.0 OK for: tailwindcss@3.4.19 want: ^5.2.0
767 silly placeDep ROOT arg@5.0.2 OK for: tailwindcss@3.4.19 want: ^5.0.2
768 silly placeDep ROOT chokidar@3.6.0 OK for: tailwindcss@3.4.19 want: ^3.6.0
769 silly placeDep ROOT didyoumean@1.2.2 OK for: tailwindcss@3.4.19 want: ^1.2.2
770 silly placeDep ROOT dlv@1.1.3 OK for: tailwindcss@3.4.19 want: ^1.1.3
771 silly placeDep ROOT fast-glob@3.3.3 OK for: tailwindcss@3.4.19 want: ^3.3.2
772 silly placeDep ROOT jiti@1.21.7 OK for: tailwindcss@3.4.19 want: ^1.21.7
773 silly placeDep ROOT lilconfig@3.1.3 OK for: tailwindcss@3.4.19 want: ^3.1.3
774 silly placeDep ROOT micromatch@4.0.8 OK for: tailwindcss@3.4.19 want: ^4.0.8
775 silly placeDep ROOT normalize-path@3.0.0 OK for: tailwindcss@3.4.19 want: ^3.0.0
776 silly placeDep ROOT object-hash@3.0.0 OK for: tailwindcss@3.4.19 want: ^3.0.0
777 silly placeDep ROOT postcss-import@15.1.0 OK for: tailwindcss@3.4.19 want: ^15.1.0
778 silly placeDep ROOT postcss-js@4.1.0 OK for: tailwindcss@3.4.19 want: ^4.0.1
779 silly placeDep ROOT postcss-load-config@6.0.1 OK for: tailwindcss@3.4.19 want: ^4.0.2 || ^5.0 || ^6.0
780 silly placeDep ROOT postcss-nested@6.2.0 OK for: tailwindcss@3.4.19 want: ^6.2.0
781 silly placeDep ROOT postcss-selector-parser@6.1.2 OK for: tailwindcss@3.4.19 want: ^6.1.2
782 silly placeDep ROOT resolve@1.22.11 OK for: tailwindcss@3.4.19 want: ^1.22.8
783 silly placeDep ROOT sucrase@3.35.1 OK for: tailwindcss@3.4.19 want: ^3.35.0
784 silly fetch manifest braces@~3.0.2
785 silly fetch manifest anymatch@~3.1.2
786 silly fetch manifest readdirp@~3.6.0
787 silly fetch manifest glob-parent@~5.1.2
788 silly fetch manifest is-binary-path@~2.1.0
789 silly fetch manifest normalize-path@~3.0.0
790 silly fetch manifest fsevents@~2.3.2
791 silly fetch manifest glob-parent@^5.1.2
792 silly fetch manifest merge2@^1.3.0
793 silly fetch manifest braces@^3.0.3
794 silly fetch manifest picomatch@^2.3.1
795 silly fetch manifest resolve@^1.1.7
796 silly fetch manifest read-cache@^1.0.0
797 silly fetch manifest camelcase-css@^2.0.1
798 silly fetch manifest postcss-selector-parser@^6.1.1
799 silly fetch manifest cssesc@^3.0.0
800 silly fetch manifest util-deprecate@^1.0.2
801 http fetch GET 200 https://registry.npmjs.org/read-cache 3ms (cache hit)
802 silly fetch manifest path-parse@^1.0.7
803 http fetch GET 200 https://registry.npmjs.org/readdirp 5ms (cache hit)
804 silly fetch manifest is-core-module@^2.16.1
805 http fetch GET 200 https://registry.npmjs.org/braces 7ms (cache hit)
806 silly fetch manifest supports-preserve-symlinks-flag@^1.0.0
807 http fetch GET 200 https://registry.npmjs.org/braces 7ms (cache hit)
808 silly fetch manifest commander@^4.0.0
809 http fetch GET 200 https://registry.npmjs.org/is-binary-path 8ms (cache hit)
810 silly fetch manifest lines-and-columns@^1.1.6
811 http fetch GET 200 https://registry.npmjs.org/merge2 8ms (cache hit)
812 silly fetch manifest mz@^2.7.0
813 http fetch GET 200 https://registry.npmjs.org/cssesc 8ms (cache hit)
814 silly fetch manifest pirates@^4.0.1
815 http fetch GET 200 https://registry.npmjs.org/anymatch 9ms (cache hit)
816 silly fetch manifest tinyglobby@^0.2.11
817 silly fetch manifest ts-interface-checker@^0.1.9
818 http fetch GET 200 https://registry.npmjs.org/camelcase-css 9ms (cache hit)
819 http fetch GET 200 https://registry.npmjs.org/util-deprecate 8ms (cache hit)
820 http fetch GET 200 https://registry.npmjs.org/supports-preserve-symlinks-flag 5ms (cache hit)
821 http fetch GET 200 https://registry.npmjs.org/path-parse 8ms (cache hit)
822 http fetch GET 200 https://registry.npmjs.org/is-core-module 7ms (cache hit)
823 http fetch GET 200 https://registry.npmjs.org/commander 5ms (cache hit)
824 http fetch GET 200 https://registry.npmjs.org/lines-and-columns 7ms (cache hit)
825 http fetch GET 200 https://registry.npmjs.org/pirates 6ms (cache hit)
826 http fetch GET 200 https://registry.npmjs.org/mz 7ms (cache hit)
827 http fetch GET 200 https://registry.npmjs.org/ts-interface-checker 6ms (cache hit)
828 silly placeDep ROOT anymatch@3.1.3 OK for: chokidar@3.6.0 want: ~3.1.2
829 silly placeDep ROOT braces@3.0.3 OK for: chokidar@3.6.0 want: ~3.0.2
830 silly placeDep ROOT fsevents@2.3.3 OK for: chokidar@3.6.0 want: ~2.3.2
831 silly placeDep node_modules/chokidar glob-parent@5.1.2 OK for: chokidar@3.6.0 want: ~5.1.2
832 silly placeDep ROOT is-binary-path@2.1.0 OK for: chokidar@3.6.0 want: ~2.1.0
833 silly placeDep ROOT readdirp@3.6.0 OK for: chokidar@3.6.0 want: ~3.6.0
834 silly fetch manifest picomatch@^2.0.4
835 silly fetch manifest fill-range@^7.1.1
836 silly fetch manifest binary-extensions@^2.0.0
837 silly fetch manifest picomatch@^2.2.1
838 http fetch GET 200 https://registry.npmjs.org/fill-range 2ms (cache hit)
839 http fetch GET 200 https://registry.npmjs.org/binary-extensions 2ms (cache hit)
840 silly placeDep ROOT picomatch@2.3.1 OK for: anymatch@3.1.3 want: ^2.0.4
841 silly placeDep ROOT fill-range@7.1.1 OK for: braces@3.0.3 want: ^7.1.1
842 silly fetch manifest to-regex-range@^5.0.1
843 http fetch GET 200 https://registry.npmjs.org/to-regex-range 1ms (cache hit)
844 silly placeDep node_modules/fast-glob glob-parent@5.1.2 OK for: fast-glob@3.3.3 want: ^5.1.2
845 silly placeDep ROOT merge2@1.4.1 OK for: fast-glob@3.3.3 want: ^1.3.0
846 silly placeDep ROOT to-regex-range@5.0.1 OK for: fill-range@7.1.1 want: ^5.0.1
847 silly fetch manifest is-number@^7.0.0
848 http fetch GET 200 https://registry.npmjs.org/is-number 1ms (cache hit)
849 silly placeDep ROOT binary-extensions@2.3.0 OK for: is-binary-path@2.1.0 want: ^2.0.0
850 silly placeDep ROOT read-cache@1.0.0 OK for: postcss-import@15.1.0 want: ^1.0.0
851 silly fetch manifest pify@^2.3.0
852 http fetch GET 200 https://registry.npmjs.org/pify 1ms (cache hit)
853 silly placeDep ROOT camelcase-css@2.0.1 OK for: postcss-js@4.1.0 want: ^2.0.1
854 silly placeDep ROOT cssesc@3.0.0 OK for: postcss-selector-parser@6.1.2 want: ^3.0.0
855 silly placeDep ROOT util-deprecate@1.0.2 OK for: postcss-selector-parser@6.1.2 want: ^1.0.2
856 silly placeDep ROOT pify@2.3.0 OK for: read-cache@1.0.0 want: ^2.3.0
857 silly placeDep ROOT is-core-module@2.16.1 OK for: resolve@1.22.11 want: ^2.16.1
858 silly placeDep ROOT path-parse@1.0.7 OK for: resolve@1.22.11 want: ^1.0.7
859 silly placeDep ROOT supports-preserve-symlinks-flag@1.0.0 OK for: resolve@1.22.11 want: ^1.0.0
860 silly fetch manifest hasown@^2.0.2
861 http fetch GET 200 https://registry.npmjs.org/hasown 2ms (cache hit)
862 silly placeDep ROOT hasown@2.0.2 OK for: is-core-module@2.16.1 want: ^2.0.2
863 silly fetch manifest function-bind@^1.1.2
864 http fetch GET 200 https://registry.npmjs.org/function-bind 1ms (cache hit)
865 silly placeDep ROOT function-bind@1.1.2 OK for: hasown@2.0.2 want: ^1.1.2
866 silly placeDep ROOT commander@4.1.1 OK for: sucrase@3.35.1 want: ^4.0.0
867 silly placeDep ROOT lines-and-columns@1.2.4 OK for: sucrase@3.35.1 want: ^1.1.6
868 silly placeDep ROOT mz@2.7.0 OK for: sucrase@3.35.1 want: ^2.7.0
869 silly placeDep ROOT pirates@4.0.7 OK for: sucrase@3.35.1 want: ^4.0.1
870 silly placeDep ROOT tinyglobby@0.2.15 OK for: sucrase@3.35.1 want: ^0.2.11
871 silly placeDep ROOT ts-interface-checker@0.1.13 OK for: sucrase@3.35.1 want: ^0.1.9
872 silly fetch manifest any-promise@^1.0.0
873 silly fetch manifest object-assign@^4.0.1
874 silly fetch manifest thenify-all@^1.0.0
875 silly fetch manifest fdir@^6.5.0
876 http fetch GET 200 https://registry.npmjs.org/any-promise 1ms (cache hit)
877 http fetch GET 200 https://registry.npmjs.org/object-assign 1ms (cache hit)
878 http fetch GET 200 https://registry.npmjs.org/fdir 2ms (cache hit)
879 http fetch GET 200 https://registry.npmjs.org/thenify-all 2ms (cache hit)
880 silly placeDep ROOT any-promise@1.3.0 OK for: mz@2.7.0 want: ^1.0.0
881 silly placeDep ROOT object-assign@4.1.1 OK for: mz@2.7.0 want: ^4.0.1
882 silly placeDep ROOT thenify-all@1.6.0 OK for: mz@2.7.0 want: ^1.0.0
883 silly fetch manifest thenify@>= 3.1.0 < 4
884 http fetch GET 200 https://registry.npmjs.org/thenify 1ms (cache hit)
885 silly placeDep ROOT thenify@3.3.1 OK for: thenify-all@1.6.0 want: >= 3.1.0 < 4
886 silly placeDep node_modules/tinyglobby fdir@6.5.0 OK for: tinyglobby@0.2.15 want: ^6.5.0
887 silly placeDep node_modules/tinyglobby picomatch@4.0.3 OK for: fdir@6.5.0 want: ^3 || ^4
888 silly placeDep ROOT is-number@7.0.0 OK for: to-regex-range@5.0.1 want: ^7.0.0
889 silly placeDep ROOT escalade@3.2.0 OK for: update-browserslist-db@1.2.3 want: ^3.2.0
890 silly placeDep ROOT esbuild@0.21.5 OK for: vite@5.4.21 want: ^0.21.3
891 silly placeDep ROOT rollup@4.57.1 OK for: vite@5.4.21 want: ^4.20.0
892 silly fetch manifest @esbuild/aix-ppc64@0.21.5
893 silly fetch manifest @esbuild/linux-arm@0.21.5
894 silly fetch manifest @esbuild/linux-x64@0.21.5
895 silly fetch manifest @esbuild/sunos-x64@0.21.5
896 silly fetch manifest @esbuild/win32-x64@0.21.5
897 silly fetch manifest @esbuild/darwin-x64@0.21.5
898 silly fetch manifest @esbuild/linux-ia32@0.21.5
899 silly fetch manifest @esbuild/netbsd-x64@0.21.5
900 silly fetch manifest @esbuild/win32-ia32@0.21.5
901 silly fetch manifest @esbuild/android-arm@0.21.5
902 http fetch GET 200 https://registry.npmjs.org/@esbuild%2flinux-arm 3ms (cache hit)
903 silly fetch manifest @esbuild/android-x64@0.21.5
904 http fetch GET 200 https://registry.npmjs.org/@esbuild%2fwin32-x64 3ms (cache hit)
905 silly fetch manifest @esbuild/freebsd-x64@0.21.5
906 http fetch GET 200 https://registry.npmjs.org/@esbuild%2faix-ppc64 5ms (cache hit)
907 silly fetch manifest @esbuild/linux-arm64@0.21.5
908 http fetch GET 200 https://registry.npmjs.org/@esbuild%2fsunos-x64 4ms (cache hit)
909 silly fetch manifest @esbuild/linux-ppc64@0.21.5
910 http fetch GET 200 https://registry.npmjs.org/@esbuild%2flinux-ia32 5ms (cache hit)
911 silly fetch manifest @esbuild/linux-s390x@0.21.5
912 http fetch GET 200 https://registry.npmjs.org/@esbuild%2flinux-x64 7ms (cache hit)
913 silly fetch manifest @esbuild/openbsd-x64@0.21.5
914 http fetch GET 200 https://registry.npmjs.org/@esbuild%2fnetbsd-x64 6ms (cache hit)
915 silly fetch manifest @esbuild/win32-arm64@0.21.5
916 http fetch GET 200 https://registry.npmjs.org/@esbuild%2fdarwin-x64 9ms (cache hit)
917 silly fetch manifest @esbuild/darwin-arm64@0.21.5
918 http fetch GET 200 https://registry.npmjs.org/@esbuild%2fwin32-ia32 9ms (cache hit)
919 silly fetch manifest @esbuild/android-arm64@0.21.5
920 http fetch GET 200 https://registry.npmjs.org/@esbuild%2fandroid-arm 11ms (cache hit)
921 silly fetch manifest @esbuild/freebsd-arm64@0.21.5
922 http fetch GET 200 https://registry.npmjs.org/@esbuild%2ffreebsd-x64 10ms (cache hit)
923 silly fetch manifest @esbuild/linux-loong64@0.21.5
924 http fetch GET 200 https://registry.npmjs.org/@esbuild%2fandroid-x64 11ms (cache hit)
925 silly fetch manifest @esbuild/linux-riscv64@0.21.5
926 http fetch GET 200 https://registry.npmjs.org/@esbuild%2flinux-arm64 12ms (cache hit)
927 silly fetch manifest @esbuild/linux-mips64el@0.21.5
928 http fetch GET 200 https://registry.npmjs.org/@esbuild%2flinux-s390x 12ms (cache hit)
929 silly fetch manifest @types/estree@1.0.8
930 http fetch GET 200 https://registry.npmjs.org/@esbuild%2fopenbsd-x64 12ms (cache hit)
931 silly fetch manifest @rollup/rollup-darwin-arm64@4.57.1
932 http fetch GET 200 https://registry.npmjs.org/@esbuild%2flinux-ppc64 14ms (cache hit)
933 silly fetch manifest @rollup/rollup-android-arm64@4.57.1
934 http fetch GET 200 https://registry.npmjs.org/@esbuild%2fdarwin-arm64 11ms (cache hit)
935 silly fetch manifest @rollup/rollup-win32-arm64-msvc@4.57.1
936 http fetch GET 200 https://registry.npmjs.org/@esbuild%2fwin32-arm64 14ms (cache hit)
937 silly fetch manifest @rollup/rollup-freebsd-arm64@4.57.1
938 http fetch GET 200 https://registry.npmjs.org/@esbuild%2fandroid-arm64 12ms (cache hit)
939 silly fetch manifest @rollup/rollup-linux-arm64-gnu@4.57.1
940 http fetch GET 200 https://registry.npmjs.org/@esbuild%2ffreebsd-arm64 12ms (cache hit)
941 silly fetch manifest @rollup/rollup-linux-arm64-musl@4.57.1
942 http fetch GET 200 https://registry.npmjs.org/@esbuild%2flinux-riscv64 15ms (cache hit)
943 silly fetch manifest @rollup/rollup-android-arm-eabi@4.57.1
944 http fetch GET 200 https://registry.npmjs.org/@types%2festree 14ms (cache hit)
945 silly fetch manifest @rollup/rollup-linux-arm-gnueabihf@4.57.1
946 http fetch GET 200 https://registry.npmjs.org/@rollup%2frollup-darwin-arm64 13ms (cache hit)
947 silly fetch manifest @rollup/rollup-linux-arm-musleabihf@4.57.1
948 http fetch GET 200 https://registry.npmjs.org/@rollup%2frollup-android-arm64 14ms (cache hit)
949 silly fetch manifest @rollup/rollup-win32-ia32-msvc@4.57.1
950 http fetch GET 200 https://registry.npmjs.org/@esbuild%2flinux-mips64el 18ms (cache hit)
951 silly fetch manifest @rollup/rollup-linux-loong64-gnu@4.57.1
952 http fetch GET 200 https://registry.npmjs.org/@esbuild%2flinux-loong64 22ms (cache hit)
953 silly fetch manifest @rollup/rollup-linux-loong64-musl@4.57.1
954 http fetch GET 200 https://registry.npmjs.org/@rollup%2frollup-freebsd-arm64 17ms (cache hit)
955 silly fetch manifest @rollup/rollup-linux-riscv64-gnu@4.57.1
956 http fetch GET 200 https://registry.npmjs.org/@rollup%2frollup-win32-arm64-msvc 19ms (cache hit)
957 silly fetch manifest @rollup/rollup-linux-riscv64-musl@4.57.1
958 http fetch GET 200 https://registry.npmjs.org/@rollup%2frollup-linux-arm64-gnu 23ms (cache hit)
959 silly fetch manifest @rollup/rollup-linux-ppc64-gnu@4.57.1
960 http fetch GET 200 https://registry.npmjs.org/@rollup%2frollup-linux-arm64-musl 23ms (cache hit)
961 silly fetch manifest @rollup/rollup-linux-ppc64-musl@4.57.1
962 http fetch GET 200 https://registry.npmjs.org/@rollup%2frollup-win32-ia32-msvc 22ms (cache hit)
963 silly fetch manifest @rollup/rollup-linux-s390x-gnu@4.57.1
964 http fetch GET 200 https://registry.npmjs.org/@rollup%2frollup-linux-arm-gnueabihf 27ms (cache hit)
965 silly fetch manifest @rollup/rollup-darwin-x64@4.57.1
966 http fetch GET 200 https://registry.npmjs.org/@rollup%2frollup-linux-arm-musleabihf 26ms (cache hit)
967 silly fetch manifest @rollup/rollup-win32-x64-gnu@4.57.1
968 http fetch GET 200 https://registry.npmjs.org/@rollup%2frollup-android-arm-eabi 30ms (cache hit)
969 silly fetch manifest @rollup/rollup-win32-x64-msvc@4.57.1
970 http fetch GET 200 https://registry.npmjs.org/@rollup%2frollup-linux-riscv64-gnu 23ms (cache hit)
971 silly fetch manifest @rollup/rollup-freebsd-x64@4.57.1
972 http fetch GET 200 https://registry.npmjs.org/@rollup%2frollup-linux-loong64-gnu 27ms (cache hit)
973 silly fetch manifest @rollup/rollup-linux-x64-gnu@4.57.1
974 http fetch GET 200 https://registry.npmjs.org/@rollup%2frollup-linux-riscv64-musl 24ms (cache hit)
975 silly fetch manifest @rollup/rollup-linux-x64-musl@4.57.1
976 http fetch GET 200 https://registry.npmjs.org/@rollup%2frollup-linux-loong64-musl 27ms (cache hit)
977 silly fetch manifest @rollup/rollup-openbsd-x64@4.57.1
978 http fetch GET 200 https://registry.npmjs.org/@rollup%2frollup-linux-ppc64-gnu 18ms (cache hit)
979 silly fetch manifest @rollup/rollup-openharmony-arm64@4.57.1
980 http fetch GET 200 https://registry.npmjs.org/@rollup%2frollup-linux-ppc64-musl 16ms (cache hit)
981 http fetch GET 200 https://registry.npmjs.org/@rollup%2frollup-win32-x64-gnu 6ms (cache hit)
982 http fetch GET 200 https://registry.npmjs.org/@rollup%2frollup-darwin-x64 8ms (cache hit)
983 http fetch GET 200 https://registry.npmjs.org/@rollup%2frollup-win32-x64-msvc 7ms (cache hit)
984 http fetch GET 200 https://registry.npmjs.org/@rollup%2frollup-linux-s390x-gnu 12ms (cache hit)
985 http fetch GET 200 https://registry.npmjs.org/@rollup%2frollup-freebsd-x64 8ms (cache hit)
986 http fetch GET 200 https://registry.npmjs.org/@rollup%2frollup-linux-x64-gnu 8ms (cache hit)
987 http fetch GET 200 https://registry.npmjs.org/@rollup%2frollup-openharmony-arm64 7ms (cache hit)
988 http fetch GET 200 https://registry.npmjs.org/@rollup%2frollup-linux-x64-musl 9ms (cache hit)
989 http fetch GET 200 https://registry.npmjs.org/@rollup%2frollup-openbsd-x64 10ms (cache hit)
990 silly placeDep ROOT @esbuild/aix-ppc64@0.21.5 OK for: esbuild@0.21.5 want: 0.21.5
991 silly placeDep ROOT @esbuild/android-arm@0.21.5 OK for: esbuild@0.21.5 want: 0.21.5
992 silly placeDep ROOT @esbuild/android-arm64@0.21.5 OK for: esbuild@0.21.5 want: 0.21.5
993 silly placeDep ROOT @esbuild/android-x64@0.21.5 OK for: esbuild@0.21.5 want: 0.21.5
994 silly placeDep ROOT @esbuild/darwin-arm64@0.21.5 OK for: esbuild@0.21.5 want: 0.21.5
995 silly placeDep ROOT @esbuild/darwin-x64@0.21.5 OK for: esbuild@0.21.5 want: 0.21.5
996 silly placeDep ROOT @esbuild/freebsd-arm64@0.21.5 OK for: esbuild@0.21.5 want: 0.21.5
997 silly placeDep ROOT @esbuild/freebsd-x64@0.21.5 OK for: esbuild@0.21.5 want: 0.21.5
998 silly placeDep ROOT @esbuild/linux-arm@0.21.5 OK for: esbuild@0.21.5 want: 0.21.5
999 silly placeDep ROOT @esbuild/linux-arm64@0.21.5 OK for: esbuild@0.21.5 want: 0.21.5
1000 silly placeDep ROOT @esbuild/linux-ia32@0.21.5 OK for: esbuild@0.21.5 want: 0.21.5
1001 silly placeDep ROOT @esbuild/linux-loong64@0.21.5 OK for: esbuild@0.21.5 want: 0.21.5
1002 silly placeDep ROOT @esbuild/linux-mips64el@0.21.5 OK for: esbuild@0.21.5 want: 0.21.5
1003 silly placeDep ROOT @esbuild/linux-ppc64@0.21.5 OK for: esbuild@0.21.5 want: 0.21.5
1004 silly placeDep ROOT @esbuild/linux-riscv64@0.21.5 OK for: esbuild@0.21.5 want: 0.21.5
1005 silly placeDep ROOT @esbuild/linux-s390x@0.21.5 OK for: esbuild@0.21.5 want: 0.21.5
1006 silly placeDep ROOT @esbuild/linux-x64@0.21.5 OK for: esbuild@0.21.5 want: 0.21.5
1007 silly placeDep ROOT @esbuild/netbsd-x64@0.21.5 OK for: esbuild@0.21.5 want: 0.21.5
1008 silly placeDep ROOT @esbuild/openbsd-x64@0.21.5 OK for: esbuild@0.21.5 want: 0.21.5
1009 silly placeDep ROOT @esbuild/sunos-x64@0.21.5 OK for: esbuild@0.21.5 want: 0.21.5
1010 silly placeDep ROOT @esbuild/win32-arm64@0.21.5 OK for: esbuild@0.21.5 want: 0.21.5
1011 silly placeDep ROOT @esbuild/win32-ia32@0.21.5 OK for: esbuild@0.21.5 want: 0.21.5
1012 silly placeDep ROOT @esbuild/win32-x64@0.21.5 OK for: esbuild@0.21.5 want: 0.21.5
1013 silly placeDep ROOT @rollup/rollup-android-arm-eabi@4.57.1 OK for: rollup@4.57.1 want: 4.57.1
1014 silly placeDep ROOT @rollup/rollup-android-arm64@4.57.1 OK for: rollup@4.57.1 want: 4.57.1
1015 silly placeDep ROOT @rollup/rollup-darwin-arm64@4.57.1 OK for: rollup@4.57.1 want: 4.57.1
1016 silly placeDep ROOT @rollup/rollup-darwin-x64@4.57.1 OK for: rollup@4.57.1 want: 4.57.1
1017 silly placeDep ROOT @rollup/rollup-freebsd-arm64@4.57.1 OK for: rollup@4.57.1 want: 4.57.1
1018 silly placeDep ROOT @rollup/rollup-freebsd-x64@4.57.1 OK for: rollup@4.57.1 want: 4.57.1
1019 silly placeDep ROOT @rollup/rollup-linux-arm-gnueabihf@4.57.1 OK for: rollup@4.57.1 want: 4.57.1
1020 silly placeDep ROOT @rollup/rollup-linux-arm-musleabihf@4.57.1 OK for: rollup@4.57.1 want: 4.57.1
1021 silly placeDep ROOT @rollup/rollup-linux-arm64-gnu@4.57.1 OK for: rollup@4.57.1 want: 4.57.1
1022 silly placeDep ROOT @rollup/rollup-linux-arm64-musl@4.57.1 OK for: rollup@4.57.1 want: 4.57.1
1023 silly placeDep ROOT @rollup/rollup-linux-loong64-gnu@4.57.1 OK for: rollup@4.57.1 want: 4.57.1
1024 silly placeDep ROOT @rollup/rollup-linux-loong64-musl@4.57.1 OK for: rollup@4.57.1 want: 4.57.1
1025 silly placeDep ROOT @rollup/rollup-linux-ppc64-gnu@4.57.1 OK for: rollup@4.57.1 want: 4.57.1
1026 silly placeDep ROOT @rollup/rollup-linux-ppc64-musl@4.57.1 OK for: rollup@4.57.1 want: 4.57.1
1027 silly placeDep ROOT @rollup/rollup-linux-riscv64-gnu@4.57.1 OK for: rollup@4.57.1 want: 4.57.1
1028 silly placeDep ROOT @rollup/rollup-linux-riscv64-musl@4.57.1 OK for: rollup@4.57.1 want: 4.57.1
1029 silly placeDep ROOT @rollup/rollup-linux-s390x-gnu@4.57.1 OK for: rollup@4.57.1 want: 4.57.1
1030 silly placeDep ROOT @rollup/rollup-linux-x64-gnu@4.57.1 OK for: rollup@4.57.1 want: 4.57.1
1031 silly placeDep ROOT @rollup/rollup-linux-x64-musl@4.57.1 OK for: rollup@4.57.1 want: 4.57.1
1032 silly placeDep ROOT @rollup/rollup-openbsd-x64@4.57.1 OK for: rollup@4.57.1 want: 4.57.1
1033 silly placeDep ROOT @rollup/rollup-openharmony-arm64@4.57.1 OK for: rollup@4.57.1 want: 4.57.1
1034 silly placeDep ROOT @rollup/rollup-win32-arm64-msvc@4.57.1 OK for: rollup@4.57.1 want: 4.57.1
1035 silly placeDep ROOT @rollup/rollup-win32-ia32-msvc@4.57.1 OK for: rollup@4.57.1 want: 4.57.1
1036 silly placeDep ROOT @rollup/rollup-win32-x64-gnu@4.57.1 OK for: rollup@4.57.1 want: 4.57.1
1037 silly placeDep ROOT @rollup/rollup-win32-x64-msvc@4.57.1 OK for: rollup@4.57.1 want: 4.57.1
1038 silly placeDep ROOT @types/estree@1.0.8 OK for: rollup@4.57.1 want: 1.0.8
1039 silly fetch manifest jiti@>=1.21.0
1040 silly fetch manifest less@^4.0.0
1041 silly fetch manifest sass@^1.70.0
1042 silly fetch manifest sass-embedded@^1.70.0
1043 silly fetch manifest stylus@>=0.54.8
1044 silly fetch manifest sugarss@^5.0.0
1045 silly fetch manifest postcss@^8.3.3
1046 silly fetch manifest terser@^5.16.0
1047 silly fetch manifest msw@^2.4.9
1048 http fetch GET 200 https://registry.npmjs.org/msw 3ms (cache hit)
1049 silly fetch manifest typescript@>= 4.8.x
1050 silly placeDep ROOT @vitest/expect@4.0.18 OK for: vitest@4.0.18 want: 4.0.18
1051 silly placeDep node_modules/vitest @vitest/mocker@4.0.18 OK for: vitest@4.0.18 want: 4.0.18
1052 silly placeDep node_modules/vitest vite@7.3.1 OK for: @vitest/mocker@4.0.18 want: ^6.0.0 || ^7.0.0-0
1053 silly placeDep ROOT @vitest/pretty-format@4.0.18 OK for: vitest@4.0.18 want: 4.0.18
1054 silly placeDep ROOT @vitest/runner@4.0.18 OK for: vitest@4.0.18 want: 4.0.18
1055 silly placeDep ROOT @vitest/snapshot@4.0.18 OK for: vitest@4.0.18 want: 4.0.18
1056 silly placeDep ROOT @vitest/spy@4.0.18 OK for: vitest@4.0.18 want: 4.0.18
1057 silly placeDep ROOT @vitest/utils@4.0.18 OK for: vitest@4.0.18 want: 4.0.18
1058 silly placeDep ROOT es-module-lexer@1.7.0 OK for: vitest@4.0.18 want: ^1.7.0
1059 silly placeDep ROOT expect-type@1.3.0 OK for: vitest@4.0.18 want: ^1.2.2
1060 silly placeDep ROOT magic-string@0.30.21 OK for: vitest@4.0.18 want: ^0.30.21
1061 silly placeDep ROOT obug@2.1.1 OK for: vitest@4.0.18 want: ^2.1.1
1062 silly placeDep ROOT pathe@2.0.3 OK for: vitest@4.0.18 want: ^2.0.3
1063 silly placeDep node_modules/vitest picomatch@4.0.3 OK for: vitest@4.0.18 want: ^4.0.3
1064 silly placeDep ROOT std-env@3.10.0 OK for: vitest@4.0.18 want: ^3.10.0
1065 silly placeDep ROOT tinybench@2.9.0 OK for: vitest@4.0.18 want: ^2.9.0
1066 silly placeDep ROOT tinyexec@1.0.2 OK for: vitest@4.0.18 want: ^1.0.2
1067 silly placeDep ROOT tinyrainbow@3.0.3 OK for: vitest@4.0.18 want: ^3.0.3
1068 silly placeDep ROOT why-is-node-running@2.3.0 OK for: vitest@4.0.18 want: ^2.3.0
1069 silly fetch manifest chai@^6.2.1
1070 silly fetch manifest @types/chai@^5.2.2
1071 silly fetch manifest @standard-schema/spec@^1.0.0
1072 silly fetch manifest estree-walker@^3.0.3
1073 silly fetch manifest esbuild@^0.27.0
1074 silly fetch manifest siginfo@^2.0.0
1075 silly fetch manifest stackback@0.0.2
1076 http fetch GET 200 https://registry.npmjs.org/@standard-schema%2fspec 2ms (cache hit)
1077 http fetch GET 200 https://registry.npmjs.org/chai 3ms (cache hit)
1078 http fetch GET 200 https://registry.npmjs.org/estree-walker 4ms (cache hit)
1079 http fetch GET 200 https://registry.npmjs.org/@types%2fchai 5ms (cache hit)
1080 http fetch GET 200 https://registry.npmjs.org/siginfo 4ms (cache hit)
1081 http fetch GET 200 https://registry.npmjs.org/stackback 4ms (cache hit)
1082 silly placeDep ROOT @standard-schema/spec@1.1.0 OK for: @vitest/expect@4.0.18 want: ^1.0.0
1083 silly placeDep ROOT @types/chai@5.2.3 OK for: @vitest/expect@4.0.18 want: ^5.2.2
1084 silly placeDep ROOT chai@6.2.2 OK for: @vitest/expect@4.0.18 want: ^6.2.1
1085 silly fetch manifest @types/deep-eql@*
1086 silly fetch manifest assertion-error@^2.0.1
1087 http fetch GET 200 https://registry.npmjs.org/assertion-error 1ms (cache hit)
1088 http fetch GET 200 https://registry.npmjs.org/@types%2fdeep-eql 1ms (cache hit)
1089 silly placeDep ROOT @types/deep-eql@4.0.2 OK for: @types/chai@5.2.3 want: *
1090 silly placeDep ROOT assertion-error@2.0.1 OK for: @types/chai@5.2.3 want: ^2.0.1
1091 silly placeDep ROOT siginfo@2.0.0 OK for: why-is-node-running@2.3.0 want: ^2.0.0
1092 silly placeDep ROOT stackback@0.0.2 OK for: why-is-node-running@2.3.0 want: 0.0.2
1093 silly placeDep ROOT estree-walker@3.0.3 OK for: @vitest/mocker@4.0.18 want: ^3.0.3
1094 silly placeDep node_modules/vitest esbuild@0.27.3 OK for: vite@7.3.1 want: ^0.27.0
1095 silly placeDep node_modules/vitest fdir@6.5.0 OK for: vite@7.3.1 want: ^6.5.0
1096 silly fetch manifest @esbuild/aix-ppc64@0.27.3
1097 silly fetch manifest @esbuild/android-arm@0.27.3
1098 silly fetch manifest @esbuild/android-arm64@0.27.3
1099 silly fetch manifest @esbuild/android-x64@0.27.3
1100 silly fetch manifest @esbuild/darwin-arm64@0.27.3
1101 silly fetch manifest @esbuild/darwin-x64@0.27.3
1102 silly fetch manifest @esbuild/freebsd-arm64@0.27.3
1103 silly fetch manifest @esbuild/freebsd-x64@0.27.3
1104 silly fetch manifest @esbuild/linux-arm@0.27.3
1105 silly fetch manifest @esbuild/linux-arm64@0.27.3
1106 silly fetch manifest @esbuild/linux-ia32@0.27.3
1107 silly fetch manifest @esbuild/linux-loong64@0.27.3
1108 silly fetch manifest @esbuild/linux-mips64el@0.27.3
1109 silly fetch manifest @esbuild/linux-ppc64@0.27.3
1110 silly fetch manifest @esbuild/linux-riscv64@0.27.3
1111 silly fetch manifest @esbuild/linux-s390x@0.27.3
1112 silly fetch manifest @esbuild/linux-x64@0.27.3
1113 silly fetch manifest @esbuild/netbsd-arm64@0.27.3
1114 silly fetch manifest @esbuild/netbsd-x64@0.27.3
1115 silly fetch manifest @esbuild/openbsd-arm64@0.27.3
1116 silly fetch manifest @esbuild/openbsd-x64@0.27.3
1117 silly fetch manifest @esbuild/openharmony-arm64@0.27.3
1118 silly fetch manifest @esbuild/sunos-x64@0.27.3
1119 silly fetch manifest @esbuild/win32-arm64@0.27.3
1120 silly fetch manifest @esbuild/win32-ia32@0.27.3
1121 silly fetch manifest @esbuild/win32-x64@0.27.3
1122 http fetch GET 200 https://registry.npmjs.org/@esbuild%2fopenbsd-arm64 4ms (cache hit)
1123 http fetch GET 200 https://registry.npmjs.org/@esbuild%2fnetbsd-arm64 4ms (cache hit)
1124 http fetch GET 200 https://registry.npmjs.org/@esbuild%2fopenharmony-arm64 3ms (cache hit)
1125 silly placeDep node_modules/vitest @esbuild/aix-ppc64@0.27.3 OK for: esbuild@0.27.3 want: 0.27.3
1126 silly placeDep node_modules/vitest @esbuild/android-arm@0.27.3 OK for: esbuild@0.27.3 want: 0.27.3
1127 silly placeDep node_modules/vitest @esbuild/android-arm64@0.27.3 OK for: esbuild@0.27.3 want: 0.27.3
1128 silly placeDep node_modules/vitest @esbuild/android-x64@0.27.3 OK for: esbuild@0.27.3 want: 0.27.3
1129 silly placeDep node_modules/vitest @esbuild/darwin-arm64@0.27.3 OK for: esbuild@0.27.3 want: 0.27.3
1130 silly placeDep node_modules/vitest @esbuild/darwin-x64@0.27.3 OK for: esbuild@0.27.3 want: 0.27.3
1131 silly placeDep node_modules/vitest @esbuild/freebsd-arm64@0.27.3 OK for: esbuild@0.27.3 want: 0.27.3
1132 silly placeDep node_modules/vitest @esbuild/freebsd-x64@0.27.3 OK for: esbuild@0.27.3 want: 0.27.3
1133 silly placeDep node_modules/vitest @esbuild/linux-arm@0.27.3 OK for: esbuild@0.27.3 want: 0.27.3
1134 silly placeDep node_modules/vitest @esbuild/linux-arm64@0.27.3 OK for: esbuild@0.27.3 want: 0.27.3
1135 silly placeDep node_modules/vitest @esbuild/linux-ia32@0.27.3 OK for: esbuild@0.27.3 want: 0.27.3
1136 silly placeDep node_modules/vitest @esbuild/linux-loong64@0.27.3 OK for: esbuild@0.27.3 want: 0.27.3
1137 silly placeDep node_modules/vitest @esbuild/linux-mips64el@0.27.3 OK for: esbuild@0.27.3 want: 0.27.3
1138 silly placeDep node_modules/vitest @esbuild/linux-ppc64@0.27.3 OK for: esbuild@0.27.3 want: 0.27.3
1139 silly placeDep node_modules/vitest @esbuild/linux-riscv64@0.27.3 OK for: esbuild@0.27.3 want: 0.27.3
1140 silly placeDep node_modules/vitest @esbuild/linux-s390x@0.27.3 OK for: esbuild@0.27.3 want: 0.27.3
1141 silly placeDep node_modules/vitest @esbuild/linux-x64@0.27.3 OK for: esbuild@0.27.3 want: 0.27.3
1142 silly placeDep ROOT @esbuild/netbsd-arm64@0.27.3 OK for: esbuild@0.27.3 want: 0.27.3
1143 silly placeDep node_modules/vitest @esbuild/netbsd-x64@0.27.3 OK for: esbuild@0.27.3 want: 0.27.3
1144 silly placeDep ROOT @esbuild/openbsd-arm64@0.27.3 OK for: esbuild@0.27.3 want: 0.27.3
1145 silly placeDep node_modules/vitest @esbuild/openbsd-x64@0.27.3 OK for: esbuild@0.27.3 want: 0.27.3
1146 silly placeDep ROOT @esbuild/openharmony-arm64@0.27.3 OK for: esbuild@0.27.3 want: 0.27.3
1147 silly placeDep node_modules/vitest @esbuild/sunos-x64@0.27.3 OK for: esbuild@0.27.3 want: 0.27.3
1148 silly placeDep node_modules/vitest @esbuild/win32-arm64@0.27.3 OK for: esbuild@0.27.3 want: 0.27.3
1149 silly placeDep node_modules/vitest @esbuild/win32-ia32@0.27.3 OK for: esbuild@0.27.3 want: 0.27.3
1150 silly placeDep node_modules/vitest @esbuild/win32-x64@0.27.3 OK for: esbuild@0.27.3 want: 0.27.3
1151 warn EBADENGINE Unsupported engine {
1151 warn EBADENGINE   package: 'vite@7.3.1',
1151 warn EBADENGINE   required: { node: '^20.19.0 || >=22.12.0' },
1151 warn EBADENGINE   current: { node: 'v22.2.0', npm: '10.7.0' }
1151 warn EBADENGINE }
1152 silly reify moves {}
1153 verbose stack Error: EPERM: operation not permitted, mkdir '/Users/salurdesign/Documents/UX/CompliHub360/plattform/complihub360-alpha/node_modules/eslint'
1153 verbose stack     at async mkdir (node:internal/fs/promises:863:10)
1153 verbose stack     at async /opt/homebrew/lib/node_modules/npm/node_modules/@npmcli/arborist/lib/arborist/reify.js:624:20
1153 verbose stack     at async Promise.allSettled (index 0)
1153 verbose stack     at async [reifyPackages] (/opt/homebrew/lib/node_modules/npm/node_modules/@npmcli/arborist/lib/arborist/reify.js:325:11)
1153 verbose stack     at async Arborist.reify (/opt/homebrew/lib/node_modules/npm/node_modules/@npmcli/arborist/lib/arborist/reify.js:142:5)
1153 verbose stack     at async Install.exec (/opt/homebrew/lib/node_modules/npm/lib/commands/install.js:150:5)
1153 verbose stack     at async module.exports (/opt/homebrew/lib/node_modules/npm/lib/cli/entry.js:74:5)
1154 verbose cwd /Users/salurdesign/Documents/UX/CompliHub360/plattform/complihub360-alpha
1155 verbose Darwin 25.0.0
1156 verbose node v22.2.0
1157 verbose npm  v10.7.0
1158 error code EPERM
1159 error syscall mkdir
1160 error path /Users/salurdesign/Documents/UX/CompliHub360/plattform/complihub360-alpha/node_modules/eslint
1161 error errno -1
1162 error Error: EPERM: operation not permitted, mkdir '/Users/salurdesign/Documents/UX/CompliHub360/plattform/complihub360-alpha/node_modules/eslint'
1162 error     at async mkdir (node:internal/fs/promises:863:10)
1162 error     at async /opt/homebrew/lib/node_modules/npm/node_modules/@npmcli/arborist/lib/arborist/reify.js:624:20
1162 error     at async Promise.allSettled (index 0)
1162 error     at async [reifyPackages] (/opt/homebrew/lib/node_modules/npm/node_modules/@npmcli/arborist/lib/arborist/reify.js:325:11)
1162 error     at async Arborist.reify (/opt/homebrew/lib/node_modules/npm/node_modules/@npmcli/arborist/lib/arborist/reify.js:142:5)
1162 error     at async Install.exec (/opt/homebrew/lib/node_modules/npm/lib/commands/install.js:150:5)
1162 error     at async module.exports (/opt/homebrew/lib/node_modules/npm/lib/cli/entry.js:74:5) {
1162 error   errno: -1,
1162 error   code: 'EPERM',
1162 error   syscall: 'mkdir',
1162 error   path: '/Users/salurdesign/Documents/UX/CompliHub360/plattform/complihub360-alpha/node_modules/eslint'
1162 error }
1163 error
1163 error The operation was rejected by your operating system.
1163 error It is likely you do not have the permissions to access this file as the current user
1163 error
1163 error If you believe this might be a permissions issue, please double-check the
1163 error permissions of the file and its containing directories, or try running
1163 error the command again as root/Administrator.
1164 verbose exit -1
1165 verbose code -1
1166 silly unfinished npm timer reify 1771584501590
1167 silly unfinished npm timer reify:createSparse 1771584503023
1168 error A complete log of this run can be found in: /Users/salurdesign/Documents/UX/CompliHub360/plattform/complihub360-alpha/.npm-cache/_logs/2026-02-20T10_48_21_424Z-debug-0.log
