0 verbose cli /opt/homebrew/Cellar/node/22.2.0/bin/node /opt/homebrew/bin/npm
1 info using npm@10.7.0
2 info using node@v22.2.0
3 silly config:load:file:/opt/homebrew/lib/node_modules/npm/npmrc
4 silly config:load:file:/Users/salurdesign/Documents/UX/CompliHub360/plattform/complihub360-alpha/.npmrc
5 silly config:load:file:/Users/salurdesign/.npmrc
6 silly config:load:file:/opt/homebrew/etc/npmrc
7 verbose title npm install
8 verbose argv "install" "--cache" "./.npm-cache"
9 verbose logfile logs-max:10 dir:/Users/salurdesign/Documents/UX/CompliHub360/plattform/complihub360-alpha/.npm-cache/_logs/2026-02-20T10_47_21_625Z-
10 verbose logfile /Users/salurdesign/Documents/UX/CompliHub360/plattform/complihub360-alpha/.npm-cache/_logs/2026-02-20T10_47_21_625Z-debug-0.log
11 silly logfile done cleaning log files
12 silly idealTree buildDeps
13 silly fetch manifest eslint@^8.56.0
14 http fetch GET 200 https://registry.npmjs.org/npm 187ms
15 http fetch GET 200 https://registry.npmjs.org/eslint 197ms (cache miss)
16 silly fetch manifest prettier@^3.2.4
17 http fetch GET 200 https://registry.npmjs.org/prettier 56ms (cache miss)
18 silly fetch manifest typescript@^5.3.3
19 http fetch GET 200 https://registry.npmjs.org/typescript 312ms (cache miss)
20 silly placeDep ROOT @complihub/agent-core@0.1.0 OK for: complihub360-alpha@0.1.0 want: file:/Users/salurdesign/Documents/UX/CompliHub360/plattform/complihub360-alpha/packages/agent-core
21 silly placeDep ROOT @complihub360/types@0.1.0 OK for: complihub360-alpha@0.1.0 want: file:/Users/salurdesign/Documents/UX/CompliHub360/plattform/complihub360-alpha/packages/types
22 silly placeDep ROOT @complihub360/ui@0.1.0 OK for: complihub360-alpha@0.1.0 want: file:/Users/salurdesign/Documents/UX/CompliHub360/plattform/complihub360-alpha/ui/design-system
23 silly placeDep ROOT eslint@8.57.1 OK for: complihub360-alpha@0.1.0 want: ^8.56.0
24 silly placeDep ROOT prettier@3.8.1 OK for: complihub360-alpha@0.1.0 want: ^3.2.4
25 silly placeDep ROOT typescript@5.9.3 OK for: complihub360-alpha@0.1.0 want: ^5.3.3
26 silly fetch manifest ajv@^6.12.4
27 silly fetch manifest levn@^0.4.1
28 silly fetch manifest chalk@^4.0.0
29 silly fetch manifest debug@^4.3.2
30 silly fetch manifest espree@^9.6.1
31 silly fetch manifest ignore@^5.2.0
32 silly fetch manifest esquery@^1.4.2
33 silly fetch manifest esutils@^2.0.2
34 silly fetch manifest find-up@^5.0.0
35 silly fetch manifest globals@^13.19.0
36 http fetch GET 200 https://registry.npmjs.org/levn 55ms (cache miss)
37 silly fetch manifest is-glob@^4.0.0
38 http fetch GET 200 https://registry.npmjs.org/ajv 57ms (cache miss)
39 silly fetch manifest js-yaml@^4.1.0
40 http fetch GET 200 https://registry.npmjs.org/debug 117ms (cache miss)
41 silly fetch manifest doctrine@^3.0.0
42 http fetch GET 200 https://registry.npmjs.org/espree 120ms (cache miss)
43 silly fetch manifest graphemer@^1.4.0
44 http fetch GET 200 https://registry.npmjs.org/is-glob 69ms (cache miss)
45 silly fetch manifest minimatch@^3.1.2
46 http fetch GET 200 https://registry.npmjs.org/js-yaml 66ms (cache miss)
47 silly fetch manifest @eslint/js@8.57.1
48 http fetch GET 200 https://registry.npmjs.org/find-up 129ms (cache miss)
49 silly fetch manifest optionator@^0.9.3
50 http fetch GET 200 https://registry.npmjs.org/chalk 132ms (cache miss)
51 silly fetch manifest strip-ansi@^6.0.1
52 http fetch GET 200 https://registry.npmjs.org/esquery 136ms (cache miss)
53 silly fetch manifest text-table@^0.2.0
54 http fetch GET 200 https://registry.npmjs.org/globals 137ms (cache miss)
55 silly fetch manifest cross-spawn@^7.0.2
56 http fetch GET 200 https://registry.npmjs.org/ignore 148ms (cache miss)
57 silly fetch manifest glob-parent@^6.0.2
58 http fetch GET 200 https://registry.npmjs.org/esutils 152ms (cache miss)
59 silly fetch manifest imurmurhash@^0.1.4
60 http fetch GET 200 https://registry.npmjs.org/doctrine 38ms (cache miss)
61 silly fetch manifest eslint-scope@^7.2.2
62 http fetch GET 200 https://registry.npmjs.org/optionator 43ms (cache miss)
63 silly fetch manifest lodash.merge@^4.6.2
64 http fetch GET 200 https://registry.npmjs.org/text-table 39ms (cache miss)
65 silly fetch manifest is-path-inside@^3.0.3
66 http fetch GET 200 https://registry.npmjs.org/minimatch 51ms (cache miss)
67 silly fetch manifest fast-deep-equal@^3.1.3
68 http fetch GET 200 https://registry.npmjs.org/strip-ansi 45ms (cache miss)
69 silly fetch manifest natural-compare@^1.4.0
70 http fetch GET 200 https://registry.npmjs.org/graphemer 67ms (cache miss)
71 silly fetch manifest @eslint/eslintrc@^2.1.4
72 http fetch GET 200 https://registry.npmjs.org/glob-parent 46ms (cache miss)
73 silly fetch manifest @nodelib/fs.walk@^1.2.8
74 http fetch GET 200 https://registry.npmjs.org/imurmurhash 47ms (cache miss)
75 silly fetch manifest file-entry-cache@^6.0.1
76 http fetch GET 200 https://registry.npmjs.org/eslint-scope 51ms (cache miss)
77 silly fetch manifest eslint-visitor-keys@^3.4.3
78 http fetch GET 200 https://registry.npmjs.org/is-path-inside 34ms (cache miss)
79 silly fetch manifest escape-string-regexp@^4.0.0
80 http fetch GET 200 https://registry.npmjs.org/lodash.merge 39ms (cache miss)
81 silly fetch manifest @ungap/structured-clone@^1.2.0
82 http fetch GET 200 https://registry.npmjs.org/natural-compare 42ms (cache miss)
83 silly fetch manifest @eslint-community/regexpp@^4.6.1
84 http fetch GET 200 https://registry.npmjs.org/fast-deep-equal 45ms (cache miss)
85 silly fetch manifest @humanwhocodes/config-array@^0.13.0
86 http fetch GET 200 https://registry.npmjs.org/cross-spawn 85ms (cache miss)
87 silly fetch manifest @eslint-community/eslint-utils@^4.2.0
88 http fetch GET 200 https://registry.npmjs.org/@eslint%2fjs 103ms (cache miss)
89 silly fetch manifest @humanwhocodes/module-importer@^1.0.1
90 http fetch GET 200 https://registry.npmjs.org/file-entry-cache 46ms (cache miss)
91 silly fetch manifest json-stable-stringify-without-jsonify@^1.0.1
92 http fetch GET 200 https://registry.npmjs.org/eslint-visitor-keys 39ms (cache miss)
93 http fetch GET 200 https://registry.npmjs.org/escape-string-regexp 39ms (cache miss)
94 http fetch GET 200 https://registry.npmjs.org/@nodelib%2ffs.walk 63ms (cache miss)
95 http fetch GET 200 https://registry.npmjs.org/@ungap%2fstructured-clone 52ms (cache miss)
96 http fetch GET 200 https://registry.npmjs.org/@eslint%2feslintrc 93ms (cache miss)
97 http fetch GET 200 https://registry.npmjs.org/@humanwhocodes%2fconfig-array 60ms (cache miss)
98 http fetch GET 200 https://registry.npmjs.org/json-stable-stringify-without-jsonify 39ms (cache miss)
99 http fetch GET 200 https://registry.npmjs.org/@eslint-community%2fregexpp 73ms (cache miss)
100 http fetch GET 200 https://registry.npmjs.org/@humanwhocodes%2fmodule-importer 68ms (cache miss)
101 http fetch GET 200 https://registry.npmjs.org/@eslint-community%2feslint-utils 83ms (cache miss)
102 silly fetch manifest eslint@^6.0.0 || ^7.0.0 || >=8.0.0
103 silly fetch manifest jiti@*
104 http fetch GET 200 https://registry.npmjs.org/jiti 73ms (cache miss)
105 silly placeDep ROOT @eslint-community/eslint-utils@4.9.1 OK for: eslint@8.57.1 want: ^4.2.0
106 silly placeDep ROOT @eslint-community/regexpp@4.12.2 OK for: eslint@8.57.1 want: ^4.6.1
107 silly placeDep ROOT @eslint/eslintrc@2.1.4 OK for: eslint@8.57.1 want: ^2.1.4
108 silly placeDep ROOT @eslint/js@8.57.1 OK for: eslint@8.57.1 want: 8.57.1
109 silly placeDep ROOT @humanwhocodes/config-array@0.13.0 OK for: eslint@8.57.1 want: ^0.13.0
110 silly placeDep ROOT @humanwhocodes/module-importer@1.0.1 OK for: eslint@8.57.1 want: ^1.0.1
111 silly placeDep ROOT @nodelib/fs.walk@1.2.8 OK for: eslint@8.57.1 want: ^1.2.8
112 silly placeDep ROOT @ungap/structured-clone@1.3.0 OK for: eslint@8.57.1 want: ^1.2.0
113 silly placeDep ROOT ajv@6.12.6 OK for: eslint@8.57.1 want: ^6.12.4
114 silly placeDep ROOT chalk@4.1.2 OK for: eslint@8.57.1 want: ^4.0.0
115 silly placeDep ROOT cross-spawn@7.0.6 OK for: eslint@8.57.1 want: ^7.0.2
116 silly placeDep ROOT debug@4.4.3 OK for: eslint@8.57.1 want: ^4.3.2
117 silly placeDep ROOT doctrine@3.0.0 OK for: eslint@8.57.1 want: ^3.0.0
118 silly placeDep ROOT escape-string-regexp@4.0.0 OK for: eslint@8.57.1 want: ^4.0.0
119 silly placeDep ROOT eslint-scope@7.2.2 OK for: eslint@8.57.1 want: ^7.2.2
120 silly placeDep ROOT eslint-visitor-keys@3.4.3 OK for: eslint@8.57.1 want: ^3.4.3
121 silly placeDep ROOT espree@9.6.1 OK for: eslint@8.57.1 want: ^9.6.1
122 silly placeDep ROOT esquery@1.7.0 OK for: eslint@8.57.1 want: ^1.4.2
123 silly placeDep ROOT esutils@2.0.3 OK for: eslint@8.57.1 want: ^2.0.2
124 silly placeDep ROOT fast-deep-equal@3.1.3 OK for: eslint@8.57.1 want: ^3.1.3
125 silly placeDep ROOT file-entry-cache@6.0.1 OK for: eslint@8.57.1 want: ^6.0.1
126 silly placeDep ROOT find-up@5.0.0 OK for: eslint@8.57.1 want: ^5.0.0
127 silly placeDep ROOT glob-parent@6.0.2 OK for: eslint@8.57.1 want: ^6.0.2
128 silly placeDep ROOT globals@13.24.0 OK for: eslint@8.57.1 want: ^13.19.0
129 silly placeDep ROOT graphemer@1.4.0 OK for: eslint@8.57.1 want: ^1.4.0
130 silly placeDep ROOT ignore@5.3.2 OK for: eslint@8.57.1 want: ^5.2.0
131 silly placeDep ROOT imurmurhash@0.1.4 OK for: eslint@8.57.1 want: ^0.1.4
132 silly placeDep ROOT is-glob@4.0.3 OK for: eslint@8.57.1 want: ^4.0.0
133 silly placeDep ROOT is-path-inside@3.0.3 OK for: eslint@8.57.1 want: ^3.0.3
134 silly placeDep ROOT js-yaml@4.1.1 OK for: eslint@8.57.1 want: ^4.1.0
135 silly placeDep ROOT json-stable-stringify-without-jsonify@1.0.1 OK for: eslint@8.57.1 want: ^1.0.1
136 silly placeDep ROOT levn@0.4.1 OK for: eslint@8.57.1 want: ^0.4.1
137 silly placeDep ROOT lodash.merge@4.6.2 OK for: eslint@8.57.1 want: ^4.6.2
138 silly placeDep ROOT minimatch@3.1.2 OK for: eslint@8.57.1 want: ^3.1.2
139 silly placeDep ROOT natural-compare@1.4.0 OK for: eslint@8.57.1 want: ^1.4.0
140 silly placeDep ROOT optionator@0.9.4 OK for: eslint@8.57.1 want: ^0.9.3
141 silly placeDep ROOT strip-ansi@6.0.1 OK for: eslint@8.57.1 want: ^6.0.1
142 silly placeDep ROOT text-table@0.2.0 OK for: eslint@8.57.1 want: ^0.2.0
143 silly fetch manifest espree@^9.6.0
144 silly fetch manifest import-fresh@^3.2.1
145 silly fetch manifest strip-json-comments@^3.1.1
146 silly fetch manifest debug@^4.3.1
147 silly fetch manifest minimatch@^3.0.5
148 silly fetch manifest @humanwhocodes/object-schema@^2.0.3
149 silly fetch manifest fastq@^1.6.0
150 silly fetch manifest @nodelib/fs.scandir@2.1.5
151 silly fetch manifest uri-js@^4.2.2
152 silly fetch manifest fast-deep-equal@^3.1.1
153 silly fetch manifest json-schema-traverse@^0.4.1
154 silly fetch manifest fast-json-stable-stringify@^2.0.0
155 silly fetch manifest ansi-styles@^4.1.0
156 silly fetch manifest supports-color@^7.1.0
157 http fetch GET 200 https://registry.npmjs.org/strip-json-comments 41ms (cache miss)
158 silly fetch manifest which@^2.0.1
159 http fetch GET 200 https://registry.npmjs.org/json-schema-traverse 44ms (cache miss)
160 silly fetch manifest path-key@^3.1.0
161 http fetch GET 200 https://registry.npmjs.org/fast-json-stable-stringify 47ms (cache miss)
162 silly fetch manifest shebang-command@^2.0.0
163 http fetch GET 200 https://registry.npmjs.org/ansi-styles 48ms (cache miss)
164 silly fetch manifest ms@^2.1.3
165 http fetch GET 200 https://registry.npmjs.org/import-fresh 52ms (cache miss)
166 silly fetch manifest esrecurse@^4.3.0
167 http fetch GET 200 https://registry.npmjs.org/@humanwhocodes%2fobject-schema 53ms (cache miss)
168 silly fetch manifest estraverse@^5.2.0
169 http fetch GET 200 https://registry.npmjs.org/@nodelib%2ffs.scandir 56ms (cache miss)
170 silly fetch manifest acorn@^8.9.0
171 http fetch GET 200 https://registry.npmjs.org/supports-color 57ms (cache miss)
172 silly fetch manifest acorn-jsx@^5.3.2
173 http fetch GET 200 https://registry.npmjs.org/fastq 71ms (cache miss)
174 silly fetch manifest estraverse@^5.1.0
175 http fetch GET 200 https://registry.npmjs.org/uri-js 72ms (cache miss)
176 silly fetch manifest flat-cache@^3.0.4
177 http fetch GET 200 https://registry.npmjs.org/which 37ms (cache miss)
178 silly fetch manifest locate-path@^6.0.0
179 http fetch GET 200 https://registry.npmjs.org/ms 39ms (cache miss)
180 silly fetch manifest path-exists@^4.0.0
181 http fetch GET 200 https://registry.npmjs.org/path-key 47ms (cache miss)
182 silly fetch manifest is-glob@^4.0.3
183 silly fetch manifest type-fest@^0.20.2
184 http fetch GET 200 https://registry.npmjs.org/esrecurse 42ms (cache miss)
185 silly fetch manifest is-extglob@^2.1.1
186 http fetch GET 200 https://registry.npmjs.org/shebang-command 50ms (cache miss)
187 silly fetch manifest argparse@^2.0.1
188 http fetch GET 200 https://registry.npmjs.org/estraverse 53ms (cache miss)
189 silly fetch manifest prelude-ls@^1.2.1
190 http fetch GET 200 https://registry.npmjs.org/acorn-jsx 48ms (cache miss)
191 silly fetch manifest type-check@~0.4.0
192 http fetch GET 200 https://registry.npmjs.org/estraverse 38ms (cache miss)
193 silly fetch manifest brace-expansion@^1.1.7
194 http fetch GET 200 https://registry.npmjs.org/acorn 54ms (cache miss)
195 http fetch GET 200 https://registry.npmjs.org/locate-path 42ms (cache miss)
196 silly fetch manifest deep-is@^0.1.3
197 http fetch GET 200 https://registry.npmjs.org/path-exists 48ms (cache miss)
198 silly fetch manifest word-wrap@^1.2.5
199 http fetch GET 200 https://registry.npmjs.org/is-extglob 46ms (cache miss)
200 silly fetch manifest type-check@^0.4.0
201 http fetch GET 200 https://registry.npmjs.org/flat-cache 68ms (cache miss)
202 silly fetch manifest fast-levenshtein@^2.0.6
203 http fetch GET 200 https://registry.npmjs.org/argparse 46ms (cache miss)
204 silly fetch manifest ansi-regex@^5.0.1
205 http fetch GET 200 https://registry.npmjs.org/prelude-ls 41ms (cache miss)
206 http fetch GET 200 https://registry.npmjs.org/type-check 43ms (cache miss)
207 http fetch GET 200 https://registry.npmjs.org/brace-expansion 51ms (cache miss)
208 http fetch GET 200 https://registry.npmjs.org/type-fest 73ms (cache miss)
209 http fetch GET 200 https://registry.npmjs.org/deep-is 49ms (cache miss)
210 http fetch GET 200 https://registry.npmjs.org/word-wrap 38ms (cache miss)
211 http fetch GET 200 https://registry.npmjs.org/fast-levenshtein 46ms (cache miss)
212 http fetch GET 200 https://registry.npmjs.org/type-check 49ms (cache miss)
213 http fetch GET 200 https://registry.npmjs.org/ansi-regex 71ms (cache miss)
214 silly placeDep ROOT import-fresh@3.3.1 OK for: @eslint/eslintrc@2.1.4 want: ^3.2.1
215 silly placeDep ROOT strip-json-comments@3.1.1 OK for: @eslint/eslintrc@2.1.4 want: ^3.1.1
216 silly fetch manifest parent-module@^1.0.0
217 silly fetch manifest resolve-from@^4.0.0
218 http fetch GET 200 https://registry.npmjs.org/resolve-from 38ms (cache miss)
219 http fetch GET 200 https://registry.npmjs.org/parent-module 52ms (cache miss)
220 silly placeDep ROOT @humanwhocodes/object-schema@2.0.3 OK for: @humanwhocodes/config-array@0.13.0 want: ^2.0.3
221 silly placeDep ROOT @nodelib/fs.scandir@2.1.5 OK for: @nodelib/fs.walk@1.2.8 want: 2.1.5
222 silly placeDep ROOT fastq@1.20.1 OK for: @nodelib/fs.walk@1.2.8 want: ^1.6.0
223 silly fetch manifest run-parallel@^1.1.9
224 silly fetch manifest @nodelib/fs.stat@2.0.5
225 silly fetch manifest reusify@^1.0.4
226 http fetch GET 200 https://registry.npmjs.org/run-parallel 35ms (cache miss)
227 http fetch GET 200 https://registry.npmjs.org/reusify 50ms (cache miss)
228 http fetch GET 200 https://registry.npmjs.org/@nodelib%2ffs.stat 65ms (cache miss)
229 silly placeDep ROOT @nodelib/fs.stat@2.0.5 OK for: @nodelib/fs.scandir@2.1.5 want: 2.0.5
230 silly placeDep ROOT run-parallel@1.2.0 OK for: @nodelib/fs.scandir@2.1.5 want: ^1.1.9
231 silly fetch manifest queue-microtask@^1.2.2
232 http fetch GET 200 https://registry.npmjs.org/queue-microtask 47ms (cache miss)
233 silly placeDep ROOT fast-json-stable-stringify@2.1.0 OK for: ajv@6.12.6 want: ^2.0.0
234 silly placeDep ROOT json-schema-traverse@0.4.1 OK for: ajv@6.12.6 want: ^0.4.1
235 silly placeDep ROOT uri-js@4.4.1 OK for: ajv@6.12.6 want: ^4.2.2
236 silly fetch manifest punycode@^2.1.0
237 http fetch GET 200 https://registry.npmjs.org/punycode 37ms (cache miss)
238 silly placeDep ROOT ansi-styles@4.3.0 OK for: chalk@4.1.2 want: ^4.1.0
239 silly placeDep ROOT supports-color@7.2.0 OK for: chalk@4.1.2 want: ^7.1.0
240 silly fetch manifest color-convert@^2.0.1
241 silly fetch manifest has-flag@^4.0.0
242 http fetch GET 200 https://registry.npmjs.org/color-convert 48ms (cache miss)
243 http fetch GET 200 https://registry.npmjs.org/has-flag 59ms (cache miss)
244 silly placeDep ROOT color-convert@2.0.1 OK for: ansi-styles@4.3.0 want: ^2.0.1
245 silly fetch manifest color-name@~1.1.4
246 http fetch GET 200 https://registry.npmjs.org/color-name 58ms (cache miss)
247 silly placeDep ROOT color-name@1.1.4 OK for: color-convert@2.0.1 want: ~1.1.4
248 silly placeDep ROOT path-key@3.1.1 OK for: cross-spawn@7.0.6 want: ^3.1.0
249 silly placeDep ROOT shebang-command@2.0.0 OK for: cross-spawn@7.0.6 want: ^2.0.0
250 silly placeDep ROOT which@2.0.2 OK for: cross-spawn@7.0.6 want: ^2.0.1
251 silly fetch manifest shebang-regex@^3.0.0
252 silly fetch manifest isexe@^2.0.0
253 http fetch GET 200 https://registry.npmjs.org/shebang-regex 53ms (cache miss)
254 http fetch GET 200 https://registry.npmjs.org/isexe 78ms (cache miss)
255 silly placeDep ROOT ms@2.1.3 OK for: debug@4.4.3 want: ^2.1.3
256 silly placeDep ROOT esrecurse@4.3.0 OK for: eslint-scope@7.2.2 want: ^4.3.0
257 silly placeDep ROOT estraverse@5.3.0 OK for: eslint-scope@7.2.2 want: ^5.2.0
258 silly placeDep ROOT acorn@8.16.0 OK for: espree@9.6.1 want: ^8.9.0
259 silly placeDep ROOT acorn-jsx@5.3.2 OK for: espree@9.6.1 want: ^5.3.2
260 silly placeDep ROOT reusify@1.1.0 OK for: fastq@1.20.1 want: ^1.0.4
261 silly placeDep ROOT flat-cache@3.2.0 OK for: file-entry-cache@6.0.1 want: ^3.0.4
262 silly fetch manifest keyv@^4.5.3
263 silly fetch manifest rimraf@^3.0.2
264 silly fetch manifest flatted@^3.2.9
265 http fetch GET 200 https://registry.npmjs.org/rimraf 37ms (cache miss)
266 http fetch GET 200 https://registry.npmjs.org/keyv 49ms (cache miss)
267 http fetch GET 200 https://registry.npmjs.org/flatted 84ms (cache miss)
268 silly placeDep ROOT locate-path@6.0.0 OK for: find-up@5.0.0 want: ^6.0.0
269 silly placeDep ROOT path-exists@4.0.0 OK for: find-up@5.0.0 want: ^4.0.0
270 silly fetch manifest p-locate@^5.0.0
271 http fetch GET 200 https://registry.npmjs.org/p-locate 41ms (cache miss)
272 silly placeDep ROOT flatted@3.3.3 OK for: flat-cache@3.2.0 want: ^3.2.9
273 silly placeDep ROOT keyv@4.5.4 OK for: flat-cache@3.2.0 want: ^4.5.3
274 silly placeDep ROOT rimraf@3.0.2 OK for: flat-cache@3.2.0 want: ^3.0.2
275 silly fetch manifest json-buffer@3.0.1
276 silly fetch manifest glob@^7.1.3
277 http fetch GET 200 https://registry.npmjs.org/json-buffer 39ms (cache miss)
278 http fetch GET 200 https://registry.npmjs.org/glob 82ms (cache miss)
279 silly placeDep ROOT type-fest@0.20.2 OK for: globals@13.24.0 want: ^0.20.2
280 silly placeDep ROOT parent-module@1.0.1 OK for: import-fresh@3.3.1 want: ^1.0.0
281 silly placeDep ROOT resolve-from@4.0.0 OK for: import-fresh@3.3.1 want: ^4.0.0
282 silly fetch manifest callsites@^3.0.0
283 http fetch GET 200 https://registry.npmjs.org/callsites 44ms (cache miss)
284 silly placeDep ROOT is-extglob@2.1.1 OK for: is-glob@4.0.3 want: ^2.1.1
285 silly placeDep ROOT argparse@2.0.1 OK for: js-yaml@4.1.1 want: ^2.0.1
286 silly placeDep ROOT json-buffer@3.0.1 OK for: keyv@4.5.4 want: 3.0.1
287 silly placeDep ROOT prelude-ls@1.2.1 OK for: levn@0.4.1 want: ^1.2.1
288 silly placeDep ROOT type-check@0.4.0 OK for: levn@0.4.1 want: ~0.4.0
289 silly placeDep ROOT p-locate@5.0.0 OK for: locate-path@6.0.0 want: ^5.0.0
290 silly fetch manifest p-limit@^3.0.2
291 http fetch GET 200 https://registry.npmjs.org/p-limit 64ms (cache miss)
292 silly placeDep ROOT brace-expansion@1.1.12 OK for: minimatch@3.1.2 want: ^1.1.7
293 silly fetch manifest concat-map@0.0.1
294 silly fetch manifest balanced-match@^1.0.0
295 http fetch GET 200 https://registry.npmjs.org/concat-map 44ms (cache miss)
296 http fetch GET 200 https://registry.npmjs.org/balanced-match 65ms (cache miss)
297 silly placeDep ROOT balanced-match@1.0.2 OK for: brace-expansion@1.1.12 want: ^1.0.0
298 silly placeDep ROOT concat-map@0.0.1 OK for: brace-expansion@1.1.12 want: 0.0.1
299 silly placeDep ROOT deep-is@0.1.4 OK for: optionator@0.9.4 want: ^0.1.3
300 silly placeDep ROOT fast-levenshtein@2.0.6 OK for: optionator@0.9.4 want: ^2.0.6
301 silly placeDep ROOT word-wrap@1.2.5 OK for: optionator@0.9.4 want: ^1.2.5
302 silly placeDep ROOT p-limit@3.1.0 OK for: p-locate@5.0.0 want: ^3.0.2
303 silly fetch manifest yocto-queue@^0.1.0
304 http fetch GET 200 https://registry.npmjs.org/yocto-queue 45ms (cache miss)
305 silly placeDep ROOT yocto-queue@0.1.0 OK for: p-limit@3.1.0 want: ^0.1.0
306 silly placeDep ROOT callsites@3.1.0 OK for: parent-module@1.0.1 want: ^3.0.0
307 silly placeDep ROOT glob@7.2.3 OK for: rimraf@3.0.2 want: ^7.1.3
308 silly fetch manifest once@^1.3.0
309 silly fetch manifest inflight@^1.0.4
310 silly fetch manifest inherits@2
311 silly fetch manifest fs.realpath@^1.0.0
312 silly fetch manifest path-is-absolute@^1.0.0
313 http fetch GET 200 https://registry.npmjs.org/inherits 46ms (cache miss)
314 http fetch GET 200 https://registry.npmjs.org/once 48ms (cache miss)
315 http fetch GET 200 https://registry.npmjs.org/fs.realpath 47ms (cache miss)
316 http fetch GET 200 https://registry.npmjs.org/inflight 50ms (cache miss)
317 http fetch GET 200 https://registry.npmjs.org/path-is-absolute 51ms (cache miss)
318 silly placeDep ROOT fs.realpath@1.0.0 OK for: glob@7.2.3 want: ^1.0.0
319 silly placeDep ROOT inflight@1.0.6 OK for: glob@7.2.3 want: ^1.0.4
320 silly placeDep ROOT inherits@2.0.4 OK for: glob@7.2.3 want: 2
321 silly placeDep ROOT once@1.4.0 OK for: glob@7.2.3 want: ^1.3.0
322 silly placeDep ROOT path-is-absolute@1.0.1 OK for: glob@7.2.3 want: ^1.0.0
323 silly fetch manifest wrappy@1
324 http fetch GET 200 https://registry.npmjs.org/wrappy 49ms (cache miss)
325 silly placeDep ROOT wrappy@1.0.2 OK for: inflight@1.0.6 want: 1
326 silly placeDep ROOT queue-microtask@1.2.3 OK for: run-parallel@1.2.0 want: ^1.2.2
327 silly placeDep ROOT shebang-regex@3.0.0 OK for: shebang-command@2.0.0 want: ^3.0.0
328 silly placeDep ROOT ansi-regex@5.0.1 OK for: strip-ansi@6.0.1 want: ^5.0.1
329 silly placeDep ROOT has-flag@4.0.0 OK for: supports-color@7.2.0 want: ^4.0.0
330 silly placeDep ROOT punycode@2.3.1 OK for: uri-js@4.4.1 want: ^2.1.0
331 silly placeDep ROOT isexe@2.0.0 OK for: which@2.0.2 want: ^2.0.0
332 silly fetch manifest clsx@^2.1.0
333 http fetch GET 200 https://registry.npmjs.org/clsx 57ms (cache miss)
334 silly fetch manifest framer-motion@^11.0.3
335 http fetch GET 200 https://registry.npmjs.org/framer-motion 131ms (cache miss)
336 silly fetch manifest @emotion/is-prop-valid@*
337 http fetch GET 200 https://registry.npmjs.org/@emotion%2fis-prop-valid 83ms (cache miss)
338 silly fetch manifest react@^18.3.1
339 http fetch GET 200 https://registry.npmjs.org/react 149ms (cache miss)
340 silly fetch manifest react-dom@^18.3.1
341 http fetch GET 200 https://registry.npmjs.org/react-dom 183ms (cache miss)
342 silly fetch manifest tailwind-merge@^2.2.1
343 http fetch GET 200 https://registry.npmjs.org/tailwind-merge 65ms (cache miss)
344 silly fetch manifest @testing-library/jest-dom@^6.9.1
345 http fetch GET 200 https://registry.npmjs.org/@testing-library%2fjest-dom 70ms (cache miss)
346 silly fetch manifest @testing-library/react@^16.3.2
347 http fetch GET 200 https://registry.npmjs.org/@testing-library%2freact 107ms (cache miss)
348 silly fetch manifest @testing-library/dom@^10.0.0
349 http fetch GET 200 https://registry.npmjs.org/@testing-library%2fdom 139ms (cache miss)
350 silly fetch manifest @types/react@^18.3.28
351 http fetch GET 200 https://registry.npmjs.org/@types%2freact 103ms (cache miss)
352 silly fetch manifest @types/react-dom@^18.3.7
353 http fetch GET 200 https://registry.npmjs.org/@types%2freact-dom 98ms (cache miss)
354 silly fetch manifest @vitejs/plugin-react@^4.7.0
355 http fetch GET 200 https://registry.npmjs.org/@vitejs%2fplugin-react 85ms (cache miss)
356 silly fetch manifest vite@^5.1.0
357 http fetch GET 200 https://registry.npmjs.org/vite 909ms (cache miss)
358 silly fetch manifest @types/node@^18.0.0 || >=20.0.0
359 http fetch GET 200 https://registry.npmjs.org/@types%2fnode 160ms (cache miss)
360 silly fetch manifest less@*
361 http fetch GET 200 https://registry.npmjs.org/less 47ms (cache miss)
362 silly fetch manifest lightningcss@^1.21.0
363 http fetch GET 200 https://registry.npmjs.org/lightningcss 47ms (cache miss)
364 silly fetch manifest sass@*
365 http fetch GET 200 https://registry.npmjs.org/sass 60ms (cache miss)
366 silly fetch manifest sass-embedded@*
367 http fetch GET 200 https://registry.npmjs.org/sass-embedded 68ms (cache miss)
368 silly fetch manifest stylus@*
369 http fetch GET 200 https://registry.npmjs.org/stylus 63ms (cache miss)
370 silly fetch manifest sugarss@*
371 http fetch GET 200 https://registry.npmjs.org/sugarss 42ms (cache miss)
372 silly fetch manifest postcss@^8.4.35
373 http fetch GET 200 https://registry.npmjs.org/postcss 96ms (cache miss)
374 silly fetch manifest terser@^5.4.0
375 http fetch GET 200 https://registry.npmjs.org/terser 68ms (cache miss)
376 silly fetch manifest autoprefixer@^10.4.17
377 http fetch GET 200 https://registry.npmjs.org/autoprefixer 63ms (cache miss)
378 silly fetch manifest happy-dom@^20.6.2
379 http fetch GET 200 https://registry.npmjs.org/happy-dom 83ms (cache miss)
380 silly fetch manifest tailwindcss@^3.4.1
381 http fetch GET 200 https://registry.npmjs.org/tailwindcss 195ms (cache miss)
382 silly fetch manifest vitest@^4.0.18
383 http fetch GET 200 https://registry.npmjs.org/vitest 80ms (cache miss)
384 silly fetch manifest @edge-runtime/vm@*
385 http fetch GET 200 https://registry.npmjs.org/@edge-runtime%2fvm 66ms (cache miss)
386 silly fetch manifest @opentelemetry/api@^1.9.0
387 http fetch GET 200 https://registry.npmjs.org/@opentelemetry%2fapi 67ms (cache miss)
388 silly fetch manifest @types/node@^20.0.0 || ^22.0.0 || >=24.0.0
389 silly fetch manifest @vitest/browser-playwright@4.0.18
390 http fetch GET 200 https://registry.npmjs.org/@vitest%2fbrowser-playwright 66ms (cache miss)
391 silly fetch manifest playwright@*
392 http fetch GET 200 https://registry.npmjs.org/playwright 391ms (cache miss)
393 silly fetch manifest @vitest/browser-preview@4.0.18
394 http fetch GET 200 https://registry.npmjs.org/@vitest%2fbrowser-preview 70ms (cache miss)
395 silly fetch manifest @vitest/browser-webdriverio@4.0.18
396 http fetch GET 200 https://registry.npmjs.org/@vitest%2fbrowser-webdriverio 57ms (cache miss)
397 silly fetch manifest webdriverio@*
398 http fetch GET 200 https://registry.npmjs.org/webdriverio 84ms (cache miss)
399 silly fetch manifest puppeteer-core@>=22.x || <=24.x
400 http fetch GET 200 https://registry.npmjs.org/puppeteer-core 46ms (cache miss)
401 silly fetch manifest @vitest/ui@4.0.18
402 http fetch GET 200 https://registry.npmjs.org/@vitest%2fui 78ms (cache miss)
403 silly fetch manifest jsdom@*
404 http fetch GET 200 https://registry.npmjs.org/jsdom 61ms (cache miss)
405 silly fetch manifest canvas@^3.0.0
406 http fetch GET 200 https://registry.npmjs.org/canvas 56ms (cache miss)
407 silly placeDep ROOT @testing-library/jest-dom@6.9.1 OK for: @complihub360/ui@0.1.0 want: ^6.9.1
408 silly placeDep ROOT @testing-library/react@16.3.2 OK for: @complihub360/ui@0.1.0 want: ^16.3.2
409 silly placeDep ROOT @testing-library/dom@10.4.1 OK for: @testing-library/react@16.3.2 want: ^10.0.0
410 silly placeDep ROOT react@18.3.1 OK for: @testing-library/react@16.3.2 want: ^18.0.0 || ^19.0.0
411 silly placeDep ROOT react-dom@18.3.1 OK for: @testing-library/react@16.3.2 want: ^18.0.0 || ^19.0.0
412 silly placeDep ROOT @types/react@18.3.28 OK for: @complihub360/ui@0.1.0 want: ^18.3.28
413 silly placeDep ROOT @types/react-dom@18.3.7 OK for: @complihub360/ui@0.1.0 want: ^18.3.7
414 silly placeDep ROOT @vitejs/plugin-react@4.7.0 OK for: @complihub360/ui@0.1.0 want: ^4.7.0
415 silly placeDep ROOT vite@5.4.21 OK for: @vitejs/plugin-react@4.7.0 want: ^4.2.0 || ^5.0.0 || ^6.0.0 || ^7.0.0
416 silly placeDep ROOT autoprefixer@10.4.24 OK for: @complihub360/ui@0.1.0 want: ^10.4.17
417 silly placeDep ROOT postcss@8.5.6 OK for: autoprefixer@10.4.24 want: ^8.1.0
418 silly placeDep ROOT clsx@2.1.1 OK for: @complihub360/ui@0.1.0 want: ^2.1.0
419 silly placeDep ROOT framer-motion@11.18.2 OK for: @complihub360/ui@0.1.0 want: ^11.0.3
420 silly placeDep ROOT happy-dom@20.6.3 OK for: @complihub360/ui@0.1.0 want: ^20.6.2
421 silly placeDep ROOT tailwind-merge@2.6.1 OK for: @complihub360/ui@0.1.0 want: ^2.2.1
422 silly placeDep ROOT tailwindcss@3.4.19 OK for: @complihub360/ui@0.1.0 want: ^3.4.1
423 silly placeDep ROOT vitest@4.0.18 OK for: @complihub360/ui@0.1.0 want: ^4.0.18
424 silly fetch manifest redent@^3.0.0
425 silly fetch manifest aria-query@^5.0.0
426 silly fetch manifest css.escape@^1.5.1
427 silly fetch manifest picocolors@^1.1.1
428 silly fetch manifest @adobe/css-tools@^4.4.0
429 silly fetch manifest dom-accessibility-api@^0.6.3
430 silly fetch manifest @babel/runtime@^7.12.5
431 silly fetch manifest scheduler@^0.23.2
432 silly fetch manifest loose-envify@^1.1.0
433 http fetch GET 200 https://registry.npmjs.org/redent 46ms (cache miss)
434 silly fetch manifest lz-string@^1.5.0
435 http fetch GET 200 https://registry.npmjs.org/dom-accessibility-api 52ms (cache miss)
436 silly fetch manifest aria-query@5.3.0
437 http fetch GET 200 https://registry.npmjs.org/loose-envify 54ms (cache miss)
438 silly fetch manifest picocolors@1.1.1
439 silly fetch manifest pretty-format@^27.0.2
440 http fetch GET 200 https://registry.npmjs.org/aria-query 55ms (cache miss)
441 http fetch GET 200 https://registry.npmjs.org/css.escape 57ms (cache miss)
442 silly fetch manifest @babel/code-frame@^7.10.4
443 http fetch GET 200 https://registry.npmjs.org/@adobe%2fcss-tools 72ms (cache miss)
444 silly fetch manifest @types/aria-query@^5.0.1
445 http fetch GET 200 https://registry.npmjs.org/picocolors 79ms (cache miss)
446 silly fetch manifest dom-accessibility-api@^0.5.9
447 silly fetch manifest csstype@^3.2.2
448 http fetch GET 200 https://registry.npmjs.org/@babel%2fruntime 121ms (cache miss)
449 silly fetch manifest @types/prop-types@*
450 silly fetch manifest @babel/core@^7.28.0
451 http fetch GET 200 https://registry.npmjs.org/picocolors 83ms (cache miss)
452 silly fetch manifest react-refresh@^0.17.0
453 http fetch GET 200 https://registry.npmjs.org/lz-string 92ms (cache miss)
454 silly fetch manifest @types/babel__core@^7.20.5
455 http fetch GET 200 https://registry.npmjs.org/pretty-format 93ms (cache miss)
456 silly fetch manifest @rolldown/pluginutils@1.0.0-beta.27
457 http fetch GET 200 https://registry.npmjs.org/aria-query 105ms (cache miss)
458 silly fetch manifest @babel/plugin-transform-react-jsx-self@^7.27.1
459 http fetch GET 200 https://registry.npmjs.org/csstype 83ms (cache miss)
460 silly fetch manifest @babel/plugin-transform-react-jsx-source@^7.27.1
461 http fetch GET 200 https://registry.npmjs.org/scheduler 173ms (cache miss)
462 silly fetch manifest rollup@^4.20.0
463 http fetch GET 200 https://registry.npmjs.org/@types%2faria-query 121ms (cache miss)
464 silly fetch manifest esbuild@^0.21.3
465 http fetch GET 200 https://registry.npmjs.org/@babel%2fcode-frame 137ms (cache miss)
466 silly fetch manifest postcss@^8.4.43
467 silly fetch manifest fsevents@~2.3.3
468 http fetch GET 200 https://registry.npmjs.org/@types%2fbabel__core 78ms (cache miss)
469 silly fetch manifest browserslist@^4.28.1
470 http fetch GET 200 https://registry.npmjs.org/@babel%2fplugin-transform-react-jsx-source 67ms (cache miss)
471 silly fetch manifest caniuse-lite@^1.0.30001766
472 http fetch GET 200 https://registry.npmjs.org/@babel%2fplugin-transform-react-jsx-self 105ms (cache miss)
473 silly fetch manifest fraction.js@^5.3.4
474 http fetch GET 200 https://registry.npmjs.org/esbuild 101ms (cache miss)
475 silly fetch manifest postcss-value-parser@^4.2.0
476 http fetch GET 200 https://registry.npmjs.org/@rolldown%2fpluginutils 149ms (cache miss)
477 silly fetch manifest nanoid@^3.3.11
478 http fetch GET 200 https://registry.npmjs.org/@types%2fprop-types 171ms (cache miss)
479 silly fetch manifest source-map-js@^1.2.1
480 http fetch GET 200 https://registry.npmjs.org/@babel%2fcore 189ms (cache miss)
481 silly fetch manifest tslib@^2.4.0
482 http fetch GET 200 https://registry.npmjs.org/browserslist 127ms (cache miss)
483 silly fetch manifest motion-dom@^11.18.1
484 http fetch GET 200 https://registry.npmjs.org/fsevents 155ms (cache miss)
485 silly fetch manifest motion-utils@^11.18.1
486 http fetch GET 200 https://registry.npmjs.org/rollup 184ms (cache miss)
487 silly fetch manifest @types/node@>=20.0.0
488 silly fetch manifest @types/whatwg-mimetype@^3.0.2
489 http fetch GET 200 https://registry.npmjs.org/source-map-js 128ms (cache miss)
490 silly fetch manifest @types/ws@^8.18.1
491 http fetch GET 200 https://registry.npmjs.org/fraction.js 166ms (cache miss)
492 silly fetch manifest entities@^7.0.1
493 http fetch GET 200 https://registry.npmjs.org/postcss-value-parser 136ms (cache miss)
494 silly fetch manifest whatwg-mimetype@^3.0.0
495 http fetch GET 200 https://registry.npmjs.org/nanoid 137ms (cache miss)
496 silly fetch manifest ws@^8.18.3
497 http fetch GET 200 https://registry.npmjs.org/caniuse-lite 209ms (cache miss)
498 silly fetch manifest arg@^5.0.2
499 http fetch GET 200 https://registry.npmjs.org/react-refresh 319ms (cache miss)
500 silly fetch manifest dlv@^1.1.3
501 http fetch GET 200 https://registry.npmjs.org/tslib 160ms (cache miss)
502 silly fetch manifest jiti@^1.21.7
503 silly fetch manifest resolve@^1.22.8
504 http fetch GET 200 https://registry.npmjs.org/motion-utils 136ms (cache miss)
505 silly fetch manifest sucrase@^3.35.0
506 http fetch GET 200 https://registry.npmjs.org/motion-dom 141ms (cache miss)
507 silly fetch manifest chokidar@^3.6.0
508 http fetch GET 200 https://registry.npmjs.org/@types%2fwhatwg-mimetype 78ms (cache miss)
509 silly fetch manifest fast-glob@^3.3.2
510 http fetch GET 200 https://registry.npmjs.org/entities 57ms (cache miss)
511 silly fetch manifest lilconfig@^3.1.3
512 http fetch GET 200 https://registry.npmjs.org/@types%2fws 60ms (cache miss)
513 silly fetch manifest didyoumean@^1.2.2
514 http fetch GET 200 https://registry.npmjs.org/arg 62ms (cache miss)
515 silly fetch manifest micromatch@^4.0.8
516 http fetch GET 200 https://registry.npmjs.org/whatwg-mimetype 79ms (cache miss)
517 silly fetch manifest postcss-js@^4.0.1
518 http fetch GET 200 https://registry.npmjs.org/ws 80ms (cache miss)
519 silly fetch manifest object-hash@^3.0.0
520 http fetch GET 200 https://registry.npmjs.org/dlv 40ms (cache miss)
521 silly fetch manifest normalize-path@^3.0.0
522 http fetch GET 200 https://registry.npmjs.org/lilconfig 43ms (cache miss)
523 silly fetch manifest postcss-import@^15.1.0
524 http fetch GET 200 https://registry.npmjs.org/fast-glob 47ms (cache miss)
525 silly fetch manifest postcss-nested@^6.2.0
526 http fetch GET 200 https://registry.npmjs.org/chokidar 52ms (cache miss)
527 silly fetch manifest @alloc/quick-lru@^5.2.0
528 http fetch GET 200 https://registry.npmjs.org/didyoumean 53ms (cache miss)
529 silly fetch manifest postcss-load-config@^4.0.2 || ^5.0 || ^6.0
530 http fetch GET 200 https://registry.npmjs.org/resolve 64ms (cache miss)
531 silly fetch manifest postcss-selector-parser@^6.1.2
532 http fetch GET 200 https://registry.npmjs.org/sucrase 70ms (cache miss)
533 silly fetch manifest obug@^2.1.1
534 http fetch GET 200 https://registry.npmjs.org/micromatch 58ms (cache miss)
535 silly fetch manifest vite@^6.0.0 || ^7.0.0
536 silly fetch manifest pathe@^2.0.3
537 http fetch GET 200 https://registry.npmjs.org/object-hash 49ms (cache miss)
538 silly fetch manifest std-env@^3.10.0
539 http fetch GET 200 https://registry.npmjs.org/postcss-js 61ms (cache miss)
540 silly fetch manifest tinyexec@^1.0.2
541 http fetch GET 200 https://registry.npmjs.org/postcss-nested 40ms (cache miss)
542 silly fetch manifest picomatch@^4.0.3
543 http fetch GET 200 https://registry.npmjs.org/normalize-path 55ms (cache miss)
544 silly fetch manifest tinybench@^2.9.0
545 http fetch GET 200 https://registry.npmjs.org/postcss-import 47ms (cache miss)
546 silly fetch manifest tinyglobby@^0.2.15
547 http fetch GET 200 https://registry.npmjs.org/postcss-load-config 55ms (cache miss)
548 silly fetch manifest @vitest/spy@4.0.18
549 http fetch GET 200 https://registry.npmjs.org/postcss-selector-parser 52ms (cache miss)
550 silly fetch manifest expect-type@^1.2.2
551 http fetch GET 200 https://registry.npmjs.org/obug 46ms (cache miss)
552 silly fetch manifest tinyrainbow@^3.0.3
553 http fetch GET 200 https://registry.npmjs.org/@alloc%2fquick-lru 64ms (cache miss)
554 silly fetch manifest magic-string@^0.30.21
555 http fetch GET 200 https://registry.npmjs.org/picomatch 37ms (cache miss)
556 silly fetch manifest @vitest/utils@4.0.18
557 http fetch GET 200 https://registry.npmjs.org/std-env 46ms (cache miss)
558 silly fetch manifest @vitest/expect@4.0.18
559 http fetch GET 200 https://registry.npmjs.org/pathe 52ms (cache miss)
560 silly fetch manifest @vitest/mocker@4.0.18
561 http fetch GET 200 https://registry.npmjs.org/tinyglobby 40ms (cache miss)
562 silly fetch manifest @vitest/runner@4.0.18
563 http fetch GET 200 https://registry.npmjs.org/tinybench 47ms (cache miss)
564 silly fetch manifest es-module-lexer@^1.7.0
565 http fetch GET 200 https://registry.npmjs.org/tinyexec 57ms (cache miss)
566 silly fetch manifest @vitest/snapshot@4.0.18
567 http fetch GET 200 https://registry.npmjs.org/magic-string 41ms (cache miss)
568 silly fetch manifest why-is-node-running@^2.3.0
569 http fetch GET 200 https://registry.npmjs.org/tinyrainbow 44ms (cache miss)
570 silly fetch manifest @vitest/pretty-format@4.0.18
571 http fetch GET 200 https://registry.npmjs.org/@vitest%2fspy 65ms (cache miss)
572 http fetch GET 200 https://registry.npmjs.org/es-module-lexer 51ms (cache miss)
573 http fetch GET 200 https://registry.npmjs.org/@vitest%2frunner 62ms (cache miss)
574 http fetch GET 200 https://registry.npmjs.org/@vitest%2futils 70ms (cache miss)
575 http fetch GET 200 https://registry.npmjs.org/@vitest%2fexpect 71ms (cache miss)
576 http fetch GET 200 https://registry.npmjs.org/@vitest%2fmocker 69ms (cache miss)
577 http fetch GET 200 https://registry.npmjs.org/why-is-node-running 43ms (cache miss)
578 http fetch GET 200 https://registry.npmjs.org/@vitest%2fpretty-format 48ms (cache miss)
579 http fetch GET 200 https://registry.npmjs.org/expect-type 103ms (cache miss)
580 http fetch GET 200 https://registry.npmjs.org/@vitest%2fsnapshot 81ms (cache miss)
581 silly placeDep ROOT @babel/code-frame@7.29.0 OK for: @testing-library/dom@10.4.1 want: ^7.10.4
582 silly placeDep ROOT @babel/runtime@7.28.6 OK for: @testing-library/dom@10.4.1 want: ^7.12.5
583 silly placeDep ROOT @types/aria-query@5.0.4 OK for: @testing-library/dom@10.4.1 want: ^5.0.1
584 silly placeDep ROOT aria-query@5.3.0 OK for: @testing-library/dom@10.4.1 want: 5.3.0
585 silly placeDep ROOT dom-accessibility-api@0.5.16 OK for: @testing-library/dom@10.4.1 want: ^0.5.9
586 silly placeDep ROOT lz-string@1.5.0 OK for: @testing-library/dom@10.4.1 want: ^1.5.0
587 silly placeDep ROOT picocolors@1.1.1 OK for: @testing-library/dom@10.4.1 want: 1.1.1
588 silly placeDep ROOT pretty-format@27.5.1 OK for: @testing-library/dom@10.4.1 want: ^27.0.2
589 silly fetch manifest js-tokens@^4.0.0
590 silly fetch manifest @babel/helper-validator-identifier@^7.28.5
591 silly fetch manifest dequal@^2.0.3
592 silly fetch manifest react-is@^17.0.1
593 silly fetch manifest ansi-styles@^5.0.0
594 http fetch GET 200 https://registry.npmjs.org/dequal 37ms (cache miss)
595 http fetch GET 200 https://registry.npmjs.org/js-tokens 49ms (cache miss)
596 http fetch GET 200 https://registry.npmjs.org/@babel%2fhelper-validator-identifier 105ms (cache miss)
597 http fetch GET 200 https://registry.npmjs.org/react-is 154ms (cache miss)
598 silly placeDep ROOT @babel/helper-validator-identifier@7.28.5 OK for: @babel/code-frame@7.29.0 want: ^7.28.5
599 silly placeDep ROOT js-tokens@4.0.0 OK for: @babel/code-frame@7.29.0 want: ^4.0.0
600 silly placeDep ROOT @adobe/css-tools@4.4.4 OK for: @testing-library/jest-dom@6.9.1 want: ^4.4.0
601 silly placeDep ROOT css.escape@1.5.1 OK for: @testing-library/jest-dom@6.9.1 want: ^1.5.1
602 silly placeDep node_modules/@testing-library/jest-dom dom-accessibility-api@0.6.3 OK for: @testing-library/jest-dom@6.9.1 want: ^0.6.3
603 silly placeDep ROOT redent@3.0.0 OK for: @testing-library/jest-dom@6.9.1 want: ^3.0.0
604 silly fetch manifest indent-string@^4.0.0
605 silly fetch manifest strip-indent@^3.0.0
606 http fetch GET 200 https://registry.npmjs.org/indent-string 36ms (cache miss)
607 http fetch GET 200 https://registry.npmjs.org/strip-indent 44ms (cache miss)
608 silly placeDep ROOT @types/prop-types@15.7.15 OK for: @types/react@18.3.28 want: *
609 silly placeDep ROOT csstype@3.2.3 OK for: @types/react@18.3.28 want: ^3.2.2
610 silly placeDep ROOT @babel/core@7.29.0 OK for: @vitejs/plugin-react@4.7.0 want: ^7.28.0
611 silly placeDep ROOT @babel/plugin-transform-react-jsx-self@7.27.1 OK for: @vitejs/plugin-react@4.7.0 want: ^7.27.1
612 silly placeDep ROOT @babel/plugin-transform-react-jsx-source@7.27.1 OK for: @vitejs/plugin-react@4.7.0 want: ^7.27.1
613 silly placeDep ROOT @rolldown/pluginutils@1.0.0-beta.27 OK for: @vitejs/plugin-react@4.7.0 want: 1.0.0-beta.27
614 silly placeDep ROOT @types/babel__core@7.20.5 OK for: @vitejs/plugin-react@4.7.0 want: ^7.20.5
615 silly placeDep ROOT react-refresh@0.17.0 OK for: @vitejs/plugin-react@4.7.0 want: ^0.17.0
616 silly fetch manifest json5@^2.2.3
617 silly fetch manifest semver@^6.3.1
618 silly fetch manifest gensync@^1.0.0-beta.2
619 silly fetch manifest @babel/types@^7.29.0
620 silly fetch manifest @babel/parser@^7.29.0
621 silly fetch manifest @babel/helpers@^7.28.6
622 silly fetch manifest @babel/template@^7.28.6
623 silly fetch manifest @babel/traverse@^7.29.0
624 silly fetch manifest @babel/generator@^7.29.0
625 silly fetch manifest convert-source-map@^2.0.0
626 http fetch GET 200 https://registry.npmjs.org/json5 48ms (cache miss)
627 silly fetch manifest @jridgewell/remapping@^2.3.5
628 http fetch GET 200 https://registry.npmjs.org/semver 53ms (cache miss)
629 silly fetch manifest @babel/helper-module-transforms@^7.28.6
630 http fetch GET 200 https://registry.npmjs.org/@babel%2fgenerator 61ms (cache miss)
631 silly fetch manifest @babel/helper-compilation-targets@^7.28.6
632 http fetch GET 200 https://registry.npmjs.org/@babel%2ftraverse 70ms (cache miss)
633 silly fetch manifest @babel/helper-plugin-utils@^7.27.1
634 http fetch GET 200 https://registry.npmjs.org/convert-source-map 74ms (cache miss)
635 http fetch GET 200 https://registry.npmjs.org/gensync 78ms (cache miss)
636 silly fetch manifest @babel/types@^7.20.7
637 http fetch GET 200 https://registry.npmjs.org/@babel%2ftypes 83ms (cache miss)
638 silly fetch manifest @babel/parser@^7.20.7
639 http fetch GET 200 https://registry.npmjs.org/@babel%2fparser 87ms (cache miss)
640 silly fetch manifest @types/babel__template@*
641 http fetch GET 200 https://registry.npmjs.org/@babel%2ftemplate 94ms (cache miss)
642 silly fetch manifest @types/babel__traverse@*
643 http fetch GET 200 https://registry.npmjs.org/@babel%2fhelpers 99ms (cache miss)
644 silly fetch manifest @types/babel__generator@*
645 http fetch GET 200 https://registry.npmjs.org/@babel%2fhelper-module-transforms 71ms (cache miss)
646 http fetch GET 200 https://registry.npmjs.org/@babel%2fhelper-plugin-utils 68ms (cache miss)
647 http fetch GET 200 https://registry.npmjs.org/@babel%2fhelper-compilation-targets 82ms (cache miss)
648 http fetch GET 200 https://registry.npmjs.org/@jridgewell%2fremapping 98ms (cache miss)
649 http fetch GET 200 https://registry.npmjs.org/@babel%2ftypes 78ms (cache miss)
650 http fetch GET 200 https://registry.npmjs.org/@types%2fbabel__traverse 67ms (cache miss)
651 http fetch GET 200 https://registry.npmjs.org/@types%2fbabel__generator 63ms (cache miss)
652 http fetch GET 200 https://registry.npmjs.org/@types%2fbabel__template 91ms (cache miss)
653 http fetch GET 200 https://registry.npmjs.org/@babel%2fparser 110ms (cache miss)
654 silly fetch manifest @babel/core@^7.0.0
655 silly placeDep ROOT @babel/generator@7.29.1 OK for: @babel/core@7.29.0 want: ^7.29.0
656 silly placeDep ROOT @babel/helper-compilation-targets@7.28.6 OK for: @babel/core@7.29.0 want: ^7.28.6
657 silly placeDep ROOT @babel/helper-module-transforms@7.28.6 OK for: @babel/core@7.29.0 want: ^7.28.6
658 silly placeDep ROOT @babel/helpers@7.28.6 OK for: @babel/core@7.29.0 want: ^7.28.6
659 silly placeDep ROOT @babel/parser@7.29.0 OK for: @babel/core@7.29.0 want: ^7.29.0
660 silly placeDep ROOT @babel/template@7.28.6 OK for: @babel/core@7.29.0 want: ^7.28.6
661 silly placeDep ROOT @babel/traverse@7.29.0 OK for: @babel/core@7.29.0 want: ^7.29.0
662 silly placeDep ROOT @babel/types@7.29.0 OK for: @babel/core@7.29.0 want: ^7.29.0
663 silly placeDep ROOT @jridgewell/remapping@2.3.5 OK for: @babel/core@7.29.0 want: ^2.3.5
664 silly placeDep ROOT convert-source-map@2.0.0 OK for: @babel/core@7.29.0 want: ^2.0.0
665 silly placeDep ROOT gensync@1.0.0-beta.2 OK for: @babel/core@7.29.0 want: ^1.0.0-beta.2
666 silly placeDep ROOT json5@2.2.3 OK for: @babel/core@7.29.0 want: ^2.2.3
667 silly placeDep ROOT semver@6.3.1 OK for: @babel/core@7.29.0 want: ^6.3.1
668 silly fetch manifest jsesc@^3.0.2
669 silly fetch manifest @jridgewell/gen-mapping@^0.3.12
670 silly fetch manifest @jridgewell/trace-mapping@^0.3.28
671 silly fetch manifest lru-cache@^5.1.1
672 silly fetch manifest browserslist@^4.24.0
673 silly fetch manifest @babel/compat-data@^7.28.6
674 silly fetch manifest @babel/helper-validator-option@^7.27.1
675 silly fetch manifest @babel/traverse@^7.28.6
676 silly fetch manifest @babel/helper-module-imports@^7.28.6
677 silly fetch manifest @babel/types@^7.28.6
678 silly fetch manifest @babel/helper-globals@^7.28.0
679 silly fetch manifest @babel/helper-string-parser@^7.27.1
680 silly fetch manifest @jridgewell/gen-mapping@^0.3.5
681 http fetch GET 200 https://registry.npmjs.org/@babel%2fhelper-module-imports 59ms (cache miss)
682 silly fetch manifest @jridgewell/trace-mapping@^0.3.24
683 http fetch GET 200 https://registry.npmjs.org/jsesc 65ms (cache miss)
684 http fetch GET 200 https://registry.npmjs.org/@babel%2fhelper-validator-option 65ms (cache miss)
685 http fetch GET 200 https://registry.npmjs.org/@babel%2fhelper-globals 67ms (cache miss)
686 http fetch GET 200 https://registry.npmjs.org/@babel%2fhelper-string-parser 67ms (cache miss)
687 http fetch GET 200 https://registry.npmjs.org/@jridgewell%2ftrace-mapping 69ms (cache miss)
688 http fetch GET 200 https://registry.npmjs.org/@jridgewell%2fgen-mapping 70ms (cache miss)
689 http fetch GET 200 https://registry.npmjs.org/@babel%2fcompat-data 71ms (cache miss)
690 http fetch GET 200 https://registry.npmjs.org/lru-cache 77ms (cache miss)
691 http fetch GET 200 https://registry.npmjs.org/@jridgewell%2fgen-mapping 90ms (cache miss)
692 http fetch GET 200 https://registry.npmjs.org/@jridgewell%2ftrace-mapping 61ms (cache miss)
693 silly placeDep ROOT @jridgewell/gen-mapping@0.3.13 OK for: @babel/generator@7.29.1 want: ^0.3.12
694 silly placeDep ROOT @jridgewell/trace-mapping@0.3.31 OK for: @babel/generator@7.29.1 want: ^0.3.28
695 silly placeDep ROOT jsesc@3.1.0 OK for: @babel/generator@7.29.1 want: ^3.0.2
696 silly fetch manifest @jridgewell/sourcemap-codec@^1.5.0
697 silly fetch manifest @jridgewell/resolve-uri@^3.1.0
698 silly fetch manifest @jridgewell/sourcemap-codec@^1.4.14
699 http fetch GET 200 https://registry.npmjs.org/@jridgewell%2fsourcemap-codec 59ms (cache miss)
700 http fetch GET 200 https://registry.npmjs.org/@jridgewell%2fresolve-uri 63ms (cache miss)
701 http fetch GET 200 https://registry.npmjs.org/@jridgewell%2fsourcemap-codec 69ms (cache miss)
702 silly placeDep ROOT @babel/compat-data@7.29.0 OK for: @babel/helper-compilation-targets@7.28.6 want: ^7.28.6
703 silly placeDep ROOT @babel/helper-validator-option@7.27.1 OK for: @babel/helper-compilation-targets@7.28.6 want: ^7.27.1
704 silly placeDep ROOT browserslist@4.28.1 OK for: @babel/helper-compilation-targets@7.28.6 want: ^4.24.0
705 silly placeDep ROOT lru-cache@5.1.1 OK for: @babel/helper-compilation-targets@7.28.6 want: ^5.1.1
706 silly fetch manifest baseline-browser-mapping@^2.9.0
707 silly fetch manifest caniuse-lite@^1.0.30001759
708 silly fetch manifest electron-to-chromium@^1.5.263
709 silly fetch manifest node-releases@^2.0.27
710 silly fetch manifest update-browserslist-db@^1.2.0
711 silly fetch manifest yallist@^3.0.2
712 http fetch GET 200 https://registry.npmjs.org/baseline-browser-mapping 51ms (cache miss)
713 http fetch GET 200 https://registry.npmjs.org/node-releases 56ms (cache miss)
714 http fetch GET 200 https://registry.npmjs.org/yallist 57ms (cache miss)
715 http fetch GET 200 https://registry.npmjs.org/update-browserslist-db 58ms (cache miss)
716 http fetch GET 200 https://registry.npmjs.org/electron-to-chromium 172ms (cache miss)
717 silly placeDep ROOT @babel/helper-module-imports@7.28.6 OK for: @babel/helper-module-transforms@7.28.6 want: ^7.28.6
718 silly placeDep ROOT @babel/helper-plugin-utils@7.28.6 OK for: @babel/plugin-transform-react-jsx-self@7.27.1 want: ^7.27.1
719 silly placeDep ROOT @babel/helper-globals@7.28.0 OK for: @babel/traverse@7.29.0 want: ^7.28.0
720 silly placeDep ROOT @babel/helper-string-parser@7.27.1 OK for: @babel/types@7.29.0 want: ^7.27.1
721 silly placeDep ROOT @jridgewell/sourcemap-codec@1.5.5 OK for: @jridgewell/gen-mapping@0.3.13 want: ^1.5.0
722 silly placeDep ROOT @jridgewell/resolve-uri@3.1.2 OK for: @jridgewell/trace-mapping@0.3.31 want: ^3.1.0
723 silly placeDep ROOT @types/babel__generator@7.27.0 OK for: @types/babel__core@7.20.5 want: *
724 silly placeDep ROOT @types/babel__template@7.4.4 OK for: @types/babel__core@7.20.5 want: *
725 silly placeDep ROOT @types/babel__traverse@7.28.0 OK for: @types/babel__core@7.20.5 want: *
726 silly placeDep ROOT dequal@2.0.3 OK for: aria-query@5.3.0 want: ^2.0.3
727 silly placeDep ROOT caniuse-lite@1.0.30001770 OK for: autoprefixer@10.4.24 want: ^1.0.30001766
728 silly placeDep ROOT fraction.js@5.3.4 OK for: autoprefixer@10.4.24 want: ^5.3.4
729 silly placeDep ROOT postcss-value-parser@4.2.0 OK for: autoprefixer@10.4.24 want: ^4.2.0
730 silly fetch manifest browserslist@>= 4.21.0
731 silly placeDep ROOT baseline-browser-mapping@2.10.0 OK for: browserslist@4.28.1 want: ^2.9.0
732 silly placeDep ROOT electron-to-chromium@1.5.302 OK for: browserslist@4.28.1 want: ^1.5.263
733 silly placeDep ROOT node-releases@2.0.27 OK for: browserslist@4.28.1 want: ^2.0.27
734 silly placeDep ROOT update-browserslist-db@1.2.3 OK for: browserslist@4.28.1 want: ^1.2.0
735 silly fetch manifest escalade@^3.2.0
736 http fetch GET 200 https://registry.npmjs.org/escalade 59ms (cache miss)
737 silly placeDep ROOT motion-dom@11.18.1 OK for: framer-motion@11.18.2 want: ^11.18.1
738 silly placeDep ROOT motion-utils@11.18.1 OK for: framer-motion@11.18.2 want: ^11.18.1
739 silly placeDep ROOT tslib@2.8.1 OK for: framer-motion@11.18.2 want: ^2.4.0
740 silly fetch manifest bufferutil@^4.0.1
741 http fetch GET 200 https://registry.npmjs.org/bufferutil 47ms (cache miss)
742 silly fetch manifest utf-8-validate@>=5.0.2
743 http fetch GET 200 https://registry.npmjs.org/utf-8-validate 62ms (cache miss)
744 silly placeDep ROOT @types/node@25.3.0 OK for: happy-dom@20.6.3 want: >=20.0.0
745 silly placeDep ROOT @types/whatwg-mimetype@3.0.2 OK for: happy-dom@20.6.3 want: ^3.0.2
746 silly placeDep ROOT @types/ws@8.18.1 OK for: happy-dom@20.6.3 want: ^8.18.1
747 silly placeDep ROOT entities@7.0.1 OK for: happy-dom@20.6.3 want: ^7.0.1
748 silly placeDep ROOT whatwg-mimetype@3.0.0 OK for: happy-dom@20.6.3 want: ^3.0.0
749 silly placeDep ROOT ws@8.19.0 OK for: happy-dom@20.6.3 want: ^8.18.3
750 silly fetch manifest undici-types@~7.18.0
751 http fetch GET 200 https://registry.npmjs.org/undici-types 41ms (cache miss)
752 silly placeDep ROOT undici-types@7.18.2 OK for: @types/node@25.3.0 want: ~7.18.0
753 silly placeDep ROOT yallist@3.1.1 OK for: lru-cache@5.1.1 want: ^3.0.2
754 silly placeDep ROOT nanoid@3.3.11 OK for: postcss@8.5.6 want: ^3.3.11
755 silly placeDep ROOT source-map-js@1.2.1 OK for: postcss@8.5.6 want: ^1.2.1
756 silly placeDep node_modules/pretty-format ansi-styles@5.2.0 OK for: pretty-format@27.5.1 want: ^5.0.0
757 silly placeDep ROOT react-is@17.0.2 OK for: pretty-format@27.5.1 want: ^17.0.1
758 silly placeDep ROOT loose-envify@1.4.0 OK for: react@18.3.1 want: ^1.1.0
759 silly placeDep ROOT scheduler@0.23.2 OK for: react-dom@18.3.1 want: ^0.23.2
760 silly placeDep ROOT indent-string@4.0.0 OK for: redent@3.0.0 want: ^4.0.0
761 silly placeDep ROOT strip-indent@3.0.0 OK for: redent@3.0.0 want: ^3.0.0
762 silly fetch manifest min-indent@^1.0.0
763 http fetch GET 200 https://registry.npmjs.org/min-indent 54ms (cache miss)
764 silly placeDep ROOT min-indent@1.0.1 OK for: strip-indent@3.0.0 want: ^1.0.0
765 silly fetch manifest postcss@^8.4.47
766 silly fetch manifest tsx@^4.8.1
767 http fetch GET 200 https://registry.npmjs.org/tsx 45ms (cache miss)
768 silly fetch manifest yaml@^2.4.2
769 http fetch GET 200 https://registry.npmjs.org/yaml 52ms (cache miss)
770 silly placeDep ROOT @alloc/quick-lru@5.2.0 OK for: tailwindcss@3.4.19 want: ^5.2.0
771 silly placeDep ROOT arg@5.0.2 OK for: tailwindcss@3.4.19 want: ^5.0.2
772 silly placeDep ROOT chokidar@3.6.0 OK for: tailwindcss@3.4.19 want: ^3.6.0
773 silly placeDep ROOT didyoumean@1.2.2 OK for: tailwindcss@3.4.19 want: ^1.2.2
774 silly placeDep ROOT dlv@1.1.3 OK for: tailwindcss@3.4.19 want: ^1.1.3
775 silly placeDep ROOT fast-glob@3.3.3 OK for: tailwindcss@3.4.19 want: ^3.3.2
776 silly placeDep ROOT jiti@1.21.7 OK for: tailwindcss@3.4.19 want: ^1.21.7
777 silly placeDep ROOT lilconfig@3.1.3 OK for: tailwindcss@3.4.19 want: ^3.1.3
778 silly placeDep ROOT micromatch@4.0.8 OK for: tailwindcss@3.4.19 want: ^4.0.8
779 silly placeDep ROOT normalize-path@3.0.0 OK for: tailwindcss@3.4.19 want: ^3.0.0
780 silly placeDep ROOT object-hash@3.0.0 OK for: tailwindcss@3.4.19 want: ^3.0.0
781 silly placeDep ROOT postcss-import@15.1.0 OK for: tailwindcss@3.4.19 want: ^15.1.0
782 silly placeDep ROOT postcss-js@4.1.0 OK for: tailwindcss@3.4.19 want: ^4.0.1
783 silly placeDep ROOT postcss-load-config@6.0.1 OK for: tailwindcss@3.4.19 want: ^4.0.2 || ^5.0 || ^6.0
784 silly placeDep ROOT postcss-nested@6.2.0 OK for: tailwindcss@3.4.19 want: ^6.2.0
785 silly placeDep ROOT postcss-selector-parser@6.1.2 OK for: tailwindcss@3.4.19 want: ^6.1.2
786 silly placeDep ROOT resolve@1.22.11 OK for: tailwindcss@3.4.19 want: ^1.22.8
787 silly placeDep ROOT sucrase@3.35.1 OK for: tailwindcss@3.4.19 want: ^3.35.0
788 silly fetch manifest braces@~3.0.2
789 silly fetch manifest anymatch@~3.1.2
790 silly fetch manifest readdirp@~3.6.0
791 silly fetch manifest glob-parent@~5.1.2
792 silly fetch manifest is-binary-path@~2.1.0
793 silly fetch manifest normalize-path@~3.0.0
794 silly fetch manifest fsevents@~2.3.2
795 silly fetch manifest glob-parent@^5.1.2
796 silly fetch manifest merge2@^1.3.0
797 silly fetch manifest braces@^3.0.3
798 silly fetch manifest picomatch@^2.3.1
799 silly fetch manifest resolve@^1.1.7
800 silly fetch manifest read-cache@^1.0.0
801 silly fetch manifest camelcase-css@^2.0.1
802 silly fetch manifest postcss-selector-parser@^6.1.1
803 silly fetch manifest cssesc@^3.0.0
804 silly fetch manifest util-deprecate@^1.0.2
805 http fetch GET 200 https://registry.npmjs.org/merge2 53ms (cache miss)
806 silly fetch manifest path-parse@^1.0.7
807 http fetch GET 200 https://registry.npmjs.org/cssesc 55ms (cache miss)
808 silly fetch manifest is-core-module@^2.16.1
809 http fetch GET 200 https://registry.npmjs.org/braces 58ms (cache miss)
810 silly fetch manifest supports-preserve-symlinks-flag@^1.0.0
811 http fetch GET 200 https://registry.npmjs.org/braces 59ms (cache miss)
812 silly fetch manifest commander@^4.0.0
813 http fetch GET 200 https://registry.npmjs.org/read-cache 63ms (cache miss)
814 silly fetch manifest lines-and-columns@^1.1.6
815 http fetch GET 200 https://registry.npmjs.org/camelcase-css 63ms (cache miss)
816 silly fetch manifest mz@^2.7.0
817 http fetch GET 200 https://registry.npmjs.org/anymatch 66ms (cache miss)
818 silly fetch manifest pirates@^4.0.1
819 http fetch GET 200 https://registry.npmjs.org/readdirp 67ms (cache miss)
820 silly fetch manifest tinyglobby@^0.2.11
821 silly fetch manifest ts-interface-checker@^0.1.9
822 http fetch GET 200 https://registry.npmjs.org/is-binary-path 79ms (cache miss)
823 http fetch GET 200 https://registry.npmjs.org/path-parse 31ms (cache miss)
824 http fetch GET 200 https://registry.npmjs.org/util-deprecate 86ms (cache miss)
825 http fetch GET 200 https://registry.npmjs.org/supports-preserve-symlinks-flag 39ms (cache miss)
826 http fetch GET 200 https://registry.npmjs.org/pirates 43ms (cache miss)
827 http fetch GET 200 https://registry.npmjs.org/is-core-module 53ms (cache miss)
828 http fetch GET 200 https://registry.npmjs.org/lines-and-columns 50ms (cache miss)
829 http fetch GET 200 https://registry.npmjs.org/ts-interface-checker 48ms (cache miss)
830 http fetch GET 200 https://registry.npmjs.org/mz 54ms (cache miss)
831 http fetch GET 200 https://registry.npmjs.org/commander 63ms (cache miss)
832 silly placeDep ROOT anymatch@3.1.3 OK for: chokidar@3.6.0 want: ~3.1.2
833 silly placeDep ROOT braces@3.0.3 OK for: chokidar@3.6.0 want: ~3.0.2
834 silly placeDep ROOT fsevents@2.3.3 OK for: chokidar@3.6.0 want: ~2.3.2
835 silly placeDep node_modules/chokidar glob-parent@5.1.2 OK for: chokidar@3.6.0 want: ~5.1.2
836 silly placeDep ROOT is-binary-path@2.1.0 OK for: chokidar@3.6.0 want: ~2.1.0
837 silly placeDep ROOT readdirp@3.6.0 OK for: chokidar@3.6.0 want: ~3.6.0
838 silly fetch manifest picomatch@^2.0.4
839 silly fetch manifest fill-range@^7.1.1
840 silly fetch manifest binary-extensions@^2.0.0
841 silly fetch manifest picomatch@^2.2.1
842 http fetch GET 200 https://registry.npmjs.org/binary-extensions 67ms (cache miss)
843 http fetch GET 200 https://registry.npmjs.org/fill-range 83ms (cache miss)
844 silly placeDep ROOT picomatch@2.3.1 OK for: anymatch@3.1.3 want: ^2.0.4
845 silly placeDep ROOT fill-range@7.1.1 OK for: braces@3.0.3 want: ^7.1.1
846 silly fetch manifest to-regex-range@^5.0.1
847 http fetch GET 200 https://registry.npmjs.org/to-regex-range 43ms (cache miss)
848 silly placeDep node_modules/fast-glob glob-parent@5.1.2 OK for: fast-glob@3.3.3 want: ^5.1.2
849 silly placeDep ROOT merge2@1.4.1 OK for: fast-glob@3.3.3 want: ^1.3.0
850 silly placeDep ROOT to-regex-range@5.0.1 OK for: fill-range@7.1.1 want: ^5.0.1
851 silly fetch manifest is-number@^7.0.0
852 http fetch GET 200 https://registry.npmjs.org/is-number 46ms (cache miss)
853 silly placeDep ROOT binary-extensions@2.3.0 OK for: is-binary-path@2.1.0 want: ^2.0.0
854 silly placeDep ROOT read-cache@1.0.0 OK for: postcss-import@15.1.0 want: ^1.0.0
855 silly fetch manifest pify@^2.3.0
856 http fetch GET 200 https://registry.npmjs.org/pify 86ms (cache miss)
857 silly placeDep ROOT camelcase-css@2.0.1 OK for: postcss-js@4.1.0 want: ^2.0.1
858 silly placeDep ROOT cssesc@3.0.0 OK for: postcss-selector-parser@6.1.2 want: ^3.0.0
859 silly placeDep ROOT util-deprecate@1.0.2 OK for: postcss-selector-parser@6.1.2 want: ^1.0.2
860 silly placeDep ROOT pify@2.3.0 OK for: read-cache@1.0.0 want: ^2.3.0
861 silly placeDep ROOT is-core-module@2.16.1 OK for: resolve@1.22.11 want: ^2.16.1
862 silly placeDep ROOT path-parse@1.0.7 OK for: resolve@1.22.11 want: ^1.0.7
863 silly placeDep ROOT supports-preserve-symlinks-flag@1.0.0 OK for: resolve@1.22.11 want: ^1.0.0
864 silly fetch manifest hasown@^2.0.2
865 http fetch GET 200 https://registry.npmjs.org/hasown 42ms (cache miss)
866 silly placeDep ROOT hasown@2.0.2 OK for: is-core-module@2.16.1 want: ^2.0.2
867 silly fetch manifest function-bind@^1.1.2
868 http fetch GET 200 https://registry.npmjs.org/function-bind 63ms (cache miss)
869 silly placeDep ROOT function-bind@1.1.2 OK for: hasown@2.0.2 want: ^1.1.2
870 silly placeDep ROOT commander@4.1.1 OK for: sucrase@3.35.1 want: ^4.0.0
871 silly placeDep ROOT lines-and-columns@1.2.4 OK for: sucrase@3.35.1 want: ^1.1.6
872 silly placeDep ROOT mz@2.7.0 OK for: sucrase@3.35.1 want: ^2.7.0
873 silly placeDep ROOT pirates@4.0.7 OK for: sucrase@3.35.1 want: ^4.0.1
874 silly placeDep ROOT tinyglobby@0.2.15 OK for: sucrase@3.35.1 want: ^0.2.11
875 silly placeDep ROOT ts-interface-checker@0.1.13 OK for: sucrase@3.35.1 want: ^0.1.9
876 silly fetch manifest any-promise@^1.0.0
877 silly fetch manifest object-assign@^4.0.1
878 silly fetch manifest thenify-all@^1.0.0
879 silly fetch manifest fdir@^6.5.0
880 http fetch GET 200 https://registry.npmjs.org/thenify-all 49ms (cache miss)
881 http fetch GET 200 https://registry.npmjs.org/object-assign 50ms (cache miss)
882 http fetch GET 200 https://registry.npmjs.org/any-promise 51ms (cache miss)
883 http fetch GET 200 https://registry.npmjs.org/fdir 51ms (cache miss)
884 silly placeDep ROOT any-promise@1.3.0 OK for: mz@2.7.0 want: ^1.0.0
885 silly placeDep ROOT object-assign@4.1.1 OK for: mz@2.7.0 want: ^4.0.1
886 silly placeDep ROOT thenify-all@1.6.0 OK for: mz@2.7.0 want: ^1.0.0
887 silly fetch manifest thenify@>= 3.1.0 < 4
888 http fetch GET 200 https://registry.npmjs.org/thenify 54ms (cache miss)
889 silly placeDep ROOT thenify@3.3.1 OK for: thenify-all@1.6.0 want: >= 3.1.0 < 4
890 silly placeDep node_modules/tinyglobby fdir@6.5.0 OK for: tinyglobby@0.2.15 want: ^6.5.0
891 silly placeDep node_modules/tinyglobby picomatch@4.0.3 OK for: fdir@6.5.0 want: ^3 || ^4
892 silly placeDep ROOT is-number@7.0.0 OK for: to-regex-range@5.0.1 want: ^7.0.0
893 silly placeDep ROOT escalade@3.2.0 OK for: update-browserslist-db@1.2.3 want: ^3.2.0
894 silly placeDep ROOT esbuild@0.21.5 OK for: vite@5.4.21 want: ^0.21.3
895 silly placeDep ROOT rollup@4.57.1 OK for: vite@5.4.21 want: ^4.20.0
896 silly fetch manifest @esbuild/aix-ppc64@0.21.5
897 silly fetch manifest @esbuild/linux-arm@0.21.5
898 silly fetch manifest @esbuild/linux-x64@0.21.5
899 silly fetch manifest @esbuild/sunos-x64@0.21.5
900 silly fetch manifest @esbuild/win32-x64@0.21.5
901 silly fetch manifest @esbuild/darwin-x64@0.21.5
902 silly fetch manifest @esbuild/linux-ia32@0.21.5
903 silly fetch manifest @esbuild/netbsd-x64@0.21.5
904 silly fetch manifest @esbuild/win32-ia32@0.21.5
905 silly fetch manifest @esbuild/android-arm@0.21.5
906 http fetch GET 200 https://registry.npmjs.org/@esbuild%2flinux-ia32 50ms (cache miss)
907 silly fetch manifest @esbuild/android-x64@0.21.5
908 http fetch GET 200 https://registry.npmjs.org/@esbuild%2faix-ppc64 56ms (cache miss)
909 silly fetch manifest @esbuild/freebsd-x64@0.21.5
910 http fetch GET 200 https://registry.npmjs.org/@esbuild%2fdarwin-x64 57ms (cache miss)
911 silly fetch manifest @esbuild/linux-arm64@0.21.5
912 http fetch GET 200 https://registry.npmjs.org/@esbuild%2fsunos-x64 62ms (cache miss)
913 silly fetch manifest @esbuild/linux-ppc64@0.21.5
914 http fetch GET 200 https://registry.npmjs.org/@esbuild%2flinux-x64 70ms (cache miss)
915 silly fetch manifest @esbuild/linux-s390x@0.21.5
916 http fetch GET 200 https://registry.npmjs.org/@esbuild%2fwin32-ia32 72ms (cache miss)
917 silly fetch manifest @esbuild/openbsd-x64@0.21.5
918 http fetch GET 200 https://registry.npmjs.org/@esbuild%2flinux-arm 76ms (cache miss)
919 silly fetch manifest @esbuild/win32-arm64@0.21.5
920 http fetch GET 200 https://registry.npmjs.org/@esbuild%2fnetbsd-x64 77ms (cache miss)
921 silly fetch manifest @esbuild/darwin-arm64@0.21.5
922 http fetch GET 200 https://registry.npmjs.org/@esbuild%2fwin32-x64 83ms (cache miss)
923 silly fetch manifest @esbuild/android-arm64@0.21.5
924 http fetch GET 200 https://registry.npmjs.org/@esbuild%2fandroid-arm 96ms (cache miss)
925 silly fetch manifest @esbuild/freebsd-arm64@0.21.5
926 http fetch GET 200 https://registry.npmjs.org/@esbuild%2flinux-ppc64 53ms (cache miss)
927 silly fetch manifest @esbuild/linux-loong64@0.21.5
928 http fetch GET 200 https://registry.npmjs.org/@esbuild%2fandroid-x64 70ms (cache miss)
929 silly fetch manifest @esbuild/linux-riscv64@0.21.5
930 http fetch GET 200 https://registry.npmjs.org/@esbuild%2ffreebsd-x64 69ms (cache miss)
931 silly fetch manifest @esbuild/linux-mips64el@0.21.5
932 http fetch GET 200 https://registry.npmjs.org/@esbuild%2flinux-arm64 69ms (cache miss)
933 silly fetch manifest @types/estree@1.0.8
934 http fetch GET 200 https://registry.npmjs.org/@esbuild%2fwin32-arm64 55ms (cache miss)
935 silly fetch manifest @rollup/rollup-darwin-arm64@4.57.1
936 http fetch GET 200 https://registry.npmjs.org/@esbuild%2flinux-s390x 78ms (cache miss)
937 silly fetch manifest @rollup/rollup-android-arm64@4.57.1
938 http fetch GET 200 https://registry.npmjs.org/@esbuild%2fopenbsd-x64 78ms (cache miss)
939 silly fetch manifest @rollup/rollup-win32-arm64-msvc@4.57.1
940 http fetch GET 200 https://registry.npmjs.org/@esbuild%2fandroid-arm64 70ms (cache miss)
941 silly fetch manifest @rollup/rollup-freebsd-arm64@4.57.1
942 http fetch GET 200 https://registry.npmjs.org/@esbuild%2fdarwin-arm64 81ms (cache miss)
943 silly fetch manifest @rollup/rollup-linux-arm64-gnu@4.57.1
944 http fetch GET 200 https://registry.npmjs.org/@esbuild%2flinux-loong64 60ms (cache miss)
945 silly fetch manifest @rollup/rollup-linux-arm64-musl@4.57.1
946 http fetch GET 200 https://registry.npmjs.org/@esbuild%2flinux-mips64el 55ms (cache miss)
947 silly fetch manifest @rollup/rollup-android-arm-eabi@4.57.1
948 http fetch GET 200 https://registry.npmjs.org/@types%2festree 56ms (cache miss)
949 silly fetch manifest @rollup/rollup-linux-arm-gnueabihf@4.57.1
950 http fetch GET 200 https://registry.npmjs.org/@esbuild%2flinux-riscv64 70ms (cache miss)
951 silly fetch manifest @rollup/rollup-linux-arm-musleabihf@4.57.1
952 http fetch GET 200 https://registry.npmjs.org/@rollup%2frollup-darwin-arm64 63ms (cache miss)
953 silly fetch manifest @rollup/rollup-win32-ia32-msvc@4.57.1
954 http fetch GET 200 https://registry.npmjs.org/@rollup%2frollup-freebsd-arm64 71ms (cache miss)
955 silly fetch manifest @rollup/rollup-linux-loong64-gnu@4.57.1
956 http fetch GET 200 https://registry.npmjs.org/@esbuild%2ffreebsd-arm64 130ms (cache miss)
957 silly fetch manifest @rollup/rollup-linux-loong64-musl@4.57.1
958 http fetch GET 200 https://registry.npmjs.org/@rollup%2frollup-win32-arm64-msvc 78ms (cache miss)
959 silly fetch manifest @rollup/rollup-linux-riscv64-gnu@4.57.1
960 http fetch GET 200 https://registry.npmjs.org/@rollup%2frollup-android-arm-eabi 53ms (cache miss)
961 silly fetch manifest @rollup/rollup-linux-riscv64-musl@4.57.1
962 http fetch GET 200 https://registry.npmjs.org/@rollup%2frollup-android-arm64 90ms (cache miss)
963 silly fetch manifest @rollup/rollup-linux-ppc64-gnu@4.57.1
964 http fetch GET 200 https://registry.npmjs.org/@rollup%2frollup-linux-arm64-gnu 82ms (cache miss)
965 silly fetch manifest @rollup/rollup-linux-ppc64-musl@4.57.1
966 http fetch GET 200 https://registry.npmjs.org/@rollup%2frollup-linux-arm64-musl 67ms (cache miss)
967 silly fetch manifest @rollup/rollup-linux-s390x-gnu@4.57.1
968 http fetch GET 200 https://registry.npmjs.org/@rollup%2frollup-linux-arm-musleabihf 58ms (cache miss)
969 silly fetch manifest @rollup/rollup-darwin-x64@4.57.1
970 http fetch GET 200 https://registry.npmjs.org/@rollup%2frollup-linux-arm-gnueabihf 77ms (cache miss)
971 silly fetch manifest @rollup/rollup-win32-x64-gnu@4.57.1
972 http fetch GET 200 https://registry.npmjs.org/@rollup%2frollup-win32-ia32-msvc 76ms (cache miss)
973 silly fetch manifest @rollup/rollup-win32-x64-msvc@4.57.1
974 http fetch GET 200 https://registry.npmjs.org/@rollup%2frollup-linux-riscv64-musl 57ms (cache miss)
975 silly fetch manifest @rollup/rollup-freebsd-x64@4.57.1
976 http fetch GET 200 https://registry.npmjs.org/@rollup%2frollup-linux-s390x-gnu 51ms (cache miss)
977 silly fetch manifest @rollup/rollup-linux-x64-gnu@4.57.1
978 http fetch GET 200 https://registry.npmjs.org/@rollup%2frollup-darwin-x64 62ms (cache miss)
979 silly fetch manifest @rollup/rollup-linux-x64-musl@4.57.1
980 http fetch GET 200 https://registry.npmjs.org/@rollup%2frollup-linux-ppc64-musl 74ms (cache miss)
981 silly fetch manifest @rollup/rollup-openbsd-x64@4.57.1
982 http fetch GET 200 https://registry.npmjs.org/@rollup%2frollup-linux-loong64-musl 90ms (cache miss)
983 silly fetch manifest @rollup/rollup-openharmony-arm64@4.57.1
984 http fetch GET 200 https://registry.npmjs.org/@rollup%2frollup-linux-ppc64-gnu 78ms (cache miss)
985 http fetch GET 200 https://registry.npmjs.org/@rollup%2frollup-linux-loong64-gnu 101ms (cache miss)
986 http fetch GET 200 https://registry.npmjs.org/@rollup%2frollup-win32-x64-gnu 68ms (cache miss)
987 http fetch GET 200 https://registry.npmjs.org/@rollup%2frollup-linux-riscv64-gnu 114ms (cache miss)
988 http fetch GET 200 https://registry.npmjs.org/@rollup%2frollup-win32-x64-msvc 72ms (cache miss)
989 http fetch GET 200 https://registry.npmjs.org/@rollup%2frollup-freebsd-x64 61ms (cache miss)
990 http fetch GET 200 https://registry.npmjs.org/@rollup%2frollup-linux-x64-gnu 67ms (cache miss)
991 http fetch GET 200 https://registry.npmjs.org/@rollup%2frollup-openbsd-x64 57ms (cache miss)
992 http fetch GET 200 https://registry.npmjs.org/@rollup%2frollup-linux-x64-musl 68ms (cache miss)
993 http fetch GET 200 https://registry.npmjs.org/@rollup%2frollup-openharmony-arm64 90ms (cache miss)
994 silly placeDep ROOT @esbuild/aix-ppc64@0.21.5 OK for: esbuild@0.21.5 want: 0.21.5
995 silly placeDep ROOT @esbuild/android-arm@0.21.5 OK for: esbuild@0.21.5 want: 0.21.5
996 silly placeDep ROOT @esbuild/android-arm64@0.21.5 OK for: esbuild@0.21.5 want: 0.21.5
997 silly placeDep ROOT @esbuild/android-x64@0.21.5 OK for: esbuild@0.21.5 want: 0.21.5
998 silly placeDep ROOT @esbuild/darwin-arm64@0.21.5 OK for: esbuild@0.21.5 want: 0.21.5
999 silly placeDep ROOT @esbuild/darwin-x64@0.21.5 OK for: esbuild@0.21.5 want: 0.21.5
1000 silly placeDep ROOT @esbuild/freebsd-arm64@0.21.5 OK for: esbuild@0.21.5 want: 0.21.5
1001 silly placeDep ROOT @esbuild/freebsd-x64@0.21.5 OK for: esbuild@0.21.5 want: 0.21.5
1002 silly placeDep ROOT @esbuild/linux-arm@0.21.5 OK for: esbuild@0.21.5 want: 0.21.5
1003 silly placeDep ROOT @esbuild/linux-arm64@0.21.5 OK for: esbuild@0.21.5 want: 0.21.5
1004 silly placeDep ROOT @esbuild/linux-ia32@0.21.5 OK for: esbuild@0.21.5 want: 0.21.5
1005 silly placeDep ROOT @esbuild/linux-loong64@0.21.5 OK for: esbuild@0.21.5 want: 0.21.5
1006 silly placeDep ROOT @esbuild/linux-mips64el@0.21.5 OK for: esbuild@0.21.5 want: 0.21.5
1007 silly placeDep ROOT @esbuild/linux-ppc64@0.21.5 OK for: esbuild@0.21.5 want: 0.21.5
1008 silly placeDep ROOT @esbuild/linux-riscv64@0.21.5 OK for: esbuild@0.21.5 want: 0.21.5
1009 silly placeDep ROOT @esbuild/linux-s390x@0.21.5 OK for: esbuild@0.21.5 want: 0.21.5
1010 silly placeDep ROOT @esbuild/linux-x64@0.21.5 OK for: esbuild@0.21.5 want: 0.21.5
1011 silly placeDep ROOT @esbuild/netbsd-x64@0.21.5 OK for: esbuild@0.21.5 want: 0.21.5
1012 silly placeDep ROOT @esbuild/openbsd-x64@0.21.5 OK for: esbuild@0.21.5 want: 0.21.5
1013 silly placeDep ROOT @esbuild/sunos-x64@0.21.5 OK for: esbuild@0.21.5 want: 0.21.5
1014 silly placeDep ROOT @esbuild/win32-arm64@0.21.5 OK for: esbuild@0.21.5 want: 0.21.5
1015 silly placeDep ROOT @esbuild/win32-ia32@0.21.5 OK for: esbuild@0.21.5 want: 0.21.5
1016 silly placeDep ROOT @esbuild/win32-x64@0.21.5 OK for: esbuild@0.21.5 want: 0.21.5
1017 silly placeDep ROOT @rollup/rollup-android-arm-eabi@4.57.1 OK for: rollup@4.57.1 want: 4.57.1
1018 silly placeDep ROOT @rollup/rollup-android-arm64@4.57.1 OK for: rollup@4.57.1 want: 4.57.1
1019 silly placeDep ROOT @rollup/rollup-darwin-arm64@4.57.1 OK for: rollup@4.57.1 want: 4.57.1
1020 silly placeDep ROOT @rollup/rollup-darwin-x64@4.57.1 OK for: rollup@4.57.1 want: 4.57.1
1021 silly placeDep ROOT @rollup/rollup-freebsd-arm64@4.57.1 OK for: rollup@4.57.1 want: 4.57.1
1022 silly placeDep ROOT @rollup/rollup-freebsd-x64@4.57.1 OK for: rollup@4.57.1 want: 4.57.1
1023 silly placeDep ROOT @rollup/rollup-linux-arm-gnueabihf@4.57.1 OK for: rollup@4.57.1 want: 4.57.1
1024 silly placeDep ROOT @rollup/rollup-linux-arm-musleabihf@4.57.1 OK for: rollup@4.57.1 want: 4.57.1
1025 silly placeDep ROOT @rollup/rollup-linux-arm64-gnu@4.57.1 OK for: rollup@4.57.1 want: 4.57.1
1026 silly placeDep ROOT @rollup/rollup-linux-arm64-musl@4.57.1 OK for: rollup@4.57.1 want: 4.57.1
1027 silly placeDep ROOT @rollup/rollup-linux-loong64-gnu@4.57.1 OK for: rollup@4.57.1 want: 4.57.1
1028 silly placeDep ROOT @rollup/rollup-linux-loong64-musl@4.57.1 OK for: rollup@4.57.1 want: 4.57.1
1029 silly placeDep ROOT @rollup/rollup-linux-ppc64-gnu@4.57.1 OK for: rollup@4.57.1 want: 4.57.1
1030 silly placeDep ROOT @rollup/rollup-linux-ppc64-musl@4.57.1 OK for: rollup@4.57.1 want: 4.57.1
1031 silly placeDep ROOT @rollup/rollup-linux-riscv64-gnu@4.57.1 OK for: rollup@4.57.1 want: 4.57.1
1032 silly placeDep ROOT @rollup/rollup-linux-riscv64-musl@4.57.1 OK for: rollup@4.57.1 want: 4.57.1
1033 silly placeDep ROOT @rollup/rollup-linux-s390x-gnu@4.57.1 OK for: rollup@4.57.1 want: 4.57.1
1034 silly placeDep ROOT @rollup/rollup-linux-x64-gnu@4.57.1 OK for: rollup@4.57.1 want: 4.57.1
1035 silly placeDep ROOT @rollup/rollup-linux-x64-musl@4.57.1 OK for: rollup@4.57.1 want: 4.57.1
1036 silly placeDep ROOT @rollup/rollup-openbsd-x64@4.57.1 OK for: rollup@4.57.1 want: 4.57.1
1037 silly placeDep ROOT @rollup/rollup-openharmony-arm64@4.57.1 OK for: rollup@4.57.1 want: 4.57.1
1038 silly placeDep ROOT @rollup/rollup-win32-arm64-msvc@4.57.1 OK for: rollup@4.57.1 want: 4.57.1
1039 silly placeDep ROOT @rollup/rollup-win32-ia32-msvc@4.57.1 OK for: rollup@4.57.1 want: 4.57.1
1040 silly placeDep ROOT @rollup/rollup-win32-x64-gnu@4.57.1 OK for: rollup@4.57.1 want: 4.57.1
1041 silly placeDep ROOT @rollup/rollup-win32-x64-msvc@4.57.1 OK for: rollup@4.57.1 want: 4.57.1
1042 silly placeDep ROOT @types/estree@1.0.8 OK for: rollup@4.57.1 want: 1.0.8
1043 silly fetch manifest jiti@>=1.21.0
1044 silly fetch manifest less@^4.0.0
1045 silly fetch manifest sass@^1.70.0
1046 silly fetch manifest sass-embedded@^1.70.0
1047 silly fetch manifest stylus@>=0.54.8
1048 silly fetch manifest sugarss@^5.0.0
1049 silly fetch manifest postcss@^8.3.3
1050 silly fetch manifest terser@^5.16.0
1051 silly fetch manifest msw@^2.4.9
1052 http fetch GET 200 https://registry.npmjs.org/msw 269ms (cache miss)
1053 silly fetch manifest typescript@>= 4.8.x
1054 silly placeDep ROOT @vitest/expect@4.0.18 OK for: vitest@4.0.18 want: 4.0.18
1055 silly placeDep node_modules/vitest @vitest/mocker@4.0.18 OK for: vitest@4.0.18 want: 4.0.18
1056 silly placeDep node_modules/vitest vite@7.3.1 OK for: @vitest/mocker@4.0.18 want: ^6.0.0 || ^7.0.0-0
1057 silly placeDep ROOT @vitest/pretty-format@4.0.18 OK for: vitest@4.0.18 want: 4.0.18
1058 silly placeDep ROOT @vitest/runner@4.0.18 OK for: vitest@4.0.18 want: 4.0.18
1059 silly placeDep ROOT @vitest/snapshot@4.0.18 OK for: vitest@4.0.18 want: 4.0.18
1060 silly placeDep ROOT @vitest/spy@4.0.18 OK for: vitest@4.0.18 want: 4.0.18
1061 silly placeDep ROOT @vitest/utils@4.0.18 OK for: vitest@4.0.18 want: 4.0.18
1062 silly placeDep ROOT es-module-lexer@1.7.0 OK for: vitest@4.0.18 want: ^1.7.0
1063 silly placeDep ROOT expect-type@1.3.0 OK for: vitest@4.0.18 want: ^1.2.2
1064 silly placeDep ROOT magic-string@0.30.21 OK for: vitest@4.0.18 want: ^0.30.21
1065 silly placeDep ROOT obug@2.1.1 OK for: vitest@4.0.18 want: ^2.1.1
1066 silly placeDep ROOT pathe@2.0.3 OK for: vitest@4.0.18 want: ^2.0.3
1067 silly placeDep node_modules/vitest picomatch@4.0.3 OK for: vitest@4.0.18 want: ^4.0.3
1068 silly placeDep ROOT std-env@3.10.0 OK for: vitest@4.0.18 want: ^3.10.0
1069 silly placeDep ROOT tinybench@2.9.0 OK for: vitest@4.0.18 want: ^2.9.0
1070 silly placeDep ROOT tinyexec@1.0.2 OK for: vitest@4.0.18 want: ^1.0.2
1071 silly placeDep ROOT tinyrainbow@3.0.3 OK for: vitest@4.0.18 want: ^3.0.3
1072 silly placeDep ROOT why-is-node-running@2.3.0 OK for: vitest@4.0.18 want: ^2.3.0
1073 silly fetch manifest chai@^6.2.1
1074 silly fetch manifest @types/chai@^5.2.2
1075 silly fetch manifest @standard-schema/spec@^1.0.0
1076 silly fetch manifest estree-walker@^3.0.3
1077 silly fetch manifest esbuild@^0.27.0
1078 silly fetch manifest siginfo@^2.0.0
1079 silly fetch manifest stackback@0.0.2
1080 http fetch GET 200 https://registry.npmjs.org/stackback 40ms (cache miss)
1081 http fetch GET 200 https://registry.npmjs.org/estree-walker 49ms (cache miss)
1082 http fetch GET 200 https://registry.npmjs.org/chai 51ms (cache miss)
1083 http fetch GET 200 https://registry.npmjs.org/siginfo 56ms (cache miss)
1084 http fetch GET 200 https://registry.npmjs.org/@types%2fchai 62ms (cache miss)
1085 http fetch GET 200 https://registry.npmjs.org/@standard-schema%2fspec 72ms (cache miss)
1086 silly placeDep ROOT @standard-schema/spec@1.1.0 OK for: @vitest/expect@4.0.18 want: ^1.0.0
1087 silly placeDep ROOT @types/chai@5.2.3 OK for: @vitest/expect@4.0.18 want: ^5.2.2
1088 silly placeDep ROOT chai@6.2.2 OK for: @vitest/expect@4.0.18 want: ^6.2.1
1089 silly fetch manifest @types/deep-eql@*
1090 silly fetch manifest assertion-error@^2.0.1
1091 http fetch GET 200 https://registry.npmjs.org/assertion-error 44ms (cache miss)
1092 http fetch GET 200 https://registry.npmjs.org/@types%2fdeep-eql 63ms (cache miss)
1093 silly placeDep ROOT @types/deep-eql@4.0.2 OK for: @types/chai@5.2.3 want: *
1094 silly placeDep ROOT assertion-error@2.0.1 OK for: @types/chai@5.2.3 want: ^2.0.1
1095 silly placeDep ROOT siginfo@2.0.0 OK for: why-is-node-running@2.3.0 want: ^2.0.0
1096 silly placeDep ROOT stackback@0.0.2 OK for: why-is-node-running@2.3.0 want: 0.0.2
1097 silly placeDep ROOT estree-walker@3.0.3 OK for: @vitest/mocker@4.0.18 want: ^3.0.3
1098 silly placeDep node_modules/vitest esbuild@0.27.3 OK for: vite@7.3.1 want: ^0.27.0
1099 silly placeDep node_modules/vitest fdir@6.5.0 OK for: vite@7.3.1 want: ^6.5.0
1100 silly fetch manifest @esbuild/aix-ppc64@0.27.3
1101 silly fetch manifest @esbuild/android-arm@0.27.3
1102 silly fetch manifest @esbuild/android-arm64@0.27.3
1103 silly fetch manifest @esbuild/android-x64@0.27.3
1104 silly fetch manifest @esbuild/darwin-arm64@0.27.3
1105 silly fetch manifest @esbuild/darwin-x64@0.27.3
1106 silly fetch manifest @esbuild/freebsd-arm64@0.27.3
1107 silly fetch manifest @esbuild/freebsd-x64@0.27.3
1108 silly fetch manifest @esbuild/linux-arm@0.27.3
1109 silly fetch manifest @esbuild/linux-arm64@0.27.3
1110 silly fetch manifest @esbuild/linux-ia32@0.27.3
1111 silly fetch manifest @esbuild/linux-loong64@0.27.3
1112 silly fetch manifest @esbuild/linux-mips64el@0.27.3
1113 silly fetch manifest @esbuild/linux-ppc64@0.27.3
1114 silly fetch manifest @esbuild/linux-riscv64@0.27.3
1115 silly fetch manifest @esbuild/linux-s390x@0.27.3
1116 silly fetch manifest @esbuild/linux-x64@0.27.3
1117 silly fetch manifest @esbuild/netbsd-arm64@0.27.3
1118 silly fetch manifest @esbuild/netbsd-x64@0.27.3
1119 silly fetch manifest @esbuild/openbsd-arm64@0.27.3
1120 silly fetch manifest @esbuild/openbsd-x64@0.27.3
1121 silly fetch manifest @esbuild/openharmony-arm64@0.27.3
1122 silly fetch manifest @esbuild/sunos-x64@0.27.3
1123 silly fetch manifest @esbuild/win32-arm64@0.27.3
1124 silly fetch manifest @esbuild/win32-ia32@0.27.3
1125 silly fetch manifest @esbuild/win32-x64@0.27.3
1126 http fetch GET 200 https://registry.npmjs.org/@esbuild%2fopenharmony-arm64 76ms (cache miss)
1127 http fetch GET 200 https://registry.npmjs.org/@esbuild%2fnetbsd-arm64 82ms (cache miss)
1128 http fetch GET 200 https://registry.npmjs.org/@esbuild%2fopenbsd-arm64 107ms (cache miss)
1129 silly placeDep node_modules/vitest @esbuild/aix-ppc64@0.27.3 OK for: esbuild@0.27.3 want: 0.27.3
1130 silly placeDep node_modules/vitest @esbuild/android-arm@0.27.3 OK for: esbuild@0.27.3 want: 0.27.3
1131 silly placeDep node_modules/vitest @esbuild/android-arm64@0.27.3 OK for: esbuild@0.27.3 want: 0.27.3
1132 silly placeDep node_modules/vitest @esbuild/android-x64@0.27.3 OK for: esbuild@0.27.3 want: 0.27.3
1133 silly placeDep node_modules/vitest @esbuild/darwin-arm64@0.27.3 OK for: esbuild@0.27.3 want: 0.27.3
1134 silly placeDep node_modules/vitest @esbuild/darwin-x64@0.27.3 OK for: esbuild@0.27.3 want: 0.27.3
1135 silly placeDep node_modules/vitest @esbuild/freebsd-arm64@0.27.3 OK for: esbuild@0.27.3 want: 0.27.3
1136 silly placeDep node_modules/vitest @esbuild/freebsd-x64@0.27.3 OK for: esbuild@0.27.3 want: 0.27.3
1137 silly placeDep node_modules/vitest @esbuild/linux-arm@0.27.3 OK for: esbuild@0.27.3 want: 0.27.3
1138 silly placeDep node_modules/vitest @esbuild/linux-arm64@0.27.3 OK for: esbuild@0.27.3 want: 0.27.3
1139 silly placeDep node_modules/vitest @esbuild/linux-ia32@0.27.3 OK for: esbuild@0.27.3 want: 0.27.3
1140 silly placeDep node_modules/vitest @esbuild/linux-loong64@0.27.3 OK for: esbuild@0.27.3 want: 0.27.3
1141 silly placeDep node_modules/vitest @esbuild/linux-mips64el@0.27.3 OK for: esbuild@0.27.3 want: 0.27.3
1142 silly placeDep node_modules/vitest @esbuild/linux-ppc64@0.27.3 OK for: esbuild@0.27.3 want: 0.27.3
1143 silly placeDep node_modules/vitest @esbuild/linux-riscv64@0.27.3 OK for: esbuild@0.27.3 want: 0.27.3
1144 silly placeDep node_modules/vitest @esbuild/linux-s390x@0.27.3 OK for: esbuild@0.27.3 want: 0.27.3
1145 silly placeDep node_modules/vitest @esbuild/linux-x64@0.27.3 OK for: esbuild@0.27.3 want: 0.27.3
1146 silly placeDep ROOT @esbuild/netbsd-arm64@0.27.3 OK for: esbuild@0.27.3 want: 0.27.3
1147 silly placeDep node_modules/vitest @esbuild/netbsd-x64@0.27.3 OK for: esbuild@0.27.3 want: 0.27.3
1148 silly placeDep ROOT @esbuild/openbsd-arm64@0.27.3 OK for: esbuild@0.27.3 want: 0.27.3
1149 silly placeDep node_modules/vitest @esbuild/openbsd-x64@0.27.3 OK for: esbuild@0.27.3 want: 0.27.3
1150 silly placeDep ROOT @esbuild/openharmony-arm64@0.27.3 OK for: esbuild@0.27.3 want: 0.27.3
1151 silly placeDep node_modules/vitest @esbuild/sunos-x64@0.27.3 OK for: esbuild@0.27.3 want: 0.27.3
1152 silly placeDep node_modules/vitest @esbuild/win32-arm64@0.27.3 OK for: esbuild@0.27.3 want: 0.27.3
1153 silly placeDep node_modules/vitest @esbuild/win32-ia32@0.27.3 OK for: esbuild@0.27.3 want: 0.27.3
1154 silly placeDep node_modules/vitest @esbuild/win32-x64@0.27.3 OK for: esbuild@0.27.3 want: 0.27.3
1155 warn EBADENGINE Unsupported engine {
1155 warn EBADENGINE   package: 'vite@7.3.1',
1155 warn EBADENGINE   required: { node: '^20.19.0 || >=22.12.0' },
1155 warn EBADENGINE   current: { node: 'v22.2.0', npm: '10.7.0' }
1155 warn EBADENGINE }
1156 silly reify moves {}
1157 notice
1157 notice New [31mmajor[39m version of npm available! [31m10.7.0[39m -> [34m11.10.1[39m
1157 notice Changelog: [34mhttps://github.com/npm/cli/releases/tag/v11.10.1[39m
1157 notice To update run: [4mnpm install -g npm@11.10.1[24m
1157 notice  { force: true, [Symbol(proc-log.meta)]: true }
1158 verbose stack Error: EPERM: operation not permitted, mkdir '/Users/salurdesign/Documents/UX/CompliHub360/plattform/complihub360-alpha/node_modules/eslint'
1158 verbose stack     at async mkdir (node:internal/fs/promises:863:10)
1158 verbose stack     at async /opt/homebrew/lib/node_modules/npm/node_modules/@npmcli/arborist/lib/arborist/reify.js:624:20
1158 verbose stack     at async Promise.allSettled (index 0)
1158 verbose stack     at async [reifyPackages] (/opt/homebrew/lib/node_modules/npm/node_modules/@npmcli/arborist/lib/arborist/reify.js:325:11)
1158 verbose stack     at async Arborist.reify (/opt/homebrew/lib/node_modules/npm/node_modules/@npmcli/arborist/lib/arborist/reify.js:142:5)
1158 verbose stack     at async Install.exec (/opt/homebrew/lib/node_modules/npm/lib/commands/install.js:150:5)
1158 verbose stack     at async module.exports (/opt/homebrew/lib/node_modules/npm/lib/cli/entry.js:74:5)
1159 verbose cwd /Users/salurdesign/Documents/UX/CompliHub360/plattform/complihub360-alpha
1160 verbose Darwin 25.0.0
1161 verbose node v22.2.0
1162 verbose npm  v10.7.0
1163 error code EPERM
1164 error syscall mkdir
1165 error path /Users/salurdesign/Documents/UX/CompliHub360/plattform/complihub360-alpha/node_modules/eslint
1166 error errno -1
1167 error Error: EPERM: operation not permitted, mkdir '/Users/salurdesign/Documents/UX/CompliHub360/plattform/complihub360-alpha/node_modules/eslint'
1167 error     at async mkdir (node:internal/fs/promises:863:10)
1167 error     at async /opt/homebrew/lib/node_modules/npm/node_modules/@npmcli/arborist/lib/arborist/reify.js:624:20
1167 error     at async Promise.allSettled (index 0)
1167 error     at async [reifyPackages] (/opt/homebrew/lib/node_modules/npm/node_modules/@npmcli/arborist/lib/arborist/reify.js:325:11)
1167 error     at async Arborist.reify (/opt/homebrew/lib/node_modules/npm/node_modules/@npmcli/arborist/lib/arborist/reify.js:142:5)
1167 error     at async Install.exec (/opt/homebrew/lib/node_modules/npm/lib/commands/install.js:150:5)
1167 error     at async module.exports (/opt/homebrew/lib/node_modules/npm/lib/cli/entry.js:74:5) {
1167 error   errno: -1,
1167 error   code: 'EPERM',
1167 error   syscall: 'mkdir',
1167 error   path: '/Users/salurdesign/Documents/UX/CompliHub360/plattform/complihub360-alpha/node_modules/eslint'
1167 error }
1168 error
1168 error The operation was rejected by your operating system.
1168 error It is likely you do not have the permissions to access this file as the current user
1168 error
1168 error If you believe this might be a permissions issue, please double-check the
1168 error permissions of the file and its containing directories, or try running
1168 error the command again as root/Administrator.
1169 verbose exit -1
1170 verbose code -1
1171 silly unfinished npm timer reify 1771584441786
1172 silly unfinished npm timer reify:createSparse 1771584452533
1173 error A complete log of this run can be found in: /Users/salurdesign/Documents/UX/CompliHub360/plattform/complihub360-alpha/.npm-cache/_logs/2026-02-20T10_47_21_625Z-debug-0.log
