0 verbose cli /Users/salurdesign/.nvm/versions/node/v22.12.0/bin/node /Users/salurdesign/.nvm/versions/node/v22.12.0/bin/npm
1 info using npm@10.9.0
2 info using node@v22.12.0
3 silly config load:file:/Users/salurdesign/.nvm/versions/node/v22.12.0/lib/node_modules/npm/npmrc
4 silly config load:file:/Users/salurdesign/Documents/UX/CompliHub360/plattform/complihub360-alpha/.npmrc
5 silly config load:file:/Users/salurdesign/.npmrc
6 silly config load:file:/Users/salurdesign/.nvm/versions/node/v22.12.0/etc/npmrc
7 verbose title npm install typescript tsx @types/node
8 verbose argv "install" "--save-dev" "typescript" "tsx" "@types/node" "--workspace" "@complihub/dev-board" "--cache" ".npm-cache"
9 verbose logfile logs-max:10 dir:/Users/salurdesign/Documents/UX/CompliHub360/plattform/complihub360-alpha/.npm-cache/_logs/2026-02-26T12_50_32_278Z-
10 verbose logfile /Users/salurdesign/Documents/UX/CompliHub360/plattform/complihub360-alpha/.npm-cache/_logs/2026-02-26T12_50_32_278Z-debug-0.log
11 silly logfile start cleaning logs, removing 1 files
12 silly logfile done cleaning log files
13 silly packumentCache heap:4345298944 maxSize:1086324736 maxEntrySize:543162368
14 verbose shrinkwrap failed to load /Users/salurdesign/Documents/UX/CompliHub360/plattform/complihub360-alpha EPERM: operation not permitted, open '/Users/salurdesign/Documents/UX/CompliHub360/plattform/complihub360-alpha/node_modules/.package-lock.json'
15 silly idealTree buildDeps
16 silly fetch manifest typescript@^5.5.3
17 silly packumentCache full:https://registry.npmjs.org/typescript cache-miss
18 http fetch GET 200 https://registry.npmjs.org/typescript 187ms (cache revalidated)
19 silly packumentCache full:https://registry.npmjs.org/typescript set size:15291437 disposed:false
20 silly fetch manifest tsx@^4.19.2
21 silly packumentCache full:https://registry.npmjs.org/tsx cache-miss
22 http fetch GET 200 https://registry.npmjs.org/tsx 48ms (cache revalidated)
23 silly packumentCache full:https://registry.npmjs.org/tsx set size:289592 disposed:false
24 silly fetch manifest @types/node@*
25 silly packumentCache full:https://registry.npmjs.org/@types%2fnode cache-miss
26 http fetch GET 200 https://registry.npmjs.org/@types%2fnode 67ms (cache revalidated)
27 silly packumentCache full:https://registry.npmjs.org/@types%2fnode set size:10878286 disposed:false
28 silly placeDep packages/dev-board @types/node@25.3.1 OK for: @complihub/dev-board@0.1.0 want: *
29 silly placeDep ROOT tsx@4.21.0 REPLACE for: @complihub/dev-board@0.1.0 want: ^4.19.2
30 silly placeDep ROOT typescript@5.9.3 REPLACE for: @complihub/dev-board@0.1.0 want: ^5.5.3
31 silly fetch manifest undici-types@~7.18.0
32 silly packumentCache full:https://registry.npmjs.org/undici-types cache-miss
33 http fetch GET 200 https://registry.npmjs.org/undici-types 45ms (cache revalidated)
34 silly packumentCache full:https://registry.npmjs.org/undici-types set size:171546 disposed:false
35 silly placeDep packages/dev-board undici-types@7.18.2 OK for: @types/node@25.3.1 want: ~7.18.0
36 silly reify moves {}
37 verbose stack Error: EPERM: operation not permitted, mkdir '/Users/salurdesign/Documents/UX/CompliHub360/plattform/complihub360-alpha/node_modules/@alloc/quick-lru'
37 verbose stack     at async mkdir (node:internal/fs/promises:857:10)
37 verbose stack     at async /Users/salurdesign/.nvm/versions/node/v22.12.0/lib/node_modules/npm/node_modules/@npmcli/arborist/lib/arborist/reify.js:624:20
37 verbose stack     at async Promise.allSettled (index 0)
37 verbose stack     at async [reifyPackages] (/Users/salurdesign/.nvm/versions/node/v22.12.0/lib/node_modules/npm/node_modules/@npmcli/arborist/lib/arborist/reify.js:325:11)
37 verbose stack     at async Arborist.reify (/Users/salurdesign/.nvm/versions/node/v22.12.0/lib/node_modules/npm/node_modules/@npmcli/arborist/lib/arborist/reify.js:142:5)
37 verbose stack     at async Install.exec (/Users/salurdesign/.nvm/versions/node/v22.12.0/lib/node_modules/npm/lib/commands/install.js:150:5)
37 verbose stack     at async Npm.exec (/Users/salurdesign/.nvm/versions/node/v22.12.0/lib/node_modules/npm/lib/npm.js:207:9)
37 verbose stack     at async module.exports (/Users/salurdesign/.nvm/versions/node/v22.12.0/lib/node_modules/npm/lib/cli/entry.js:74:5)
38 error code EPERM
39 error syscall mkdir
40 error path /Users/salurdesign/Documents/UX/CompliHub360/plattform/complihub360-alpha/node_modules/@alloc/quick-lru
41 error errno -1
42 error Error: EPERM: operation not permitted, mkdir '/Users/salurdesign/Documents/UX/CompliHub360/plattform/complihub360-alpha/node_modules/@alloc/quick-lru'
42 error     at async mkdir (node:internal/fs/promises:857:10)
42 error     at async /Users/salurdesign/.nvm/versions/node/v22.12.0/lib/node_modules/npm/node_modules/@npmcli/arborist/lib/arborist/reify.js:624:20
42 error     at async Promise.allSettled (index 0)
42 error     at async [reifyPackages] (/Users/salurdesign/.nvm/versions/node/v22.12.0/lib/node_modules/npm/node_modules/@npmcli/arborist/lib/arborist/reify.js:325:11)
42 error     at async Arborist.reify (/Users/salurdesign/.nvm/versions/node/v22.12.0/lib/node_modules/npm/node_modules/@npmcli/arborist/lib/arborist/reify.js:142:5)
42 error     at async Install.exec (/Users/salurdesign/.nvm/versions/node/v22.12.0/lib/node_modules/npm/lib/commands/install.js:150:5)
42 error     at async Npm.exec (/Users/salurdesign/.nvm/versions/node/v22.12.0/lib/node_modules/npm/lib/npm.js:207:9)
42 error     at async module.exports (/Users/salurdesign/.nvm/versions/node/v22.12.0/lib/node_modules/npm/lib/cli/entry.js:74:5) {
42 error   errno: -1,
42 error   code: 'EPERM',
42 error   syscall: 'mkdir',
42 error   path: '/Users/salurdesign/Documents/UX/CompliHub360/plattform/complihub360-alpha/node_modules/@alloc/quick-lru'
42 error }
43 error
43 error The operation was rejected by your operating system.
43 error It is likely you do not have the permissions to access this file as the current user
43 error
43 error If you believe this might be a permissions issue, please double-check the
43 error permissions of the file and its containing directories, or try running
43 error the command again as root/Administrator.
44 silly unfinished npm timer reify 1772110232608
45 silly unfinished npm timer reify:createSparse 1772110233180
46 verbose cwd /Users/salurdesign/Documents/UX/CompliHub360/plattform/complihub360-alpha
47 verbose os Darwin 25.0.0
48 verbose node v22.12.0
49 verbose npm  v10.9.0
50 verbose exit -1
51 verbose code -1
52 error A complete log of this run can be found in: /Users/salurdesign/Documents/UX/CompliHub360/plattform/complihub360-alpha/.npm-cache/_logs/2026-02-26T12_50_32_278Z-debug-0.log
