
> @vs1-demo/ui@0.1.0 dev
> vite


  [32m[1mVITE[22m v5.4.21[39m  [2mready in [0m[1m372[22m[2m[0m ms[22m

  [32m➜[39m  [1mLocal[22m:   [36mhttp://localhost:[1m5173[22m/[39m
[2m  [32m➜[39m  [1mNetwork[22m[2m: use [22m[1m--host[22m[2m to expose[22m
[2m1:38:27 AM[22m [36m[1m[vite][22m[39m [32mhmr update [39m[2m/src/components/feedback/ComplianceStepper.tsx, /src/index.css[22m
[2m1:38:33 AM[22m [36m[1m[vite][22m[39m [32mhmr update [39m[2m/src/components/feedback/ComplianceStepper.tsx, /src/index.css[22m
[2m1:41:46 AM[22m [36m[1m[vite][22m[39m [32mhmr update [39m[2m/src/components/layout/HeroSection.tsx, /src/index.css[22m
[2m1:43:35 AM[22m [36m[1m[vite][22m[39m [32mhmr update [39m[2m/src/components/layout/HeroSection.tsx, /src/index.css[22m
[2m1:45:07 AM[22m [36m[1m[vite][22m[39m [32mhmr update [39m[2m/src/components/layout/HeroSection.tsx, /src/index.css[22m
[2m1:45:11 AM[22m [36m[1m[vite][22m[39m [32mhmr update [39m[2m/src/components/layout/HeroSection.tsx, /src/index.css[22m
[2m1:48:22 AM[22m [36m[1m[vite][22m[39m [32mhmr update [39m[2m/src/components/layout/HeroSection.tsx, /src/index.css[22m
[2m1:52:01 AM[22m [36m[1m[vite][22m[39m [32mhmr update [39m[2m/src/components/layout/HeroSection.tsx, /src/index.css[22m
[2m1:52:01 AM[22m [31m[1m[vite][22m[39m [31mInternal server error: /Users/salur-labs/Documents/UX/CompliHub360/plattform/complihub360-alpha/apps/vs1-demo/ui/src/components/layout/HeroSection.tsx: Expected corresponding JSX closing tag for <div>. (128:10)

[0m [90m 126 |[31m             [33m<[31m[33m/[31m[33mdiv[31m[33m>[31m
 [90m 127 |[31m           [33m<[31m[33m/[31m[33mdiv[31m[33m>[31miv[33m>[31m
[31m[1m>[22m[31m[90m 128 |[31m           [33m<[31m[33m/[31m[33mCard[31m[33m>[31m
 [90m     |[31m           [31m[1m^[22m[31m
 [90m 129 |[31m
 [90m 130 |[31m           {[90m/* Secondary CTA */[31m}
 [90m 131 |[31m           [33m<[31m[33mdiv[31m className[33m=[31m[32m"flex justify-center w-full mb-10 relative z-20"[31m[33m>[31m[0m[39m
  Plugin: [35mvite:react-babel[39m
  File: [36m/Users/salur-labs/Documents/UX/CompliHub360/plattform/complihub360-alpha/apps/vs1-demo/ui/src/components/layout/HeroSection.tsx[39m:128:10
[33m  126|              </div>
  127|            </div>iv>
  128|            </Card>
     |            ^
  129|  
  130|            {/* Secondary CTA */}[39m
      at constructor (/Users/salur-labs/Documents/UX/CompliHub360/plattform/complihub360-alpha/node_modules/@babel/parser/lib/index.js:365:19)
      at TypeScriptParserMixin.raise (/Users/salur-labs/Documents/UX/CompliHub360/plattform/complihub360-alpha/node_modules/@babel/parser/lib/index.js:6599:19)
      at TypeScriptParserMixin.jsxParseElementAt (/Users/salur-labs/Documents/UX/CompliHub360/plattform/complihub360-alpha/node_modules/@babel/parser/lib/index.js:4727:16)
      at TypeScriptParserMixin.jsxParseElementAt (/Users/salur-labs/Documents/UX/CompliHub360/plattform/complihub360-alpha/node_modules/@babel/parser/lib/index.js:4698:32)
      at TypeScriptParserMixin.jsxParseElement (/Users/salur-labs/Documents/UX/CompliHub360/plattform/complihub360-alpha/node_modules/@babel/parser/lib/index.js:4749:17)
      at TypeScriptParserMixin.parseExprAtom (/Users/salur-labs/Documents/UX/CompliHub360/plattform/complihub360-alpha/node_modules/@babel/parser/lib/index.js:4759:19)
      at TypeScriptParserMixin.parseExprSubscripts (/Users/salur-labs/Documents/UX/CompliHub360/plattform/complihub360-alpha/node_modules/@babel/parser/lib/index.js:11081:23)
      at TypeScriptParserMixin.parseUpdate (/Users/salur-labs/Documents/UX/CompliHub360/plattform/complihub360-alpha/node_modules/@babel/parser/lib/index.js:11066:21)
      at TypeScriptParserMixin.parseMaybeUnary (/Users/salur-labs/Documents/UX/CompliHub360/plattform/complihub360-alpha/node_modules/@babel/parser/lib/index.js:11046:23)
      at TypeScriptParserMixin.parseMaybeUnary (/Users/salur-labs/Documents/UX/CompliHub360/plattform/complihub360-alpha/node_modules/@babel/parser/lib/index.js:9837:18)
      at TypeScriptParserMixin.parseMaybeUnaryOrPrivate (/Users/salur-labs/Documents/UX/CompliHub360/plattform/complihub360-alpha/node_modules/@babel/parser/lib/index.js:10899:61)
      at TypeScriptParserMixin.parseExprOps (/Users/salur-labs/Documents/UX/CompliHub360/plattform/complihub360-alpha/node_modules/@babel/parser/lib/index.js:10904:23)
      at TypeScriptParserMixin.parseMaybeConditional (/Users/salur-labs/Documents/UX/CompliHub360/plattform/complihub360-alpha/node_modules/@babel/parser/lib/index.js:10881:23)
      at TypeScriptParserMixin.parseMaybeAssign (/Users/salur-labs/Documents/UX/CompliHub360/plattform/complihub360-alpha/node_modules/@babel/parser/lib/index.js:10831:21)
      at /Users/salur-labs/Documents/UX/CompliHub360/plattform/complihub360-alpha/node_modules/@babel/parser/lib/index.js:9775:39
      at TypeScriptParserMixin.tryParse (/Users/salur-labs/Documents/UX/CompliHub360/plattform/complihub360-alpha/node_modules/@babel/parser/lib/index.js:6907:20)
      at TypeScriptParserMixin.parseMaybeAssign (/Users/salur-labs/Documents/UX/CompliHub360/plattform/complihub360-alpha/node_modules/@babel/parser/lib/index.js:9775:18)
      at /Users/salur-labs/Documents/UX/CompliHub360/plattform/complihub360-alpha/node_modules/@babel/parser/lib/index.js:10800:39
      at TypeScriptParserMixin.allowInAnd (/Users/salur-labs/Documents/UX/CompliHub360/plattform/complihub360-alpha/node_modules/@babel/parser/lib/index.js:12426:12)
      at TypeScriptParserMixin.parseMaybeAssignAllowIn (/Users/salur-labs/Documents/UX/CompliHub360/plattform/complihub360-alpha/node_modules/@babel/parser/lib/index.js:10800:17)
      at TypeScriptParserMixin.parseMaybeAssignAllowInOrVoidPattern (/Users/salur-labs/Documents/UX/CompliHub360/plattform/complihub360-alpha/node_modules/@babel/parser/lib/index.js:12493:17)
      at TypeScriptParserMixin.parseParenAndDistinguishExpression (/Users/salur-labs/Documents/UX/CompliHub360/plattform/complihub360-alpha/node_modules/@babel/parser/lib/index.js:11675:28)
      at TypeScriptParserMixin.parseExprAtom (/Users/salur-labs/Documents/UX/CompliHub360/plattform/complihub360-alpha/node_modules/@babel/parser/lib/index.js:11331:23)
      at TypeScriptParserMixin.parseExprAtom (/Users/salur-labs/Documents/UX/CompliHub360/plattform/complihub360-alpha/node_modules/@babel/parser/lib/index.js:4764:20)
      at TypeScriptParserMixin.parseExprSubscripts (/Users/salur-labs/Documents/UX/CompliHub360/plattform/complihub360-alpha/node_modules/@babel/parser/lib/index.js:11081:23)
      at TypeScriptParserMixin.parseUpdate (/Users/salur-labs/Documents/UX/CompliHub360/plattform/complihub360-alpha/node_modules/@babel/parser/lib/index.js:11066:21)
      at TypeScriptParserMixin.parseMaybeUnary (/Users/salur-labs/Documents/UX/CompliHub360/plattform/complihub360-alpha/node_modules/@babel/parser/lib/index.js:11046:23)
      at TypeScriptParserMixin.parseMaybeUnary (/Users/salur-labs/Documents/UX/CompliHub360/plattform/complihub360-alpha/node_modules/@babel/parser/lib/index.js:9837:18)
      at TypeScriptParserMixin.parseMaybeUnaryOrPrivate (/Users/salur-labs/Documents/UX/CompliHub360/plattform/complihub360-alpha/node_modules/@babel/parser/lib/index.js:10899:61)
      at TypeScriptParserMixin.parseExprOps (/Users/salur-labs/Documents/UX/CompliHub360/plattform/complihub360-alpha/node_modules/@babel/parser/lib/index.js:10904:23)
      at TypeScriptParserMixin.parseMaybeConditional (/Users/salur-labs/Documents/UX/CompliHub360/plattform/complihub360-alpha/node_modules/@babel/parser/lib/index.js:10881:23)
      at TypeScriptParserMixin.parseMaybeAssign (/Users/salur-labs/Documents/UX/CompliHub360/plattform/complihub360-alpha/node_modules/@babel/parser/lib/index.js:10831:21)
      at TypeScriptParserMixin.parseMaybeAssign (/Users/salur-labs/Documents/UX/CompliHub360/plattform/complihub360-alpha/node_modules/@babel/parser/lib/index.js:9786:20)
      at TypeScriptParserMixin.parseExpressionBase (/Users/salur-labs/Documents/UX/CompliHub360/plattform/complihub360-alpha/node_modules/@babel/parser/lib/index.js:10784:23)
      at /Users/salur-labs/Documents/UX/CompliHub360/plattform/complihub360-alpha/node_modules/@babel/parser/lib/index.js:10780:39
      at TypeScriptParserMixin.allowInAnd (/Users/salur-labs/Documents/UX/CompliHub360/plattform/complihub360-alpha/node_modules/@babel/parser/lib/index.js:12421:16)
      at TypeScriptParserMixin.parseExpression (/Users/salur-labs/Documents/UX/CompliHub360/plattform/complihub360-alpha/node_modules/@babel/parser/lib/index.js:10780:17)
      at TypeScriptParserMixin.parseReturnStatement (/Users/salur-labs/Documents/UX/CompliHub360/plattform/complihub360-alpha/node_modules/@babel/parser/lib/index.js:13142:28)
      at TypeScriptParserMixin.parseStatementContent (/Users/salur-labs/Documents/UX/CompliHub360/plattform/complihub360-alpha/node_modules/@babel/parser/lib/index.js:12798:21)
      at TypeScriptParserMixin.parseStatementContent (/Users/salur-labs/Documents/UX/CompliHub360/plattform/complihub360-alpha/node_modules/@babel/parser/lib/index.js:9508:18)
      at TypeScriptParserMixin.parseStatementLike (/Users/salur-labs/Documents/UX/CompliHub360/plattform/complihub360-alpha/node_modules/@babel/parser/lib/index.js:12767:17)
      at TypeScriptParserMixin.parseStatementListItem (/Users/salur-labs/Documents/UX/CompliHub360/plattform/complihub360-alpha/node_modules/@babel/parser/lib/index.js:12747:17)
      at TypeScriptParserMixin.parseBlockOrModuleBlockBody (/Users/salur-labs/Documents/UX/CompliHub360/plattform/complihub360-alpha/node_modules/@babel/parser/lib/index.js:13316:61)
      at TypeScriptParserMixin.parseBlockBody (/Users/salur-labs/Documents/UX/CompliHub360/plattform/complihub360-alpha/node_modules/@babel/parser/lib/index.js:13309:10)
      at TypeScriptParserMixin.parseBlock (/Users/salur-labs/Documents/UX/CompliHub360/plattform/complihub360-alpha/node_modules/@babel/parser/lib/index.js:13297:10)
      at TypeScriptParserMixin.parseFunctionBody (/Users/salur-labs/Documents/UX/CompliHub360/plattform/complihub360-alpha/node_modules/@babel/parser/lib/index.js:12100:24)
      at TypeScriptParserMixin.parseFunctionBodyAndFinish (/Users/salur-labs/Documents/UX/CompliHub360/plattform/complihub360-alpha/node_modules/@babel/parser/lib/index.js:12086:10)
      at TypeScriptParserMixin.parseFunctionBodyAndFinish (/Users/salur-labs/Documents/UX/CompliHub360/plattform/complihub360-alpha/node_modules/@babel/parser/lib/index.js:9172:18)
      at /Users/salur-labs/Documents/UX/CompliHub360/plattform/complihub360-alpha/node_modules/@babel/parser/lib/index.js:13445:12
      at TypeScriptParserMixin.withSmartMixTopicForbiddingContext (/Users/salur-labs/Documents/UX/CompliHub360/plattform/complihub360-alpha/node_modules/@babel/parser/lib/index.js:12403:14)
[2m1:52:17 AM[22m [36m[1m[vite][22m[39m [32mhmr update [39m[2m/src/components/layout/HeroSection.tsx, /src/index.css[22m
[2m1:54:44 AM[22m [36m[1m[vite][22m[39m [32mhmr update [39m[2m/src/components/layout/HeroSection.tsx, /src/index.css[22m
[2m1:55:55 AM[22m [36m[1m[vite][22m[39m [32mhmr update [39m[2m/src/components/feedback/RiskSnapshotTeaser.tsx, /src/index.css[22m
[2m1:55:55 AM[22m [36m[1m[vite][22m[39m [33mhmr invalidate [39m[2m/src/components/feedback/RiskSnapshotTeaser.tsx[22m Could not Fast Refresh ("animateRiskSnapshot" export is incompatible). Learn more at https://github.com/vitejs/vite-plugin-react/tree/main/packages/plugin-react#consistent-components-exports
[2m1:55:55 AM[22m [36m[1m[vite][22m[39m [32mhmr update [39m[2m/src/index.css, /src/pages/LandingPage.tsx[22m
[2m1:58:13 AM[22m [36m[1m[vite][22m[39m [32mhmr update [39m[2m/src/components/feedback/RiskSnapshotTeaser.tsx, /src/index.css[22m
[2m1:58:13 AM[22m [36m[1m[vite][22m[39m [33mhmr invalidate [39m[2m/src/components/feedback/RiskSnapshotTeaser.tsx[22m Could not Fast Refresh ("animateRiskSnapshot" export is incompatible). Learn more at https://github.com/vitejs/vite-plugin-react/tree/main/packages/plugin-react#consistent-components-exports
[2m1:58:13 AM[22m [36m[1m[vite][22m[39m [32mhmr update [39m[2m/src/index.css, /src/pages/LandingPage.tsx[22m
[2m2:00:06 AM[22m [36m[1m[vite][22m[39m [32mhmr update [39m[2m/src/components/feedback/ComplianceStepper.tsx, /src/index.css[22m
[2m2:00:10 AM[22m [36m[1m[vite][22m[39m [32mhmr update [39m[2m/src/components/feedback/ComplianceStepper.tsx, /src/index.css[22m
[2m2:02:46 AM[22m [36m[1m[vite][22m[39m [32mhmr update [39m[2m/src/components/layout/TrustedLogosTicker.tsx, /src/index.css[22m
[2m2:04:07 AM[22m [36m[1m[vite][22m[39m [32mhmr update [39m[2m/src/components/layout/TrustedLogosTicker.tsx, /src/index.css[22m
[2m2:04:10 AM[22m [36m[1m[vite][22m[39m [32mhmr update [39m[2m/src/components/layout/TrustedLogosTicker.tsx, /src/index.css[22m
[2m2:07:41 AM[22m [36m[1m[vite][22m[39m [32mhmr update [39m[2m/src/components/feedback/RiskSnapshotTeaser.tsx, /src/index.css[22m
[2m2:07:41 AM[22m [36m[1m[vite][22m[39m [33mhmr invalidate [39m[2m/src/components/feedback/RiskSnapshotTeaser.tsx[22m Could not Fast Refresh ("animateRiskSnapshot" export is incompatible). Learn more at https://github.com/vitejs/vite-plugin-react/tree/main/packages/plugin-react#consistent-components-exports
[2m2:07:41 AM[22m [36m[1m[vite][22m[39m [32mhmr update [39m[2m/src/index.css, /src/pages/LandingPage.tsx[22m
[2m2:09:07 AM[22m [36m[1m[vite][22m[39m [32mhmr update [39m[2m/src/components/feedback/RiskSnapshotTeaser.tsx, /src/index.css[22m
[2m2:09:07 AM[22m [36m[1m[vite][22m[39m [33mhmr invalidate [39m[2m/src/components/feedback/RiskSnapshotTeaser.tsx[22m Could not Fast Refresh ("animateRiskSnapshot" export is incompatible). Learn more at https://github.com/vitejs/vite-plugin-react/tree/main/packages/plugin-react#consistent-components-exports
[2m2:09:07 AM[22m [36m[1m[vite][22m[39m [32mhmr update [39m[2m/src/index.css, /src/pages/LandingPage.tsx[22m
[2m2:09:10 AM[22m [36m[1m[vite][22m[39m [32mhmr update [39m[2m/src/components/feedback/RiskSnapshotTeaser.tsx, /src/index.css[22m
[2m2:09:10 AM[22m [36m[1m[vite][22m[39m [33mhmr invalidate [39m[2m/src/components/feedback/RiskSnapshotTeaser.tsx[22m Could not Fast Refresh ("animateRiskSnapshot" export is incompatible). Learn more at https://github.com/vitejs/vite-plugin-react/tree/main/packages/plugin-react#consistent-components-exports
[2m2:09:10 AM[22m [36m[1m[vite][22m[39m [32mhmr update [39m[2m/src/index.css, /src/pages/LandingPage.tsx[22m
[2m2:12:27 AM[22m [36m[1m[vite][22m[39m [32mhmr update [39m[2m/src/components/layout/HeroSection.tsx, /src/index.css[22m
[2m2:13:10 AM[22m [36m[1m[vite][22m[39m [32mhmr update [39m[2m/src/components/layout/HeroSection.tsx, /src/index.css[22m
[2m2:15:37 AM[22m [36m[1m[vite][22m[39m [32mhmr update [39m[2m/src/components/layout/HeroSection.tsx, /src/index.css[22m
[2m2:15:41 AM[22m [36m[1m[vite][22m[39m [32mhmr update [39m[2m/src/components/layout/HeroSection.tsx, /src/index.css[22m
[2m2:16:42 AM[22m [36m[1m[vite][22m[39m [32mhmr update [39m[2m/src/components/layout/HeroSection.tsx, /src/index.css[22m
[2m2:18:05 AM[22m [36m[1m[vite][22m[39m [32mhmr update [39m[2m/src/components/layout/HeroSection.tsx, /src/index.css[22m
[2m2:18:05 AM[22m [31m[1m[vite][22m[39m [31mInternal server error: /Users/salur-labs/Documents/UX/CompliHub360/plattform/complihub360-alpha/apps/vs1-demo/ui/src/components/layout/HeroSection.tsx: Expected corresponding JSX closing tag for <motion.div>. (158:10)

[0m [90m 156 |[31m             [33m<[31m[33m/[31m[33mli[31m[33m>[31m
 [90m 157 |[31m           [33m<[31m[33m/[31m[33mul[31m[33m>[31m
[31m[1m>[22m[31m[90m 158 |[31m           [33m<[31m[33m/[31m[33mdiv[31m[33m>[31m
 [90m     |[31m           [31m[1m^[22m[31m
 [90m 159 |[31m
 [90m 160 |[31m         [33m<[31m[33m/[31m[33mdiv[31m[33m>[31m
 [90m 161 |[31m       [33m<[31m[33m/[31m[33mdiv[31m[33m>[31m[0m[39m
  Plugin: [35mvite:react-babel[39m
  File: [36m/Users/salur-labs/Documents/UX/CompliHub360/plattform/complihub360-alpha/apps/vs1-demo/ui/src/components/layout/HeroSection.tsx[39m:158:10
[33m  156|              </li>
  157|            </ul>
  158|            </div>
     |            ^
  159|  
  160|          </div>[39m
      at constructor (/Users/salur-labs/Documents/UX/CompliHub360/plattform/complihub360-alpha/node_modules/@babel/parser/lib/index.js:365:19)
      at TypeScriptParserMixin.raise (/Users/salur-labs/Documents/UX/CompliHub360/plattform/complihub360-alpha/node_modules/@babel/parser/lib/index.js:6599:19)
      at TypeScriptParserMixin.jsxParseElementAt (/Users/salur-labs/Documents/UX/CompliHub360/plattform/complihub360-alpha/node_modules/@babel/parser/lib/index.js:4727:16)
      at TypeScriptParserMixin.jsxParseElementAt (/Users/salur-labs/Documents/UX/CompliHub360/plattform/complihub360-alpha/node_modules/@babel/parser/lib/index.js:4698:32)
      at TypeScriptParserMixin.jsxParseElementAt (/Users/salur-labs/Documents/UX/CompliHub360/plattform/complihub360-alpha/node_modules/@babel/parser/lib/index.js:4698:32)
      at TypeScriptParserMixin.jsxParseElement (/Users/salur-labs/Documents/UX/CompliHub360/plattform/complihub360-alpha/node_modules/@babel/parser/lib/index.js:4749:17)
      at TypeScriptParserMixin.parseExprAtom (/Users/salur-labs/Documents/UX/CompliHub360/plattform/complihub360-alpha/node_modules/@babel/parser/lib/index.js:4759:19)
      at TypeScriptParserMixin.parseExprSubscripts (/Users/salur-labs/Documents/UX/CompliHub360/plattform/complihub360-alpha/node_modules/@babel/parser/lib/index.js:11081:23)
      at TypeScriptParserMixin.parseUpdate (/Users/salur-labs/Documents/UX/CompliHub360/plattform/complihub360-alpha/node_modules/@babel/parser/lib/index.js:11066:21)
      at TypeScriptParserMixin.parseMaybeUnary (/Users/salur-labs/Documents/UX/CompliHub360/plattform/complihub360-alpha/node_modules/@babel/parser/lib/index.js:11046:23)
      at TypeScriptParserMixin.parseMaybeUnary (/Users/salur-labs/Documents/UX/CompliHub360/plattform/complihub360-alpha/node_modules/@babel/parser/lib/index.js:9837:18)
      at TypeScriptParserMixin.parseMaybeUnaryOrPrivate (/Users/salur-labs/Documents/UX/CompliHub360/plattform/complihub360-alpha/node_modules/@babel/parser/lib/index.js:10899:61)
      at TypeScriptParserMixin.parseExprOps (/Users/salur-labs/Documents/UX/CompliHub360/plattform/complihub360-alpha/node_modules/@babel/parser/lib/index.js:10904:23)
      at TypeScriptParserMixin.parseMaybeConditional (/Users/salur-labs/Documents/UX/CompliHub360/plattform/complihub360-alpha/node_modules/@babel/parser/lib/index.js:10881:23)
      at TypeScriptParserMixin.parseMaybeAssign (/Users/salur-labs/Documents/UX/CompliHub360/plattform/complihub360-alpha/node_modules/@babel/parser/lib/index.js:10831:21)
      at /Users/salur-labs/Documents/UX/CompliHub360/plattform/complihub360-alpha/node_modules/@babel/parser/lib/index.js:9775:39
      at TypeScriptParserMixin.tryParse (/Users/salur-labs/Documents/UX/CompliHub360/plattform/complihub360-alpha/node_modules/@babel/parser/lib/index.js:6907:20)
      at TypeScriptParserMixin.parseMaybeAssign (/Users/salur-labs/Documents/UX/CompliHub360/plattform/complihub360-alpha/node_modules/@babel/parser/lib/index.js:9775:18)
      at /Users/salur-labs/Documents/UX/CompliHub360/plattform/complihub360-alpha/node_modules/@babel/parser/lib/index.js:10800:39
      at TypeScriptParserMixin.allowInAnd (/Users/salur-labs/Documents/UX/CompliHub360/plattform/complihub360-alpha/node_modules/@babel/parser/lib/index.js:12426:12)
      at TypeScriptParserMixin.parseMaybeAssignAllowIn (/Users/salur-labs/Documents/UX/CompliHub360/plattform/complihub360-alpha/node_modules/@babel/parser/lib/index.js:10800:17)
      at TypeScriptParserMixin.parseMaybeAssignAllowInOrVoidPattern (/Users/salur-labs/Documents/UX/CompliHub360/plattform/complihub360-alpha/node_modules/@babel/parser/lib/index.js:12493:17)
      at TypeScriptParserMixin.parseParenAndDistinguishExpression (/Users/salur-labs/Documents/UX/CompliHub360/plattform/complihub360-alpha/node_modules/@babel/parser/lib/index.js:11675:28)
      at TypeScriptParserMixin.parseExprAtom (/Users/salur-labs/Documents/UX/CompliHub360/plattform/complihub360-alpha/node_modules/@babel/parser/lib/index.js:11331:23)
      at TypeScriptParserMixin.parseExprAtom (/Users/salur-labs/Documents/UX/CompliHub360/plattform/complihub360-alpha/node_modules/@babel/parser/lib/index.js:4764:20)
      at TypeScriptParserMixin.parseExprSubscripts (/Users/salur-labs/Documents/UX/CompliHub360/plattform/complihub360-alpha/node_modules/@babel/parser/lib/index.js:11081:23)
      at TypeScriptParserMixin.parseUpdate (/Users/salur-labs/Documents/UX/CompliHub360/plattform/complihub360-alpha/node_modules/@babel/parser/lib/index.js:11066:21)
      at TypeScriptParserMixin.parseMaybeUnary (/Users/salur-labs/Documents/UX/CompliHub360/plattform/complihub360-alpha/node_modules/@babel/parser/lib/index.js:11046:23)
      at TypeScriptParserMixin.parseMaybeUnary (/Users/salur-labs/Documents/UX/CompliHub360/plattform/complihub360-alpha/node_modules/@babel/parser/lib/index.js:9837:18)
      at TypeScriptParserMixin.parseMaybeUnaryOrPrivate (/Users/salur-labs/Documents/UX/CompliHub360/plattform/complihub360-alpha/node_modules/@babel/parser/lib/index.js:10899:61)
      at TypeScriptParserMixin.parseExprOps (/Users/salur-labs/Documents/UX/CompliHub360/plattform/complihub360-alpha/node_modules/@babel/parser/lib/index.js:10904:23)
      at TypeScriptParserMixin.parseMaybeConditional (/Users/salur-labs/Documents/UX/CompliHub360/plattform/complihub360-alpha/node_modules/@babel/parser/lib/index.js:10881:23)
      at TypeScriptParserMixin.parseMaybeAssign (/Users/salur-labs/Documents/UX/CompliHub360/plattform/complihub360-alpha/node_modules/@babel/parser/lib/index.js:10831:21)
      at TypeScriptParserMixin.parseMaybeAssign (/Users/salur-labs/Documents/UX/CompliHub360/plattform/complihub360-alpha/node_modules/@babel/parser/lib/index.js:9786:20)
      at TypeScriptParserMixin.parseExpressionBase (/Users/salur-labs/Documents/UX/CompliHub360/plattform/complihub360-alpha/node_modules/@babel/parser/lib/index.js:10784:23)
      at /Users/salur-labs/Documents/UX/CompliHub360/plattform/complihub360-alpha/node_modules/@babel/parser/lib/index.js:10780:39
      at TypeScriptParserMixin.allowInAnd (/Users/salur-labs/Documents/UX/CompliHub360/plattform/complihub360-alpha/node_modules/@babel/parser/lib/index.js:12421:16)
      at TypeScriptParserMixin.parseExpression (/Users/salur-labs/Documents/UX/CompliHub360/plattform/complihub360-alpha/node_modules/@babel/parser/lib/index.js:10780:17)
      at TypeScriptParserMixin.parseReturnStatement (/Users/salur-labs/Documents/UX/CompliHub360/plattform/complihub360-alpha/node_modules/@babel/parser/lib/index.js:13142:28)
      at TypeScriptParserMixin.parseStatementContent (/Users/salur-labs/Documents/UX/CompliHub360/plattform/complihub360-alpha/node_modules/@babel/parser/lib/index.js:12798:21)
      at TypeScriptParserMixin.parseStatementContent (/Users/salur-labs/Documents/UX/CompliHub360/plattform/complihub360-alpha/node_modules/@babel/parser/lib/index.js:9508:18)
      at TypeScriptParserMixin.parseStatementLike (/Users/salur-labs/Documents/UX/CompliHub360/plattform/complihub360-alpha/node_modules/@babel/parser/lib/index.js:12767:17)
      at TypeScriptParserMixin.parseStatementListItem (/Users/salur-labs/Documents/UX/CompliHub360/plattform/complihub360-alpha/node_modules/@babel/parser/lib/index.js:12747:17)
      at TypeScriptParserMixin.parseBlockOrModuleBlockBody (/Users/salur-labs/Documents/UX/CompliHub360/plattform/complihub360-alpha/node_modules/@babel/parser/lib/index.js:13316:61)
      at TypeScriptParserMixin.parseBlockBody (/Users/salur-labs/Documents/UX/CompliHub360/plattform/complihub360-alpha/node_modules/@babel/parser/lib/index.js:13309:10)
      at TypeScriptParserMixin.parseBlock (/Users/salur-labs/Documents/UX/CompliHub360/plattform/complihub360-alpha/node_modules/@babel/parser/lib/index.js:13297:10)
      at TypeScriptParserMixin.parseFunctionBody (/Users/salur-labs/Documents/UX/CompliHub360/plattform/complihub360-alpha/node_modules/@babel/parser/lib/index.js:12100:24)
      at TypeScriptParserMixin.parseFunctionBodyAndFinish (/Users/salur-labs/Documents/UX/CompliHub360/plattform/complihub360-alpha/node_modules/@babel/parser/lib/index.js:12086:10)
      at TypeScriptParserMixin.parseFunctionBodyAndFinish (/Users/salur-labs/Documents/UX/CompliHub360/plattform/complihub360-alpha/node_modules/@babel/parser/lib/index.js:9172:18)
      at /Users/salur-labs/Documents/UX/CompliHub360/plattform/complihub360-alpha/node_modules/@babel/parser/lib/index.js:13445:12
[2m2:18:09 AM[22m [36m[1m[vite][22m[39m [32mhmr update [39m[2m/src/components/layout/HeroSection.tsx, /src/index.css[22m
[2m2:18:09 AM[22m [31m[1m[vite][22m[39m [31mInternal server error: /Users/salur-labs/Documents/UX/CompliHub360/plattform/complihub360-alpha/apps/vs1-demo/ui/src/components/layout/HeroSection.tsx: Expected corresponding JSX closing tag for <motion.div>. (158:10)

[0m [90m 156 |[31m             [33m<[31m[33m/[31m[33mli[31m[33m>[31m
 [90m 157 |[31m           [33m<[31m[33m/[31m[33mul[31m[33m>[31m
[31m[1m>[22m[31m[90m 158 |[31m           [33m<[31m[33m/[31m[33mdiv[31m[33m>[31m
 [90m     |[31m           [31m[1m^[22m[31m
 [90m 159 |[31m
 [90m 160 |[31m         [33m<[31m[33m/[31m[33mdiv[31m[33m>[31m
 [90m 161 |[31m       [33m<[31m[33m/[31m[33mdiv[31m[33m>[31m[0m[39m
  Plugin: [35mvite:react-babel[39m
  File: [36m/Users/salur-labs/Documents/UX/CompliHub360/plattform/complihub360-alpha/apps/vs1-demo/ui/src/components/layout/HeroSection.tsx[39m:158:10
[33m  156|              </li>
  157|            </ul>
  158|            </div>
     |            ^
  159|  
  160|          </div>[39m
      at constructor (/Users/salur-labs/Documents/UX/CompliHub360/plattform/complihub360-alpha/node_modules/@babel/parser/lib/index.js:365:19)
      at TypeScriptParserMixin.raise (/Users/salur-labs/Documents/UX/CompliHub360/plattform/complihub360-alpha/node_modules/@babel/parser/lib/index.js:6599:19)
      at TypeScriptParserMixin.jsxParseElementAt (/Users/salur-labs/Documents/UX/CompliHub360/plattform/complihub360-alpha/node_modules/@babel/parser/lib/index.js:4727:16)
      at TypeScriptParserMixin.jsxParseElementAt (/Users/salur-labs/Documents/UX/CompliHub360/plattform/complihub360-alpha/node_modules/@babel/parser/lib/index.js:4698:32)
      at TypeScriptParserMixin.jsxParseElementAt (/Users/salur-labs/Documents/UX/CompliHub360/plattform/complihub360-alpha/node_modules/@babel/parser/lib/index.js:4698:32)
      at TypeScriptParserMixin.jsxParseElement (/Users/salur-labs/Documents/UX/CompliHub360/plattform/complihub360-alpha/node_modules/@babel/parser/lib/index.js:4749:17)
      at TypeScriptParserMixin.parseExprAtom (/Users/salur-labs/Documents/UX/CompliHub360/plattform/complihub360-alpha/node_modules/@babel/parser/lib/index.js:4759:19)
      at TypeScriptParserMixin.parseExprSubscripts (/Users/salur-labs/Documents/UX/CompliHub360/plattform/complihub360-alpha/node_modules/@babel/parser/lib/index.js:11081:23)
      at TypeScriptParserMixin.parseUpdate (/Users/salur-labs/Documents/UX/CompliHub360/plattform/complihub360-alpha/node_modules/@babel/parser/lib/index.js:11066:21)
      at TypeScriptParserMixin.parseMaybeUnary (/Users/salur-labs/Documents/UX/CompliHub360/plattform/complihub360-alpha/node_modules/@babel/parser/lib/index.js:11046:23)
      at TypeScriptParserMixin.parseMaybeUnary (/Users/salur-labs/Documents/UX/CompliHub360/plattform/complihub360-alpha/node_modules/@babel/parser/lib/index.js:9837:18)
      at TypeScriptParserMixin.parseMaybeUnaryOrPrivate (/Users/salur-labs/Documents/UX/CompliHub360/plattform/complihub360-alpha/node_modules/@babel/parser/lib/index.js:10899:61)
      at TypeScriptParserMixin.parseExprOps (/Users/salur-labs/Documents/UX/CompliHub360/plattform/complihub360-alpha/node_modules/@babel/parser/lib/index.js:10904:23)
      at TypeScriptParserMixin.parseMaybeConditional (/Users/salur-labs/Documents/UX/CompliHub360/plattform/complihub360-alpha/node_modules/@babel/parser/lib/index.js:10881:23)
      at TypeScriptParserMixin.parseMaybeAssign (/Users/salur-labs/Documents/UX/CompliHub360/plattform/complihub360-alpha/node_modules/@babel/parser/lib/index.js:10831:21)
      at /Users/salur-labs/Documents/UX/CompliHub360/plattform/complihub360-alpha/node_modules/@babel/parser/lib/index.js:9775:39
      at TypeScriptParserMixin.tryParse (/Users/salur-labs/Documents/UX/CompliHub360/plattform/complihub360-alpha/node_modules/@babel/parser/lib/index.js:6907:20)
      at TypeScriptParserMixin.parseMaybeAssign (/Users/salur-labs/Documents/UX/CompliHub360/plattform/complihub360-alpha/node_modules/@babel/parser/lib/index.js:9775:18)
      at /Users/salur-labs/Documents/UX/CompliHub360/plattform/complihub360-alpha/node_modules/@babel/parser/lib/index.js:10800:39
      at TypeScriptParserMixin.allowInAnd (/Users/salur-labs/Documents/UX/CompliHub360/plattform/complihub360-alpha/node_modules/@babel/parser/lib/index.js:12426:12)
      at TypeScriptParserMixin.parseMaybeAssignAllowIn (/Users/salur-labs/Documents/UX/CompliHub360/plattform/complihub360-alpha/node_modules/@babel/parser/lib/index.js:10800:17)
      at TypeScriptParserMixin.parseMaybeAssignAllowInOrVoidPattern (/Users/salur-labs/Documents/UX/CompliHub360/plattform/complihub360-alpha/node_modules/@babel/parser/lib/index.js:12493:17)
      at TypeScriptParserMixin.parseParenAndDistinguishExpression (/Users/salur-labs/Documents/UX/CompliHub360/plattform/complihub360-alpha/node_modules/@babel/parser/lib/index.js:11675:28)
      at TypeScriptParserMixin.parseExprAtom (/Users/salur-labs/Documents/UX/CompliHub360/plattform/complihub360-alpha/node_modules/@babel/parser/lib/index.js:11331:23)
      at TypeScriptParserMixin.parseExprAtom (/Users/salur-labs/Documents/UX/CompliHub360/plattform/complihub360-alpha/node_modules/@babel/parser/lib/index.js:4764:20)
      at TypeScriptParserMixin.parseExprSubscripts (/Users/salur-labs/Documents/UX/CompliHub360/plattform/complihub360-alpha/node_modules/@babel/parser/lib/index.js:11081:23)
      at TypeScriptParserMixin.parseUpdate (/Users/salur-labs/Documents/UX/CompliHub360/plattform/complihub360-alpha/node_modules/@babel/parser/lib/index.js:11066:21)
      at TypeScriptParserMixin.parseMaybeUnary (/Users/salur-labs/Documents/UX/CompliHub360/plattform/complihub360-alpha/node_modules/@babel/parser/lib/index.js:11046:23)
      at TypeScriptParserMixin.parseMaybeUnary (/Users/salur-labs/Documents/UX/CompliHub360/plattform/complihub360-alpha/node_modules/@babel/parser/lib/index.js:9837:18)
      at TypeScriptParserMixin.parseMaybeUnaryOrPrivate (/Users/salur-labs/Documents/UX/CompliHub360/plattform/complihub360-alpha/node_modules/@babel/parser/lib/index.js:10899:61)
      at TypeScriptParserMixin.parseExprOps (/Users/salur-labs/Documents/UX/CompliHub360/plattform/complihub360-alpha/node_modules/@babel/parser/lib/index.js:10904:23)
      at TypeScriptParserMixin.parseMaybeConditional (/Users/salur-labs/Documents/UX/CompliHub360/plattform/complihub360-alpha/node_modules/@babel/parser/lib/index.js:10881:23)
      at TypeScriptParserMixin.parseMaybeAssign (/Users/salur-labs/Documents/UX/CompliHub360/plattform/complihub360-alpha/node_modules/@babel/parser/lib/index.js:10831:21)
      at TypeScriptParserMixin.parseMaybeAssign (/Users/salur-labs/Documents/UX/CompliHub360/plattform/complihub360-alpha/node_modules/@babel/parser/lib/index.js:9786:20)
      at TypeScriptParserMixin.parseExpressionBase (/Users/salur-labs/Documents/UX/CompliHub360/plattform/complihub360-alpha/node_modules/@babel/parser/lib/index.js:10784:23)
      at /Users/salur-labs/Documents/UX/CompliHub360/plattform/complihub360-alpha/node_modules/@babel/parser/lib/index.js:10780:39
      at TypeScriptParserMixin.allowInAnd (/Users/salur-labs/Documents/UX/CompliHub360/plattform/complihub360-alpha/node_modules/@babel/parser/lib/index.js:12421:16)
      at TypeScriptParserMixin.parseExpression (/Users/salur-labs/Documents/UX/CompliHub360/plattform/complihub360-alpha/node_modules/@babel/parser/lib/index.js:10780:17)
      at TypeScriptParserMixin.parseReturnStatement (/Users/salur-labs/Documents/UX/CompliHub360/plattform/complihub360-alpha/node_modules/@babel/parser/lib/index.js:13142:28)
      at TypeScriptParserMixin.parseStatementContent (/Users/salur-labs/Documents/UX/CompliHub360/plattform/complihub360-alpha/node_modules/@babel/parser/lib/index.js:12798:21)
      at TypeScriptParserMixin.parseStatementContent (/Users/salur-labs/Documents/UX/CompliHub360/plattform/complihub360-alpha/node_modules/@babel/parser/lib/index.js:9508:18)
      at TypeScriptParserMixin.parseStatementLike (/Users/salur-labs/Documents/UX/CompliHub360/plattform/complihub360-alpha/node_modules/@babel/parser/lib/index.js:12767:17)
      at TypeScriptParserMixin.parseStatementListItem (/Users/salur-labs/Documents/UX/CompliHub360/plattform/complihub360-alpha/node_modules/@babel/parser/lib/index.js:12747:17)
      at TypeScriptParserMixin.parseBlockOrModuleBlockBody (/Users/salur-labs/Documents/UX/CompliHub360/plattform/complihub360-alpha/node_modules/@babel/parser/lib/index.js:13316:61)
      at TypeScriptParserMixin.parseBlockBody (/Users/salur-labs/Documents/UX/CompliHub360/plattform/complihub360-alpha/node_modules/@babel/parser/lib/index.js:13309:10)
      at TypeScriptParserMixin.parseBlock (/Users/salur-labs/Documents/UX/CompliHub360/plattform/complihub360-alpha/node_modules/@babel/parser/lib/index.js:13297:10)
      at TypeScriptParserMixin.parseFunctionBody (/Users/salur-labs/Documents/UX/CompliHub360/plattform/complihub360-alpha/node_modules/@babel/parser/lib/index.js:12100:24)
      at TypeScriptParserMixin.parseFunctionBodyAndFinish (/Users/salur-labs/Documents/UX/CompliHub360/plattform/complihub360-alpha/node_modules/@babel/parser/lib/index.js:12086:10)
      at TypeScriptParserMixin.parseFunctionBodyAndFinish (/Users/salur-labs/Documents/UX/CompliHub360/plattform/complihub360-alpha/node_modules/@babel/parser/lib/index.js:9172:18)
      at /Users/salur-labs/Documents/UX/CompliHub360/plattform/complihub360-alpha/node_modules/@babel/parser/lib/index.js:13445:12
[2m2:19:14 AM[22m [36m[1m[vite][22m[39m [32mhmr update [39m[2m/src/components/layout/HeroSection.tsx, /src/index.css[22m
[2m2:22:33 AM[22m [36m[1m[vite][22m[39m [32mhmr update [39m[2m/src/components/layout/HeroSection.tsx, /src/index.css[22m
[2m2:25:52 AM[22m [36m[1m[vite][22m[39m [32mhmr update [39m[2m/src/components/layout/HeroSection.tsx, /src/index.css[22m
[2m2:26:44 AM[22m [36m[1m[vite][22m[39m [32mhmr update [39m[2m/src/components/layout/HeroSection.tsx, /src/index.css[22m
[2m2:27:45 AM[22m [36m[1m[vite][22m[39m [32mhmr update [39m[2m/src/components/layout/HeroSection.tsx, /src/index.css[22m
[2m2:29:16 AM[22m [36m[1m[vite][22m[39m [32mhmr update [39m[2m/src/components/layout/HeroSection.tsx, /src/index.css[22m
[2m2:31:24 AM[22m [36m[1m[vite][22m[39m [32mhmr update [39m[2m/src/components/layout/HeroSection.tsx, /src/index.css[22m
[2m2:31:36 AM[22m [36m[1m[vite][22m[39m [32mhmr update [39m[2m/src/components/layout/HeroSection.tsx, /src/index.css[22m
[2m2:38:31 AM[22m [36m[1m[vite][22m[39m [32mhmr update [39m[2m/src/components/layout/HeroSection.tsx, /src/index.css[22m
[2m2:39:37 AM[22m [36m[1m[vite][22m[39m [32mhmr update [39m[2m/src/components/layout/HeroSection.tsx, /src/index.css[22m
[2m2:40:53 AM[22m [36m[1m[vite][22m[39m [32mhmr update [39m[2m/src/components/layout/HeroSection.tsx, /src/index.css[22m
[2m2:42:35 AM[22m [36m[1m[vite][22m[39m [32mhmr update [39m[2m/src/components/layout/HeroSection.tsx, /src/index.css[22m
[2m2:42:39 AM[22m [36m[1m[vite][22m[39m [32mhmr update [39m[2m/src/components/layout/HeroSection.tsx, /src/index.css[22m
[2m2:43:45 AM[22m [36m[1m[vite][22m[39m [32mhmr update [39m[2m/src/components/layout/HeroSection.tsx, /src/index.css[22m
[2m2:44:38 AM[22m [36m[1m[vite][22m[39m [32mhmr update [39m[2m/src/components/layout/HeroSection.tsx, /src/index.css[22m
[2m2:45:26 AM[22m [36m[1m[vite][22m[39m [32mhmr update [39m[2m/src/components/layout/HeroSection.tsx, /src/index.css[22m
[2m2:46:16 AM[22m [36m[1m[vite][22m[39m [32mhmr update [39m[2m/src/components/layout/HeroSection.tsx, /src/index.css[22m
[2m2:48:18 AM[22m [36m[1m[vite][22m[39m [32mhmr update [39m[2m/src/components/layout/HeroSection.tsx, /src/index.css[22m
[2m2:50:18 AM[22m [36m[1m[vite][22m[39m [32mhmr update [39m[2m/src/components/layout/HeroSection.tsx, /src/index.css[22m
[2m2:51:48 AM[22m [36m[1m[vite][22m[39m [32mhmr update [39m[2m/src/components/layout/HeroSection.tsx, /src/index.css[22m
[2m2:55:20 AM[22m [36m[1m[vite][22m[39m [32mhmr update [39m[2m/src/components/layout/HeroSection.tsx, /src/index.css[22m
[2m2:56:18 AM[22m [36m[1m[vite][22m[39m [32mhmr update [39m[2m/src/components/layout/HeroSection.tsx, /src/index.css[22m
[2m3:00:34 AM[22m [36m[1m[vite][22m[39m [32mhmr update [39m[2m/src/components/layout/HeroSection.tsx, /src/index.css[22m
[2m3:00:38 AM[22m [36m[1m[vite][22m[39m [32mhmr update [39m[2m/src/components/layout/HeroSection.tsx, /src/index.css[22m
[2m3:00:53 AM[22m [36m[1m[vite][22m[39m [32mhmr update [39m[2m/src/components/layout/HeroSection.tsx, /src/index.css[22m
[2m3:02:15 AM[22m [36m[1m[vite][22m[39m [32mhmr update [39m[2m/src/components/layout/HeroSection.tsx, /src/index.css[22m
[2m3:02:53 AM[22m [36m[1m[vite][22m[39m [32mhmr update [39m[2m/src/components/layout/HeroSection.tsx, /src/index.css[22m
[2m3:08:30 AM[22m [36m[1m[vite][22m[39m [32mhmr update [39m[2m/src/components/layout/HeroSection.tsx, /src/index.css[22m
[2m3:11:48 AM[22m [36m[1m[vite][22m[39m [32mhmr update [39m[2m/src/components/layout/HeroSection.tsx, /src/index.css[22m
[2m3:19:25 AM[22m [36m[1m[vite][22m[39m [32mpage reload [39m[2mindex.html[22m
