0 verbose cli /Users/salurdesign/.nvm/versions/node/v22.12.0/bin/node /Users/salurdesign/.nvm/versions/node/v22.12.0/bin/npm
1 info using npm@10.9.0
2 info using node@v22.12.0
3 silly config load:file:/Users/salurdesign/.nvm/versions/node/v22.12.0/lib/node_modules/npm/npmrc
4 info config found workspace root at /Users/salurdesign/Documents/UX/CompliHub360/plattform/complihub360-alpha
5 silly config load:file:/Users/salurdesign/Documents/UX/CompliHub360/plattform/complihub360-alpha/.npmrc
6 silly config load:file:/Users/salurdesign/.npmrc
7 silly config load:file:/Users/salurdesign/.nvm/versions/node/v22.12.0/etc/npmrc
8 verbose title npm run build
9 verbose argv "run" "build"
10 verbose logfile logs-max:10 dir:/Users/salurdesign/Documents/UX/CompliHub360/plattform/complihub360-alpha/services/compliance-api/.npm-cache/_logs/2026-03-04T23_09_52_151Z-
11 verbose logfile /Users/salurdesign/Documents/UX/CompliHub360/plattform/complihub360-alpha/services/compliance-api/.npm-cache/_logs/2026-03-04T23_09_52_151Z-debug-0.log
12 silly logfile done cleaning log files
13 verbose stack Error: command failed
13 verbose stack     at promiseSpawn (/Users/salurdesign/.nvm/versions/node/v22.12.0/lib/node_modules/npm/node_modules/@npmcli/promise-spawn/lib/index.js:22:22)
13 verbose stack     at spawnWithShell (/Users/salurdesign/.nvm/versions/node/v22.12.0/lib/node_modules/npm/node_modules/@npmcli/promise-spawn/lib/index.js:124:10)
13 verbose stack     at promiseSpawn (/Users/salurdesign/.nvm/versions/node/v22.12.0/lib/node_modules/npm/node_modules/@npmcli/promise-spawn/lib/index.js:12:12)
13 verbose stack     at runScriptPkg (/Users/salurdesign/.nvm/versions/node/v22.12.0/lib/node_modules/npm/node_modules/@npmcli/run-script/lib/run-script-pkg.js:77:13)
13 verbose stack     at runScript (/Users/salurdesign/.nvm/versions/node/v22.12.0/lib/node_modules/npm/node_modules/@npmcli/run-script/lib/run-script.js:9:12)
13 verbose stack     at #run (/Users/salurdesign/.nvm/versions/node/v22.12.0/lib/node_modules/npm/lib/commands/run-script.js:131:13)
13 verbose stack     at RunScript.execWorkspaces (/Users/salurdesign/.nvm/versions/node/v22.12.0/lib/node_modules/npm/lib/commands/run-script.js:63:24)
13 verbose stack     at async Npm.exec (/Users/salurdesign/.nvm/versions/node/v22.12.0/lib/node_modules/npm/lib/npm.js:207:9)
13 verbose stack     at async module.exports (/Users/salurdesign/.nvm/versions/node/v22.12.0/lib/node_modules/npm/lib/cli/entry.js:74:5)
14 verbose pkgid @complihub/compliance-api@0.1.0
15 error Lifecycle script `build` failed with error:
16 error code 127
17 error path /Users/salurdesign/Documents/UX/CompliHub360/plattform/complihub360-alpha/services/compliance-api
18 error workspace @complihub/compliance-api@0.1.0
19 error location /Users/salurdesign/Documents/UX/CompliHub360/plattform/complihub360-alpha/services/compliance-api
20 error command failed
21 error command sh -c tsc
22 verbose cwd /Users/salurdesign/Documents/UX/CompliHub360/plattform/complihub360-alpha/services/compliance-api
23 verbose os Darwin 25.0.0
24 verbose node v22.12.0
25 verbose npm  v10.9.0
26 verbose exit 127
27 verbose code 127
